#=================================================================================================================================================
#     Step |         Time |         State |                                     Energy |     Gradient |           Expectation Value |    Runtime |
#          |              |  diag |   MCH |          kin |          pot |          tot |          RMS |           DM |            S |            |
#          |         [fs] |       |       |         [eV] |         [eV] |         [eV] |     [eV/Ang] |      [Debye] |              |      [sec] |
#=================================================================================================================================================
         0        0.00000      12       3       0.250633      11.061307      11.311939       5.556399       3.455107       0.000837          104
         1        0.50000      12       3       0.263215      11.048817      11.312033       5.373378       3.434814       0.005468           60
# Surface Hop: new state=    9 old state=   12 randnum=  0.139796273
         2        1.00000       9       3       0.371299      10.940733      11.312033       5.014611       3.390275       0.001903           60
         3        1.50000       9       3       0.566012      10.744135      11.310147       4.491557       3.323838       0.000387           64
         4        2.00000       9       3       0.820900      10.484310      11.305209       3.793626       3.231344       0.000165           51
         5        2.50000       9       3       1.026565      10.251520      11.278085       2.090820       2.887321       0.000266           48
# Surface Hop: new state=   12 old state=    9 randnum=  0.794348812
         6        3.00000      12       3       1.063245      10.214840      11.278085       3.053597       2.361451       0.000226           50
# Surface Hop: new state=    8 old state=   12 randnum=  0.062448177
         7        3.50000       8       2       1.533629       9.744457      11.278085       2.389326       2.889830       0.000039           69
         8        4.00000       8       2       1.715789       9.564004      11.279793       2.447178       2.801795       0.000058           50
# Surface Hop: new state=    5 old state=    8 randnum=  0.277009738
         9        4.50000       5       2       1.872430       9.407363      11.279793       2.367930       2.701108       0.000035           52
        10        5.00000       5       2       1.968426       9.311614      11.280040       2.247418       2.591903       0.000024           49
        11        5.50000       5       2       2.041049       9.239009      11.280058       2.046651       2.472376       0.000020           49
        12        6.00000       5       2       2.088923       9.191831      11.280754       1.849267       2.338850       0.000016           49
        13        6.50000       5       2       2.118739       9.163122      11.281861       1.687609       2.186709       0.000013           51
        14        7.00000       5       2       2.143053       9.139569      11.282622       1.547721       2.013080       0.000011           49
        15        7.50000       5       2       2.170284       9.112229      11.282514       1.413092       1.820811       0.000008           59
        16        8.00000       5       2       2.197132       9.084401      11.281533       1.306039       1.622708       0.000007           50
        17        8.50000       5       2       2.209041       9.071332      11.280373       1.310172       1.443588       0.000006           48
        18        9.00000       5       2       2.190573       9.089670      11.280243       1.509237       1.315797       0.000005           49
        19        9.50000       5       2       2.142506       9.139568      11.282074       1.852224       1.263219       0.000004           54
        20       10.00000       5       2       2.092806       9.192272      11.285078       2.164658       1.284712       0.000003           59
        21       10.50000       5       2       2.083402       9.203121      11.286523       2.271360       1.359928       0.000003           50
        22       11.00000       5       2       2.134509       9.150139      11.284648       2.120487       1.469556       0.000002           49
        23       11.50000       5       2       2.223749       9.057622      11.281371       1.873540       1.603295       0.000002           50
        24       12.00000       5       2       2.310081       8.969913      11.279993       1.819456       1.754855       0.000002           49
        25       12.50000       5       2       2.374597       8.906410      11.281008       1.989351       1.916500       0.000002           51
        26       13.00000       5       2       2.427229       8.854699      11.281928       2.115982       2.078280       0.000002           58
        27       13.50000       5       2       2.477444       8.803721      11.281165       2.038828       2.230451       0.000003           53
        28       14.00000       5       2       2.514624       8.765437      11.280061       1.809045       2.365885       0.000003           51
        29       14.50000       5       2       2.525011       8.756652      11.281663       1.573936       2.480026       0.000003           46
        30       15.00000       5       2       2.783728       8.718344      11.502072       4.015401       2.554259       0.000004           55
        31       15.50000       5       2       2.960148       8.465473      11.425621       2.002341       2.195300       0.000010           47
        32       16.00000       5       2       2.725278       8.702709      11.427987       2.176866       2.255862       0.000013           54
        33       16.50000       5       2       2.523999       8.904920      11.428919       2.318647       2.293165       0.000018           48
# Surface Hop: new state=    4 old state=    5 randnum=  0.017631920
        34       17.00000       4       1       2.933351       8.495568      11.428919       2.493457       2.942659       0.000014           67
        35       17.50000       4       1       2.762933       8.666415      11.429348       2.455088       2.750148       0.000064           49
        36       18.00000       4       1       2.728157       8.698195      11.426352       2.412287       2.658720       0.000746           49
# Surface Hop: new state=    1 old state=    4 randnum=  0.381568605
        37       18.50000       1       1       2.797542       8.628810      11.426352       2.360853       2.645399       0.000977           52
        38       19.00000       1       1       2.868872       8.555349      11.424222       2.302198       2.665197       0.000118           54
        39       19.50000       1       1       2.969152       8.452490      11.421642       2.155707       2.694822       0.000045           54
        40       20.00000       1       1       3.057045       8.362096      11.419140       1.947349       2.752887       0.000031           53
        41       20.50000       1       1       3.079501       8.336173      11.415674       1.680469       2.781279       0.000019           49
        42       21.00000       1       1       2.991463       8.423468      11.414930       1.622523       2.821368       0.000014           49
        43       21.50000       1       1       2.792110       8.626701      11.418811       1.900787       2.878539       0.000012           48
        44       22.00000       1       1       2.542328       8.882978      11.425306       2.274842       2.955592       0.000011           60
        45       22.50000       1       1       2.333936       9.095267      11.429203       2.465081       3.050987       0.000013           48
        46       23.00000       1       1       2.223251       9.204605      11.427857       2.413740       3.159292       0.000020           53
        47       23.50000       1       1       2.197360       9.226654      11.424014       2.283079       3.274208       0.000056           51
        48       24.00000       1       1       2.204809       9.216358      11.421167       2.260948       3.394911       0.009142           68
# Surface Hop: new state=    4 old state=    1 randnum=  0.213428598
        49       24.50000       4       1       2.171985       9.249182      11.421167       2.358479       3.291376       0.000018           76
        50       25.00000       4       1       2.141504       9.280389      11.421893       2.470132       3.347973       0.000011           48
        51       25.50000       4       1       2.097695       9.325297      11.422992       2.538175       3.403101       0.000009           48
        52       26.00000       4       1       2.054095       9.370149      11.424244       2.559055       3.458782       0.000008           48
        53       26.50000       4       1       2.027700       9.397679      11.425379       2.537943       3.515990       0.000008           49
        54       27.00000       4       1       2.034296       9.391651      11.425947       2.469530       3.574496       0.000008           49
        55       27.50000       4       1       2.082290       9.343360      11.425649       2.348675       3.633209       0.000010           61
        56       28.00000       4       1       2.168796       9.255893      11.424689       2.195250       3.690852       0.000015           50
        57       28.50000       4       1       2.283275       9.140802      11.424077       2.082614       3.747429       0.000032           53
        58       29.00000       4       1       2.421590       9.003750      11.425340       2.119124       3.808594       0.000167           56
# Surface Hop: new state=    1 old state=    4 randnum=  0.148480771
        59       29.50000       1       1       2.601185       8.824155      11.425340       2.317058       3.903465       0.001016           66
# Surface Hop: new state=    4 old state=    1 randnum=  0.745231843
        60       30.00000       4       1       2.402513       9.022827      11.425340       2.459850       3.632973       0.000108           65
        61       30.50000       4       1       2.542052       8.882056      11.424108       2.403587       3.580460       0.000447           51
# Surface Hop: new state=    1 old state=    4 randnum=  0.143448466
        62       31.00000       1       1       2.733063       8.691045      11.424108       2.004702       3.511312       0.000021           62
        63       31.50000       1       1       2.846694       8.572892      11.419585       1.571422       3.428866       0.000038           49
        64       32.00000       1       1       2.874430       8.543664      11.418093       1.303734       3.318356       0.000073           49
        65       32.50000       1       1       2.787400       8.632964      11.420365       1.439931       3.173788       0.000161           53
        66       33.00000       1       1       2.610033       8.814386      11.424420       1.750957       2.990377       0.000413           52
        67       33.50000       1       1       2.395803       9.032005      11.427809       1.988631       2.766850       0.001525           49
        68       34.00000       1       1       2.196406       9.235311      11.431717       2.049491       2.477997       0.060783           70
# Surface Hop: new state=    4 old state=    1 randnum=  0.439863752
        69       34.50000       4       1       2.030465       9.401252      11.431717       2.178747       2.229216       0.003394           58
        70       35.00000       4       1       1.912645       9.518886      11.431532       2.194868       1.949646       0.000812           47
        71       35.50000       4       1       1.846979       9.583204      11.430182       2.110989       1.701497       0.000433           51
        72       36.00000       4       1       1.814328       9.613505      11.427833       1.920976       1.520671       0.000302           50
        73       36.50000       4       1       1.780985       9.644686      11.425670       1.725677       1.427534       0.000240           47
        74       37.00000       4       1       1.715312       9.709691      11.425004       1.688846       1.411272       0.000203           49
        75       37.50000       4       1       1.607009       9.819536      11.426545       1.895225       1.440546       0.000177           49
        76       38.00000       4       1       1.478696       9.951557      11.430253       2.252474       1.494571       0.000152           50
        77       38.50000       4       1       1.383456      10.051078      11.434533       2.573615       1.575769       0.000123           53
        78       39.00000       4       1       1.379398      10.056759      11.436157       2.691166       1.693820       0.000092           50
        79       39.50000       4       1       1.488115       9.945339      11.433454       2.561762       1.846845       0.000065           47
        80       40.00000       4       1       1.675515       9.753177      11.428692       2.314720       2.020589       0.000044           51
        81       40.50000       4       1       1.879888       9.545392      11.425280       2.145178       2.197432       0.000029           53
        82       41.00000       4       1       2.054673       9.369452      11.424125       2.111889       2.362409       0.000019           48
        83       41.50000       4       1       2.182409       9.241501      11.423910       2.114887       2.505230       0.000013           53
        84       42.00000       4       1       2.260094       9.163387      11.423480       2.075464       2.621127       0.000009           50
        85       42.50000       4       1       2.284814       9.138368      11.423181       2.033891       2.710686       0.000006           49
        86       43.00000       4       1       2.257754       9.166440      11.424193       2.084178       2.778032       0.000005           52
        87       43.50000       4       1       2.197360       9.229249      11.426609       2.222895       2.828200       0.000004           50
        88       44.00000       4       1       2.138138       9.290590      11.428728       2.328388       2.865187       0.000003           49
        89       44.50000       4       1       2.108495       9.320565      11.429060       2.314582       2.891533       0.000002           57
        90       45.00000       4       1       2.112543       9.315960      11.428502       2.201879       2.909414       0.000002           54
        91       45.50000       4       1       2.154988       9.284055      11.439044       1.739176       2.928888       0.000002           58
        92       46.00000       4       1       2.163406       9.261456      11.424862       2.331872       3.023635       0.000003           59
        93       46.50000       4       1       2.122758       9.300134      11.422891       2.224066       3.027494       0.000003           52
        94       47.00000       4       1       2.055702       9.366347      11.422049       2.089730       3.025636       0.000004           55
        95       47.50000       4       1       1.949571       9.472621      11.422192       1.943481       3.023597       0.000004           50
        96       48.00000       4       1       1.808772       9.614799      11.423570       1.850367       3.022182       0.000004           56
        97       48.50000       4       1       1.657777       9.768499      11.426276       1.877964       3.021319       0.000004           53
        98       49.00000       4       1       1.525859       9.891557      11.417416       1.932752       2.995964       0.000004           58
        99       49.50000       4       1       1.467931       9.999399      11.467330       2.154795       2.855421       0.000004           59
       100       50.00000       4       1       1.558191       9.907635      11.465826       2.243345       2.826745       0.000005           73
       101       50.50000       4       1       1.802349       9.659550      11.461898       2.066239       2.795783       0.000005           68
       102       51.00000       4       1       2.136392       9.318380      11.454772       1.721069       2.762370       0.000005           57
       103       51.50000       4       1       2.457982       8.990234      11.448216       1.395624       2.732259       0.000005           57
       104       52.00000       4       1       2.678945       8.768360      11.447305       1.283801       2.700814       0.000005           60
       105       52.50000       4       1       2.775525       8.674652      11.450177       1.391633       2.659765       0.000006           57
       106       53.00000       4       1       2.763200       8.686555      11.449755       1.620983       2.625255       0.000009           54
       107       53.50000       4       1       2.661888       8.790545      11.452433       1.840306       2.607685       0.000013           51
       108       54.00000       4       1       2.509162       8.946537      11.455699       1.969674       2.605222       0.000020           50
       109       54.50000       4       1       2.353155       9.104838      11.457993       1.971883       2.618305       0.000015           61
       110       55.00000       4       1       2.229976       9.229216      11.459192       1.910035       2.647414       0.000020           54
       111       55.50000       4       1       2.159990       9.299937      11.459927       1.912019       2.691515       0.000028           48
       112       56.00000       4       1       2.152177       9.307256      11.459433       1.959582       2.747597       0.000040           51
       113       56.50000       4       1       2.193488       9.262384      11.455871       1.901617       2.810588       0.000058           51
       114       57.00000       4       1       2.230518       9.219428      11.449946       1.733859       2.873832       0.000084           53
       115       57.50000       4       1       2.181891       9.263416      11.445307       1.701957       2.929985       0.000119           46
       116       58.00000       4       1       1.987630       9.457990      11.445619       2.036169       2.971836       0.000160           46
       117       58.50000       4       1       1.660402       9.791766      11.452168       2.597855       2.992815       0.000195           49
       118       59.00000       4       1       1.299052      10.162529      11.461582       3.079493       2.987609       0.000207           46
       119       59.50000       4       1       1.036620      10.430357      11.466976       3.279343       2.953777       0.000190           47
       120       60.00000       4       1       0.950367      10.515078      11.465445       3.213092       2.894117       0.000151           48
       121       60.50000       4       1       1.022356      10.438011      11.460367       3.019055       2.817853       0.000109           50
       122       61.00000       4       1       1.179379      10.276426      11.455805       2.785333       2.739170       0.000074           49
       123       61.50000       4       1       1.350306      10.103145      11.453451       2.551066       2.673065       0.000049           47
       124       62.00000       4       1       1.494925       9.958177      11.453102       2.354619       2.630442       0.000033           48
       125       62.50000       4       1       1.604083       9.849625      11.453708       2.219501       2.614770       0.000022           45
       126       63.00000       4       1       1.686452       9.768086      11.454538       2.152613       2.622180       0.000016           49
       127       63.50000       4       1       1.757373       9.698097      11.455470       2.155219       2.644781       0.000011           50
       128       64.00000       4       1       1.834779       9.621591      11.456370       2.202103       2.674843       0.000008           55
       129       64.50000       4       1       1.934799       9.521579      11.456377       2.228559       2.707398       0.000007           48
       130       65.00000       4       1       2.060898       9.394040      11.454938       2.203882       2.740645       0.000005           49
       131       65.50000       4       1       2.199313       9.254185      11.453498       2.230848       2.775063       0.000004           50
       132       66.00000       4       1       2.337043       9.116826      11.453869       2.415196       2.812202       0.000003           50
       133       66.50000       4       1       2.477413       8.976452      11.453865       2.592752       2.853718       0.000003           54
       134       67.00000       4       1       2.611137       8.838588      11.449725       2.499826       2.900711       0.000002           59
       135       67.50000       4       1       2.676933       8.766552      11.443485       2.112908       2.953528       0.000002           55
       136       68.00000       4       1       2.589904       8.851550      11.441455       1.716578       3.011857       0.000002           51
       137       68.50000       4       1       2.322105       9.124671      11.446776       1.707576       3.074905       0.000002           50
       138       69.00000       4       1       1.946504       9.510358      11.456862       2.046467       3.141554       0.000001           51
       139       69.50000       4       1       1.602067       9.863423      11.465489       2.342651       3.210180       0.000001           52
       140       70.00000       4       1       1.408589      10.059109      11.467698       2.372016       3.278317       0.000001           58
       141       70.50000       4       1       1.399146      10.064710      11.463855       2.155439       3.345811       0.000001           53
       142       71.00000       4       1       1.521389       9.936831      11.458220       1.884807       3.415840       0.000002           54
       143       71.50000       4       1       1.693270       9.761216      11.454486       1.766551       3.489486       0.000002           51
       144       72.00000       4       1       1.850828       9.600345      11.451173       1.835190       3.568859       0.000002           54
       145       72.50000       4       1       1.943014       9.505800      11.448814       2.042126       3.658800       0.000002           54
       146       73.00000       4       1       1.987955       9.469924      11.457879       2.206308       3.740661       0.000003           53
       147       73.50000       4       1       2.043499       9.413033      11.456532       2.287788       3.814545       0.000003           53
       148       74.00000       4       1       2.119286       9.336735      11.456021       2.338006       3.890345       0.000004           55
       149       74.50000       4       1       2.208762       9.246532      11.455294       2.317116       3.969992       0.000004           51
       150       75.00000       4       1       2.301709       9.151696      11.453405       2.178904       4.054646       0.000006           51
       151       75.50000       4       1       2.373076       9.077278      11.450354       1.931920       4.145836       0.000007           54
       152       76.00000       4       1       2.387175       9.061303      11.448478       1.801760       4.244974       0.000009           48
       153       76.50000       4       1       2.331000       9.120268      11.451268       2.122393       4.352281       0.000013           48
       154       77.00000       4       1       2.250679       9.206161      11.456840       2.648344       4.465878       0.000019           49
       155       77.50000       4       1       2.215755       9.240630      11.456384       2.849993       4.581315       0.000030           49
       156       78.00000       4       1       2.217108       9.231022      11.448131       2.601292       4.691614       0.000049           47
       157       78.50000       4       1       2.152362       9.290052      11.442415       2.279706       4.787637       0.000083           49
       158       79.00000       4       1       1.946549       9.499498      11.446047       2.313041       4.858961       0.000145           50
       159       79.50000       4       1       1.641326       9.813609      11.454936       2.604811       4.894664       0.000251           48
       160       80.00000       4       1       1.349701      10.111126      11.460827       2.810228       4.882992       0.000407           47
       161       80.50000       4       1       1.148560      10.311395      11.459955       2.760762       4.810867       0.000580           47
       162       81.00000       4       1       1.026509      10.429521      11.456030       2.527276       4.666220       0.000696           50
       163       81.50000       4       1       0.927017      10.527302      11.454319       2.305997       4.445769       0.000713           60
       164       82.00000       4       1       0.817613      10.638247      11.455860       2.215858       4.168333       0.000687           50
       165       82.50000       4       1       0.711315      10.747457      11.458772       2.228115       3.884673       0.000691           49
       166       83.00000       4       1       0.645403      10.815846      11.461249       2.267397       3.668222       0.000697           52
       167       83.50000       4       1       0.655676      10.806925      11.462601       2.290210       3.581000       0.000572           49
       168       84.00000       4       1       0.763737      10.699077      11.462814       2.283899       3.636956       0.000354           49
       169       84.50000       4       1       0.974647      10.487326      11.461973       2.245240       3.795333       0.000191           53
       170       85.00000       4       1       1.277426      10.182561      11.459987       2.159794       3.989500       0.000104           51
       171       85.50000       4       1       1.642625       9.813618      11.456243       1.989309       4.164360       0.000061           48
       172       86.00000       4       1       2.015457       9.434813      11.450270       1.696743       4.293265       0.000038           54
       173       86.50000       4       1       2.314034       9.129475      11.443508       1.398715       4.373261       0.000024           54
       174       87.00000       4       1       2.457651       8.983499      11.441150       1.620506       4.413433       0.000016           50
       175       87.50000       4       1       2.438340       9.010210      11.448550       2.463353       4.426168       0.000011           53
       176       88.00000       4       1       2.372767       9.087559      11.460326       3.218694       4.422216       0.000008           49
       177       88.50000       4       1       2.414656       9.046953      11.461609       3.331365       4.408198       0.000005           48
       178       89.00000       4       1       2.579514       8.871734      11.451248       2.760605       4.386497       0.000004           52
       179       89.50000       4       1       2.728968       8.713507      11.442476       1.905931       4.357469       0.000003           52
       180       90.00000       4       1       2.726760       8.715014      11.441774       1.284604       4.321887       0.000002           52
       181       90.50000       4       1       2.539456       8.907029      11.446486       1.268350       4.281767       0.000002           54
       182       91.00000       4       1       2.217687       9.234882      11.452568       1.606551       4.239571       0.000002           52
       183       91.50000       4       1       1.842001       9.615806      11.457807       1.951179       4.197226       0.000001           54
       184       92.00000       4       1       1.484401       9.909778      11.394179       2.291457       4.302140       0.000001           69
       185       92.50000       4       1       1.203989      10.192533      11.396522       2.485395       4.257010       0.000001           64
       186       93.00000       4       1       1.039884      10.357770      11.397654       2.605567       4.215160       0.000001           58
       187       93.50000       4       1       1.011190      10.386955      11.398145       2.678614       4.174642       0.000001           64
       188       94.00000       4       1       1.103046      10.342687      11.445733       2.330508       3.997470       0.000001           64
       189       94.50000       4       1       1.302034      10.137170      11.439204       2.525844       3.945073       0.000002           55
       190       95.00000       4       1       1.618858       9.818383      11.437242       2.451026       3.902097       0.000002           55
       191       95.50000       4       1       2.015265       9.419090      11.434355       2.278881       3.864470       0.000002           56
       192       96.00000       4       1       2.445529       8.984369      11.429898       1.983021       3.833171       0.000003           53
       193       96.50000       4       1       2.841687       8.581765      11.423452       1.517096       3.808658       0.000003           51
       194       97.00000       4       1       3.110897       8.304784      11.415681       0.871643       3.791404       0.000004           49
       195       97.50000       4       1       3.151352       8.258672      11.410024       0.750345       3.783199       0.000006           49
       196       98.00000       4       1       2.909441       8.504320      11.413761       1.941222       3.786269       0.000008           51
       197       98.50000       4       1       2.476492       8.955047      11.431539       3.314334       3.800537       0.000012           55
       198       99.00000       4       1       2.114291       9.334830      11.449121       4.158201       3.822483       0.000019           48
       199       99.50000       4       1       2.049786       9.394162      11.443947       3.993394       3.846188       0.000031           49
       200      100.00000       4       1       2.221184       9.203432      11.424617       3.013634       3.865297       0.000049           45
