! 1 Hamiltonian Matrix (13x13, complex)
13 13
-9.400633661E+001  0.000000000E+000  0.000000000E+000  0.000000000E+000  0.000000000E+000  0.000000000E+000  0.000000000E+000  0.000000000E+000  3.162096490E-006  3.831877735E-006  5.372374598E-005  7.835073666E-005 -1.139083750E-007 -1.822534000E-007  0.000000000E+000  1.047957050E-006  0.000000000E+000  1.350042060E-005  0.000000000E+000  1.139083750E-007  3.162096490E-006 -3.831877735E-006  5.372374598E-005 -7.835073666E-005 -1.139083750E-007  1.822534000E-007 
 0.000000000E+000  0.000000000E+000 -9.399921683E+001  0.000000000E+000  0.000000000E+000  0.000000000E+000  0.000000000E+000  0.000000000E+000  5.206068371E-005  7.596321712E-005 -3.367131565E-006 -4.825158765E-006  5.330911950E-007  1.107189405E-006  0.000000000E+000  1.360065997E-005  0.000000000E+000 -1.170978095E-006  0.000000000E+000  1.139083750E-006  5.206068371E-005 -7.596321712E-005 -3.367131565E-006  4.825158765E-006  5.330911950E-007 -1.107189405E-006 
 0.000000000E+000  0.000000000E+000  0.000000000E+000  0.000000000E+000 -9.389389474E+001  0.000000000E+000  0.000000000E+000  0.000000000E+000 -4.647461700E-007 -2.916054400E-007  1.002393700E-007  2.597110950E-007  3.903867828E-005  5.632085693E-005  0.000000000E+000  9.021543300E-007  0.000000000E+000  1.002393700E-007  0.000000000E+000  9.873577945E-006 -4.647461700E-007  2.916054400E-007  1.002393700E-007 -2.597110950E-007  3.903867828E-005 -5.632085693E-005 
 0.000000000E+000  0.000000000E+000  0.000000000E+000  0.000000000E+000  0.000000000E+000  0.000000000E+000 -9.388550968E+001  0.000000000E+000 -3.280561200E-007 -5.467602000E-007 -3.052744450E-007 -1.230210450E-007  8.748163200E-007  5.148658550E-007  0.000000000E+000 -1.458027200E-007  0.000000000E+000  7.472389400E-007  0.000000000E+000  1.047957050E-007 -3.280561200E-007  5.467602000E-007 -3.052744450E-007  1.230210450E-007  8.748163200E-007 -5.148658550E-007 
 3.162096490E-006 -3.831877735E-006  5.206068371E-005 -7.596321712E-005 -4.647461700E-007  2.916054400E-007 -3.280561200E-007  5.467602000E-007 -9.402476658E+001  0.000000000E+000  0.000000000E+000  1.393782877E-005  0.000000000E+000  1.047957050E-007 -0.000000000E+000  0.000000000E+000  5.224293711E-005 -7.697016715E-005  4.784151750E-007 -7.517952750E-007  0.000000000E+000  0.000000000E+000  0.000000000E+000  0.000000000E+000  0.000000000E+000  0.000000000E+000 
 5.372374598E-005 -7.835073666E-005 -3.367131565E-006  4.825158765E-006  1.002393700E-007 -2.597110950E-007 -3.052744450E-007  1.230210450E-007  0.000000000E+000 -1.393782877E-005 -9.401461135E+001  0.000000000E+000  0.000000000E+000  9.887246950E-007 -5.224293711E-005  7.697016715E-005 -0.000000000E+000  0.000000000E+000 -1.093520400E-007 -1.776970650E-007  0.000000000E+000  0.000000000E+000  0.000000000E+000  0.000000000E+000  0.000000000E+000  0.000000000E+000 
-1.139083750E-007  1.822534000E-007  5.330911950E-007 -1.107189405E-006  3.903867828E-005 -5.632085693E-005  8.748163200E-007 -5.148658550E-007  0.000000000E+000 -1.047957050E-007  0.000000000E+000 -9.887246950E-007 -9.393355397E+001  0.000000000E+000 -4.784151750E-007  7.517952750E-007  1.093520400E-007  1.776970650E-007  0.000000000E+000  0.000000000E+000  0.000000000E+000  0.000000000E+000  0.000000000E+000  0.000000000E+000  0.000000000E+000  0.000000000E+000 
 0.000000000E+000 -1.047957050E-006  0.000000000E+000 -1.360065997E-005  0.000000000E+000 -9.021543300E-007  0.000000000E+000  1.458027200E-007  0.000000000E+000 -0.000000000E+000 -5.224293711E-005 -7.697016715E-005 -4.784151750E-007 -7.517952750E-007 -9.402476658E+001  0.000000000E+000  0.000000000E+000  0.000000000E+000  0.000000000E+000  0.000000000E+000 -0.000000000E+000  0.000000000E+000  5.224293711E-005 -7.697016715E-005  4.784151750E-007 -7.517952750E-007 
 0.000000000E+000 -1.350042060E-005  0.000000000E+000  1.170978095E-006  0.000000000E+000 -1.002393700E-007  0.000000000E+000 -7.472389400E-007  5.224293711E-005  7.697016715E-005  0.000000000E+000 -0.000000000E+000  1.093520400E-007 -1.776970650E-007  0.000000000E+000  0.000000000E+000 -9.401461135E+001  0.000000000E+000  0.000000000E+000  0.000000000E+000 -5.224293711E-005  7.697016715E-005 -0.000000000E+000  0.000000000E+000 -1.093520400E-007 -1.776970650E-007 
 0.000000000E+000 -1.139083750E-007  0.000000000E+000 -1.139083750E-006  0.000000000E+000 -9.873577945E-006  0.000000000E+000 -1.047957050E-007  4.784151750E-007  7.517952750E-007 -1.093520400E-007  1.776970650E-007  0.000000000E+000  0.000000000E+000  0.000000000E+000  0.000000000E+000  0.000000000E+000  0.000000000E+000 -9.393355397E+001  0.000000000E+000 -4.784151750E-007  7.517952750E-007  1.093520400E-007  1.776970650E-007  0.000000000E+000  0.000000000E+000 
 3.162096490E-006  3.831877735E-006  5.206068371E-005  7.596321712E-005 -4.647461700E-007 -2.916054400E-007 -3.280561200E-007 -5.467602000E-007  0.000000000E+000  0.000000000E+000  0.000000000E+000  0.000000000E+000  0.000000000E+000  0.000000000E+000  0.000000000E+000 -0.000000000E+000 -5.224293711E-005 -7.697016715E-005 -4.784151750E-007 -7.517952750E-007 -9.402476658E+001  0.000000000E+000  0.000000000E+000 -1.393782877E-005  0.000000000E+000 -1.047957050E-007 
 5.372374598E-005  7.835073666E-005 -3.367131565E-006 -4.825158765E-006  1.002393700E-007  2.597110950E-007 -3.052744450E-007 -1.230210450E-007  0.000000000E+000  0.000000000E+000  0.000000000E+000  0.000000000E+000  0.000000000E+000  0.000000000E+000  5.224293711E-005  7.697016715E-005  0.000000000E+000 -0.000000000E+000  1.093520400E-007 -1.776970650E-007  0.000000000E+000  1.393782877E-005 -9.401461135E+001  0.000000000E+000  0.000000000E+000 -9.887246950E-007 
-1.139083750E-007 -1.822534000E-007  5.330911950E-007  1.107189405E-006  3.903867828E-005  5.632085693E-005  8.748163200E-007  5.148658550E-007  0.000000000E+000  0.000000000E+000  0.000000000E+000  0.000000000E+000  0.000000000E+000  0.000000000E+000  4.784151750E-007  7.517952750E-007 -1.093520400E-007  1.776970650E-007  0.000000000E+000  0.000000000E+000  0.000000000E+000  1.047957050E-007  0.000000000E+000  9.887246950E-007 -9.393355397E+001  0.000000000E+000 

! 2 Dipole Moment Matrices (3x13x13, complex)
13 13
-5.478748260E-001  0.000000000E+000  5.641045390E-004  0.000000000E+000 -8.911497150E-003  0.000000000E+000  1.737643090E-003  0.000000000E+000  0.000000000E+000  0.000000000E+000  0.000000000E+000  0.000000000E+000  0.000000000E+000  0.000000000E+000  0.000000000E+000  0.000000000E+000  0.000000000E+000  0.000000000E+000  0.000000000E+000  0.000000000E+000  0.000000000E+000  0.000000000E+000  0.000000000E+000  0.000000000E+000  0.000000000E+000  0.000000000E+000 
 5.641045390E-004  0.000000000E+000 -4.086372570E-001  0.000000000E+000  1.560501490E-003  0.000000000E+000  6.527375510E-003  0.000000000E+000  0.000000000E+000  0.000000000E+000  0.000000000E+000  0.000000000E+000  0.000000000E+000  0.000000000E+000  0.000000000E+000  0.000000000E+000  0.000000000E+000  0.000000000E+000  0.000000000E+000  0.000000000E+000  0.000000000E+000  0.000000000E+000  0.000000000E+000  0.000000000E+000  0.000000000E+000  0.000000000E+000 
-8.911497150E-003  0.000000000E+000  1.560501490E-003  0.000000000E+000 -6.422402630E-001  0.000000000E+000  1.390969460E-002  0.000000000E+000  0.000000000E+000  0.000000000E+000  0.000000000E+000  0.000000000E+000  0.000000000E+000  0.000000000E+000  0.000000000E+000  0.000000000E+000  0.000000000E+000  0.000000000E+000  0.000000000E+000  0.000000000E+000  0.000000000E+000  0.000000000E+000  0.000000000E+000  0.000000000E+000  0.000000000E+000  0.000000000E+000 
 1.737643090E-003  0.000000000E+000  6.527375510E-003  0.000000000E+000  1.390969460E-002  0.000000000E+000 -5.913392290E-001  0.000000000E+000  0.000000000E+000  0.000000000E+000  0.000000000E+000  0.000000000E+000  0.000000000E+000  0.000000000E+000  0.000000000E+000  0.000000000E+000  0.000000000E+000  0.000000000E+000  0.000000000E+000  0.000000000E+000  0.000000000E+000  0.000000000E+000  0.000000000E+000  0.000000000E+000  0.000000000E+000  0.000000000E+000 
 0.000000000E+000  0.000000000E+000  0.000000000E+000  0.000000000E+000  0.000000000E+000  0.000000000E+000  0.000000000E+000  0.000000000E+000 -5.323372470E-001  0.000000000E+000  1.030612890E-002  0.000000000E+000 -1.485580920E-004  0.000000000E+000  0.000000000E+000  0.000000000E+000  0.000000000E+000  0.000000000E+000  0.000000000E+000  0.000000000E+000  0.000000000E+000  0.000000000E+000  0.000000000E+000  0.000000000E+000  0.000000000E+000  0.000000000E+000 
 0.000000000E+000  0.000000000E+000  0.000000000E+000  0.000000000E+000  0.000000000E+000  0.000000000E+000  0.000000000E+000  0.000000000E+000  1.030612890E-002  0.000000000E+000 -3.913599340E-001  0.000000000E+000 -3.791443830E-003  0.000000000E+000  0.000000000E+000  0.000000000E+000  0.000000000E+000  0.000000000E+000  0.000000000E+000  0.000000000E+000  0.000000000E+000  0.000000000E+000  0.000000000E+000  0.000000000E+000  0.000000000E+000  0.000000000E+000 
 0.000000000E+000  0.000000000E+000  0.000000000E+000  0.000000000E+000  0.000000000E+000  0.000000000E+000  0.000000000E+000  0.000000000E+000 -1.485580920E-004  0.000000000E+000 -3.791443830E-003  0.000000000E+000 -5.454541020E-001  0.000000000E+000  0.000000000E+000  0.000000000E+000  0.000000000E+000  0.000000000E+000  0.000000000E+000  0.000000000E+000  0.000000000E+000  0.000000000E+000  0.000000000E+000  0.000000000E+000  0.000000000E+000  0.000000000E+000 
 0.000000000E+000  0.000000000E+000  0.000000000E+000  0.000000000E+000  0.000000000E+000  0.000000000E+000  0.000000000E+000  0.000000000E+000  0.000000000E+000  0.000000000E+000  0.000000000E+000  0.000000000E+000  0.000000000E+000  0.000000000E+000 -5.323372470E-001  0.000000000E+000  1.030612890E-002  0.000000000E+000 -1.485580920E-004  0.000000000E+000  0.000000000E+000  0.000000000E+000  0.000000000E+000  0.000000000E+000  0.000000000E+000  0.000000000E+000 
 0.000000000E+000  0.000000000E+000  0.000000000E+000  0.000000000E+000  0.000000000E+000  0.000000000E+000  0.000000000E+000  0.000000000E+000  0.000000000E+000  0.000000000E+000  0.000000000E+000  0.000000000E+000  0.000000000E+000  0.000000000E+000  1.030612890E-002  0.000000000E+000 -3.913599340E-001  0.000000000E+000 -3.791443830E-003  0.000000000E+000  0.000000000E+000  0.000000000E+000  0.000000000E+000  0.000000000E+000  0.000000000E+000  0.000000000E+000 
 0.000000000E+000  0.000000000E+000  0.000000000E+000  0.000000000E+000  0.000000000E+000  0.000000000E+000  0.000000000E+000  0.000000000E+000  0.000000000E+000  0.000000000E+000  0.000000000E+000  0.000000000E+000  0.000000000E+000  0.000000000E+000 -1.485580920E-004  0.000000000E+000 -3.791443830E-003  0.000000000E+000 -5.454541020E-001  0.000000000E+000  0.000000000E+000  0.000000000E+000  0.000000000E+000  0.000000000E+000  0.000000000E+000  0.000000000E+000 
 0.000000000E+000  0.000000000E+000  0.000000000E+000  0.000000000E+000  0.000000000E+000  0.000000000E+000  0.000000000E+000  0.000000000E+000  0.000000000E+000  0.000000000E+000  0.000000000E+000  0.000000000E+000  0.000000000E+000  0.000000000E+000  0.000000000E+000  0.000000000E+000  0.000000000E+000  0.000000000E+000  0.000000000E+000  0.000000000E+000 -5.323372470E-001  0.000000000E+000  1.030612890E-002  0.000000000E+000 -1.485580920E-004  0.000000000E+000 
 0.000000000E+000  0.000000000E+000  0.000000000E+000  0.000000000E+000  0.000000000E+000  0.000000000E+000  0.000000000E+000  0.000000000E+000  0.000000000E+000  0.000000000E+000  0.000000000E+000  0.000000000E+000  0.000000000E+000  0.000000000E+000  0.000000000E+000  0.000000000E+000  0.000000000E+000  0.000000000E+000  0.000000000E+000  0.000000000E+000  1.030612890E-002  0.000000000E+000 -3.913599340E-001  0.000000000E+000 -3.791443830E-003  0.000000000E+000 
 0.000000000E+000  0.000000000E+000  0.000000000E+000  0.000000000E+000  0.000000000E+000  0.000000000E+000  0.000000000E+000  0.000000000E+000  0.000000000E+000  0.000000000E+000  0.000000000E+000  0.000000000E+000  0.000000000E+000  0.000000000E+000  0.000000000E+000  0.000000000E+000  0.000000000E+000  0.000000000E+000  0.000000000E+000  0.000000000E+000 -1.485580920E-004  0.000000000E+000 -3.791443830E-003  0.000000000E+000 -5.454541020E-001  0.000000000E+000 
13 13
 3.096330230E-001  0.000000000E+000 -2.748521490E-002  0.000000000E+000 -1.540521400E-003  0.000000000E+000  5.147693250E-003  0.000000000E+000  0.000000000E+000  0.000000000E+000  0.000000000E+000  0.000000000E+000  0.000000000E+000  0.000000000E+000  0.000000000E+000  0.000000000E+000  0.000000000E+000  0.000000000E+000  0.000000000E+000  0.000000000E+000  0.000000000E+000  0.000000000E+000  0.000000000E+000  0.000000000E+000  0.000000000E+000  0.000000000E+000 
-2.748521490E-002  0.000000000E+000  9.261203060E-002  0.000000000E+000  3.853223370E-003  0.000000000E+000  1.024388790E-003  0.000000000E+000  0.000000000E+000  0.000000000E+000  0.000000000E+000  0.000000000E+000  0.000000000E+000  0.000000000E+000  0.000000000E+000  0.000000000E+000  0.000000000E+000  0.000000000E+000  0.000000000E+000  0.000000000E+000  0.000000000E+000  0.000000000E+000  0.000000000E+000  0.000000000E+000  0.000000000E+000  0.000000000E+000 
-1.540521400E-003  0.000000000E+000  3.853223370E-003  0.000000000E+000  8.994109480E-001  0.000000000E+000 -9.154341540E-003  0.000000000E+000  0.000000000E+000  0.000000000E+000  0.000000000E+000  0.000000000E+000  0.000000000E+000  0.000000000E+000  0.000000000E+000  0.000000000E+000  0.000000000E+000  0.000000000E+000  0.000000000E+000  0.000000000E+000  0.000000000E+000  0.000000000E+000  0.000000000E+000  0.000000000E+000  0.000000000E+000  0.000000000E+000 
 5.147693250E-003  0.000000000E+000  1.024388790E-003  0.000000000E+000 -9.154341540E-003  0.000000000E+000  7.982744110E-001  0.000000000E+000  0.000000000E+000  0.000000000E+000  0.000000000E+000  0.000000000E+000  0.000000000E+000  0.000000000E+000  0.000000000E+000  0.000000000E+000  0.000000000E+000  0.000000000E+000  0.000000000E+000  0.000000000E+000  0.000000000E+000  0.000000000E+000  0.000000000E+000  0.000000000E+000  0.000000000E+000  0.000000000E+000 
 0.000000000E+000  0.000000000E+000  0.000000000E+000  0.000000000E+000  0.000000000E+000  0.000000000E+000  0.000000000E+000  0.000000000E+000  3.520100520E-001  0.000000000E+000  1.303731370E-002  0.000000000E+000 -5.503445390E-003  0.000000000E+000  0.000000000E+000  0.000000000E+000  0.000000000E+000  0.000000000E+000  0.000000000E+000  0.000000000E+000  0.000000000E+000  0.000000000E+000  0.000000000E+000  0.000000000E+000  0.000000000E+000  0.000000000E+000 
 0.000000000E+000  0.000000000E+000  0.000000000E+000  0.000000000E+000  0.000000000E+000  0.000000000E+000  0.000000000E+000  0.000000000E+000  1.303731370E-002  0.000000000E+000  1.167002300E-001  0.000000000E+000 -6.232526580E-003  0.000000000E+000  0.000000000E+000  0.000000000E+000  0.000000000E+000  0.000000000E+000  0.000000000E+000  0.000000000E+000  0.000000000E+000  0.000000000E+000  0.000000000E+000  0.000000000E+000  0.000000000E+000  0.000000000E+000 
 0.000000000E+000  0.000000000E+000  0.000000000E+000  0.000000000E+000  0.000000000E+000  0.000000000E+000  0.000000000E+000  0.000000000E+000 -5.503445390E-003  0.000000000E+000 -6.232526580E-003  0.000000000E+000  7.926922230E-001  0.000000000E+000  0.000000000E+000  0.000000000E+000  0.000000000E+000  0.000000000E+000  0.000000000E+000  0.000000000E+000  0.000000000E+000  0.000000000E+000  0.000000000E+000  0.000000000E+000  0.000000000E+000  0.000000000E+000 
 0.000000000E+000  0.000000000E+000  0.000000000E+000  0.000000000E+000  0.000000000E+000  0.000000000E+000  0.000000000E+000  0.000000000E+000  0.000000000E+000  0.000000000E+000  0.000000000E+000  0.000000000E+000  0.000000000E+000  0.000000000E+000  3.520100520E-001  0.000000000E+000  1.303731370E-002  0.000000000E+000 -5.503445390E-003  0.000000000E+000  0.000000000E+000  0.000000000E+000  0.000000000E+000  0.000000000E+000  0.000000000E+000  0.000000000E+000 
 0.000000000E+000  0.000000000E+000  0.000000000E+000  0.000000000E+000  0.000000000E+000  0.000000000E+000  0.000000000E+000  0.000000000E+000  0.000000000E+000  0.000000000E+000  0.000000000E+000  0.000000000E+000  0.000000000E+000  0.000000000E+000  1.303731370E-002  0.000000000E+000  1.167002300E-001  0.000000000E+000 -6.232526580E-003  0.000000000E+000  0.000000000E+000  0.000000000E+000  0.000000000E+000  0.000000000E+000  0.000000000E+000  0.000000000E+000 
 0.000000000E+000  0.000000000E+000  0.000000000E+000  0.000000000E+000  0.000000000E+000  0.000000000E+000  0.000000000E+000  0.000000000E+000  0.000000000E+000  0.000000000E+000  0.000000000E+000  0.000000000E+000  0.000000000E+000  0.000000000E+000 -5.503445390E-003  0.000000000E+000 -6.232526580E-003  0.000000000E+000  7.926922230E-001  0.000000000E+000  0.000000000E+000  0.000000000E+000  0.000000000E+000  0.000000000E+000  0.000000000E+000  0.000000000E+000 
 0.000000000E+000  0.000000000E+000  0.000000000E+000  0.000000000E+000  0.000000000E+000  0.000000000E+000  0.000000000E+000  0.000000000E+000  0.000000000E+000  0.000000000E+000  0.000000000E+000  0.000000000E+000  0.000000000E+000  0.000000000E+000  0.000000000E+000  0.000000000E+000  0.000000000E+000  0.000000000E+000  0.000000000E+000  0.000000000E+000  3.520100520E-001  0.000000000E+000  1.303731370E-002  0.000000000E+000 -5.503445390E-003  0.000000000E+000 
 0.000000000E+000  0.000000000E+000  0.000000000E+000  0.000000000E+000  0.000000000E+000  0.000000000E+000  0.000000000E+000  0.000000000E+000  0.000000000E+000  0.000000000E+000  0.000000000E+000  0.000000000E+000  0.000000000E+000  0.000000000E+000  0.000000000E+000  0.000000000E+000  0.000000000E+000  0.000000000E+000  0.000000000E+000  0.000000000E+000  1.303731370E-002  0.000000000E+000  1.167002300E-001  0.000000000E+000 -6.232526580E-003  0.000000000E+000 
 0.000000000E+000  0.000000000E+000  0.000000000E+000  0.000000000E+000  0.000000000E+000  0.000000000E+000  0.000000000E+000  0.000000000E+000  0.000000000E+000  0.000000000E+000  0.000000000E+000  0.000000000E+000  0.000000000E+000  0.000000000E+000  0.000000000E+000  0.000000000E+000  0.000000000E+000  0.000000000E+000  0.000000000E+000  0.000000000E+000 -5.503445390E-003  0.000000000E+000 -6.232526580E-003  0.000000000E+000  7.926922230E-001  0.000000000E+000 
13 13
-2.916552400E+000  0.000000000E+000  1.369358480E-001  0.000000000E+000 -3.712365700E-002  0.000000000E+000  6.910181720E-002  0.000000000E+000  0.000000000E+000  0.000000000E+000  0.000000000E+000  0.000000000E+000  0.000000000E+000  0.000000000E+000  0.000000000E+000  0.000000000E+000  0.000000000E+000  0.000000000E+000  0.000000000E+000  0.000000000E+000  0.000000000E+000  0.000000000E+000  0.000000000E+000  0.000000000E+000  0.000000000E+000  0.000000000E+000 
 1.369358480E-001  0.000000000E+000 -2.950210420E+000  0.000000000E+000  4.846274650E-002  0.000000000E+000  1.577668460E-002  0.000000000E+000  0.000000000E+000  0.000000000E+000  0.000000000E+000  0.000000000E+000  0.000000000E+000  0.000000000E+000  0.000000000E+000  0.000000000E+000  0.000000000E+000  0.000000000E+000  0.000000000E+000  0.000000000E+000  0.000000000E+000  0.000000000E+000  0.000000000E+000  0.000000000E+000  0.000000000E+000  0.000000000E+000 
-3.712365700E-002  0.000000000E+000  4.846274650E-002  0.000000000E+000  4.801950000E+000  0.000000000E+000 -5.900743000E-002  0.000000000E+000  0.000000000E+000  0.000000000E+000  0.000000000E+000  0.000000000E+000  0.000000000E+000  0.000000000E+000  0.000000000E+000  0.000000000E+000  0.000000000E+000  0.000000000E+000  0.000000000E+000  0.000000000E+000  0.000000000E+000  0.000000000E+000  0.000000000E+000  0.000000000E+000  0.000000000E+000  0.000000000E+000 
 6.910181720E-002  0.000000000E+000  1.577668460E-002  0.000000000E+000 -5.900743000E-002  0.000000000E+000  4.841891150E+000  0.000000000E+000  0.000000000E+000  0.000000000E+000  0.000000000E+000  0.000000000E+000  0.000000000E+000  0.000000000E+000  0.000000000E+000  0.000000000E+000  0.000000000E+000  0.000000000E+000  0.000000000E+000  0.000000000E+000  0.000000000E+000  0.000000000E+000  0.000000000E+000  0.000000000E+000  0.000000000E+000  0.000000000E+000 
 0.000000000E+000  0.000000000E+000  0.000000000E+000  0.000000000E+000  0.000000000E+000  0.000000000E+000  0.000000000E+000  0.000000000E+000 -2.890626300E+000  0.000000000E+000 -1.441505200E-001  0.000000000E+000 -8.137429520E-002  0.000000000E+000  0.000000000E+000  0.000000000E+000  0.000000000E+000  0.000000000E+000  0.000000000E+000  0.000000000E+000  0.000000000E+000  0.000000000E+000  0.000000000E+000  0.000000000E+000  0.000000000E+000  0.000000000E+000 
 0.000000000E+000  0.000000000E+000  0.000000000E+000  0.000000000E+000  0.000000000E+000  0.000000000E+000  0.000000000E+000  0.000000000E+000 -1.441505200E-001  0.000000000E+000 -2.891864900E+000  0.000000000E+000 -5.298050900E-002  0.000000000E+000  0.000000000E+000  0.000000000E+000  0.000000000E+000  0.000000000E+000  0.000000000E+000  0.000000000E+000  0.000000000E+000  0.000000000E+000  0.000000000E+000  0.000000000E+000  0.000000000E+000  0.000000000E+000 
 0.000000000E+000  0.000000000E+000  0.000000000E+000  0.000000000E+000  0.000000000E+000  0.000000000E+000  0.000000000E+000  0.000000000E+000 -8.137429520E-002  0.000000000E+000 -5.298050900E-002  0.000000000E+000  4.896970300E+000  0.000000000E+000  0.000000000E+000  0.000000000E+000  0.000000000E+000  0.000000000E+000  0.000000000E+000  0.000000000E+000  0.000000000E+000  0.000000000E+000  0.000000000E+000  0.000000000E+000  0.000000000E+000  0.000000000E+000 
 0.000000000E+000  0.000000000E+000  0.000000000E+000  0.000000000E+000  0.000000000E+000  0.000000000E+000  0.000000000E+000  0.000000000E+000  0.000000000E+000  0.000000000E+000  0.000000000E+000  0.000000000E+000  0.000000000E+000  0.000000000E+000 -2.890626300E+000  0.000000000E+000 -1.441505200E-001  0.000000000E+000 -8.137429520E-002  0.000000000E+000  0.000000000E+000  0.000000000E+000  0.000000000E+000  0.000000000E+000  0.000000000E+000  0.000000000E+000 
 0.000000000E+000  0.000000000E+000  0.000000000E+000  0.000000000E+000  0.000000000E+000  0.000000000E+000  0.000000000E+000  0.000000000E+000  0.000000000E+000  0.000000000E+000  0.000000000E+000  0.000000000E+000  0.000000000E+000  0.000000000E+000 -1.441505200E-001  0.000000000E+000 -2.891864900E+000  0.000000000E+000 -5.298050900E-002  0.000000000E+000  0.000000000E+000  0.000000000E+000  0.000000000E+000  0.000000000E+000  0.000000000E+000  0.000000000E+000 
 0.000000000E+000  0.000000000E+000  0.000000000E+000  0.000000000E+000  0.000000000E+000  0.000000000E+000  0.000000000E+000  0.000000000E+000  0.000000000E+000  0.000000000E+000  0.000000000E+000  0.000000000E+000  0.000000000E+000  0.000000000E+000 -8.137429520E-002  0.000000000E+000 -5.298050900E-002  0.000000000E+000  4.896970300E+000  0.000000000E+000  0.000000000E+000  0.000000000E+000  0.000000000E+000  0.000000000E+000  0.000000000E+000  0.000000000E+000 
 0.000000000E+000  0.000000000E+000  0.000000000E+000  0.000000000E+000  0.000000000E+000  0.000000000E+000  0.000000000E+000  0.000000000E+000  0.000000000E+000  0.000000000E+000  0.000000000E+000  0.000000000E+000  0.000000000E+000  0.000000000E+000  0.000000000E+000  0.000000000E+000  0.000000000E+000  0.000000000E+000  0.000000000E+000  0.000000000E+000 -2.890626300E+000  0.000000000E+000 -1.441505200E-001  0.000000000E+000 -8.137429520E-002  0.000000000E+000 
 0.000000000E+000  0.000000000E+000  0.000000000E+000  0.000000000E+000  0.000000000E+000  0.000000000E+000  0.000000000E+000  0.000000000E+000  0.000000000E+000  0.000000000E+000  0.000000000E+000  0.000000000E+000  0.000000000E+000  0.000000000E+000  0.000000000E+000  0.000000000E+000  0.000000000E+000  0.000000000E+000  0.000000000E+000  0.000000000E+000 -1.441505200E-001  0.000000000E+000 -2.891864900E+000  0.000000000E+000 -5.298050900E-002  0.000000000E+000 
 0.000000000E+000  0.000000000E+000  0.000000000E+000  0.000000000E+000  0.000000000E+000  0.000000000E+000  0.000000000E+000  0.000000000E+000  0.000000000E+000  0.000000000E+000  0.000000000E+000  0.000000000E+000  0.000000000E+000  0.000000000E+000  0.000000000E+000  0.000000000E+000  0.000000000E+000  0.000000000E+000  0.000000000E+000  0.000000000E+000 -8.137429520E-002  0.000000000E+000 -5.298050900E-002  0.000000000E+000  4.896970300E+000  0.000000000E+000 
! 3 Gradient Vectors (13x6x3, real)
6 3 ! 1 1 0
 6.911650133E-003 -4.836249086E-003 -7.162677884E-003 
 2.234547579E-001  2.962996214E-001  3.111903139E-002 
-2.104390255E-002 -2.393298285E-003  3.393143928E-002 
-7.475394157E-002 -5.833143156E-002 -1.709105862E-002 
-1.474487857E-001 -2.384487234E-001 -1.354808272E-002 
 1.288022186E-002  7.710080948E-003 -2.724865146E-002 
6 3 ! 1 2 0
 0.000000000E+000  0.000000000E+000  0.000000000E+000 
 0.000000000E+000  0.000000000E+000  0.000000000E+000 
 0.000000000E+000  0.000000000E+000  0.000000000E+000 
 0.000000000E+000  0.000000000E+000  0.000000000E+000 
 0.000000000E+000  0.000000000E+000  0.000000000E+000 
 0.000000000E+000  0.000000000E+000  0.000000000E+000 
6 3 ! 1 3 0
 0.000000000E+000  0.000000000E+000  0.000000000E+000 
 0.000000000E+000  0.000000000E+000  0.000000000E+000 
 0.000000000E+000  0.000000000E+000  0.000000000E+000 
 0.000000000E+000  0.000000000E+000  0.000000000E+000 
 0.000000000E+000  0.000000000E+000  0.000000000E+000 
 0.000000000E+000  0.000000000E+000  0.000000000E+000 
6 3 ! 1 4 0
 0.000000000E+000  0.000000000E+000  0.000000000E+000 
 0.000000000E+000  0.000000000E+000  0.000000000E+000 
 0.000000000E+000  0.000000000E+000  0.000000000E+000 
 0.000000000E+000  0.000000000E+000  0.000000000E+000 
 0.000000000E+000  0.000000000E+000  0.000000000E+000 
 0.000000000E+000  0.000000000E+000  0.000000000E+000 
6 3 ! 3 1 -1
 0.000000000E+000  0.000000000E+000  0.000000000E+000 
 0.000000000E+000  0.000000000E+000  0.000000000E+000 
 0.000000000E+000  0.000000000E+000  0.000000000E+000 
 0.000000000E+000  0.000000000E+000  0.000000000E+000 
 0.000000000E+000  0.000000000E+000  0.000000000E+000 
 0.000000000E+000  0.000000000E+000  0.000000000E+000 
6 3 ! 3 2 -1
 0.000000000E+000  0.000000000E+000  0.000000000E+000 
 0.000000000E+000  0.000000000E+000  0.000000000E+000 
 0.000000000E+000  0.000000000E+000  0.000000000E+000 
 0.000000000E+000  0.000000000E+000  0.000000000E+000 
 0.000000000E+000  0.000000000E+000  0.000000000E+000 
 0.000000000E+000  0.000000000E+000  0.000000000E+000 
6 3 ! 3 3 -1
 0.000000000E+000  0.000000000E+000  0.000000000E+000 
 0.000000000E+000  0.000000000E+000  0.000000000E+000 
 0.000000000E+000  0.000000000E+000  0.000000000E+000 
 0.000000000E+000  0.000000000E+000  0.000000000E+000 
 0.000000000E+000  0.000000000E+000  0.000000000E+000 
 0.000000000E+000  0.000000000E+000  0.000000000E+000 
6 3 ! 3 1 0
 0.000000000E+000  0.000000000E+000  0.000000000E+000 
 0.000000000E+000  0.000000000E+000  0.000000000E+000 
 0.000000000E+000  0.000000000E+000  0.000000000E+000 
 0.000000000E+000  0.000000000E+000  0.000000000E+000 
 0.000000000E+000  0.000000000E+000  0.000000000E+000 
 0.000000000E+000  0.000000000E+000  0.000000000E+000 
6 3 ! 3 2 0
 0.000000000E+000  0.000000000E+000  0.000000000E+000 
 0.000000000E+000  0.000000000E+000  0.000000000E+000 
 0.000000000E+000  0.000000000E+000  0.000000000E+000 
 0.000000000E+000  0.000000000E+000  0.000000000E+000 
 0.000000000E+000  0.000000000E+000  0.000000000E+000 
 0.000000000E+000  0.000000000E+000  0.000000000E+000 
6 3 ! 3 3 0
 0.000000000E+000  0.000000000E+000  0.000000000E+000 
 0.000000000E+000  0.000000000E+000  0.000000000E+000 
 0.000000000E+000  0.000000000E+000  0.000000000E+000 
 0.000000000E+000  0.000000000E+000  0.000000000E+000 
 0.000000000E+000  0.000000000E+000  0.000000000E+000 
 0.000000000E+000  0.000000000E+000  0.000000000E+000 
6 3 ! 3 1 1
 0.000000000E+000  0.000000000E+000  0.000000000E+000 
 0.000000000E+000  0.000000000E+000  0.000000000E+000 
 0.000000000E+000  0.000000000E+000  0.000000000E+000 
 0.000000000E+000  0.000000000E+000  0.000000000E+000 
 0.000000000E+000  0.000000000E+000  0.000000000E+000 
 0.000000000E+000  0.000000000E+000  0.000000000E+000 
6 3 ! 3 2 1
 0.000000000E+000  0.000000000E+000  0.000000000E+000 
 0.000000000E+000  0.000000000E+000  0.000000000E+000 
 0.000000000E+000  0.000000000E+000  0.000000000E+000 
 0.000000000E+000  0.000000000E+000  0.000000000E+000 
 0.000000000E+000  0.000000000E+000  0.000000000E+000 
 0.000000000E+000  0.000000000E+000  0.000000000E+000 
6 3 ! 3 3 1
 0.000000000E+000  0.000000000E+000  0.000000000E+000 
 0.000000000E+000  0.000000000E+000  0.000000000E+000 
 0.000000000E+000  0.000000000E+000  0.000000000E+000 
 0.000000000E+000  0.000000000E+000  0.000000000E+000 
 0.000000000E+000  0.000000000E+000  0.000000000E+000 
 0.000000000E+000  0.000000000E+000  0.000000000E+000 
! 6 Overlap matrix (13x13, complex)
13 13
 9.616071200E-001  0.000000000E+000 -6.647268000E-002  0.000000000E+000  1.699950000E-003  0.000000000E+000 -1.179900000E-004  0.000000000E+000  0.000000000E+000  0.000000000E+000  0.000000000E+000  0.000000000E+000  0.000000000E+000  0.000000000E+000  0.000000000E+000  0.000000000E+000  0.000000000E+000  0.000000000E+000  0.000000000E+000  0.000000000E+000  0.000000000E+000  0.000000000E+000  0.000000000E+000  0.000000000E+000  0.000000000E+000  0.000000000E+000 
 6.718657000E-002  0.000000000E+000  9.587150200E-001  0.000000000E+000 -1.183300000E-004  0.000000000E+000 -1.269060000E-003  0.000000000E+000  0.000000000E+000  0.000000000E+000  0.000000000E+000  0.000000000E+000  0.000000000E+000  0.000000000E+000  0.000000000E+000  0.000000000E+000  0.000000000E+000  0.000000000E+000  0.000000000E+000  0.000000000E+000  0.000000000E+000  0.000000000E+000  0.000000000E+000  0.000000000E+000  0.000000000E+000  0.000000000E+000 
-7.685100000E-004  0.000000000E+000 -1.062000000E-005  0.000000000E+000  9.517738200E-001  0.000000000E+000  1.101573700E-001  0.000000000E+000  0.000000000E+000  0.000000000E+000  0.000000000E+000  0.000000000E+000  0.000000000E+000  0.000000000E+000  0.000000000E+000  0.000000000E+000  0.000000000E+000  0.000000000E+000  0.000000000E+000  0.000000000E+000  0.000000000E+000  0.000000000E+000  0.000000000E+000  0.000000000E+000  0.000000000E+000  0.000000000E+000 
-1.033400000E-004  0.000000000E+000  5.784000000E-004  0.000000000E+000 -1.099260400E-001  0.000000000E+000  9.499045200E-001  0.000000000E+000  0.000000000E+000  0.000000000E+000  0.000000000E+000  0.000000000E+000  0.000000000E+000  0.000000000E+000  0.000000000E+000  0.000000000E+000  0.000000000E+000  0.000000000E+000  0.000000000E+000  0.000000000E+000  0.000000000E+000  0.000000000E+000  0.000000000E+000  0.000000000E+000  0.000000000E+000  0.000000000E+000 
 0.000000000E+000  0.000000000E+000  0.000000000E+000  0.000000000E+000  0.000000000E+000  0.000000000E+000  0.000000000E+000  0.000000000E+000  9.609303900E-001  0.000000000E+000  8.483243000E-002  0.000000000E+000 -1.700000000E-004  0.000000000E+000  0.000000000E+000  0.000000000E+000  0.000000000E+000  0.000000000E+000  0.000000000E+000  0.000000000E+000  0.000000000E+000  0.000000000E+000  0.000000000E+000  0.000000000E+000  0.000000000E+000  0.000000000E+000 
 0.000000000E+000  0.000000000E+000  0.000000000E+000  0.000000000E+000  0.000000000E+000  0.000000000E+000  0.000000000E+000  0.000000000E+000 -8.598319000E-002  0.000000000E+000  9.578754300E-001  0.000000000E+000  1.372880000E-003  0.000000000E+000  0.000000000E+000  0.000000000E+000  0.000000000E+000  0.000000000E+000  0.000000000E+000  0.000000000E+000  0.000000000E+000  0.000000000E+000  0.000000000E+000  0.000000000E+000  0.000000000E+000  0.000000000E+000 
 0.000000000E+000  0.000000000E+000  0.000000000E+000  0.000000000E+000  0.000000000E+000  0.000000000E+000  0.000000000E+000  0.000000000E+000  5.915700000E-004  0.000000000E+000 -6.281100000E-004  0.000000000E+000  9.580254100E-001  0.000000000E+000  0.000000000E+000  0.000000000E+000  0.000000000E+000  0.000000000E+000  0.000000000E+000  0.000000000E+000  0.000000000E+000  0.000000000E+000  0.000000000E+000  0.000000000E+000  0.000000000E+000  0.000000000E+000 
 0.000000000E+000  0.000000000E+000  0.000000000E+000  0.000000000E+000  0.000000000E+000  0.000000000E+000  0.000000000E+000  0.000000000E+000  0.000000000E+000  0.000000000E+000  0.000000000E+000  0.000000000E+000  0.000000000E+000  0.000000000E+000  9.609303900E-001  0.000000000E+000  8.483243000E-002  0.000000000E+000 -1.700000000E-004  0.000000000E+000  0.000000000E+000  0.000000000E+000  0.000000000E+000  0.000000000E+000  0.000000000E+000  0.000000000E+000 
 0.000000000E+000  0.000000000E+000  0.000000000E+000  0.000000000E+000  0.000000000E+000  0.000000000E+000  0.000000000E+000  0.000000000E+000  0.000000000E+000  0.000000000E+000  0.000000000E+000  0.000000000E+000  0.000000000E+000  0.000000000E+000 -8.598319000E-002  0.000000000E+000  9.578754300E-001  0.000000000E+000  1.372880000E-003  0.000000000E+000  0.000000000E+000  0.000000000E+000  0.000000000E+000  0.000000000E+000  0.000000000E+000  0.000000000E+000 
 0.000000000E+000  0.000000000E+000  0.000000000E+000  0.000000000E+000  0.000000000E+000  0.000000000E+000  0.000000000E+000  0.000000000E+000  0.000000000E+000  0.000000000E+000  0.000000000E+000  0.000000000E+000  0.000000000E+000  0.000000000E+000  5.915700000E-004  0.000000000E+000 -6.281100000E-004  0.000000000E+000  9.580254100E-001  0.000000000E+000  0.000000000E+000  0.000000000E+000  0.000000000E+000  0.000000000E+000  0.000000000E+000  0.000000000E+000 
 0.000000000E+000  0.000000000E+000  0.000000000E+000  0.000000000E+000  0.000000000E+000  0.000000000E+000  0.000000000E+000  0.000000000E+000  0.000000000E+000  0.000000000E+000  0.000000000E+000  0.000000000E+000  0.000000000E+000  0.000000000E+000  0.000000000E+000  0.000000000E+000  0.000000000E+000  0.000000000E+000  0.000000000E+000  0.000000000E+000  9.609303900E-001  0.000000000E+000  8.483243000E-002  0.000000000E+000 -1.700000000E-004  0.000000000E+000 
 0.000000000E+000  0.000000000E+000  0.000000000E+000  0.000000000E+000  0.000000000E+000  0.000000000E+000  0.000000000E+000  0.000000000E+000  0.000000000E+000  0.000000000E+000  0.000000000E+000  0.000000000E+000  0.000000000E+000  0.000000000E+000  0.000000000E+000  0.000000000E+000  0.000000000E+000  0.000000000E+000  0.000000000E+000  0.000000000E+000 -8.598319000E-002  0.000000000E+000  9.578754300E-001  0.000000000E+000  1.372880000E-003  0.000000000E+000 
 0.000000000E+000  0.000000000E+000  0.000000000E+000  0.000000000E+000  0.000000000E+000  0.000000000E+000  0.000000000E+000  0.000000000E+000  0.000000000E+000  0.000000000E+000  0.000000000E+000  0.000000000E+000  0.000000000E+000  0.000000000E+000  0.000000000E+000  0.000000000E+000  0.000000000E+000  0.000000000E+000  0.000000000E+000  0.000000000E+000  5.915700000E-004  0.000000000E+000 -6.281100000E-004  0.000000000E+000  9.580254100E-001  0.000000000E+000 

! 7 Phases
13 ! for all nmstates
 1.000000000E+000  0.000000000E+000
 1.000000000E+000  0.000000000E+000
 1.000000000E+000  0.000000000E+000
 1.000000000E+000  0.000000000E+000
 1.000000000E+000  0.000000000E+000
 1.000000000E+000  0.000000000E+000
 1.000000000E+000  0.000000000E+000
 1.000000000E+000  0.000000000E+000
 1.000000000E+000  0.000000000E+000
 1.000000000E+000  0.000000000E+000
 1.000000000E+000  0.000000000E+000
 1.000000000E+000  0.000000000E+000
 1.000000000E+000  0.000000000E+000
! 8 Runtime
 5.800000000E+001
