#=================================================================================================================================================
#     Step |         Time |         State |                                     Energy |     Gradient |           Expectation Value |    Runtime |
#          |              |  diag |   MCH |          kin |          pot |          tot |          RMS |           DM |            S |            |
#          |         [fs] |       |       |         [eV] |         [eV] |         [eV] |     [eV/Ang] |      [Debye] |              |      [sec] |
#=================================================================================================================================================
         0        0.00000       9       3       0.944304      10.946543      11.890846       5.004957       3.359660       0.000001          106
         1        0.50000       9       3       0.719119      11.173636      11.892755       4.802765       3.353862       0.000002           60
         2        1.00000       9       3       0.493178      11.404947      11.898125       4.530446       3.330026       0.000002           53
         3        1.50000       9       3       0.352290      11.551104      11.903394       4.158393       3.347188       0.000002           50
         4        2.00000       9       3       0.393428      11.516717      11.910145       3.721520       3.369730       0.000004           53
         5        2.50000       9       3       0.670833      11.234675      11.905508       3.335027       3.267610       0.000011           52
         6        3.00000       9       3       1.122157      10.771032      11.893189       2.687448       3.128978       0.000023           48
         7        3.50000       9       3       1.568977      10.312674      11.881652       1.948202       2.996550       0.000026           49
         8        4.00000       9       3       1.838536      10.038947      11.877484       1.649644       2.881574       0.000018           50
         9        4.50000       9       3       1.865908      10.016935      11.882843       2.188233       2.784567       0.000012           47
        10        5.00000       9       3       1.728034      10.166656      11.894690       2.989632       2.705564       0.000009           52
        11        5.50000       9       3       1.591560      10.312467      11.904027       3.476525       2.644713       0.000007           47
        12        6.00000       9       3       1.586553      10.317159      11.903712       3.415704       2.602304       0.000005           49
        13        6.50000       9       3       1.714457      10.183143      11.897600       2.922643       2.575428       0.000004           47
        14        7.00000       9       3       1.887573      10.004479      11.892053       2.211805       2.538771       0.000003           48
        15        7.50000       9       3       1.981763       9.891862      11.873625       1.394548       2.312551       0.000003           49
# Surface Hop: new state=    8 old state=    9 randnum=  0.347400475
        16        8.00000       8       2       2.202938       9.670687      11.873625       2.465562       2.645594       0.000014           70
        17        8.50000       8       2       2.289898       9.581876      11.871774       2.380968       2.776358       0.000118           48
# Surface Hop: new state=    5 old state=    8 randnum=  0.491498649
        18        9.00000       5       2       2.428251       9.443523      11.871774       2.333564       2.858198       0.000098           49
        19        9.50000       5       2       2.555004       9.316971      11.871975       2.346224       2.937204       0.000015           49
        20       10.00000       5       2       2.730850       9.140369      11.871219       2.366868       3.000984       0.000007           59
        21       10.50000       5       2       2.945548       8.923974      11.869523       2.386228       3.040262       0.000004           71
        22       11.00000       5       2       3.174234       8.691521      11.865755       2.450098       3.038064       0.000003           56
        23       11.50000       5       2       3.362402       8.495625      11.858027       2.858085       2.949271       0.000003           54
        24       12.00000       5       2       3.469943       8.388306      11.858250       2.657472       2.850222       0.000003           63
        25       12.50000       5       2       3.462976       8.393197      11.856172       2.316579       2.828723       0.000002           49
        26       13.00000       5       2       3.329325       8.532245      11.861570       2.478815       2.853013       0.000003           51
        27       13.50000       5       2       3.195649       8.712253      11.907902       3.485240       2.886933       0.000003           61
        28       14.00000       5       2       3.086939       8.568380      11.655319       3.182180       2.873140       0.000004           52
        29       14.50000       5       2       2.876251       8.775284      11.651535       3.411701       2.813439       0.000005           49
        30       15.00000       5       2       2.584646       9.073853      11.658499       3.450361       3.236129       0.000007           55
        31       15.50000       5       2       2.254542       9.408838      11.663380       3.427920       3.593279       0.000013           53
        32       16.00000       5       2       1.942410       9.723895      11.666305       3.411775       3.796903       0.000029           55
        33       16.50000       5       2       1.679982       9.986732      11.666714       3.385584       3.924834       0.000134           52
# Surface Hop: new state=    8 old state=    5 randnum=  0.096291043
        34       17.00000       8       2       1.472956      10.193758      11.666714       3.365034       4.022934       0.002716           69
        35       17.50000       8       2       1.259967      10.407210      11.667177       3.377705       4.107831       0.000066           60
        36       18.00000       8       2       1.110777      10.556388      11.667165       3.383612       4.198148       0.000022           52
        37       18.50000       8       2       1.025227      10.641816      11.667043       3.398458       4.301913       0.000012           59
        38       19.00000       8       2       1.002696      10.664526      11.667222       3.445149       4.422544       0.000009           55
        39       19.50000       8       2       1.047847      10.620169      11.668017       3.532147       4.562682       0.000008           50
        40       20.00000       8       2       1.173101      10.495909      11.669011       3.631213       4.723114       0.000007           50
        41       20.50000       8       2       1.391920      10.277252      11.669172       3.683572       4.900583       0.000008           51
        42       21.00000       8       2       1.705259       9.962547      11.667806       3.642664       5.086904       0.000028           53
        43       21.50000       8       2       2.089484       9.574435      11.663919       3.488662       5.269096       0.000055           51
        44       22.00000       8       2       2.490137       9.167888      11.658025       3.200338       5.422123       0.000172           48
        45       22.50000       8       2       2.819395       8.828295      11.647690       2.713538       5.402598       0.004472           47
# Surface Hop: new state=    5 old state=    8 randnum=  0.647811895
        46       23.00000       5       2       2.935143       8.712547      11.647690       1.717448       4.129585       0.000729           49
# Surface Hop: new state=    4 old state=    5 randnum=  0.430659301
        47       23.50000       4       1       3.120420       8.527270      11.647690       3.075428       5.250563       0.000042           67
        48       24.00000       4       1       2.947436       8.712377      11.659812       3.970618       5.564113       0.000022           48
        49       24.50000       4       1       2.842809       8.835947      11.678756       4.827421       5.678485       0.000013           51
        50       25.00000       4       1       3.056829       8.625826      11.682655       5.062143       5.698135       0.000008           50
        51       25.50000       4       1       3.638521       8.028227      11.666748       4.572280       5.643831       0.000006           50
        52       26.00000       4       1       4.381603       7.267392      11.648996       3.779618       5.534793       0.000004           48
        53       26.50000       4       1       5.039864       6.604077      11.643941       3.275013       5.394304       0.000003           49
        54       27.00000       4       1       5.579942       6.095580      11.675522       3.711479       5.208525       0.000002           53
# Surface Hop: new state=    1 old state=    4 randnum=  0.181225994
        55       27.50000       1       1       5.942237       5.733285      11.675522       2.223201       4.699427       0.000005           56
        56       28.00000       1       1       5.829518       5.852784      11.682302       2.442049       4.651502       0.000002           50
        57       28.50000       1       1       5.609960       6.078429      11.688389       2.676615       4.615078       0.000001           55
        58       29.00000       1       1       5.362623       6.328178      11.690802       2.902426       4.571565       0.000001           54
        59       29.50000       1       1       5.129804       6.563574      11.693377       3.113081       4.547155       0.000001           56
        60       30.00000       1       1       4.947787       6.749097      11.696884       3.258377       4.576349       0.000001           57
        61       30.50000       1       1       4.860376       6.838355      11.698732       3.356826       4.639318       0.000001           51
        62       31.00000       1       1       4.894653       6.804725      11.699379       3.411364       4.725157       0.000001           50
        63       31.50000       1       1       5.061240       6.637500      11.698740       3.412370       4.825591       0.000001           49
        64       32.00000       1       1       5.353922       6.342693      11.696615       3.346421       4.931274       0.000001           49
        65       32.50000       1       1       5.746752       5.946052      11.692804       3.212120       5.033105       0.000001           48
        66       33.00000       1       1       6.193120       5.494433      11.687554       3.050978       5.122946       0.000001           55
        67       33.50000       1       1       6.630689       5.051013      11.681702       2.988708       5.191033       0.000001           50
        68       34.00000       1       1       6.994683       4.682022      11.676706       3.226380       5.221616       0.000001           49
        69       34.50000       1       1       7.240948       4.433307      11.674255       3.879910       5.191818       0.000001           50
        70       35.00000       1       1       7.363273       4.308960      11.672234       4.844361       5.080556       0.000001           48
        71       35.50000       1       1       7.358225       4.305663      11.663888       6.034323       4.885756       0.000000           48
        72       36.00000       1       1       7.159225       4.494442      11.653667       7.644676       4.635942       0.000000           56
        73       36.50000       1       1       6.715092       4.948216      11.663308       9.794365       4.382354       0.000000           51
        74       37.00000       1       1       6.208512       5.482702      11.691214      12.011475       4.173464       0.000000           51
        75       37.50000       1       1       5.987465       5.712061      11.699525      13.472109       4.030368       0.000000           51
        76       38.00000       1       1       6.171354       5.511972      11.683326      13.594625       3.934163       0.000000           51
        77       38.50000       1       1       6.570646       5.097558      11.668205      12.299444       3.830162       0.000000           51
        78       39.00000       1       1       6.942098       4.719569      11.661667       9.964110       3.689823       0.000000           57
        79       39.50000       1       1       7.132369       4.529543      11.661912       7.202804       3.526244       0.000000           49
        80       40.00000       1       1       7.081051       4.585369      11.666420       4.725000       3.361732       0.000000           52
        81       40.50000       1       1       6.800880       4.872418      11.673298       3.269417       3.199820       0.000001           51
        82       41.00000       1       1       6.373173       5.314110      11.687283       3.059236       3.051709       0.000001           59
        83       41.50000       1       1       5.932633       5.753737      11.686370       2.926386       2.992666       0.000001           56
        84       42.00000       1       1       5.536218       6.153971      11.690189       3.123130       2.987684       0.000001           53
        85       42.50000       1       1       5.202262       6.490517      11.692779       3.352982       3.012467       0.000001           52
        86       43.00000       1       1       4.956024       6.738807      11.694831       3.538523       3.041489       0.000001           48
        87       43.50000       1       1       4.818348       6.877693      11.696042       3.673929       3.050634       0.000001           49
        88       44.00000       1       1       4.801444       6.894368      11.695812       3.756158       3.021626       0.000001           46
        89       44.50000       1       1       4.899947       6.793814      11.693761       3.783880       2.944523       0.000002           47
        90       45.00000       1       1       5.085536       6.604844      11.690379       3.776419       2.819114       0.000002           50
        91       45.50000       1       1       5.314155       6.373125      11.687280       3.778394       2.655412       0.000003           45
        92       46.00000       1       1       5.543734       6.140934      11.684668       3.798471       2.475112       0.000004           47
        93       46.50000       1       1       5.728244       5.948765      11.677009       3.726144       2.317853       0.000006           47
        94       47.00000       1       1       5.753283       5.905145      11.658428       3.495053       2.249315       0.000009           50
        95       47.50000       1       1       5.404524       6.237926      11.642450       3.650252       2.339528       0.000021           48
        96       48.00000       1       1       4.582309       7.081626      11.663935       4.980575       2.602021       0.000079           50
        97       48.50000       1       1       3.678009       8.038348      11.716357       6.361038       2.974618       0.005640           67
# Surface Hop: new state=    4 old state=    1 randnum=  0.804856613
        98       49.00000       4       1       3.308939       8.407418      11.716357       6.104428       3.365750       0.000169           60
        99       49.50000       4       1       3.406688       8.268474      11.675162       4.628876       3.746154       0.000039           54
       100       50.00000       4       1       3.467395       8.200701      11.668096       3.699756       4.085052       0.000020           51
       101       50.50000       4       1       3.270609       8.410770      11.681379       3.601611       4.375892       0.000015           58
       102       51.00000       4       1       2.915415       8.777294      11.692709       3.652367       4.618254       0.000015           59
       103       51.50000       4       1       2.536859       9.161019      11.697877       3.598288       4.814994       0.000017           64
       104       52.00000       4       1       2.206007       9.493696      11.699702       3.492321       4.967652       0.000019           56
       105       52.50000       4       1       1.950744       9.750311      11.701056       3.434314       5.074981       0.000019           53
       106       53.00000       4       1       1.792798       9.910414      11.703212       3.468818       5.135502       0.000018           48
       107       53.50000       4       1       1.764929       9.940844      11.705773       3.557971       5.150163       0.000017           55
       108       54.00000       4       1       1.905017       9.802361      11.707379       3.618188       5.122409       0.000018           53
       109       54.50000       4       1       2.237110       9.469853      11.706962       3.584309       5.057541       0.000028           50
       110       55.00000       4       1       2.756146       8.948361      11.704506       3.444463       4.962599       0.000101           47
# Surface Hop: new state=    1 old state=    4 randnum=  0.489099651
       111       55.50000       1       1       3.430983       8.273523      11.704506       3.226888       4.846501       0.000681           65
       112       56.00000       1       1       4.130028       7.570672      11.700700       2.984322       4.728246       0.000021           66
       113       56.50000       1       1       4.869230       6.827337      11.696567       2.728144       4.611205       0.000005           47
       114       57.00000       1       1       5.585218       6.107169      11.692386       2.489116       4.508196       0.000002           48
       115       57.50000       1       1       6.212181       5.476026      11.688207       2.300182       4.429025       0.000001           48
       116       58.00000       1       1       6.681718       5.001660      11.683378       2.192092       4.375012       0.000001           53
       117       58.50000       1       1       6.922781       4.756649      11.679431       2.305662       4.334946       0.000001           51
       118       59.00000       1       1       6.898881       4.785288      11.684169       2.897386       4.288333       0.000001           48
       119       59.50000       1       1       6.696587       5.003580      11.700167       3.737645       4.214978       0.000002           48
       120       60.00000       1       1       6.517427       5.190946      11.708373       4.156509       4.103977       0.000002           48
       121       60.50000       1       1       6.464987       5.233062      11.698048       3.963967       3.957521       0.000002           45
       122       61.00000       1       1       6.435567       5.252384      11.687951       3.684646       3.792908       0.000003           45
       123       61.50000       1       1       6.299892       5.388911      11.688803       3.719997       3.643170       0.000003           45
       124       62.00000       1       1       6.049640       5.645571      11.695211       3.949562       3.545343       0.000002           48
       125       62.50000       1       1       5.760768       5.940663      11.701431       4.172170       3.517487       0.000002           51
       126       63.00000       1       1       5.518549       6.186804      11.705353       4.297036       3.547872       0.000002           46
       127       63.50000       1       1       5.380359       6.326078      11.706436       4.289751       3.608032       0.000002           46
       128       64.00000       1       1       5.364263       6.340532      11.704796       4.147564       3.670849       0.000001           46
       129       64.50000       1       1       5.450913       6.250448      11.701361       3.905601       3.717906       0.000001           47
       130       65.00000       1       1       5.595518       6.101630      11.697148       3.633627       3.738483       0.000001           48
       131       65.50000       1       1       5.742262       5.950395      11.692657       3.433058       3.726310       0.000001           50
       132       66.00000       1       1       5.831687       5.855796      11.687483       3.446482       3.676404       0.000001           48
       133       66.50000       1       1       5.754601       5.896041      11.650642       4.217167       3.567380       0.000001           49
       134       67.00000       1       1       5.466161       6.317615      11.783776       5.849949       3.268399       0.000001           52
       135       67.50000       1       1       5.059731       6.551845      11.611576       5.783959       3.162742       0.000001           52
       136       68.00000       1       1       4.450690       7.165120      11.615809       7.526477       3.040124       0.000001           55
       137       68.50000       1       1       3.646712       7.979585      11.626298       9.181187       2.897040       0.000001           57
       138       69.00000       1       1       2.859179       8.789298      11.648477      10.486601       2.752372       0.000001           46
       139       69.50000       1       1       2.438363       9.235380      11.673743      11.046272       2.634992       0.000001           47
       140       70.00000       1       1       2.723387       8.875793      11.599180      10.605905       2.626926       0.000001           48
       141       70.50000       1       1       3.755186       7.817795      11.572981       9.006257       2.658147       0.000001           48
       142       71.00000       1       1       5.172427       6.366303      11.538731       6.782431       2.772298       0.000001           47
       143       71.50000       1       1       6.487440       5.033232      11.520672       4.583856       2.950652       0.000001           52
       144       72.00000       1       1       7.412700       4.110130      11.522830       3.146201       3.165412       0.000001           47
       145       72.50000       1       1       7.941220       3.593306      11.534527       2.935587       3.391986       0.000001           48
       146       73.00000       1       1       8.209008       3.333290      11.542298       3.203173       3.613681       0.000001           49
       147       73.50000       1       1       8.315281       3.227504      11.542785       3.243998       3.819838       0.000001           50
       148       74.00000       1       1       8.265875       3.276161      11.542035       3.072092       4.006652       0.000001           52
       149       74.50000       1       1       8.040083       3.504251      11.544335       2.916763       4.180018       0.000001           48
       150       75.00000       1       1       7.656030       3.893413      11.549442       2.870772       4.341564       0.000001           50
       151       75.50000       1       1       7.172650       4.382159      11.554809       2.900772       4.488795       0.000001           50
       152       76.00000       1       1       6.659334       4.899639      11.558973       2.959546       4.618902       0.000001           47
       153       76.50000       1       1       6.172645       5.388906      11.561551       3.025402       4.729741       0.000001           47
       154       77.00000       1       1       5.748797       5.813960      11.562758       3.097268       4.820206       0.000001           48
       155       77.50000       1       1       5.405304       6.157673      11.562977       3.180834       4.890096       0.000001           52
       156       78.00000       1       1       5.145652       6.416802      11.562455       3.276309       4.939817       0.000001           47
       157       78.50000       1       1       4.962541       6.598547      11.561088       3.366570       4.970349       0.000001           47
       158       79.00000       1       1       4.836016       6.722228      11.558244       3.409822       4.983553       0.000001           48
       159       79.50000       1       1       4.724823       6.828205      11.553028       3.349958       4.982549       0.000002           44
       160       80.00000       1       1       4.554781       6.990241      11.545022       3.171323       4.973031       0.000002           48
       161       80.50000       1       1       4.223160       7.314586      11.537746       3.044076       4.965499       0.000003           59
       162       81.00000       1       1       3.664265       7.877723      11.541988       3.401072       4.972842       0.000005           45
       163       81.50000       1       1       2.987917       8.576894      11.564811       4.289465       5.000058       0.000008           49
       164       82.00000       1       1       2.524930       9.061893      11.586822       4.994980       5.034485       0.000016           49
       165       82.50000       1       1       2.568193       9.013066      11.581259       5.023327       5.048590       0.000036           48
       166       83.00000       1       1       3.073485       8.485129      11.558614       4.611915       5.015127       0.000125           50
       167       83.50000       1       1       3.745240       7.794643      11.539883       4.054638       4.923994       0.001837           78
# Surface Hop: new state=    4 old state=    1 randnum=  0.655050717
       168       84.00000       4       1       4.300049       7.239833      11.539883       3.488436       4.792164       0.000770           54
       169       84.50000       4       1       4.550104       6.992346      11.542450       3.182734       4.659090       0.000108           60
       170       85.00000       4       1       4.504393       7.047744      11.552137       3.231515       4.560715       0.000045           52
       171       85.50000       4       1       4.260691       7.300607      11.561298       3.361298       4.521561       0.000026           49
       172       86.00000       4       1       3.927351       7.638512      11.565863       3.364408       4.546593       0.000019           55
       173       86.50000       4       1       3.565764       8.001771      11.567535       3.264002       4.625757       0.000015           47
       174       87.00000       4       1       3.203095       8.366223      11.569318       3.166012       4.741027       0.000013           47
       175       87.50000       4       1       2.866527       8.705540      11.572068       3.126132       4.872816       0.000012           51
       176       88.00000       4       1       2.595342       8.979703      11.575045       3.136241       5.004346       0.000012           54
       177       88.50000       4       1       2.432613       9.144824      11.577437       3.166259       5.123280       0.000012           53
       178       89.00000       4       1       2.413606       9.165186      11.578793       3.189938       5.221579       0.000013           59
       179       89.50000       4       1       2.558543       9.020317      11.578860       3.191228       5.294667       0.000016           47
       180       90.00000       4       1       2.868701       8.708697      11.577398       3.162777       5.340406       0.000022           48
       181       90.50000       4       1       3.322854       8.251122      11.573976       3.108144       5.357828       0.000039           49
       182       91.00000       4       1       3.872487       7.695548      11.568035       3.053746       5.345467       0.000174           55
# Surface Hop: new state=    1 old state=    4 randnum=  0.122453124
       183       91.50000       1       1       4.445870       7.122165      11.568035       3.077180       5.299145       0.000484           67
       184       92.00000       1       1       4.822711       6.734714      11.557425       3.362821       5.228612       0.000026           60
       185       92.50000       1       1       4.972057       6.574863      11.546920       4.044712       5.103338       0.000008           47
       186       93.00000       1       1       4.813391       6.725568      11.538959       5.170889       4.898847       0.000004           50
       187       93.50000       1       1       4.534449       6.989464      11.523913       7.133532       4.653708       0.000002           66
       188       94.00000       1       1       4.846680       6.735161      11.581841       8.387355       4.302855       0.000001           55
       189       94.50000       1       1       6.274824       5.235477      11.510302       6.899308       3.950093       0.000001           58
       190       95.00000       1       1       7.984005       3.438790      11.422795       3.909677       3.679883       0.000001           49
       191       95.50000       1       1       8.798471       2.627715      11.426186       2.767431       3.533401       0.000001           49
       192       96.00000       1       1       8.554215       2.912382      11.466597       3.804580       3.512586       0.000001           48
       193       96.50000       1       1       7.744481       3.762195      11.506677       4.830201       3.603136       0.000001           48
       194       97.00000       1       1       6.904839       4.615244      11.520082       5.066504       3.787961       0.000001           50
       195       97.50000       1       1       6.230204       5.277294      11.507498       4.838882       4.052901       0.000001           55
       196       98.00000       1       1       5.552158       5.924925      11.477083       5.337469       4.428999       0.000000           50
       197       98.50000       1       1       4.841258       6.723405      11.564663       5.812565       4.253306       0.000000           54
       198       99.00000       1       1       4.105101       7.471879      11.576980       7.376944       4.317654       0.000000           47
       199       99.50000       1       1       3.383815       8.206464      11.590279       8.747713       4.341495       0.000000           49
       200      100.00000       1       1       2.866922       8.732528      11.599450       9.604114       4.345246       0.000000           48
