! 1 Hamiltonian Matrix (13x13, complex)
13 13
-9.420348432E+001  0.000000000E+000  0.000000000E+000  0.000000000E+000  0.000000000E+000  0.000000000E+000  0.000000000E+000  0.000000000E+000  1.397883578E-005  9.162789685E-006  5.996592493E-005  5.686306080E-005 -4.698948286E-005  4.378637935E-006  0.000000000E+000  1.535484895E-006  0.000000000E+000 -3.620463791E-005  0.000000000E+000 -8.667060437E-005  1.397883578E-005 -9.162789685E-006  5.996592493E-005 -5.686306080E-005 -4.698948286E-005 -4.378637935E-006 
 0.000000000E+000  0.000000000E+000 -9.402322066E+001  0.000000000E+000  0.000000000E+000  0.000000000E+000  0.000000000E+000  0.000000000E+000 -4.169502158E-005 -4.826070032E-005  4.360412595E-006  7.126107940E-006 -2.998524063E-005  3.860127012E-005  0.000000000E+000  2.726966498E-005  0.000000000E+000 -2.952505080E-006  0.000000000E+000  3.426819554E-005 -4.169502158E-005  4.826070032E-005  4.360412595E-006 -7.126107940E-006 -2.998524063E-005 -3.860127012E-005 
 0.000000000E+000  0.000000000E+000  0.000000000E+000  0.000000000E+000 -9.393796240E+001  0.000000000E+000  0.000000000E+000  0.000000000E+000 -1.304023077E-005  1.449370163E-005 -8.925860265E-006  2.565672238E-005 -1.139083750E-006 -8.246966350E-007  0.000000000E+000 -3.724348229E-005  0.000000000E+000  1.405629347E-005  0.000000000E+000 -2.139199283E-005 -1.304023077E-005 -1.449370163E-005 -8.925860265E-006 -2.565672238E-005 -1.139083750E-006  8.246966350E-007 
 0.000000000E+000  0.000000000E+000  0.000000000E+000  0.000000000E+000  0.000000000E+000  0.000000000E+000 -9.389494308E+001  0.000000000E+000 -3.750774972E-005  8.584135140E-006 -2.345145625E-005  2.843153040E-005 -1.767857980E-006  1.257548460E-006  0.000000000E+000 -5.663980038E-005  0.000000000E+000  4.119382474E-005  0.000000000E+000  8.679818175E-006 -3.750774972E-005 -8.584135140E-006 -2.345145625E-005 -2.843153040E-005 -1.767857980E-006 -1.257548460E-006 
 1.397883578E-005 -9.162789685E-006 -4.169502158E-005  4.826070032E-005 -1.304023077E-005 -1.449370163E-005 -3.750774972E-005 -8.584135140E-006 -9.414618194E+001  0.000000000E+000  0.000000000E+000 -2.809436161E-005  0.000000000E+000 -6.707380753E-005 -0.000000000E+000  0.000000000E+000  4.182715530E-005 -4.928131936E-005 -3.943052309E-005 -1.410185683E-005  0.000000000E+000  0.000000000E+000  0.000000000E+000  0.000000000E+000  0.000000000E+000  0.000000000E+000 
 5.996592493E-005 -5.686306080E-005  4.360412595E-006 -7.126107940E-006 -8.925860265E-006 -2.565672238E-005 -2.345145625E-005 -2.843153040E-005  0.000000000E+000  2.809436161E-005 -9.403645125E+001  0.000000000E+000  0.000000000E+000  4.548133597E-005 -4.182715530E-005  4.928131936E-005 -0.000000000E+000  0.000000000E+000 -2.695527786E-005 -3.753964407E-005  0.000000000E+000  0.000000000E+000  0.000000000E+000  0.000000000E+000  0.000000000E+000  0.000000000E+000 
-4.698948286E-005 -4.378637935E-006 -2.998524063E-005 -3.860127012E-005 -1.139083750E-006  8.246966350E-007 -1.767857980E-006 -1.257548460E-006  0.000000000E+000  6.707380753E-005  0.000000000E+000 -4.548133597E-005 -9.392187453E+001  0.000000000E+000  3.943052309E-005  1.410185683E-005  2.695527786E-005  3.753964407E-005 -0.000000000E+000  0.000000000E+000  0.000000000E+000  0.000000000E+000  0.000000000E+000  0.000000000E+000  0.000000000E+000  0.000000000E+000 
 0.000000000E+000 -1.535484895E-006  0.000000000E+000 -2.726966498E-005  0.000000000E+000  3.724348229E-005  0.000000000E+000  5.663980038E-005  0.000000000E+000 -0.000000000E+000 -4.182715530E-005 -4.928131936E-005  3.943052309E-005 -1.410185683E-005 -9.414618194E+001  0.000000000E+000  0.000000000E+000  0.000000000E+000  0.000000000E+000  0.000000000E+000 -0.000000000E+000  0.000000000E+000  4.182715530E-005 -4.928131936E-005 -3.943052309E-005 -1.410185683E-005 
 0.000000000E+000  3.620463791E-005  0.000000000E+000  2.952505080E-006  0.000000000E+000 -1.405629347E-005  0.000000000E+000 -4.119382474E-005  4.182715530E-005  4.928131936E-005  0.000000000E+000 -0.000000000E+000  2.695527786E-005 -3.753964407E-005  0.000000000E+000  0.000000000E+000 -9.403645125E+001  0.000000000E+000  0.000000000E+000  0.000000000E+000 -4.182715530E-005  4.928131936E-005 -0.000000000E+000  0.000000000E+000 -2.695527786E-005 -3.753964407E-005 
 0.000000000E+000  8.667060437E-005  0.000000000E+000 -3.426819554E-005  0.000000000E+000  2.139199283E-005  0.000000000E+000 -8.679818175E-006 -3.943052309E-005  1.410185683E-005 -2.695527786E-005  3.753964407E-005  0.000000000E+000 -0.000000000E+000  0.000000000E+000  0.000000000E+000  0.000000000E+000  0.000000000E+000 -9.392187453E+001  0.000000000E+000  3.943052309E-005  1.410185683E-005  2.695527786E-005  3.753964407E-005 -0.000000000E+000  0.000000000E+000 
 1.397883578E-005  9.162789685E-006 -4.169502158E-005 -4.826070032E-005 -1.304023077E-005  1.449370163E-005 -3.750774972E-005  8.584135140E-006  0.000000000E+000  0.000000000E+000  0.000000000E+000  0.000000000E+000  0.000000000E+000  0.000000000E+000  0.000000000E+000 -0.000000000E+000 -4.182715530E-005 -4.928131936E-005  3.943052309E-005 -1.410185683E-005 -9.414618194E+001  0.000000000E+000  0.000000000E+000  2.809436161E-005  0.000000000E+000  6.707380753E-005 
 5.996592493E-005  5.686306080E-005  4.360412595E-006  7.126107940E-006 -8.925860265E-006  2.565672238E-005 -2.345145625E-005  2.843153040E-005  0.000000000E+000  0.000000000E+000  0.000000000E+000  0.000000000E+000  0.000000000E+000  0.000000000E+000  4.182715530E-005  4.928131936E-005  0.000000000E+000 -0.000000000E+000  2.695527786E-005 -3.753964407E-005  0.000000000E+000 -2.809436161E-005 -9.403645125E+001  0.000000000E+000  0.000000000E+000 -4.548133597E-005 
-4.698948286E-005  4.378637935E-006 -2.998524063E-005  3.860127012E-005 -1.139083750E-006 -8.246966350E-007 -1.767857980E-006  1.257548460E-006  0.000000000E+000  0.000000000E+000  0.000000000E+000  0.000000000E+000  0.000000000E+000  0.000000000E+000 -3.943052309E-005  1.410185683E-005 -2.695527786E-005  3.753964407E-005  0.000000000E+000 -0.000000000E+000  0.000000000E+000 -6.707380753E-005  0.000000000E+000  4.548133597E-005 -9.392187453E+001  0.000000000E+000 

! 2 Dipole Moment Matrices (3x13x13, complex)
13 13
-3.915597320E-001  0.000000000E+000 -2.548972120E-001  0.000000000E+000 -8.931521650E-001  0.000000000E+000  4.816808250E-001  0.000000000E+000  0.000000000E+000  0.000000000E+000  0.000000000E+000  0.000000000E+000  0.000000000E+000  0.000000000E+000  0.000000000E+000  0.000000000E+000  0.000000000E+000  0.000000000E+000  0.000000000E+000  0.000000000E+000  0.000000000E+000  0.000000000E+000  0.000000000E+000  0.000000000E+000  0.000000000E+000  0.000000000E+000 
-2.548972120E-001  0.000000000E+000 -3.450456490E-001  0.000000000E+000  2.487922400E-001  0.000000000E+000 -7.162488930E-002  0.000000000E+000  0.000000000E+000  0.000000000E+000  0.000000000E+000  0.000000000E+000  0.000000000E+000  0.000000000E+000  0.000000000E+000  0.000000000E+000  0.000000000E+000  0.000000000E+000  0.000000000E+000  0.000000000E+000  0.000000000E+000  0.000000000E+000  0.000000000E+000  0.000000000E+000  0.000000000E+000  0.000000000E+000 
-8.931521650E-001  0.000000000E+000  2.487922400E-001  0.000000000E+000  3.599991320E-001  0.000000000E+000 -6.576541610E-001  0.000000000E+000  0.000000000E+000  0.000000000E+000  0.000000000E+000  0.000000000E+000  0.000000000E+000  0.000000000E+000  0.000000000E+000  0.000000000E+000  0.000000000E+000  0.000000000E+000  0.000000000E+000  0.000000000E+000  0.000000000E+000  0.000000000E+000  0.000000000E+000  0.000000000E+000  0.000000000E+000  0.000000000E+000 
 4.816808250E-001  0.000000000E+000 -7.162488930E-002  0.000000000E+000 -6.576541610E-001  0.000000000E+000 -5.096479740E-001  0.000000000E+000  0.000000000E+000  0.000000000E+000  0.000000000E+000  0.000000000E+000  0.000000000E+000  0.000000000E+000  0.000000000E+000  0.000000000E+000  0.000000000E+000  0.000000000E+000  0.000000000E+000  0.000000000E+000  0.000000000E+000  0.000000000E+000  0.000000000E+000  0.000000000E+000  0.000000000E+000  0.000000000E+000 
 0.000000000E+000  0.000000000E+000  0.000000000E+000  0.000000000E+000  0.000000000E+000  0.000000000E+000  0.000000000E+000  0.000000000E+000 -6.344270860E-001  0.000000000E+000  1.237149090E-002  0.000000000E+000 -6.621993490E-003  0.000000000E+000  0.000000000E+000  0.000000000E+000  0.000000000E+000  0.000000000E+000  0.000000000E+000  0.000000000E+000  0.000000000E+000  0.000000000E+000  0.000000000E+000  0.000000000E+000  0.000000000E+000  0.000000000E+000 
 0.000000000E+000  0.000000000E+000  0.000000000E+000  0.000000000E+000  0.000000000E+000  0.000000000E+000  0.000000000E+000  0.000000000E+000  1.237149090E-002  0.000000000E+000 -2.363105310E-001  0.000000000E+000 -2.069111940E-002  0.000000000E+000  0.000000000E+000  0.000000000E+000  0.000000000E+000  0.000000000E+000  0.000000000E+000  0.000000000E+000  0.000000000E+000  0.000000000E+000  0.000000000E+000  0.000000000E+000  0.000000000E+000  0.000000000E+000 
 0.000000000E+000  0.000000000E+000  0.000000000E+000  0.000000000E+000  0.000000000E+000  0.000000000E+000  0.000000000E+000  0.000000000E+000 -6.621993490E-003  0.000000000E+000 -2.069111940E-002  0.000000000E+000 -6.891601070E-001  0.000000000E+000  0.000000000E+000  0.000000000E+000  0.000000000E+000  0.000000000E+000  0.000000000E+000  0.000000000E+000  0.000000000E+000  0.000000000E+000  0.000000000E+000  0.000000000E+000  0.000000000E+000  0.000000000E+000 
 0.000000000E+000  0.000000000E+000  0.000000000E+000  0.000000000E+000  0.000000000E+000  0.000000000E+000  0.000000000E+000  0.000000000E+000  0.000000000E+000  0.000000000E+000  0.000000000E+000  0.000000000E+000  0.000000000E+000  0.000000000E+000 -6.344270860E-001  0.000000000E+000  1.237149090E-002  0.000000000E+000 -6.621993490E-003  0.000000000E+000  0.000000000E+000  0.000000000E+000  0.000000000E+000  0.000000000E+000  0.000000000E+000  0.000000000E+000 
 0.000000000E+000  0.000000000E+000  0.000000000E+000  0.000000000E+000  0.000000000E+000  0.000000000E+000  0.000000000E+000  0.000000000E+000  0.000000000E+000  0.000000000E+000  0.000000000E+000  0.000000000E+000  0.000000000E+000  0.000000000E+000  1.237149090E-002  0.000000000E+000 -2.363105310E-001  0.000000000E+000 -2.069111940E-002  0.000000000E+000  0.000000000E+000  0.000000000E+000  0.000000000E+000  0.000000000E+000  0.000000000E+000  0.000000000E+000 
 0.000000000E+000  0.000000000E+000  0.000000000E+000  0.000000000E+000  0.000000000E+000  0.000000000E+000  0.000000000E+000  0.000000000E+000  0.000000000E+000  0.000000000E+000  0.000000000E+000  0.000000000E+000  0.000000000E+000  0.000000000E+000 -6.621993490E-003  0.000000000E+000 -2.069111940E-002  0.000000000E+000 -6.891601070E-001  0.000000000E+000  0.000000000E+000  0.000000000E+000  0.000000000E+000  0.000000000E+000  0.000000000E+000  0.000000000E+000 
 0.000000000E+000  0.000000000E+000  0.000000000E+000  0.000000000E+000  0.000000000E+000  0.000000000E+000  0.000000000E+000  0.000000000E+000  0.000000000E+000  0.000000000E+000  0.000000000E+000  0.000000000E+000  0.000000000E+000  0.000000000E+000  0.000000000E+000  0.000000000E+000  0.000000000E+000  0.000000000E+000  0.000000000E+000  0.000000000E+000 -6.344270860E-001  0.000000000E+000  1.237149090E-002  0.000000000E+000 -6.621993490E-003  0.000000000E+000 
 0.000000000E+000  0.000000000E+000  0.000000000E+000  0.000000000E+000  0.000000000E+000  0.000000000E+000  0.000000000E+000  0.000000000E+000  0.000000000E+000  0.000000000E+000  0.000000000E+000  0.000000000E+000  0.000000000E+000  0.000000000E+000  0.000000000E+000  0.000000000E+000  0.000000000E+000  0.000000000E+000  0.000000000E+000  0.000000000E+000  1.237149090E-002  0.000000000E+000 -2.363105310E-001  0.000000000E+000 -2.069111940E-002  0.000000000E+000 
 0.000000000E+000  0.000000000E+000  0.000000000E+000  0.000000000E+000  0.000000000E+000  0.000000000E+000  0.000000000E+000  0.000000000E+000  0.000000000E+000  0.000000000E+000  0.000000000E+000  0.000000000E+000  0.000000000E+000  0.000000000E+000  0.000000000E+000  0.000000000E+000  0.000000000E+000  0.000000000E+000  0.000000000E+000  0.000000000E+000 -6.621993490E-003  0.000000000E+000 -2.069111940E-002  0.000000000E+000 -6.891601070E-001  0.000000000E+000 
13 13
 1.224071510E-001  0.000000000E+000  1.504696610E-002  0.000000000E+000  1.012288020E-001  0.000000000E+000 -3.333127240E-003  0.000000000E+000  0.000000000E+000  0.000000000E+000  0.000000000E+000  0.000000000E+000  0.000000000E+000  0.000000000E+000  0.000000000E+000  0.000000000E+000  0.000000000E+000  0.000000000E+000  0.000000000E+000  0.000000000E+000  0.000000000E+000  0.000000000E+000  0.000000000E+000  0.000000000E+000  0.000000000E+000  0.000000000E+000 
 1.504696610E-002  0.000000000E+000  4.434526780E-001  0.000000000E+000 -1.888783970E-001  0.000000000E+000 -1.630832000E-001  0.000000000E+000  0.000000000E+000  0.000000000E+000  0.000000000E+000  0.000000000E+000  0.000000000E+000  0.000000000E+000  0.000000000E+000  0.000000000E+000  0.000000000E+000  0.000000000E+000  0.000000000E+000  0.000000000E+000  0.000000000E+000  0.000000000E+000  0.000000000E+000  0.000000000E+000  0.000000000E+000  0.000000000E+000 
 1.012288020E-001  0.000000000E+000 -1.888783970E-001  0.000000000E+000  8.818845640E-002  0.000000000E+000  1.702498230E-002  0.000000000E+000  0.000000000E+000  0.000000000E+000  0.000000000E+000  0.000000000E+000  0.000000000E+000  0.000000000E+000  0.000000000E+000  0.000000000E+000  0.000000000E+000  0.000000000E+000  0.000000000E+000  0.000000000E+000  0.000000000E+000  0.000000000E+000  0.000000000E+000  0.000000000E+000  0.000000000E+000  0.000000000E+000 
-3.333127240E-003  0.000000000E+000 -1.630832000E-001  0.000000000E+000  1.702498230E-002  0.000000000E+000  1.090347630E-001  0.000000000E+000  0.000000000E+000  0.000000000E+000  0.000000000E+000  0.000000000E+000  0.000000000E+000  0.000000000E+000  0.000000000E+000  0.000000000E+000  0.000000000E+000  0.000000000E+000  0.000000000E+000  0.000000000E+000  0.000000000E+000  0.000000000E+000  0.000000000E+000  0.000000000E+000  0.000000000E+000  0.000000000E+000 
 0.000000000E+000  0.000000000E+000  0.000000000E+000  0.000000000E+000  0.000000000E+000  0.000000000E+000  0.000000000E+000  0.000000000E+000  1.827702520E-001  0.000000000E+000  6.519365080E-003  0.000000000E+000  3.011400950E-002  0.000000000E+000  0.000000000E+000  0.000000000E+000  0.000000000E+000  0.000000000E+000  0.000000000E+000  0.000000000E+000  0.000000000E+000  0.000000000E+000  0.000000000E+000  0.000000000E+000  0.000000000E+000  0.000000000E+000 
 0.000000000E+000  0.000000000E+000  0.000000000E+000  0.000000000E+000  0.000000000E+000  0.000000000E+000  0.000000000E+000  0.000000000E+000  6.519365080E-003  0.000000000E+000  4.735043140E-001  0.000000000E+000  2.138536530E-001  0.000000000E+000  0.000000000E+000  0.000000000E+000  0.000000000E+000  0.000000000E+000  0.000000000E+000  0.000000000E+000  0.000000000E+000  0.000000000E+000  0.000000000E+000  0.000000000E+000  0.000000000E+000  0.000000000E+000 
 0.000000000E+000  0.000000000E+000  0.000000000E+000  0.000000000E+000  0.000000000E+000  0.000000000E+000  0.000000000E+000  0.000000000E+000  3.011400950E-002  0.000000000E+000  2.138536530E-001  0.000000000E+000  1.003591270E-001  0.000000000E+000  0.000000000E+000  0.000000000E+000  0.000000000E+000  0.000000000E+000  0.000000000E+000  0.000000000E+000  0.000000000E+000  0.000000000E+000  0.000000000E+000  0.000000000E+000  0.000000000E+000  0.000000000E+000 
 0.000000000E+000  0.000000000E+000  0.000000000E+000  0.000000000E+000  0.000000000E+000  0.000000000E+000  0.000000000E+000  0.000000000E+000  0.000000000E+000  0.000000000E+000  0.000000000E+000  0.000000000E+000  0.000000000E+000  0.000000000E+000  1.827702520E-001  0.000000000E+000  6.519365080E-003  0.000000000E+000  3.011400950E-002  0.000000000E+000  0.000000000E+000  0.000000000E+000  0.000000000E+000  0.000000000E+000  0.000000000E+000  0.000000000E+000 
 0.000000000E+000  0.000000000E+000  0.000000000E+000  0.000000000E+000  0.000000000E+000  0.000000000E+000  0.000000000E+000  0.000000000E+000  0.000000000E+000  0.000000000E+000  0.000000000E+000  0.000000000E+000  0.000000000E+000  0.000000000E+000  6.519365080E-003  0.000000000E+000  4.735043140E-001  0.000000000E+000  2.138536530E-001  0.000000000E+000  0.000000000E+000  0.000000000E+000  0.000000000E+000  0.000000000E+000  0.000000000E+000  0.000000000E+000 
 0.000000000E+000  0.000000000E+000  0.000000000E+000  0.000000000E+000  0.000000000E+000  0.000000000E+000  0.000000000E+000  0.000000000E+000  0.000000000E+000  0.000000000E+000  0.000000000E+000  0.000000000E+000  0.000000000E+000  0.000000000E+000  3.011400950E-002  0.000000000E+000  2.138536530E-001  0.000000000E+000  1.003591270E-001  0.000000000E+000  0.000000000E+000  0.000000000E+000  0.000000000E+000  0.000000000E+000  0.000000000E+000  0.000000000E+000 
 0.000000000E+000  0.000000000E+000  0.000000000E+000  0.000000000E+000  0.000000000E+000  0.000000000E+000  0.000000000E+000  0.000000000E+000  0.000000000E+000  0.000000000E+000  0.000000000E+000  0.000000000E+000  0.000000000E+000  0.000000000E+000  0.000000000E+000  0.000000000E+000  0.000000000E+000  0.000000000E+000  0.000000000E+000  0.000000000E+000  1.827702520E-001  0.000000000E+000  6.519365080E-003  0.000000000E+000  3.011400950E-002  0.000000000E+000 
 0.000000000E+000  0.000000000E+000  0.000000000E+000  0.000000000E+000  0.000000000E+000  0.000000000E+000  0.000000000E+000  0.000000000E+000  0.000000000E+000  0.000000000E+000  0.000000000E+000  0.000000000E+000  0.000000000E+000  0.000000000E+000  0.000000000E+000  0.000000000E+000  0.000000000E+000  0.000000000E+000  0.000000000E+000  0.000000000E+000  6.519365080E-003  0.000000000E+000  4.735043140E-001  0.000000000E+000  2.138536530E-001  0.000000000E+000 
 0.000000000E+000  0.000000000E+000  0.000000000E+000  0.000000000E+000  0.000000000E+000  0.000000000E+000  0.000000000E+000  0.000000000E+000  0.000000000E+000  0.000000000E+000  0.000000000E+000  0.000000000E+000  0.000000000E+000  0.000000000E+000  0.000000000E+000  0.000000000E+000  0.000000000E+000  0.000000000E+000  0.000000000E+000  0.000000000E+000  3.011400950E-002  0.000000000E+000  2.138536530E-001  0.000000000E+000  1.003591270E-001  0.000000000E+000 
13 13
 1.692909740E+000  0.000000000E+000  2.521613760E-001  0.000000000E+000  8.036484200E-001  0.000000000E+000 -4.140758140E-001  0.000000000E+000  0.000000000E+000  0.000000000E+000  0.000000000E+000  0.000000000E+000  0.000000000E+000  0.000000000E+000  0.000000000E+000  0.000000000E+000  0.000000000E+000  0.000000000E+000  0.000000000E+000  0.000000000E+000  0.000000000E+000  0.000000000E+000  0.000000000E+000  0.000000000E+000  0.000000000E+000  0.000000000E+000 
 2.521613760E-001  0.000000000E+000  1.668802870E+000  0.000000000E+000 -3.704037080E-001  0.000000000E+000 -1.020398080E-001  0.000000000E+000  0.000000000E+000  0.000000000E+000  0.000000000E+000  0.000000000E+000  0.000000000E+000  0.000000000E+000  0.000000000E+000  0.000000000E+000  0.000000000E+000  0.000000000E+000  0.000000000E+000  0.000000000E+000  0.000000000E+000  0.000000000E+000  0.000000000E+000  0.000000000E+000  0.000000000E+000  0.000000000E+000 
 8.036484200E-001  0.000000000E+000 -3.704037080E-001  0.000000000E+000  9.789894680E-001  0.000000000E+000  6.231140340E-001  0.000000000E+000  0.000000000E+000  0.000000000E+000  0.000000000E+000  0.000000000E+000  0.000000000E+000  0.000000000E+000  0.000000000E+000  0.000000000E+000  0.000000000E+000  0.000000000E+000  0.000000000E+000  0.000000000E+000  0.000000000E+000  0.000000000E+000  0.000000000E+000  0.000000000E+000  0.000000000E+000  0.000000000E+000 
-4.140758140E-001  0.000000000E+000 -1.020398080E-001  0.000000000E+000  6.231140340E-001  0.000000000E+000  1.617886240E+000  0.000000000E+000  0.000000000E+000  0.000000000E+000  0.000000000E+000  0.000000000E+000  0.000000000E+000  0.000000000E+000  0.000000000E+000  0.000000000E+000  0.000000000E+000  0.000000000E+000  0.000000000E+000  0.000000000E+000  0.000000000E+000  0.000000000E+000  0.000000000E+000  0.000000000E+000  0.000000000E+000  0.000000000E+000 
 0.000000000E+000  0.000000000E+000  0.000000000E+000  0.000000000E+000  0.000000000E+000  0.000000000E+000  0.000000000E+000  0.000000000E+000  1.931984680E+000  0.000000000E+000 -2.654301940E-002  0.000000000E+000 -5.030812500E-003  0.000000000E+000  0.000000000E+000  0.000000000E+000  0.000000000E+000  0.000000000E+000  0.000000000E+000  0.000000000E+000  0.000000000E+000  0.000000000E+000  0.000000000E+000  0.000000000E+000  0.000000000E+000  0.000000000E+000 
 0.000000000E+000  0.000000000E+000  0.000000000E+000  0.000000000E+000  0.000000000E+000  0.000000000E+000  0.000000000E+000  0.000000000E+000 -2.654301940E-002  0.000000000E+000  1.676045460E+000  0.000000000E+000  2.259629340E-001  0.000000000E+000  0.000000000E+000  0.000000000E+000  0.000000000E+000  0.000000000E+000  0.000000000E+000  0.000000000E+000  0.000000000E+000  0.000000000E+000  0.000000000E+000  0.000000000E+000  0.000000000E+000  0.000000000E+000 
 0.000000000E+000  0.000000000E+000  0.000000000E+000  0.000000000E+000  0.000000000E+000  0.000000000E+000  0.000000000E+000  0.000000000E+000 -5.030812500E-003  0.000000000E+000  2.259629340E-001  0.000000000E+000  1.885670580E+000  0.000000000E+000  0.000000000E+000  0.000000000E+000  0.000000000E+000  0.000000000E+000  0.000000000E+000  0.000000000E+000  0.000000000E+000  0.000000000E+000  0.000000000E+000  0.000000000E+000  0.000000000E+000  0.000000000E+000 
 0.000000000E+000  0.000000000E+000  0.000000000E+000  0.000000000E+000  0.000000000E+000  0.000000000E+000  0.000000000E+000  0.000000000E+000  0.000000000E+000  0.000000000E+000  0.000000000E+000  0.000000000E+000  0.000000000E+000  0.000000000E+000  1.931984680E+000  0.000000000E+000 -2.654301940E-002  0.000000000E+000 -5.030812500E-003  0.000000000E+000  0.000000000E+000  0.000000000E+000  0.000000000E+000  0.000000000E+000  0.000000000E+000  0.000000000E+000 
 0.000000000E+000  0.000000000E+000  0.000000000E+000  0.000000000E+000  0.000000000E+000  0.000000000E+000  0.000000000E+000  0.000000000E+000  0.000000000E+000  0.000000000E+000  0.000000000E+000  0.000000000E+000  0.000000000E+000  0.000000000E+000 -2.654301940E-002  0.000000000E+000  1.676045460E+000  0.000000000E+000  2.259629340E-001  0.000000000E+000  0.000000000E+000  0.000000000E+000  0.000000000E+000  0.000000000E+000  0.000000000E+000  0.000000000E+000 
 0.000000000E+000  0.000000000E+000  0.000000000E+000  0.000000000E+000  0.000000000E+000  0.000000000E+000  0.000000000E+000  0.000000000E+000  0.000000000E+000  0.000000000E+000  0.000000000E+000  0.000000000E+000  0.000000000E+000  0.000000000E+000 -5.030812500E-003  0.000000000E+000  2.259629340E-001  0.000000000E+000  1.885670580E+000  0.000000000E+000  0.000000000E+000  0.000000000E+000  0.000000000E+000  0.000000000E+000  0.000000000E+000  0.000000000E+000 
 0.000000000E+000  0.000000000E+000  0.000000000E+000  0.000000000E+000  0.000000000E+000  0.000000000E+000  0.000000000E+000  0.000000000E+000  0.000000000E+000  0.000000000E+000  0.000000000E+000  0.000000000E+000  0.000000000E+000  0.000000000E+000  0.000000000E+000  0.000000000E+000  0.000000000E+000  0.000000000E+000  0.000000000E+000  0.000000000E+000  1.931984680E+000  0.000000000E+000 -2.654301940E-002  0.000000000E+000 -5.030812500E-003  0.000000000E+000 
 0.000000000E+000  0.000000000E+000  0.000000000E+000  0.000000000E+000  0.000000000E+000  0.000000000E+000  0.000000000E+000  0.000000000E+000  0.000000000E+000  0.000000000E+000  0.000000000E+000  0.000000000E+000  0.000000000E+000  0.000000000E+000  0.000000000E+000  0.000000000E+000  0.000000000E+000  0.000000000E+000  0.000000000E+000  0.000000000E+000 -2.654301940E-002  0.000000000E+000  1.676045460E+000  0.000000000E+000  2.259629340E-001  0.000000000E+000 
 0.000000000E+000  0.000000000E+000  0.000000000E+000  0.000000000E+000  0.000000000E+000  0.000000000E+000  0.000000000E+000  0.000000000E+000  0.000000000E+000  0.000000000E+000  0.000000000E+000  0.000000000E+000  0.000000000E+000  0.000000000E+000  0.000000000E+000  0.000000000E+000  0.000000000E+000  0.000000000E+000  0.000000000E+000  0.000000000E+000 -5.030812500E-003  0.000000000E+000  2.259629340E-001  0.000000000E+000  1.885670580E+000  0.000000000E+000 
! 3 Gradient Vectors (13x6x3, real)
6 3 ! 1 1 0
 1.374954047E-001 -6.158412686E-003 -7.864066970E-002 
-1.191115005E-001 -8.583057734E-002  4.882787588E-002 
 3.258575257E-003  2.870268450E-002 -3.174290054E-002 
-7.970432253E-002 -6.578575132E-002  3.345044475E-002 
 7.543551568E-002  9.886631611E-002 -2.898459971E-003 
-1.737367255E-002  3.020574073E-002  3.100370957E-002 
6 3 ! 1 2 0
 0.000000000E+000  0.000000000E+000  0.000000000E+000 
 0.000000000E+000  0.000000000E+000  0.000000000E+000 
 0.000000000E+000  0.000000000E+000  0.000000000E+000 
 0.000000000E+000  0.000000000E+000  0.000000000E+000 
 0.000000000E+000  0.000000000E+000  0.000000000E+000 
 0.000000000E+000  0.000000000E+000  0.000000000E+000 
6 3 ! 1 3 0
 0.000000000E+000  0.000000000E+000  0.000000000E+000 
 0.000000000E+000  0.000000000E+000  0.000000000E+000 
 0.000000000E+000  0.000000000E+000  0.000000000E+000 
 0.000000000E+000  0.000000000E+000  0.000000000E+000 
 0.000000000E+000  0.000000000E+000  0.000000000E+000 
 0.000000000E+000  0.000000000E+000  0.000000000E+000 
6 3 ! 1 4 0
 0.000000000E+000  0.000000000E+000  0.000000000E+000 
 0.000000000E+000  0.000000000E+000  0.000000000E+000 
 0.000000000E+000  0.000000000E+000  0.000000000E+000 
 0.000000000E+000  0.000000000E+000  0.000000000E+000 
 0.000000000E+000  0.000000000E+000  0.000000000E+000 
 0.000000000E+000  0.000000000E+000  0.000000000E+000 
6 3 ! 3 1 -1
 0.000000000E+000  0.000000000E+000  0.000000000E+000 
 0.000000000E+000  0.000000000E+000  0.000000000E+000 
 0.000000000E+000  0.000000000E+000  0.000000000E+000 
 0.000000000E+000  0.000000000E+000  0.000000000E+000 
 0.000000000E+000  0.000000000E+000  0.000000000E+000 
 0.000000000E+000  0.000000000E+000  0.000000000E+000 
6 3 ! 3 2 -1
 0.000000000E+000  0.000000000E+000  0.000000000E+000 
 0.000000000E+000  0.000000000E+000  0.000000000E+000 
 0.000000000E+000  0.000000000E+000  0.000000000E+000 
 0.000000000E+000  0.000000000E+000  0.000000000E+000 
 0.000000000E+000  0.000000000E+000  0.000000000E+000 
 0.000000000E+000  0.000000000E+000  0.000000000E+000 
6 3 ! 3 3 -1
 0.000000000E+000  0.000000000E+000  0.000000000E+000 
 0.000000000E+000  0.000000000E+000  0.000000000E+000 
 0.000000000E+000  0.000000000E+000  0.000000000E+000 
 0.000000000E+000  0.000000000E+000  0.000000000E+000 
 0.000000000E+000  0.000000000E+000  0.000000000E+000 
 0.000000000E+000  0.000000000E+000  0.000000000E+000 
6 3 ! 3 1 0
 0.000000000E+000  0.000000000E+000  0.000000000E+000 
 0.000000000E+000  0.000000000E+000  0.000000000E+000 
 0.000000000E+000  0.000000000E+000  0.000000000E+000 
 0.000000000E+000  0.000000000E+000  0.000000000E+000 
 0.000000000E+000  0.000000000E+000  0.000000000E+000 
 0.000000000E+000  0.000000000E+000  0.000000000E+000 
6 3 ! 3 2 0
 0.000000000E+000  0.000000000E+000  0.000000000E+000 
 0.000000000E+000  0.000000000E+000  0.000000000E+000 
 0.000000000E+000  0.000000000E+000  0.000000000E+000 
 0.000000000E+000  0.000000000E+000  0.000000000E+000 
 0.000000000E+000  0.000000000E+000  0.000000000E+000 
 0.000000000E+000  0.000000000E+000  0.000000000E+000 
6 3 ! 3 3 0
 0.000000000E+000  0.000000000E+000  0.000000000E+000 
 0.000000000E+000  0.000000000E+000  0.000000000E+000 
 0.000000000E+000  0.000000000E+000  0.000000000E+000 
 0.000000000E+000  0.000000000E+000  0.000000000E+000 
 0.000000000E+000  0.000000000E+000  0.000000000E+000 
 0.000000000E+000  0.000000000E+000  0.000000000E+000 
6 3 ! 3 1 1
 0.000000000E+000  0.000000000E+000  0.000000000E+000 
 0.000000000E+000  0.000000000E+000  0.000000000E+000 
 0.000000000E+000  0.000000000E+000  0.000000000E+000 
 0.000000000E+000  0.000000000E+000  0.000000000E+000 
 0.000000000E+000  0.000000000E+000  0.000000000E+000 
 0.000000000E+000  0.000000000E+000  0.000000000E+000 
6 3 ! 3 2 1
 0.000000000E+000  0.000000000E+000  0.000000000E+000 
 0.000000000E+000  0.000000000E+000  0.000000000E+000 
 0.000000000E+000  0.000000000E+000  0.000000000E+000 
 0.000000000E+000  0.000000000E+000  0.000000000E+000 
 0.000000000E+000  0.000000000E+000  0.000000000E+000 
 0.000000000E+000  0.000000000E+000  0.000000000E+000 
6 3 ! 3 3 1
 0.000000000E+000  0.000000000E+000  0.000000000E+000 
 0.000000000E+000  0.000000000E+000  0.000000000E+000 
 0.000000000E+000  0.000000000E+000  0.000000000E+000 
 0.000000000E+000  0.000000000E+000  0.000000000E+000 
 0.000000000E+000  0.000000000E+000  0.000000000E+000 
 0.000000000E+000  0.000000000E+000  0.000000000E+000 
! 6 Overlap matrix (13x13, complex)
13 13
 9.569830300E-001  0.000000000E+000  1.665992000E-002  0.000000000E+000 -7.427300000E-004  0.000000000E+000  8.615910000E-003  0.000000000E+000  0.000000000E+000  0.000000000E+000  0.000000000E+000  0.000000000E+000  0.000000000E+000  0.000000000E+000  0.000000000E+000  0.000000000E+000  0.000000000E+000  0.000000000E+000  0.000000000E+000  0.000000000E+000  0.000000000E+000  0.000000000E+000  0.000000000E+000  0.000000000E+000  0.000000000E+000  0.000000000E+000 
-1.979061000E-002  0.000000000E+000  9.565236500E-001  0.000000000E+000 -6.887540000E-002  0.000000000E+000 -3.889271000E-002  0.000000000E+000  0.000000000E+000  0.000000000E+000  0.000000000E+000  0.000000000E+000  0.000000000E+000  0.000000000E+000  0.000000000E+000  0.000000000E+000  0.000000000E+000  0.000000000E+000  0.000000000E+000  0.000000000E+000  0.000000000E+000  0.000000000E+000  0.000000000E+000  0.000000000E+000  0.000000000E+000  0.000000000E+000 
 3.313230000E-003  0.000000000E+000  7.493620000E-002  0.000000000E+000  9.623392200E-001  0.000000000E+000 -3.072486000E-002  0.000000000E+000  0.000000000E+000  0.000000000E+000  0.000000000E+000  0.000000000E+000  0.000000000E+000  0.000000000E+000  0.000000000E+000  0.000000000E+000  0.000000000E+000  0.000000000E+000  0.000000000E+000  0.000000000E+000  0.000000000E+000  0.000000000E+000  0.000000000E+000  0.000000000E+000  0.000000000E+000  0.000000000E+000 
-1.438742000E-002  0.000000000E+000  4.686633000E-002  0.000000000E+000  2.241253000E-002  0.000000000E+000  9.613478900E-001  0.000000000E+000  0.000000000E+000  0.000000000E+000  0.000000000E+000  0.000000000E+000  0.000000000E+000  0.000000000E+000  0.000000000E+000  0.000000000E+000  0.000000000E+000  0.000000000E+000  0.000000000E+000  0.000000000E+000  0.000000000E+000  0.000000000E+000  0.000000000E+000  0.000000000E+000  0.000000000E+000  0.000000000E+000 
 0.000000000E+000  0.000000000E+000  0.000000000E+000  0.000000000E+000  0.000000000E+000  0.000000000E+000  0.000000000E+000  0.000000000E+000  9.626840400E-001  0.000000000E+000  1.374178000E-002  0.000000000E+000 -1.827160000E-003  0.000000000E+000  0.000000000E+000  0.000000000E+000  0.000000000E+000  0.000000000E+000  0.000000000E+000  0.000000000E+000  0.000000000E+000  0.000000000E+000  0.000000000E+000  0.000000000E+000  0.000000000E+000  0.000000000E+000 
 0.000000000E+000  0.000000000E+000  0.000000000E+000  0.000000000E+000  0.000000000E+000  0.000000000E+000  0.000000000E+000  0.000000000E+000 -1.673496000E-002  0.000000000E+000  9.570504000E-001  0.000000000E+000  5.860809000E-002  0.000000000E+000  0.000000000E+000  0.000000000E+000  0.000000000E+000  0.000000000E+000  0.000000000E+000  0.000000000E+000  0.000000000E+000  0.000000000E+000  0.000000000E+000  0.000000000E+000  0.000000000E+000  0.000000000E+000 
 0.000000000E+000  0.000000000E+000  0.000000000E+000  0.000000000E+000  0.000000000E+000  0.000000000E+000  0.000000000E+000  0.000000000E+000  4.149180000E-003  0.000000000E+000 -6.787266000E-002  0.000000000E+000  9.583248100E-001  0.000000000E+000  0.000000000E+000  0.000000000E+000  0.000000000E+000  0.000000000E+000  0.000000000E+000  0.000000000E+000  0.000000000E+000  0.000000000E+000  0.000000000E+000  0.000000000E+000  0.000000000E+000  0.000000000E+000 
 0.000000000E+000  0.000000000E+000  0.000000000E+000  0.000000000E+000  0.000000000E+000  0.000000000E+000  0.000000000E+000  0.000000000E+000  0.000000000E+000  0.000000000E+000  0.000000000E+000  0.000000000E+000  0.000000000E+000  0.000000000E+000  9.626840400E-001  0.000000000E+000  1.374178000E-002  0.000000000E+000 -1.827160000E-003  0.000000000E+000  0.000000000E+000  0.000000000E+000  0.000000000E+000  0.000000000E+000  0.000000000E+000  0.000000000E+000 
 0.000000000E+000  0.000000000E+000  0.000000000E+000  0.000000000E+000  0.000000000E+000  0.000000000E+000  0.000000000E+000  0.000000000E+000  0.000000000E+000  0.000000000E+000  0.000000000E+000  0.000000000E+000  0.000000000E+000  0.000000000E+000 -1.673496000E-002  0.000000000E+000  9.570504000E-001  0.000000000E+000  5.860809000E-002  0.000000000E+000  0.000000000E+000  0.000000000E+000  0.000000000E+000  0.000000000E+000  0.000000000E+000  0.000000000E+000 
 0.000000000E+000  0.000000000E+000  0.000000000E+000  0.000000000E+000  0.000000000E+000  0.000000000E+000  0.000000000E+000  0.000000000E+000  0.000000000E+000  0.000000000E+000  0.000000000E+000  0.000000000E+000  0.000000000E+000  0.000000000E+000  4.149180000E-003  0.000000000E+000 -6.787266000E-002  0.000000000E+000  9.583248100E-001  0.000000000E+000  0.000000000E+000  0.000000000E+000  0.000000000E+000  0.000000000E+000  0.000000000E+000  0.000000000E+000 
 0.000000000E+000  0.000000000E+000  0.000000000E+000  0.000000000E+000  0.000000000E+000  0.000000000E+000  0.000000000E+000  0.000000000E+000  0.000000000E+000  0.000000000E+000  0.000000000E+000  0.000000000E+000  0.000000000E+000  0.000000000E+000  0.000000000E+000  0.000000000E+000  0.000000000E+000  0.000000000E+000  0.000000000E+000  0.000000000E+000  9.626840400E-001  0.000000000E+000  1.374178000E-002  0.000000000E+000 -1.827160000E-003  0.000000000E+000 
 0.000000000E+000  0.000000000E+000  0.000000000E+000  0.000000000E+000  0.000000000E+000  0.000000000E+000  0.000000000E+000  0.000000000E+000  0.000000000E+000  0.000000000E+000  0.000000000E+000  0.000000000E+000  0.000000000E+000  0.000000000E+000  0.000000000E+000  0.000000000E+000  0.000000000E+000  0.000000000E+000  0.000000000E+000  0.000000000E+000 -1.673496000E-002  0.000000000E+000  9.570504000E-001  0.000000000E+000  5.860809000E-002  0.000000000E+000 
 0.000000000E+000  0.000000000E+000  0.000000000E+000  0.000000000E+000  0.000000000E+000  0.000000000E+000  0.000000000E+000  0.000000000E+000  0.000000000E+000  0.000000000E+000  0.000000000E+000  0.000000000E+000  0.000000000E+000  0.000000000E+000  0.000000000E+000  0.000000000E+000  0.000000000E+000  0.000000000E+000  0.000000000E+000  0.000000000E+000  4.149180000E-003  0.000000000E+000 -6.787266000E-002  0.000000000E+000  9.583248100E-001  0.000000000E+000 

! 7 Phases
13 ! for all nmstates
 1.000000000E+000  0.000000000E+000
 1.000000000E+000  0.000000000E+000
 1.000000000E+000  0.000000000E+000
 1.000000000E+000  0.000000000E+000
 1.000000000E+000  0.000000000E+000
 1.000000000E+000  0.000000000E+000
 1.000000000E+000  0.000000000E+000
 1.000000000E+000  0.000000000E+000
 1.000000000E+000  0.000000000E+000
 1.000000000E+000  0.000000000E+000
 1.000000000E+000  0.000000000E+000
 1.000000000E+000  0.000000000E+000
 1.000000000E+000  0.000000000E+000
! 8 Runtime
 4.700000000E+001
