#=================================================================================================================================================
#     Step |         Time |         State |                                     Energy |     Gradient |           Expectation Value |    Runtime |
#          |              |  diag |   MCH |          kin |          pot |          tot |          RMS |           DM |            S |            |
#          |         [fs] |       |       |         [eV] |         [eV] |         [eV] |     [eV/Ang] |      [Debye] |              |      [sec] |
#=================================================================================================================================================
         0        0.00000       9       3       0.712987      10.904646      11.617633       5.017852       3.464851       0.000253          102
         1        0.50000       9       3       0.726722      10.889201      11.615923       4.736288       3.449141       0.011072           71
# Surface Hop: new state=   12 old state=    9 randnum=  0.448602445
         2        1.00000      12       3       0.784500      10.831423      11.615923       4.301977       3.396203       0.000479           59
         3        1.50000      12       3       0.846219      10.765477      11.611696       3.556709       3.324648       0.000055           54
         4        2.00000      12       3       0.837128      10.756237      11.593365       2.793214       3.303860       0.000027           52
# Surface Hop: new state=   11 old state=   12 randnum=  0.340953734
         5        2.50000      11       2       1.133169      10.460195      11.593365       3.231848       3.167665       0.000041           68
# Surface Hop: new state=    8 old state=   11 randnum=  0.888456290
         6        3.00000       8       2       1.315517      10.277848      11.593365       2.721040       3.068026       0.002993           68
         7        3.50000       8       2       1.482674      10.111195      11.593870       2.343632       2.964794       0.000018           59
         8        4.00000       8       2       1.683195       9.912160      11.595355       2.132008       2.859684       0.000016           52
         9        4.50000       8       2       1.934166       9.660074      11.594240       1.908831       2.756553       0.000025           47
        10        5.00000       8       2       2.217122       9.373515      11.590638       1.582362       2.658419       0.000078           49
        11        5.50000       8       2       2.479195       9.108116      11.587311       1.270657       2.568498       0.007476           66
# Surface Hop: new state=    5 old state=    8 randnum=  0.383071422
        12        6.00000       5       2       2.675591       8.911720      11.587311       1.171393       2.476221       0.000110           57
        13        6.50000       5       2       2.782415       8.806718      11.589133       1.279413       2.385761       0.000028           57
        14        7.00000       5       2       2.831687       8.759907      11.591595       1.456308       2.287506       0.000013           52
        15        7.50000       5       2       2.859658       8.733979      11.593637       1.613386       2.176269       0.000007           50
        16        8.00000       5       2       2.898745       8.696086      11.594831       1.730101       2.051354       0.000005           53
        17        8.50000       5       2       2.969537       8.625670      11.595207       1.810503       1.923027       0.000003           55
        18        9.00000       5       2       3.079497       8.515432      11.594929       1.857397       1.816820       0.000003           54
        19        9.50000       5       2       3.223722       8.370186      11.593908       1.871561       1.764382       0.000002           52
        20       10.00000       5       2       3.384641       8.207434      11.592075       1.877069       1.784042       0.000002           53
        21       10.50000       5       2       3.533412       8.056448      11.589860       1.932170       1.872968       0.000002           50
        22       11.00000       5       2       3.637146       7.950966      11.588112       2.104549       2.015555       0.000002           51
        23       11.50000       5       2       3.671745       7.916025      11.587769       2.418356       2.191762       0.000002           50
        24       12.00000       5       2       3.635511       7.953677      11.589188       2.808471       2.369981       0.000002           52
        25       12.50000       5       2       3.552532       8.038666      11.591199       3.131367       2.466086       0.000002           57
        26       13.00000       5       2       3.457544       8.135582      11.593125       3.245906       2.279833       0.000003           52
        27       13.50000       5       2       3.231058       8.497239      11.728297       3.357003       5.334381       0.000004           53
        28       14.00000       5       2       2.901525       8.825027      11.726552       3.070294       4.997140       0.000006           65
        29       14.50000       5       2       2.602506       9.123005      11.725511       2.780191       4.706639       0.000008           50
        30       15.00000       5       2       2.313712       9.412477      11.726189       2.592696       4.421799       0.000010           58
        31       15.50000       5       2       2.039064       9.689181      11.728245       2.515555       4.131036       0.000013           51
        32       16.00000       5       2       1.811175       9.924484      11.735659       2.541976       3.826174       0.000016           52
# Surface Hop: new state=    1 old state=    5 randnum=  0.026505048
        33       16.50000       1       1       4.269608       7.466051      11.735659       2.461924       2.839262       0.000013           71
        34       17.00000       1       1       4.150261       7.587061      11.737323       2.544946       2.784252       0.000007           53
        35       17.50000       1       1       4.024080       7.714681      11.738761       2.627630       2.748640       0.000004           48
        36       18.00000       1       1       3.915539       7.824484      11.740022       2.711522       2.720498       0.000003           59
        37       18.50000       1       1       3.846202       7.894834      11.741036       2.798984       2.690968       0.000003           57
        38       19.00000       1       1       3.833567       7.908135      11.741702       2.890696       2.655264       0.000003           50
        39       19.50000       1       1       3.889667       7.852343      11.742010       2.987531       2.612952       0.000003           48
        40       20.00000       1       1       4.020558       7.721426      11.741984       3.089850       2.567598       0.000004           48
        41       20.50000       1       1       4.226601       7.515080      11.741681       3.197037       2.526319       0.000004           54
        42       21.00000       1       1       4.503132       7.238028      11.741160       3.306742       2.499087       0.000005           46
        43       21.50000       1       1       4.841361       6.899113      11.740474       3.414510       2.497112       0.000005           50
        44       22.00000       1       1       5.229806       6.509987      11.739792       3.512680       2.529923       0.000006           47
        45       22.50000       1       1       5.656330       6.082876      11.739206       3.589250       2.602494       0.000005           46
        46       23.00000       1       1       6.108701       5.629644      11.738345       3.624072       2.714687       0.000005           48
        47       23.50000       1       1       6.569033       5.167135      11.736167       3.591354       2.862740       0.000004           48
        48       24.00000       1       1       7.002343       4.729639      11.731982       3.483404       3.040323       0.000004           51
        49       24.50000       1       1       7.353046       4.374174      11.727220       3.342261       3.238509       0.000003           47
        50       25.00000       1       1       7.564517       4.160167      11.724683       3.246467       3.446206       0.000003           48
        51       25.50000       1       1       7.612313       4.113607      11.725921       3.241242       3.651778       0.000002           47
        52       26.00000       1       1       7.521973       4.207891      11.729864       3.281606       3.845107       0.000002           47
        53       26.50000       1       1       7.354152       4.379366      11.733518       3.254507       4.019586       0.000002           48
        54       27.00000       1       1       7.164976       4.569075      11.734052       3.067818       4.173641       0.000002           48
        55       27.50000       1       1       6.968973       4.762044      11.731017       2.762080       4.310551       0.000002           49
        56       28.00000       1       1       6.729250       5.112814      11.842063       2.771440       4.439845       0.000002           53
        57       28.50000       1       1       6.405278       5.433480      11.838759       3.156427       4.538151       0.000002           57
        58       29.00000       1       1       5.969995       5.868461      11.838457       4.159850       4.633226       0.000001           54
        59       29.50000       1       1       5.431089       6.410414      11.841503       5.578396       4.752544       0.000001           49
        60       30.00000       1       1       4.850621       6.998227      11.848848       7.192388       4.914839       0.000001           54
        61       30.50000       1       1       4.344344       7.513227      11.857570       8.704923       5.041192       0.000001           52
        62       31.00000       1       1       4.052430       7.812847      11.865278       9.817265       5.096967       0.000001           50
        63       31.50000       1       1       4.087617       7.670450      11.758067      10.324098       5.141455       0.000001           54
        64       32.00000       1       1       4.477180       7.274834      11.752014       9.928599       5.097597       0.000001           48
        65       32.50000       1       1       5.127999       6.611190      11.739189       8.787912       4.962775       0.000001           46
        66       33.00000       1       1       5.851265       5.873411      11.724676       7.159829       4.736042       0.000001           66
        67       33.50000       1       1       6.432861       5.282017      11.714878       5.425607       4.454389       0.000001           49
        68       34.00000       1       1       6.726033       4.988718      11.714750       4.010503       4.172863       0.000002           49
        69       34.50000       1       1       6.719467       5.004544      11.724011       3.257150       3.935089       0.000002           48
        70       35.00000       1       1       6.527626       5.206777      11.734403       3.032051       3.762351       0.000002           48
        71       35.50000       1       1       6.280489       5.456113      11.736602       2.858769       3.654522       0.000002           56
        72       36.00000       1       1       6.010347       5.722600      11.732947       2.690120       3.597089       0.000002           51
        73       36.50000       1       1       5.673290       6.059303      11.732593       2.824189       3.571990       0.000003           51
        74       37.00000       1       1       5.256749       6.481094      11.737843       3.228787       3.564789       0.000003           50
        75       37.50000       1       1       4.816373       6.927195      11.743568       3.585274       3.566158       0.000003           50
        76       38.00000       1       1       4.418469       7.326924      11.745393       3.721047       3.570765       0.000004           50
        77       38.50000       1       1       4.083469       7.660736      11.744205       3.679943       3.575726       0.000004           54
        78       39.00000       1       1       3.791807       7.951381      11.743189       3.590972       3.579193       0.000004           52
        79       39.50000       1       1       3.522981       8.220734      11.743714       3.533679       3.579481       0.000004           49
        80       40.00000       1       1       3.277062       8.468117      11.745180       3.506100       3.574061       0.000004           50
        81       40.50000       1       1       3.069472       8.677121      11.746593       3.465242       3.557173       0.000005           59
        82       41.00000       1       1       2.898730       8.832612      11.731341       3.590047       3.515941       0.000005           59
        83       41.50000       1       1       2.871216       9.160522      12.031739       2.928889       3.200030       0.000006           59
        84       42.00000       1       1       2.898573       8.938102      11.836675       3.211951       3.162862       0.000006           52
        85       42.50000       1       1       2.833108       9.001704      11.834812       3.076671       3.141653       0.000007           50
        86       43.00000       1       1       2.746835       9.087623      11.834458       3.000035       3.119038       0.000008           47
        87       43.50000       1       1       2.638382       9.199101      11.837483       3.069335       3.091593       0.000009           50
        88       44.00000       1       1       2.550576       9.292164      11.842739       3.239704       3.052294       0.000010           49
        89       44.50000       1       1       2.548213       9.296108      11.844322       3.293815       2.994049       0.000011           63
        90       45.00000       1       1       2.645252       9.193166      11.838418       3.092444       2.913568       0.000013           52
        91       45.50000       1       1       2.763884       9.065751      11.829635       2.783075       2.812411       0.000016           48
        92       46.00000       1       1       2.787584       9.035877      11.823462       2.691587       2.694167       0.000021           48
        93       46.50000       1       1       2.634090       9.189117      11.823207       3.452989       2.557628       0.000034           62
        94       47.00000       1       1       2.396723       9.438811      11.835533       4.060522       2.444102       0.000051           53
        95       47.50000       1       1       2.396979       9.567104      11.964083       7.097024       2.381916       0.000039           60
        96       48.00000       1       1       2.746602       9.437667      12.184269       3.667405       2.462480       0.000015           51
        97       48.50000       1       1       2.893478       9.289704      12.183182       3.426209       2.509947       0.000010           51
        98       49.00000       1       1       3.136794       9.040714      12.177509       2.987047       2.589851       0.000008           51
        99       49.50000       1       1       3.396642       8.774050      12.170693       2.526015       2.710282       0.000008           54
       100       50.00000       1       1       3.575327       8.587047      12.162374       2.157466       2.857074       0.000010           59
       101       50.50000       1       1       3.555681       8.592022      12.147703       2.086894       2.998158       0.000021           72
       102       51.00000       1       1       3.298655       8.720986      12.019640       2.618936       2.900440       0.000025           65
       103       51.50000       1       1       2.788946       9.241969      12.030916       4.171692       2.852779       0.000043           59
       104       52.00000       1       1       2.250362       9.823224      12.073587       5.776255       2.819098       0.000062           50
       105       52.50000       1       1       2.230062       9.847120      12.077181       5.712095       2.821234       0.000076           56
       106       53.00000       1       1       2.751124       9.273978      12.025102       3.727200       2.857902       0.000086           53
       107       53.50000       1       1       3.208206       8.801758      12.009964       2.537367       2.901161       0.000099           51
       108       54.00000       1       1       3.297571       8.460822      11.758393       3.954963       2.049748       0.000024           53
       109       54.50000       1       1       3.299314       8.479366      11.778681       4.750452       2.088643       0.000030           50
       110       55.00000       1       1       3.461174       8.307043      11.768218       4.311759       2.120284       0.000036           57
       111       55.50000       1       1       3.660649       8.094651      11.755299       3.403608       2.161458       0.000039           50
       112       56.00000       1       1       3.701124       8.054872      11.755996       2.883001       2.226315       0.000036           49
       113       56.50000       1       1       3.549082       8.214857      11.763939       2.904027       2.324591       0.000028           49
       114       57.00000       1       1       3.294734       8.477665      11.772399       3.163106       2.457717       0.000019           52
       115       57.50000       1       1       3.057541       8.721650      11.779191       3.437070       2.617540       0.000012           54
       116       58.00000       1       1       2.941379       8.842194      11.783573       3.621333       2.789479       0.000008           51
       117       58.50000       1       1       3.016095       8.768654      11.784748       3.662064       2.958875       0.000005           45
       118       59.00000       1       1       3.312463       8.581619      11.894081       3.661316       3.089647       0.000003           52
       119       59.50000       1       1       3.819754       8.098906      11.918660       3.541883       3.105402       0.000002           49
       120       60.00000       1       1       4.494421       7.421241      11.915662       3.346487       3.135733       0.000002           48
       121       60.50000       1       1       5.284709       6.628552      11.913261       3.193330       3.182870       0.000001           49
       122       61.00000       1       1       6.157643       5.752922      11.910565       3.102016       3.248217       0.000001           57
       123       61.50000       1       1       7.074013       4.830667      11.904680       3.084691       3.324628       0.000001           48
       124       62.00000       1       1       7.965184       3.931438      11.896622       3.213091       3.398556       0.000001           50
       125       62.50000       1       1       8.725157       3.160290      11.885447       3.585537       3.472269       0.000000           49
       126       63.00000       1       1       9.212642       2.659878      11.872520       4.213007       3.554394       0.000000           50
       127       63.50000       1       1       9.274367       2.588952      11.863319       5.022654       3.658530       0.000000           50
       128       64.00000       1       1       8.829124       3.039494      11.868618       5.913757       3.802786       0.000000           55
       129       64.50000       1       1       7.996800       3.895740      11.892540       6.743361       4.007268       0.000000           49
       130       65.00000       1       1       7.108865       4.806243      11.915108       7.314919       4.286122       0.000000           51
       131       65.50000       1       1       6.466819       5.451422      11.918240       7.546011       4.632059       0.000000           47
       132       66.00000       1       1       6.134172       5.777929      11.912101       7.486729       5.004873       0.000001           49
       133       66.50000       1       1       6.022505       5.884638      11.907143       7.116270       5.344367       0.000001           50
       134       67.00000       1       1       6.033291       5.870144      11.903435       6.448603       5.602682       0.000001           61
       135       67.50000       1       1       6.090051       5.811146      11.901198       5.647416       5.765832       0.000001           50
       136       68.00000       1       1       6.141577       5.759491      11.901068       4.902378       5.846955       0.000001           48
       137       68.50000       1       1       6.165340       5.736639      11.901979       4.306779       5.863261       0.000001           50
       138       69.00000       1       1       6.154193       5.748309      11.902503       3.870658       5.822106       0.000001           49
       139       69.50000       1       1       6.099980       5.802612      11.902592       3.584901       5.723307       0.000001           50
       140       70.00000       1       1       5.991593       5.911216      11.902809       3.434884       5.567151       0.000002           55
       141       70.50000       1       1       5.821651       6.081596      11.903247       3.392398       5.359363       0.000002           52
       142       71.00000       1       1       5.574152       6.318673      11.892825       3.456411       5.102785       0.000002           56
       143       71.50000       1       1       5.291242       6.608268      11.899510       3.486380       4.830949       0.000002           47
       144       72.00000       1       1       5.019634       6.881943      11.901577       3.568091       4.613647       0.000002           48
       145       72.50000       1       1       4.765567       7.138397      11.903964       3.657622       4.418766       0.000002           49
       146       73.00000       1       1       4.562050       7.343661      11.905711       3.718961       4.251695       0.000002           48
       147       73.50000       1       1       4.433560       7.472219      11.905778       3.716568       4.112228       0.000002           46
       148       74.00000       1       1       4.383507       7.520730      11.904237       3.650998       3.997229       0.000002           46
       149       74.50000       1       1       4.395726       7.506663      11.902388       3.563604       3.903795       0.000002           45
       150       75.00000       1       1       4.449627       7.451594      11.901220       3.496557       3.831086       0.000002           48
       151       75.50000       1       1       4.531639       7.368665      11.900304       3.456368       3.780052       0.000002           49
       152       76.00000       1       1       4.627866       7.269712      11.897578       3.415092       3.751738       0.000002           57
       153       76.50000       1       1       4.695992       7.194006      11.889998       3.348357       3.744120       0.000003           47
       154       77.00000       1       1       4.629287       7.247057      11.876343       3.349452       3.745172       0.000003           47
       155       77.50000       1       1       4.271568       7.598379      11.869947       3.857681       3.715877       0.000003           48
       156       78.00000       1       1       3.600090       8.283610      11.883700       5.152125       3.649229       0.000003           50
       157       78.50000       1       1       2.925306       9.000312      11.925618       6.545567       3.584866       0.000002           53
       158       79.00000       1       1       2.758833       9.170757      11.929590       6.601746       3.478587       0.000002           77
       159       79.50000       1       1       3.144916       8.743204      11.888120       5.227567       3.323277       0.000002           54
       160       80.00000       1       1       3.568673       8.298695      11.867369       3.874289       3.138760       0.000002           50
       161       80.50000       1       1       3.660680       8.210683      11.871363       3.445877       2.961208       0.000002           48
       162       81.00000       1       1       3.399781       8.482038      11.881818       3.738759       2.828310       0.000002           50
       163       81.50000       1       1       2.921839       8.972789      11.894628       4.373497       2.763805       0.000003           52
       164       82.00000       1       1       2.424935       9.484768      11.909703       5.049503       2.768201       0.000003           58
       165       82.50000       1       1       2.129009       9.789957      11.918966       5.399130       2.821920       0.000004           45
       166       83.00000       1       1       2.163252       9.752052      11.915304       5.225824       2.898364       0.000004           48
       167       83.50000       1       1       2.485491       9.420707      11.906198       4.728651       2.976473       0.000003           50
       168       84.00000       1       1       2.968645       8.933002      11.901647       4.263018       3.047193       0.000003           50
       169       84.50000       1       1       3.531715       8.370512      11.902226       3.989147       3.114198       0.000002           50
       170       85.00000       1       1       4.165535       7.738374      11.903909       3.857799       3.188515       0.000002           56
       171       85.50000       1       1       4.886434       7.017438      11.903872       3.779439       3.279474       0.000001           50
       172       86.00000       1       1       5.694866       6.206619      11.901486       3.715166       3.388308       0.000001           51
       173       86.50000       1       1       6.563088       5.334524      11.897612       3.680864       3.507922       0.000001           54
       174       87.00000       1       1       7.445770       4.448179      11.893948       3.711520       3.626876       0.000001           53
       175       87.50000       1       1       8.301270       3.590458      11.891728       3.791243       3.734239       0.000001           59
       176       88.00000       1       1       9.102610       2.786846      11.889456       3.790027       3.827110       0.000001           47
       177       88.50000       1       1       9.810512       2.071962      11.882474       3.518029       3.923473       0.000000           50
       178       89.00000       1       1      10.328449       1.542362      11.870811       2.974753       4.035749       0.000000           53
       179       89.50000       1       1      10.497924       1.359804      11.857728       2.609052       4.170577       0.000000           50
       180       90.00000       1       1      10.152609       1.696549      11.849158       3.235864       4.335237       0.000000           49
       181       90.50000       1       1       9.197335       2.651870      11.849206       4.828315       4.532588       0.000000           54
       182       91.00000       1       1       7.664552       4.194457      11.859009       6.837587       4.758003       0.000000           51
       183       91.50000       1       1       5.735117       6.143184      11.878301       8.888345       4.996515       0.000001           53
       184       92.00000       1       1       3.730274       8.172695      11.902969      10.800923       5.221193       0.000001           52
       185       92.50000       1       1       2.078117      10.080523      12.158640      12.875855       5.586276       0.000001           59
       186       93.00000       1       1       1.294197      10.868976      12.163174      12.519512       5.742882       0.000001           59
       187       93.50000       1       1       1.650083      10.525348      12.175430      13.329445       5.703385       0.000001           64
       188       94.00000       1       1       2.951534       9.048045      11.999579       9.320590       5.614892       0.000001           56
       189       94.50000       1       1       4.501736       7.466134      11.967871       7.184169       5.443334       0.000001           51
       190       95.00000       1       1       5.926780       6.020095      11.946875       5.012922       5.197853       0.000001           49
       191       95.50000       1       1       6.899412       5.044770      11.944181       3.346575       4.897773       0.000001           52
       192       96.00000       1       1       7.324244       4.629963      11.954206       3.199171       4.636341       0.000001           54
       193       96.50000       1       1       7.342282       4.635927      11.978209       4.378780       4.446015       0.000001           50
       194       97.00000       1       1       7.259457       4.736440      11.995897       5.301277       4.347841       0.000001           48
       195       97.50000       1       1       7.285421       4.703421      11.988842       5.280158       4.337277       0.000001           51
       196       98.00000       1       1       7.346085       4.629971      11.976055       4.735506       4.371776       0.000001           49
       197       98.50000       1       1       7.276882       4.698988      11.975870       4.214837       4.410187       0.000001           52
       198       99.00000       1       1       7.039463       4.942589      11.982052       3.851149       4.433848       0.000001           54
       199       99.50000       1       1       6.689929       5.297651      11.987579       3.599625       4.438783       0.000002           46
       200      100.00000       1       1       6.291454       5.699724      11.991179       3.435761       4.427491       0.000002           49
