#=================================================================================================================================================
#     Step |         Time |         State |                                     Energy |     Gradient |           Expectation Value |    Runtime |
#          |              |  diag |   MCH |          kin |          pot |          tot |          RMS |           DM |            S |            |
#          |         [fs] |       |       |         [eV] |         [eV] |         [eV] |     [eV/Ang] |      [Debye] |              |      [sec] |
#=================================================================================================================================================
         0        0.00000       9       3       0.374001      10.785079      11.159080       4.928992       3.482522       0.000020          102
         1        0.50000       9       3       0.442196      10.716427      11.158623       4.639067       3.393134       0.000015           53
         2        1.00000       9       3       0.538939      10.620501      11.159440       4.239820       3.289217       0.000010           52
         3        1.50000       9       3       0.676941      10.483776      11.160717       3.754157       3.186679       0.000008           51
         4        2.00000       9       3       0.871840      10.288240      11.160081       3.118889       3.094894       0.000007           51
         5        2.50000       9       3       1.109856      10.045373      11.155229       2.210968       3.015451       0.000008           48
# Surface Hop: new state=    8 old state=    9 randnum=  0.115737793
         6        3.00000       8       2       1.888785       9.266444      11.155229       2.063967       2.547505       0.000008           69
         7        3.50000       8       2       2.058940       9.086699      11.145639       2.026541       2.661726       0.000231           51
# Surface Hop: new state=    5 old state=    8 randnum=  0.901702730
         8        4.00000       5       2       2.273150       8.872489      11.145639       1.731471       2.721387       0.000014           49
         9        4.50000       5       2       2.412961       8.732128      11.145089       1.471833       2.738020       0.000006           53
        10        5.00000       5       2       2.477267       8.669859      11.147125       1.452144       2.744459       0.000005           51
        11        5.50000       5       2       2.491651       8.658276      11.149927       1.614499       2.749304       0.000004           49
        12        6.00000       5       2       2.495782       8.656690      11.152472       1.807496       2.750668       0.000004           49
        13        6.50000       5       2       2.526344       8.627626      11.153970       1.921999       2.745413       0.000004           49
        14        7.00000       5       2       2.604820       8.549153      11.153974       1.905107       2.733797       0.000003           47
        15        7.50000       5       2       2.730998       8.421598      11.152596       1.749656       2.720421       0.000003           58
        16        8.00000       5       2       2.884310       8.266076      11.150386       1.487348       2.712392       0.000003           49
        17        8.50000       5       2       3.031867       8.116211      11.148078       1.200019       2.716314       0.000003           48
        18        9.00000       5       2       3.139891       8.006600      11.146492       1.090947       2.735858       0.000003           51
        19        9.50000       5       2       3.188517       7.959034      11.147551       1.603260       2.771891       0.000003           49
        20       10.00000       5       2       3.176539       7.915519      11.092058       1.316603       3.314426       0.000005           61
        21       10.50000       5       2       3.121240       7.972352      11.093592       1.679780       3.691686       0.000007           57
        22       11.00000       5       2       3.057109       8.021263      11.078372       1.955400       2.746358       0.000006           60
        23       11.50000       5       2       2.972089       8.099140      11.071228       2.083536       2.727045       0.000008           48
# Surface Hop: new state=    4 old state=    5 randnum=  0.140226018
        24       12.00000       4       1       3.365812       7.705417      11.071228       2.083191       4.491011       0.000008           67
