
                                ,._gz,                                        ,._\
                               .g@@@p                                       ._Q@$+
                            ,.Q@@@@@f                                    ._Q@@@+  
                           .g@@@@@@@I                                 ._g@@@@F!   
                       ,,_zQ@@@@@@@@Q_,                            ,_zQ@@@@$+     
                .__ggQ@@@@@@@@@@@@@@@@@L_.              ,         _Q@@@@@@v       
       , __zg@@@@@@@@@@@@@@@@@@@@@@@@@@@@@@@@@QQz_z_zzQ@@L,    .zQ@@@@@@F`        
   .__gQ@@@@@@@@@@@@@@@@@@@@@@@@@@@@@@@@@@@@@@@@@@@@@@@@@@Q\__zQ@@@@@@$+          
  G@@@@@@@@@@@@@@@@@@@@@@@@@@@@@@@@@@@@@@@@@@@@@@@@@@@@@@@@@@@@@@@@@@D            
    =4A@@@@@@@@@@@@@@@@@@@@@@@@@@@@@@@@@@@@@@@@@@@@@@@@@@@@@@A@$@@@@@L,           
        =vVAA@$@@@@@@@@@@@@@@@@@@@@@@@@@@@@@@@@@@@@p=VX@@@B*   <V@$@@@Q_,         
                   @@@@@@@@@@P^^^^^^--`     -q@@$=`     =4V`       =X@@@@_        
                   1@@@@@@@$!                  ^`                       -`        
                   -q@@@@@@]                                                      
                    ($@@@@$`                                                      
                     4@@@@p                                                       
                      d@@@p                                                       
                       d@@b                                                       
                        =4!                                                       

 
 EXECUTION INFORMATION:
 Start date: Mon Jul 11 09:31:04 2022
 Run host: cpn-p27-15.compute.cbls.ccr.buffalo.edu
 Run directory: 
 /projects/academic/cyberwksp21/Students/jstetzler/SHARC_examples/copy/Tutorial/
 traj/Singlet_2/TRAJ_00008
 
 BUILD INFORMATION:
 Build date: Sun Jun 26 05:52:26 EDT 2022
 Build host: srv-p22-13.cbls.ccr.buffalo.edu
 Build directory: 
 /projects/academic/cyberwksp21/Software/sharc2.1.1/sharc-master/source_simple
 Compiler: 
 /util/common/oneapi/2021.3.0/compiler/2021.3.0/linux/bin/intel64/ifort
 PYSHARC activated: false
 
<<<<<<<<<<<<<<<<<<<<<<<<<<<<<<<<============================>>>>>>>>>>>>>>>>>>>>>>>>>>>>>>>>
<<<<<<<<<<<<<<<<<<<<<<<<<<<<<<<<   Program SHARC started    >>>>>>>>>>>>>>>>>>>>>>>>>>>>>>>>
<<<<<<<<<<<<<<<<<<<<<<<<<<<<<<<<============================>>>>>>>>>>>>>>>>>>>>>>>>>>>>>>>>
 
 Version: 2.1 (Septemper 1, 2019)
 
 Print level:            2
 
 =============================================================
                          Input File
 =============================================================
 printlevel 2
 geomfile "geom"
 veloc external
 velocfile "veloc"
 nstates 4 0 3
 actstates 4 0 3
 state 3 mch
 coeff auto
 rngseed 28787
 ezero -94.4129454900
 tmax 100.000000
 stepsize 0.500000
 nsubsteps 25
 surf diagonal
 coupling overlap
 nogradcorrect 
 ekincorrect parallel_vel
 reflect_frustrated none
 decoherence_scheme edc
 decoherence_param 0.1
 hopping_procedure sharc
 grad_select 
 eselect 0.050000
 select_directly 
 write_overlap 
 output_format ascii
 output_dat_steps 1
 
 =============================================================
                             Restart
 =============================================================
 NO RESTART requested. Setting up the initial data from input files...
 
<<<<<<<<<<<<<<<<<<<<<<<<<<<<<<<<============================>>>>>>>>>>>>>>>>>>>>>>>>>>>>>>>>
<<<<<<<<<<<<<<<<<<<<<<<<<<<<<<<<   Initializing Dynamics    >>>>>>>>>>>>>>>>>>>>>>>>>>>>>>>>
<<<<<<<<<<<<<<<<<<<<<<<<<<<<<<<<============================>>>>>>>>>>>>>>>>>>>>>>>>>>>>>>>>
                                                                    Mon Jul 11 09:31:04 2022
 
Saving output data in ASCII format (output.dat)
Use data_extractor.x
 
 =============================================================
                  Number of States and Atoms
 =============================================================
 Keyword NSTATES found.
   4 Singlet
   0 Doublet
   3 Triplet
Total number of states:    13
 
 Dynamics is constrained to a subset of active states.
 States (T=active, F=frozen): T T T T T T T T T T T T T
 
Total number of atoms from "geom":    6
 
 =============================================================
                           Allocation
 =============================================================
Allocation with nstates=   13 and natom=    6 successful.
 
 =============================================================
                        Simulation Time
 =============================================================
Found nsteps=    200 and stepsize=  0.500 fs.
This makes a total simulation time of    100.000 fs.
The electronic wavefunction will be propagated using a   0.0200 fs step.
 
 =============================================================
                        Dynamics options
 =============================================================
Doing SHARC dynamics (on diagonal surfaces).
Doing LOCAL DIABATISATION propagation.
Correction to the kinetic energy after surface hop parallel to velocity vector.
 
Gradients are included for Delta E <     0.050 eV.
Gradients are calculated in the first QM calculation.
Calculating wavefunction overlaps.
Calculating wavefunction phases.
Calculating spin-orbit couplings.
 
Writing overlap matrix.
Not writing gradients.
Not writing nonadiabatic couplings.
Not writing property vectors.
Not writing property matrices.
 
First,   writing to output.dat every      1 steps if step is >=      0
Then,    writing to output.dat every      1 steps if step is >=      0
Finally, writing to output.dat every      1 steps if step is >=      0
 
Current working directory is
        /projects/academic/cyberwksp21/Students/jstetzler/SHARC_examples/copy/Tutorial/traj/Singlet_2/TRAJ_00008
 
Shift to the diagonal energies is   -94.412945490
Scaling factor to the Hamiltonian and gradients is  1.000
 
Random number seed is      28787
 
Damping factor for kinetic energy is  1.000
 
Decoherence is 1 (EDC by Granucci, Persico, Zoccante)
Decoherence constant is  0.100 Hartree
 
Surface Hopping procedure is SHARC (Mai, Marquetand, Gonzalez)
 
 =============================================================
                             Geometry
 =============================================================
Reading from geometry file: "geom"
 Geometry (Bohr):
El         x         y         z      #         mass
C   0.002361  0.078480  0.061609      6.    12.000000
N  -0.015280 -0.027256  2.481773      7.    14.003074
H   1.800935 -0.499714 -0.825700      1.     1.007825
H   1.651487  0.239014  3.317788      1.     1.007825
H  -1.481348 -0.159813  3.652081      1.     1.007825
H  -1.786882 -0.134894 -1.162247      1.     1.007825
 
Reading velocities from file "veloc"
 Velocities (Bohr/atu):
El     dx/dt     dy/dt     dz/dt
C   0.000177  0.000087 -0.000222
N  -0.000126  0.000058  0.000199
H  -0.001662  0.000107  0.000888
H   0.001168 -0.000669  0.001023
H   0.001131 -0.000296 -0.001814
H  -0.000996 -0.000985 -0.000218
 
 Atom mask (only active):
           1 C  T
           2 N  T
           3 H  T
           4 H  T
           5 H  T
           6 H  T
 Atom mask will be used for kinetic energy adjustment.
 Atom mask will be used for kinetic energy in EDC decoherence.
 =============================================================
                Initial State and Coefficients
 =============================================================
 
Setting state and coefficients for SHARC dynamics.
 
Initial state is    3 in the MCH basis. 
Initial coefficients will be set automatically.
 
 Coefficients (MCH):
  #      Real(c)      Imag(c)
  1  0.000000000  0.000000000
  2  0.000000000  0.000000000
  3  1.000000000  0.000000000
  4  0.000000000  0.000000000
  5  0.000000000  0.000000000
  6  0.000000000  0.000000000
  7  0.000000000  0.000000000
  8  0.000000000  0.000000000
  9  0.000000000  0.000000000
 10  0.000000000  0.000000000
 11  0.000000000  0.000000000
 12  0.000000000  0.000000000
 13  0.000000000  0.000000000
 
 Coefficients will be transformed after the initial energy calculation.
 
 =============================================================
                        Laser Field
 =============================================================
No laser field will be applied.
 
 =============================================================
                      Finalizing Input
 =============================================================
Trajectory input checksum is    51079379
 
<<<<<<<<<<<<<<<<<<<<<<<<<<<<<<<<============================>>>>>>>>>>>>>>>>>>>>>>>>>>>>>>>>
<<<<<<<<<<<<<<<<<<<<<<<<<<<<<<<<  Entering timestep      0  >>>>>>>>>>>>>>>>>>>>>>>>>>>>>>>>
<<<<<<<<<<<<<<<<<<<<<<<<<<<<<<<<============================>>>>>>>>>>>>>>>>>>>>>>>>>>>>>>>>
                                                        Start time: Mon Jul 11 09:31:04 2022
 
 =============================================================
              Initializing states and coefficients
 =============================================================
Initial state is    3 in the MCH basis. 
Initial state is    9 in the DIAG basis. 
 Coefficients (MCH):
  #      Real(c)      Imag(c)
  1  0.000000000  0.000000000
  2  0.000000000  0.000000000
  3  1.000000000  0.000000000
  4  0.000000000  0.000000000
  5  0.000000000  0.000000000
  6  0.000000000  0.000000000
  7  0.000000000  0.000000000
  8  0.000000000  0.000000000
  9  0.000000000  0.000000000
 10  0.000000000  0.000000000
 11  0.000000000  0.000000000
 12  0.000000000  0.000000000
 13  0.000000000  0.000000000
 Coefficients (diag):
  #      Real(c)      Imag(c)
  1  0.000000024 -0.000000000
  2  0.000027928  0.000000002
  3 -0.000003588  0.000000029
  4 -0.000073160  0.000000003
  5 -0.000024158  0.000000015
  6  0.000089426 -0.000000012
  7  0.000070006 -0.000000000
  8 -0.000000001 -0.000000000
  9  0.999994956 -0.000000000
 10 -0.000235139 -0.000000013
 11  0.000174144  0.000000059
 12  0.003159650  0.000000003
 13  0.000000085  0.000000000
 
<<<<<<<<<<<<<<<<<<<<<<<<<<<<<<<<============================>>>>>>>>>>>>>>>>>>>>>>>>>>>>>>>>
<<<<<<<<<<<<<<<<<<<<<<<<<<<<<<<<  Entering timestep      1  >>>>>>>>>>>>>>>>>>>>>>>>>>>>>>>>
<<<<<<<<<<<<<<<<<<<<<<<<<<<<<<<<============================>>>>>>>>>>>>>>>>>>>>>>>>>>>>>>>>
                                                        Start time: Mon Jul 11 09:32:46 2022
 
<<<<<<<<<<<<<<<<<<<<<<<<<<<<<<<<============================>>>>>>>>>>>>>>>>>>>>>>>>>>>>>>>>
<<<<<<<<<<<<<<<<<<<<<<<<<<<<<<<<  Entering timestep      2  >>>>>>>>>>>>>>>>>>>>>>>>>>>>>>>>
<<<<<<<<<<<<<<<<<<<<<<<<<<<<<<<<============================>>>>>>>>>>>>>>>>>>>>>>>>>>>>>>>>
                                                        Start time: Mon Jul 11 09:33:39 2022
 
<<<<<<<<<<<<<<<<<<<<<<<<<<<<<<<<============================>>>>>>>>>>>>>>>>>>>>>>>>>>>>>>>>
<<<<<<<<<<<<<<<<<<<<<<<<<<<<<<<<  Entering timestep      3  >>>>>>>>>>>>>>>>>>>>>>>>>>>>>>>>
<<<<<<<<<<<<<<<<<<<<<<<<<<<<<<<<============================>>>>>>>>>>>>>>>>>>>>>>>>>>>>>>>>
                                                        Start time: Mon Jul 11 09:34:31 2022
 
<<<<<<<<<<<<<<<<<<<<<<<<<<<<<<<<============================>>>>>>>>>>>>>>>>>>>>>>>>>>>>>>>>
<<<<<<<<<<<<<<<<<<<<<<<<<<<<<<<<  Entering timestep      4  >>>>>>>>>>>>>>>>>>>>>>>>>>>>>>>>
<<<<<<<<<<<<<<<<<<<<<<<<<<<<<<<<============================>>>>>>>>>>>>>>>>>>>>>>>>>>>>>>>>
                                                        Start time: Mon Jul 11 09:35:22 2022
 
<<<<<<<<<<<<<<<<<<<<<<<<<<<<<<<<============================>>>>>>>>>>>>>>>>>>>>>>>>>>>>>>>>
<<<<<<<<<<<<<<<<<<<<<<<<<<<<<<<<  Entering timestep      5  >>>>>>>>>>>>>>>>>>>>>>>>>>>>>>>>
<<<<<<<<<<<<<<<<<<<<<<<<<<<<<<<<============================>>>>>>>>>>>>>>>>>>>>>>>>>>>>>>>>
                                                        Start time: Mon Jul 11 09:36:13 2022
 
<<<<<<<<<<<<<<<<<<<<<<<<<<<<<<<<============================>>>>>>>>>>>>>>>>>>>>>>>>>>>>>>>>
<<<<<<<<<<<<<<<<<<<<<<<<<<<<<<<<  Entering timestep      6  >>>>>>>>>>>>>>>>>>>>>>>>>>>>>>>>
<<<<<<<<<<<<<<<<<<<<<<<<<<<<<<<<============================>>>>>>>>>>>>>>>>>>>>>>>>>>>>>>>>
                                                        Start time: Mon Jul 11 09:37:01 2022
 
<<<<<<<<<<<<<<<<<<<<<<<<<<<<<<<<============================>>>>>>>>>>>>>>>>>>>>>>>>>>>>>>>>
<<<<<<<<<<<<<<<<<<<<<<<<<<<<<<<<  Entering timestep      7  >>>>>>>>>>>>>>>>>>>>>>>>>>>>>>>>
<<<<<<<<<<<<<<<<<<<<<<<<<<<<<<<<============================>>>>>>>>>>>>>>>>>>>>>>>>>>>>>>>>
                                                        Start time: Mon Jul 11 09:38:10 2022
 
<<<<<<<<<<<<<<<<<<<<<<<<<<<<<<<<============================>>>>>>>>>>>>>>>>>>>>>>>>>>>>>>>>
<<<<<<<<<<<<<<<<<<<<<<<<<<<<<<<<  Entering timestep      8  >>>>>>>>>>>>>>>>>>>>>>>>>>>>>>>>
<<<<<<<<<<<<<<<<<<<<<<<<<<<<<<<<============================>>>>>>>>>>>>>>>>>>>>>>>>>>>>>>>>
                                                        Start time: Mon Jul 11 09:39:01 2022
 
<<<<<<<<<<<<<<<<<<<<<<<<<<<<<<<<============================>>>>>>>>>>>>>>>>>>>>>>>>>>>>>>>>
<<<<<<<<<<<<<<<<<<<<<<<<<<<<<<<<  Entering timestep      9  >>>>>>>>>>>>>>>>>>>>>>>>>>>>>>>>
<<<<<<<<<<<<<<<<<<<<<<<<<<<<<<<<============================>>>>>>>>>>>>>>>>>>>>>>>>>>>>>>>>
                                                        Start time: Mon Jul 11 09:39:50 2022
 
<<<<<<<<<<<<<<<<<<<<<<<<<<<<<<<<============================>>>>>>>>>>>>>>>>>>>>>>>>>>>>>>>>
<<<<<<<<<<<<<<<<<<<<<<<<<<<<<<<<  Entering timestep     10  >>>>>>>>>>>>>>>>>>>>>>>>>>>>>>>>
<<<<<<<<<<<<<<<<<<<<<<<<<<<<<<<<============================>>>>>>>>>>>>>>>>>>>>>>>>>>>>>>>>
                                                        Start time: Mon Jul 11 09:40:43 2022
 
<<<<<<<<<<<<<<<<<<<<<<<<<<<<<<<<============================>>>>>>>>>>>>>>>>>>>>>>>>>>>>>>>>
<<<<<<<<<<<<<<<<<<<<<<<<<<<<<<<<  Entering timestep     11  >>>>>>>>>>>>>>>>>>>>>>>>>>>>>>>>
<<<<<<<<<<<<<<<<<<<<<<<<<<<<<<<<============================>>>>>>>>>>>>>>>>>>>>>>>>>>>>>>>>
                                                        Start time: Mon Jul 11 09:41:34 2022
 
<<<<<<<<<<<<<<<<<<<<<<<<<<<<<<<<============================>>>>>>>>>>>>>>>>>>>>>>>>>>>>>>>>
<<<<<<<<<<<<<<<<<<<<<<<<<<<<<<<<  Entering timestep     12  >>>>>>>>>>>>>>>>>>>>>>>>>>>>>>>>
<<<<<<<<<<<<<<<<<<<<<<<<<<<<<<<<============================>>>>>>>>>>>>>>>>>>>>>>>>>>>>>>>>
                                                        Start time: Mon Jul 11 09:42:23 2022
 
<<<<<<<<<<<<<<<<<<<<<<<<<<<<<<<<============================>>>>>>>>>>>>>>>>>>>>>>>>>>>>>>>>
<<<<<<<<<<<<<<<<<<<<<<<<<<<<<<<<  Entering timestep     13  >>>>>>>>>>>>>>>>>>>>>>>>>>>>>>>>
<<<<<<<<<<<<<<<<<<<<<<<<<<<<<<<<============================>>>>>>>>>>>>>>>>>>>>>>>>>>>>>>>>
                                                        Start time: Mon Jul 11 09:43:12 2022
 
<<<<<<<<<<<<<<<<<<<<<<<<<<<<<<<<============================>>>>>>>>>>>>>>>>>>>>>>>>>>>>>>>>
<<<<<<<<<<<<<<<<<<<<<<<<<<<<<<<<  Entering timestep     14  >>>>>>>>>>>>>>>>>>>>>>>>>>>>>>>>
<<<<<<<<<<<<<<<<<<<<<<<<<<<<<<<<============================>>>>>>>>>>>>>>>>>>>>>>>>>>>>>>>>
                                                        Start time: Mon Jul 11 09:44:01 2022
 
<<<<<<<<<<<<<<<<<<<<<<<<<<<<<<<<============================>>>>>>>>>>>>>>>>>>>>>>>>>>>>>>>>
<<<<<<<<<<<<<<<<<<<<<<<<<<<<<<<<  Entering timestep     15  >>>>>>>>>>>>>>>>>>>>>>>>>>>>>>>>
<<<<<<<<<<<<<<<<<<<<<<<<<<<<<<<<============================>>>>>>>>>>>>>>>>>>>>>>>>>>>>>>>>
                                                        Start time: Mon Jul 11 09:44:48 2022
 
<<<<<<<<<<<<<<<<<<<<<<<<<<<<<<<<============================>>>>>>>>>>>>>>>>>>>>>>>>>>>>>>>>
<<<<<<<<<<<<<<<<<<<<<<<<<<<<<<<<  Entering timestep     16  >>>>>>>>>>>>>>>>>>>>>>>>>>>>>>>>
<<<<<<<<<<<<<<<<<<<<<<<<<<<<<<<<============================>>>>>>>>>>>>>>>>>>>>>>>>>>>>>>>>
                                                        Start time: Mon Jul 11 09:45:46 2022
 
<<<<<<<<<<<<<<<<<<<<<<<<<<<<<<<<============================>>>>>>>>>>>>>>>>>>>>>>>>>>>>>>>>
<<<<<<<<<<<<<<<<<<<<<<<<<<<<<<<<  Entering timestep     17  >>>>>>>>>>>>>>>>>>>>>>>>>>>>>>>>
<<<<<<<<<<<<<<<<<<<<<<<<<<<<<<<<============================>>>>>>>>>>>>>>>>>>>>>>>>>>>>>>>>
                                                        Start time: Mon Jul 11 09:46:35 2022
 
<<<<<<<<<<<<<<<<<<<<<<<<<<<<<<<<============================>>>>>>>>>>>>>>>>>>>>>>>>>>>>>>>>
<<<<<<<<<<<<<<<<<<<<<<<<<<<<<<<<  Entering timestep     18  >>>>>>>>>>>>>>>>>>>>>>>>>>>>>>>>
<<<<<<<<<<<<<<<<<<<<<<<<<<<<<<<<============================>>>>>>>>>>>>>>>>>>>>>>>>>>>>>>>>
                                                        Start time: Mon Jul 11 09:47:23 2022
 
<<<<<<<<<<<<<<<<<<<<<<<<<<<<<<<<============================>>>>>>>>>>>>>>>>>>>>>>>>>>>>>>>>
<<<<<<<<<<<<<<<<<<<<<<<<<<<<<<<<  Entering timestep     19  >>>>>>>>>>>>>>>>>>>>>>>>>>>>>>>>
<<<<<<<<<<<<<<<<<<<<<<<<<<<<<<<<============================>>>>>>>>>>>>>>>>>>>>>>>>>>>>>>>>
                                                        Start time: Mon Jul 11 09:48:14 2022
 
<<<<<<<<<<<<<<<<<<<<<<<<<<<<<<<<============================>>>>>>>>>>>>>>>>>>>>>>>>>>>>>>>>
<<<<<<<<<<<<<<<<<<<<<<<<<<<<<<<<  Entering timestep     20  >>>>>>>>>>>>>>>>>>>>>>>>>>>>>>>>
<<<<<<<<<<<<<<<<<<<<<<<<<<<<<<<<============================>>>>>>>>>>>>>>>>>>>>>>>>>>>>>>>>
                                                        Start time: Mon Jul 11 09:49:03 2022
 
<<<<<<<<<<<<<<<<<<<<<<<<<<<<<<<<============================>>>>>>>>>>>>>>>>>>>>>>>>>>>>>>>>
<<<<<<<<<<<<<<<<<<<<<<<<<<<<<<<<  Entering timestep     21  >>>>>>>>>>>>>>>>>>>>>>>>>>>>>>>>
<<<<<<<<<<<<<<<<<<<<<<<<<<<<<<<<============================>>>>>>>>>>>>>>>>>>>>>>>>>>>>>>>>
                                                        Start time: Mon Jul 11 09:50:04 2022
 
<<<<<<<<<<<<<<<<<<<<<<<<<<<<<<<<============================>>>>>>>>>>>>>>>>>>>>>>>>>>>>>>>>
<<<<<<<<<<<<<<<<<<<<<<<<<<<<<<<<  Entering timestep     22  >>>>>>>>>>>>>>>>>>>>>>>>>>>>>>>>
<<<<<<<<<<<<<<<<<<<<<<<<<<<<<<<<============================>>>>>>>>>>>>>>>>>>>>>>>>>>>>>>>>
                                                        Start time: Mon Jul 11 09:51:01 2022
 
<<<<<<<<<<<<<<<<<<<<<<<<<<<<<<<<============================>>>>>>>>>>>>>>>>>>>>>>>>>>>>>>>>
<<<<<<<<<<<<<<<<<<<<<<<<<<<<<<<<  Entering timestep     23  >>>>>>>>>>>>>>>>>>>>>>>>>>>>>>>>
<<<<<<<<<<<<<<<<<<<<<<<<<<<<<<<<============================>>>>>>>>>>>>>>>>>>>>>>>>>>>>>>>>
                                                        Start time: Mon Jul 11 09:52:01 2022
 
<<<<<<<<<<<<<<<<<<<<<<<<<<<<<<<<============================>>>>>>>>>>>>>>>>>>>>>>>>>>>>>>>>
<<<<<<<<<<<<<<<<<<<<<<<<<<<<<<<<  Entering timestep     24  >>>>>>>>>>>>>>>>>>>>>>>>>>>>>>>>
<<<<<<<<<<<<<<<<<<<<<<<<<<<<<<<<============================>>>>>>>>>>>>>>>>>>>>>>>>>>>>>>>>
                                                        Start time: Mon Jul 11 09:52:49 2022
 
<<<<<<<<<<<<<<<<<<<<<<<<<<<<<<<<============================>>>>>>>>>>>>>>>>>>>>>>>>>>>>>>>>
<<<<<<<<<<<<<<<<<<<<<<<<<<<<<<<<  Entering timestep     25  >>>>>>>>>>>>>>>>>>>>>>>>>>>>>>>>
<<<<<<<<<<<<<<<<<<<<<<<<<<<<<<<<============================>>>>>>>>>>>>>>>>>>>>>>>>>>>>>>>>
                                                        Start time: Mon Jul 11 09:53:56 2022
 
 =============================================================
 QM call was not successful, aborting the run.
 Error code:           82
 =============================================================
Total wallclock time:    0 days    0 h   26 min   20 sec
 -------------------------------------------------------------------------------
 -----------
 SHARC fun fact #6: SHARC is not a living fossil.
 -------------------------------------------------------------------------------
 -----------
