#=================================================================================================================================================
#     Step |         Time |         State |                                     Energy |     Gradient |           Expectation Value |    Runtime |
#          |              |  diag |   MCH |          kin |          pot |          tot |          RMS |           DM |            S |            |
#          |         [fs] |       |       |         [eV] |         [eV] |         [eV] |     [eV/Ang] |      [Debye] |              |      [sec] |
#=================================================================================================================================================
         0        0.00000       9       3       0.280876      10.971496      11.252372       3.782541       3.428051       0.000017          110
         1        0.50000       9       3       0.476460      10.771635      11.248095       3.425078       3.368287       0.000010           51
         2        1.00000       9       3       0.728137      10.515354      11.243491       2.991922       3.291237       0.000007           49
         3        1.50000       9       3       0.966687      10.274516      11.241204       2.555798       3.202497       0.000005           53
         4        2.00000       9       3       1.152446      10.088922      11.241368       2.150930       3.114475       0.000005           50
         5        2.50000       9       3       1.280786       9.961899      11.242685       1.786198       3.046882       0.000005           49
         6        3.00000       9       3       1.365989       9.877995      11.243984       1.484431       3.020562       0.000005           51
         7        3.50000       9       3       1.424452       9.820374      11.244826       1.296983       3.048866       0.000004           49
         8        4.00000       9       3       1.466956       9.778262      11.245218       1.263753       3.132680       0.000004           49
         9        4.50000       9       3       1.498043       9.747111      11.245154       1.352162       3.259785       0.000004           49
        10        5.00000       9       3       1.515955       9.728364      11.244319       1.461864       3.393532       0.000003           49
# Surface Hop: new state=    8 old state=    9 randnum=  0.104410813
        11        5.50000       8       2       1.741896       9.502423      11.244319       2.203910       2.209981       0.000006           67
        12        6.00000       8       2       1.741920       9.499549      11.241469       2.021135       2.274956       0.000005           49
        13        6.50000       8       2       1.801608       9.438314      11.239921       1.868577       2.324872       0.000007           49
        14        7.00000       8       2       1.896209       9.342908      11.239117       1.779091       2.324419       0.000012           48
        15        7.50000       8       2       2.010023       9.228039      11.238062       1.677687       2.316939       0.000031           52
        16        8.00000       8       2       2.125719       9.111210      11.236929       1.557097       2.326553       0.000199           47
# Surface Hop: new state=    5 old state=    8 randnum=  0.698560750
        17        8.50000       5       2       2.226911       9.010018      11.236929       1.488598       2.363876       0.000648           65
        18        9.00000       5       2       2.292361       8.946389      11.238750       1.594805       2.429877       0.000051           59
        19        9.50000       5       2       2.364239       8.878061      11.242300       1.819973       2.528047       0.000018           54
        20       10.00000       5       2       2.488288       8.756235      11.244523       1.963634       2.655792       0.000010           59
        21       10.50000       5       2       2.690827       8.551621      11.242447       1.876819       2.817402       0.000007           53
        22       11.00000       5       2       2.943882       8.292901      11.236783       1.607477       3.059719       0.000006           59
        23       11.50000       5       2       3.168765       8.061344      11.230109       1.347513       3.523029       0.000006           49
        24       12.00000       5       2       3.298662       7.931457      11.230119       1.330613       4.066798       0.000006           50
        25       12.50000       5       2       3.320349       7.910427      11.230777       1.542152       4.658521       0.000007           51
        26       13.00000       5       2       3.234160       7.990499      11.224660       2.069482       5.623848       0.000007           57
        27       13.50000       5       2       3.001288       8.212774      11.214063       2.021436       2.819191       0.000006           55
        28       14.00000       5       2       2.642237       8.577568      11.219805       2.293910       3.133066       0.000006           50
        29       14.50000       5       2       2.258162       8.965389      11.223551       2.428930       3.531944       0.000005           55
        30       15.00000       5       2       1.901677       9.324369      11.226046       2.461973       3.887626       0.000005           47
        31       15.50000       5       2       1.627764       9.614414      11.242178       2.190606       4.156142       0.000005           49
        32       16.00000       5       2       1.407766       9.611541      11.019307       2.676790       3.477843       0.000005           62
        33       16.50000       5       2       1.239288       9.780384      11.019672       2.695785       3.472999       0.000005           51
        34       17.00000       5       2       1.163862       9.855915      11.019777       2.690938       3.399838       0.000005           50
        35       17.50000       5       2       1.182908       9.836657      11.019565       2.655403       3.264394       0.000005           49
        36       18.00000       5       2       1.292344       9.726373      11.018717       2.574516       3.079342       0.000006           52
        37       18.50000       5       2       1.478257       9.538426      11.016683       2.425033       2.862776       0.000007           60
        38       19.00000       5       2       1.709943       9.303018      11.012961       2.188718       2.634206       0.000008           55
        39       19.50000       5       2       1.935801       9.072281      11.008082       1.913023       2.410514       0.000011           52
        40       20.00000       5       2       2.095982       8.909033      11.005015       1.848469       2.204312       0.000015           51
        41       20.50000       5       2       2.166265       8.842071      11.008336       2.291409       2.024003       0.000022           50
        42       21.00000       5       2       2.208484       8.808424      11.016908       2.932309       1.872092       0.000036           53
        43       21.50000       5       2       2.333949       8.684572      11.018521       3.170791       1.741153       0.000118           50
        44       22.00000       5       2       2.535911       8.459934      10.995846       2.832801       1.765898       0.001026           49
        45       22.50000       5       2       2.604232       8.407692      11.011924       2.110941       2.032369       0.001213           49
        46       23.00000       5       2       2.456630       8.559033      11.015664       1.677557       1.951721       0.000268           47
        47       23.50000       5       2       2.185202       8.835428      11.020631       1.664033       1.857434       0.000115           50
# Surface Hop: new state=    8 old state=    5 randnum=  0.250798223
        48       24.00000       8       2       1.848362       9.172269      11.020631       1.797465       1.759023       0.031381           66
        49       24.50000       8       2       1.490728       9.533918      11.024646       1.934060       1.681356       0.000068           61
        50       25.00000       8       2       1.187315       9.838610      11.025926       1.998832       1.610564       0.000030           49
        51       25.50000       8       2       0.950625      10.069132      11.019757       2.223415       1.574909       0.000017           53
        52       26.00000       8       2       0.799145      10.588266      11.387411       1.471115       3.082693       0.000006           56
        53       26.50000       8       2       0.714475      10.670313      11.384789       1.635015       3.303499       0.000005           56
        54       27.00000       8       2       0.686201      10.695048      11.381249       1.601594       3.580589       0.000005           53
        55       27.50000       8       2       0.712697      10.678621      11.391318       1.926223       3.891616       0.000005           49
        56       28.00000       8       2       0.816491      10.570675      11.387167       2.156616       3.999064       0.000005           51
        57       28.50000       8       2       0.981950      10.401999      11.383948       2.126171       4.038972       0.000006           53
        58       29.00000       8       2       1.162745      10.217415      11.380161       1.991801       4.061568       0.000007           51
        59       29.50000       8       2       1.307363      10.069462      11.376825       1.863970       4.092951       0.000009           51
        60       30.00000       8       2       1.377471       9.999603      11.377074       1.970211       4.164048       0.000013           51
        61       30.50000       8       2       1.391639       9.992337      11.383976       2.429544       4.330378       0.000025           48
        62       31.00000       8       2       1.451681       9.940900      11.392581       2.909096       4.752697       0.000070           48
# Surface Hop: new state=    7 old state=    8 randnum=  0.408500408
        63       31.50000       7       1       1.786785       9.605796      11.392581       2.698572       1.616812       0.000135           74
# Surface Hop: new state=    4 old state=    7 randnum=  0.494813019
        64       32.00000       4       1       2.157144       9.235438      11.392581       2.612001       2.966753       0.000283           59
        65       32.50000       4       1       2.617815       8.763633      11.381449       2.434414       3.647816       0.000062           56
        66       33.00000       4       1       3.003903       8.375512      11.379414       2.523276       4.016317       0.000029           51
        67       33.50000       4       1       3.276050       8.105518      11.381568       2.698012       4.302354       0.000019           50
        68       34.00000       4       1       3.461664       7.922483      11.384147       2.795622       4.544696       0.000015           50
        69       34.50000       4       1       3.600627       7.785050      11.385677       2.792765       4.749936       0.000013           52
        70       35.00000       4       1       3.721231       7.664941      11.386173       2.716344       4.919788       0.000010           53
        71       35.50000       4       1       3.838568       7.547955      11.386523       2.604460       5.052532       0.000010           53
        72       36.00000       4       1       3.927720       7.256316      11.184036       2.214088       5.014813       0.000017           57
        73       36.50000       4       1       4.000468       7.184236      11.184704       2.158840       5.059489       0.000040           48
        74       37.00000       4       1       4.106626       7.078599      11.185225       2.127794       5.099370       0.000643           66
# Surface Hop: new state=    1 old state=    4 randnum=  0.636821523
        75       37.50000       1       1       4.254844       6.930381      11.185225       2.112886       5.129683       0.000079           60
        76       38.00000       1       1       4.470662       6.725364      11.196026       2.078899       5.127666       0.000010           58
        77       38.50000       1       1       4.719974       6.419552      11.139527       2.145955       5.087389       0.000002           57
        78       39.00000       1       1       4.969293       6.171229      11.140522       2.158786       5.139059       0.000001           53
        79       39.50000       1       1       5.223434       5.916032      11.139466       2.175486       5.171309       0.000001           50
        80       40.00000       1       1       5.469512       5.668896      11.138409       2.206998       5.186312       0.000001           53
        81       40.50000       1       1       5.692856       5.445041      11.137897       2.265184       5.182654       0.000001           52
        82       41.00000       1       1       5.886936       5.251298      11.138233       2.360378       5.156729       0.000001           54
        83       41.50000       1       1       6.058285       5.081201      11.139486       2.494001       5.104471       0.000001           48
        84       42.00000       1       1       6.227147       4.913994      11.141141       2.647878       5.023730       0.000001           48
        85       42.50000       1       1       6.419211       4.722529      11.141740       2.782533       4.917152       0.000001           50
        86       43.00000       1       1       6.647133       4.492800      11.139934       2.859153       4.794540       0.000001           50
        87       43.50000       1       1       6.895929       4.240342      11.136272       2.858191       4.673257       0.000001           50
        88       44.00000       1       1       7.125757       4.005438      11.131195       2.754595       4.572693       0.000001           55
        89       44.50000       1       1       7.269275       3.852745      11.122020       2.597308       4.492493       0.000002           51
        90       45.00000       1       1       7.246866       3.879788      11.126654       2.705181       4.407083       0.000002           49
        91       45.50000       1       1       6.981834       4.131774      11.113607       3.454753       4.439212       0.000002           49
        92       46.00000       1       1       6.394566       4.718965      11.113532       5.121820       4.528873       0.000002           50
        93       46.50000       1       1       5.493736       5.628623      11.122359       7.205938       4.616909       0.000002           49
        94       47.00000       1       1       4.426929       6.709837      11.136766       9.287256       4.676380       0.000001           54
        95       47.50000       1       1       3.425312       7.727444      11.152756      10.969606       4.680077       0.000001           50
        96       48.00000       1       1       2.730745       8.432286      11.163031      11.820526       4.599661       0.000001           55
        97       48.50000       1       1       2.504975       8.695564      11.200539      11.711355       4.351263       0.000001           61
        98       49.00000       1       1       2.748242       8.442728      11.190971      10.546178       4.110639       0.000001           53
        99       49.50000       1       1       3.310467       7.867522      11.177989       8.678344       3.817642       0.000002           63
       100       50.00000       1       1       3.993435       7.175458      11.168893       6.577767       3.515100       0.000002           63
       101       50.50000       1       1       4.641862       6.524379      11.166240       4.691300       3.244492       0.000002           63
       102       51.00000       1       1       5.185460       5.982368      11.167828       3.320528       3.033937       0.000002           56
       103       51.50000       1       1       5.617825       5.552467      11.170292       2.582133       2.888436       0.000002           57
       104       52.00000       1       1       5.952281       5.218911      11.171192       2.360338       2.793382       0.000002           61
       105       52.50000       1       1       6.189131       4.981339      11.170469       2.422370       2.726890       0.000001           52
       106       53.00000       1       1       6.313896       4.856505      11.170401       2.640443       2.673475       0.000001           54
       107       53.50000       1       1       6.326393       4.847528      11.173920       2.988660       2.629239       0.000001           51
       108       54.00000       1       1       6.273329       4.907127      11.180457       3.390737       2.600522       0.000001           47
       109       54.50000       1       1       6.234058       4.950040      11.184098       3.678845       2.599279       0.000001           47
       110       55.00000       1       1       6.249317       4.931398      11.180716       3.754800       2.637764       0.000002           56
       111       55.50000       1       1       6.274965       4.899211      11.174177       3.698918       2.726289       0.000002           46
       112       56.00000       1       1       6.227879       4.943015      11.170894       3.639511       2.871547       0.000002           46
       113       56.50000       1       1       6.063230       5.109036      11.172266       3.604700       3.076272       0.000003           48
       114       57.00000       1       1       5.797506       5.378586      11.176092       3.554506       3.340671       0.000003           52
       115       57.50000       1       1       5.482930       5.697251      11.180181       3.449637       3.664386       0.000004           53
       116       58.00000       1       1       5.175297       6.007476      11.182773       3.269878       4.043211       0.000007           51
       117       58.50000       1       1       4.909759       6.273202      11.182962       3.047985       4.450838       0.000010           46
       118       59.00000       1       1       4.696083       6.486887      11.182970       2.840499       4.842564       0.000021           50
       119       59.50000       1       1       4.534206       6.648823      11.183029       2.649892       5.194241       0.000097           47
# Surface Hop: new state=    4 old state=    1 randnum=  0.021192016
       120       60.00000       4       1       4.422445       6.760585      11.183029       2.473446       5.499575       0.000590           66
       121       60.50000       4       1       4.280672       6.902333      11.183004       2.332034       5.773595       0.000021           59
       122       61.00000       4       1       4.185138       6.997724      11.182862       2.229843       5.993599       0.000006           52
       123       61.50000       4       1       4.132223       7.050610      11.182833       2.178000       6.155174       0.000002           49
       124       62.00000       4       1       4.120130       7.063088      11.183218       2.171950       6.251972       0.000001           53
       125       62.50000       4       1       4.157095       7.029806      11.186900       2.161984       6.264758       0.000001           49
       126       63.00000       4       1       4.268743       6.868756      11.137499       2.113465       5.982289       0.000001           54
       127       63.50000       4       1       4.385462       6.774638      11.160100       2.149034       5.830586       0.000001           50
       128       64.00000       4       1       4.464202       6.694901      11.159102       2.057031       5.682078       0.000001           52
       129       64.50000       4       1       4.521686       6.636178      11.157864       1.894925       5.500591       0.000001           52
       130       65.00000       4       1       4.537757       6.619506      11.157263       1.697751       5.290997       0.000001           50
       131       65.50000       4       1       4.501057       6.656710      11.157767       1.565500       5.063637       0.000002           52
       132       66.00000       4       1       4.419441       6.740869      11.160310       1.718763       4.836363       0.000005           54
       133       66.50000       4       1       4.335473       6.830573      11.166046       2.270321       4.635222       0.000032           68
# Surface Hop: new state=    1 old state=    4 randnum=  0.578178126
       134       67.00000       1       1       4.331168       6.834879      11.166046       2.953692       4.488868       0.000098           67
       135       67.50000       1       1       4.403562       6.767220      11.170783       3.543420       4.404041       0.000009           62
       136       68.00000       1       1       4.689832       6.470930      11.160761       3.523870       4.419104       0.000004           52
       137       68.50000       1       1       5.071947       6.072863      11.144809       2.992915       4.514147       0.000003           51
       138       69.00000       1       1       5.341346       5.794875      11.136221       2.572878       4.640606       0.000003           63
       139       69.50000       1       1       5.379945       5.759103      11.139048       2.493789       4.777109       0.000003           49
       140       70.00000       1       1       5.209214       5.936504      11.145718       2.582795       4.907562       0.000003           47
       141       70.50000       1       1       4.913998       6.237451      11.151449       2.690757       5.020773       0.000003           48
       142       71.00000       1       1       4.575192       6.580201      11.155392       2.789926       5.110716       0.000003           49
       143       71.50000       1       1       4.251772       6.906474      11.158246       2.901775       5.174538       0.000003           49
       144       72.00000       1       1       3.987765       7.173061      11.160826       3.044088       5.210981       0.000004           54
       145       72.50000       1       1       3.822309       7.340979      11.163288       3.201171       5.219307       0.000004           52
       146       73.00000       1       1       3.790695       7.374159      11.164854       3.325961       5.198629       0.000004           53
       147       73.50000       1       1       3.913353       7.251114      11.164467       3.375837       5.147854       0.000004           49
       148       74.00000       1       1       4.182227       6.979700      11.161927       3.349930       5.066223       0.000005           48
       149       74.50000       1       1       4.559122       6.599089      11.158211       3.288477       4.953977       0.000005           55
       150       75.00000       1       1       4.988620       6.165779      11.154400       3.236604       4.812750       0.000005           52
       151       75.50000       1       1       5.413233       5.737544      11.150777       3.210148       4.645959       0.000005           45
       152       76.00000       1       1       5.778154       5.368378      11.146532       3.186872       4.459123       0.000005           49
       153       76.50000       1       1       6.021203       5.118616      11.139819       3.114227       4.259760       0.000005           48
       154       77.00000       1       1       6.052389       5.077063      11.129452       3.019075       4.055995       0.000005           50
       155       77.50000       1       1       5.764439       5.359224      11.123663       3.377918       3.854137       0.000005           48
       156       78.00000       1       1       5.183936       5.961691      11.145627       4.741204       3.657204       0.000005           54
       157       78.50000       1       1       4.707347       6.476858      11.184205       6.030269       3.466997       0.000006           48
       158       79.00000       1       1       4.806827       6.360634      11.167461       5.639452       3.286117       0.000008           46
       159       79.50000       1       1       5.294411       5.828980      11.123391       4.071214       3.117123       0.000009           46
       160       80.00000       1       1       5.609573       5.517982      11.127555       3.130886       3.036690       0.000009           47
       161       80.50000       1       1       5.430781       5.568871      10.999651       4.765465       3.443389       0.000007           51
       162       81.00000       1       1       4.820812       6.195912      11.016724       6.510286       3.836772       0.000005           59
       163       81.50000       1       1       4.047791       6.983862      11.031654       8.188050       4.256721       0.000003           51
       164       82.00000       1       1       3.336056       7.707191      11.043247       9.489278       4.628595       0.000002           50
       165       82.50000       1       1       2.859467       8.189735      11.049203      10.129410       4.904116       0.000001           55
       166       83.00000       1       1       2.705553       8.342157      11.047710       9.928030       5.069230       0.000001           53
       167       83.50000       1       1       2.855874       8.185361      11.041236       8.940824       5.140502       0.000000           53
       168       84.00000       1       1       3.221674       7.813761      11.035435       7.467172       5.147784       0.000000           50
       169       84.50000       1       1       3.714177       7.318333      11.032510       5.893492       5.116280       0.000000           50
       170       85.00000       1       1       4.269412       6.758842      11.028254       4.421372       5.057233       0.000001           50
       171       85.50000       1       1       5.189463       6.242037      11.431499       6.194831       5.010539       0.000001           56
       172       86.00000       1       1       6.005377       5.761970      11.767347       2.397457       4.853764       0.000001           53
       173       86.50000       1       1       6.141229       5.629715      11.770943       2.289170       4.763603       0.000001           48
       174       87.00000       1       1       6.026520       5.754360      11.780880       2.835855       4.691075       0.000001           51
       175       87.50000       1       1       5.778032       6.011061      11.789094       3.294637       4.653429       0.000001           50
       176       88.00000       1       1       5.498068       6.292250      11.790318       3.388881       4.655675       0.000002           47
       177       88.50000       1       1       5.209251       6.579473      11.788724       3.226503       4.693557       0.000002           53
       178       89.00000       1       1       4.896721       6.894097      11.790818       3.014366       4.766825       0.000002           53
       179       89.50000       1       1       4.578421       7.217179      11.795600       2.843017       4.885224       0.000002           51
       180       90.00000       1       1       4.299158       7.497800      11.796958       2.684511       5.052936       0.000002           53
       181       90.50000       1       1       4.078027       7.717750      11.795777       2.540086       5.247946       0.000002           48
       182       91.00000       1       1       3.908387       7.887510      11.795897       2.442103       5.426270       0.000002           50
       183       91.50000       1       1       3.789150       8.007299      11.796448       2.384914       5.550718       0.000002           51
       184       92.00000       1       1       3.724093       8.072027      11.796121       2.347589       5.613492       0.000002           53
       185       92.50000       1       1       3.706705       8.087639      11.794345       2.318715       5.629648       0.000002           57
       186       93.00000       1       1       3.712289       8.078887      11.791177       2.302729       5.617747       0.000003           66
       187       93.50000       1       1       3.694432       8.088575      11.783008       2.286496       5.587809       0.000005           53
       188       94.00000       1       1       3.537375       8.337941      11.875316       2.643671       5.481066       0.000028           52
# Surface Hop: new state=    4 old state=    1 randnum=  0.108412210
       189       94.50000       4       1       3.299849       8.575468      11.875316       2.873978       5.444959       0.001965           69
       190       95.00000       4       1       2.951779       8.817029      11.768808       3.374574       5.296684       0.000242           61
       191       95.50000       4       1       2.686986       9.095503      11.782489       3.979304       5.227026       0.000033           61
       192       96.00000       4       1       2.686317       9.100852      11.787169       4.149342       5.161042       0.000014           47
       193       96.50000       4       1       3.013831       8.763216      11.777047       3.740125       5.108720       0.000009           49
       194       97.00000       4       1       3.536282       8.227120      11.763403       3.046856       5.074607       0.000007           48
       195       97.50000       4       1       4.052709       7.702437      11.755146       2.483947       5.049728       0.000005           48
       196       98.00000       4       1       4.421688       7.329398      11.751086       2.279976       5.019822       0.000005           52
       197       98.50000       4       1       4.572724       7.177305      11.750030       2.525498       4.985305       0.000004           57
       198       99.00000       4       1       4.499648       7.256995      11.756644       3.216928       4.966051       0.000004           48
       199       99.50000       4       1       4.305107       7.467154      11.772261       4.042393       4.992836       0.000004           50
       200      100.00000       4       1       4.102993       7.617619      11.720612       5.751088       5.146977       0.000004           48
