! 1 Hamiltonian Matrix (13x13, complex)
13 13
-9.409203094E+001  0.000000000E+000  0.000000000E+000  0.000000000E+000  0.000000000E+000  0.000000000E+000  0.000000000E+000  0.000000000E+000  8.424663415E-006 -1.758289676E-005 -2.494137779E-005  6.365199995E-006  6.893734855E-006 -3.598137750E-005  0.000000000E+000 -7.080544590E-006  0.000000000E+000  6.060381183E-005  0.000000000E+000  1.134071781E-005  8.424663415E-006  1.758289676E-005 -2.494137779E-005 -6.365199995E-006  6.893734855E-006  3.598137750E-005 
 0.000000000E+000  0.000000000E+000 -9.391785225E+001  0.000000000E+000  0.000000000E+000  0.000000000E+000  0.000000000E+000  0.000000000E+000 -1.405173714E-005  2.746558738E-005  1.136349949E-005  2.119607042E-005  1.915938867E-005 -2.204354873E-005  0.000000000E+000  6.670474440E-006  0.000000000E+000  1.174623163E-005  0.000000000E+000 -1.275773800E-007 -1.405173714E-005 -2.746558738E-005  1.136349949E-005 -2.119607042E-005  1.915938867E-005  2.204354873E-005 
 0.000000000E+000  0.000000000E+000  0.000000000E+000  0.000000000E+000 -9.386040580E+001  0.000000000E+000  0.000000000E+000  0.000000000E+000 -1.231121717E-005  9.800676585E-006 -4.975517820E-006 -3.795427055E-006  3.399481544E-005  2.009799368E-005  0.000000000E+000  5.822540496E-005  0.000000000E+000  1.699512955E-006  0.000000000E+000 -3.102864135E-005 -1.231121717E-005 -9.800676585E-006 -4.975517820E-006  3.795427055E-006  3.399481544E-005 -2.009799368E-005 
 0.000000000E+000  0.000000000E+000  0.000000000E+000  0.000000000E+000  0.000000000E+000  0.000000000E+000 -9.371382457E+001  0.000000000E+000 -1.464861702E-005  3.185333798E-005  2.774808015E-005  8.939529270E-006 -4.811489760E-006  9.012430630E-006  0.000000000E+000 -6.570235070E-006  0.000000000E+000 -2.779364350E-005  0.000000000E+000 -1.435245525E-006 -1.464861702E-005 -3.185333798E-005  2.774808015E-005 -8.939529270E-006 -4.811489760E-006 -9.012430630E-006 
 8.424663415E-006  1.758289676E-005 -1.405173714E-005 -2.746558738E-005 -1.231121717E-005 -9.800676585E-006 -1.464861702E-005 -3.185333798E-005 -9.399244170E+001  0.000000000E+000  0.000000000E+000 -5.854890475E-005  0.000000000E+000 -1.025631008E-005 -0.000000000E+000  0.000000000E+000  1.538218696E-005  1.725939698E-005 -1.861718481E-005 -4.261084492E-005  0.000000000E+000  0.000000000E+000  0.000000000E+000  0.000000000E+000  0.000000000E+000  0.000000000E+000 
-2.494137779E-005 -6.365199995E-006  1.136349949E-005 -2.119607042E-005 -4.975517820E-006  3.795427055E-006  2.774808015E-005 -8.939529270E-006  0.000000000E+000  5.854890475E-005 -9.388149667E+001  0.000000000E+000  0.000000000E+000 -3.096485266E-005 -1.538218696E-005 -1.725939698E-005  0.000000000E+000  0.000000000E+000  3.610895488E-005 -1.836658638E-005  0.000000000E+000  0.000000000E+000  0.000000000E+000  0.000000000E+000  0.000000000E+000  0.000000000E+000 
 6.893734855E-006  3.598137750E-005  1.915938867E-005  2.204354873E-005  3.399481544E-005 -2.009799368E-005 -4.811489760E-006 -9.012430630E-006  0.000000000E+000  1.025631008E-005  0.000000000E+000  3.096485266E-005 -9.382372047E+001  0.000000000E+000  1.861718481E-005  4.261084492E-005 -3.610895488E-005  1.836658638E-005  0.000000000E+000  0.000000000E+000  0.000000000E+000  0.000000000E+000  0.000000000E+000  0.000000000E+000  0.000000000E+000  0.000000000E+000 
 0.000000000E+000  7.080544590E-006  0.000000000E+000 -6.670474440E-006  0.000000000E+000 -5.822540496E-005  0.000000000E+000  6.570235070E-006  0.000000000E+000 -0.000000000E+000 -1.538218696E-005  1.725939698E-005  1.861718481E-005 -4.261084492E-005 -9.399244170E+001  0.000000000E+000  0.000000000E+000  0.000000000E+000  0.000000000E+000  0.000000000E+000 -0.000000000E+000  0.000000000E+000  1.538218696E-005  1.725939698E-005 -1.861718481E-005 -4.261084492E-005 
 0.000000000E+000 -6.060381183E-005  0.000000000E+000 -1.174623163E-005  0.000000000E+000 -1.699512955E-006  0.000000000E+000  2.779364350E-005  1.538218696E-005 -1.725939698E-005  0.000000000E+000  0.000000000E+000 -3.610895488E-005 -1.836658638E-005  0.000000000E+000  0.000000000E+000 -9.388149667E+001  0.000000000E+000  0.000000000E+000  0.000000000E+000 -1.538218696E-005 -1.725939698E-005  0.000000000E+000  0.000000000E+000  3.610895488E-005 -1.836658638E-005 
 0.000000000E+000 -1.134071781E-005  0.000000000E+000  1.275773800E-007  0.000000000E+000  3.102864135E-005  0.000000000E+000  1.435245525E-006 -1.861718481E-005  4.261084492E-005  3.610895488E-005  1.836658638E-005  0.000000000E+000  0.000000000E+000  0.000000000E+000  0.000000000E+000  0.000000000E+000  0.000000000E+000 -9.382372047E+001  0.000000000E+000  1.861718481E-005  4.261084492E-005 -3.610895488E-005  1.836658638E-005  0.000000000E+000  0.000000000E+000 
 8.424663415E-006 -1.758289676E-005 -1.405173714E-005  2.746558738E-005 -1.231121717E-005  9.800676585E-006 -1.464861702E-005  3.185333798E-005  0.000000000E+000  0.000000000E+000  0.000000000E+000  0.000000000E+000  0.000000000E+000  0.000000000E+000  0.000000000E+000 -0.000000000E+000 -1.538218696E-005  1.725939698E-005  1.861718481E-005 -4.261084492E-005 -9.399244170E+001  0.000000000E+000  0.000000000E+000  5.854890475E-005  0.000000000E+000  1.025631008E-005 
-2.494137779E-005  6.365199995E-006  1.136349949E-005  2.119607042E-005 -4.975517820E-006 -3.795427055E-006  2.774808015E-005  8.939529270E-006  0.000000000E+000  0.000000000E+000  0.000000000E+000  0.000000000E+000  0.000000000E+000  0.000000000E+000  1.538218696E-005 -1.725939698E-005  0.000000000E+000  0.000000000E+000 -3.610895488E-005 -1.836658638E-005  0.000000000E+000 -5.854890475E-005 -9.388149667E+001  0.000000000E+000  0.000000000E+000  3.096485266E-005 
 6.893734855E-006 -3.598137750E-005  1.915938867E-005 -2.204354873E-005  3.399481544E-005  2.009799368E-005 -4.811489760E-006  9.012430630E-006  0.000000000E+000  0.000000000E+000  0.000000000E+000  0.000000000E+000  0.000000000E+000  0.000000000E+000 -1.861718481E-005  4.261084492E-005  3.610895488E-005  1.836658638E-005  0.000000000E+000  0.000000000E+000  0.000000000E+000 -1.025631008E-005  0.000000000E+000 -3.096485266E-005 -9.382372047E+001  0.000000000E+000 

! 2 Dipole Moment Matrices (3x13x13, complex)
13 13
 6.471428520E-001  0.000000000E+000 -4.515558450E-001  0.000000000E+000  6.621032620E-002  0.000000000E+000  8.756396650E-001  0.000000000E+000  0.000000000E+000  0.000000000E+000  0.000000000E+000  0.000000000E+000  0.000000000E+000  0.000000000E+000  0.000000000E+000  0.000000000E+000  0.000000000E+000  0.000000000E+000  0.000000000E+000  0.000000000E+000  0.000000000E+000  0.000000000E+000  0.000000000E+000  0.000000000E+000  0.000000000E+000  0.000000000E+000 
-4.515558450E-001  0.000000000E+000  4.474124300E-001  0.000000000E+000 -1.556304760E-001  0.000000000E+000 -4.950878850E-001  0.000000000E+000  0.000000000E+000  0.000000000E+000  0.000000000E+000  0.000000000E+000  0.000000000E+000  0.000000000E+000  0.000000000E+000  0.000000000E+000  0.000000000E+000  0.000000000E+000  0.000000000E+000  0.000000000E+000  0.000000000E+000  0.000000000E+000  0.000000000E+000  0.000000000E+000  0.000000000E+000  0.000000000E+000 
 6.621032620E-002  0.000000000E+000 -1.556304760E-001  0.000000000E+000 -4.522058780E-001  0.000000000E+000 -9.695315980E-002  0.000000000E+000  0.000000000E+000  0.000000000E+000  0.000000000E+000  0.000000000E+000  0.000000000E+000  0.000000000E+000  0.000000000E+000  0.000000000E+000  0.000000000E+000  0.000000000E+000  0.000000000E+000  0.000000000E+000  0.000000000E+000  0.000000000E+000  0.000000000E+000  0.000000000E+000  0.000000000E+000  0.000000000E+000 
 8.756396650E-001  0.000000000E+000 -4.950878850E-001  0.000000000E+000 -9.695315980E-002  0.000000000E+000  7.331167730E-001  0.000000000E+000  0.000000000E+000  0.000000000E+000  0.000000000E+000  0.000000000E+000  0.000000000E+000  0.000000000E+000  0.000000000E+000  0.000000000E+000  0.000000000E+000  0.000000000E+000  0.000000000E+000  0.000000000E+000  0.000000000E+000  0.000000000E+000  0.000000000E+000  0.000000000E+000  0.000000000E+000  0.000000000E+000 
 0.000000000E+000  0.000000000E+000  0.000000000E+000  0.000000000E+000  0.000000000E+000  0.000000000E+000  0.000000000E+000  0.000000000E+000  1.638445170E-001  0.000000000E+000 -1.048818270E-002  0.000000000E+000  6.402818930E-002  0.000000000E+000  0.000000000E+000  0.000000000E+000  0.000000000E+000  0.000000000E+000  0.000000000E+000  0.000000000E+000  0.000000000E+000  0.000000000E+000  0.000000000E+000  0.000000000E+000  0.000000000E+000  0.000000000E+000 
 0.000000000E+000  0.000000000E+000  0.000000000E+000  0.000000000E+000  0.000000000E+000  0.000000000E+000  0.000000000E+000  0.000000000E+000 -1.048818270E-002  0.000000000E+000 -4.060706370E-001  0.000000000E+000  1.068506450E-001  0.000000000E+000  0.000000000E+000  0.000000000E+000  0.000000000E+000  0.000000000E+000  0.000000000E+000  0.000000000E+000  0.000000000E+000  0.000000000E+000  0.000000000E+000  0.000000000E+000  0.000000000E+000  0.000000000E+000 
 0.000000000E+000  0.000000000E+000  0.000000000E+000  0.000000000E+000  0.000000000E+000  0.000000000E+000  0.000000000E+000  0.000000000E+000  6.402818930E-002  0.000000000E+000  1.068506450E-001  0.000000000E+000  1.411423480E-001  0.000000000E+000  0.000000000E+000  0.000000000E+000  0.000000000E+000  0.000000000E+000  0.000000000E+000  0.000000000E+000  0.000000000E+000  0.000000000E+000  0.000000000E+000  0.000000000E+000  0.000000000E+000  0.000000000E+000 
 0.000000000E+000  0.000000000E+000  0.000000000E+000  0.000000000E+000  0.000000000E+000  0.000000000E+000  0.000000000E+000  0.000000000E+000  0.000000000E+000  0.000000000E+000  0.000000000E+000  0.000000000E+000  0.000000000E+000  0.000000000E+000  1.638445170E-001  0.000000000E+000 -1.048818270E-002  0.000000000E+000  6.402818930E-002  0.000000000E+000  0.000000000E+000  0.000000000E+000  0.000000000E+000  0.000000000E+000  0.000000000E+000  0.000000000E+000 
 0.000000000E+000  0.000000000E+000  0.000000000E+000  0.000000000E+000  0.000000000E+000  0.000000000E+000  0.000000000E+000  0.000000000E+000  0.000000000E+000  0.000000000E+000  0.000000000E+000  0.000000000E+000  0.000000000E+000  0.000000000E+000 -1.048818270E-002  0.000000000E+000 -4.060706370E-001  0.000000000E+000  1.068506450E-001  0.000000000E+000  0.000000000E+000  0.000000000E+000  0.000000000E+000  0.000000000E+000  0.000000000E+000  0.000000000E+000 
 0.000000000E+000  0.000000000E+000  0.000000000E+000  0.000000000E+000  0.000000000E+000  0.000000000E+000  0.000000000E+000  0.000000000E+000  0.000000000E+000  0.000000000E+000  0.000000000E+000  0.000000000E+000  0.000000000E+000  0.000000000E+000  6.402818930E-002  0.000000000E+000  1.068506450E-001  0.000000000E+000  1.411423480E-001  0.000000000E+000  0.000000000E+000  0.000000000E+000  0.000000000E+000  0.000000000E+000  0.000000000E+000  0.000000000E+000 
 0.000000000E+000  0.000000000E+000  0.000000000E+000  0.000000000E+000  0.000000000E+000  0.000000000E+000  0.000000000E+000  0.000000000E+000  0.000000000E+000  0.000000000E+000  0.000000000E+000  0.000000000E+000  0.000000000E+000  0.000000000E+000  0.000000000E+000  0.000000000E+000  0.000000000E+000  0.000000000E+000  0.000000000E+000  0.000000000E+000  1.638445170E-001  0.000000000E+000 -1.048818270E-002  0.000000000E+000  6.402818930E-002  0.000000000E+000 
 0.000000000E+000  0.000000000E+000  0.000000000E+000  0.000000000E+000  0.000000000E+000  0.000000000E+000  0.000000000E+000  0.000000000E+000  0.000000000E+000  0.000000000E+000  0.000000000E+000  0.000000000E+000  0.000000000E+000  0.000000000E+000  0.000000000E+000  0.000000000E+000  0.000000000E+000  0.000000000E+000  0.000000000E+000  0.000000000E+000 -1.048818270E-002  0.000000000E+000 -4.060706370E-001  0.000000000E+000  1.068506450E-001  0.000000000E+000 
 0.000000000E+000  0.000000000E+000  0.000000000E+000  0.000000000E+000  0.000000000E+000  0.000000000E+000  0.000000000E+000  0.000000000E+000  0.000000000E+000  0.000000000E+000  0.000000000E+000  0.000000000E+000  0.000000000E+000  0.000000000E+000  0.000000000E+000  0.000000000E+000  0.000000000E+000  0.000000000E+000  0.000000000E+000  0.000000000E+000  6.402818930E-002  0.000000000E+000  1.068506450E-001  0.000000000E+000  1.411423480E-001  0.000000000E+000 
13 13
-2.484852000E-001  0.000000000E+000 -5.723284100E-001  0.000000000E+000 -4.800559710E-002  0.000000000E+000  8.545427840E-001  0.000000000E+000  0.000000000E+000  0.000000000E+000  0.000000000E+000  0.000000000E+000  0.000000000E+000  0.000000000E+000  0.000000000E+000  0.000000000E+000  0.000000000E+000  0.000000000E+000  0.000000000E+000  0.000000000E+000  0.000000000E+000  0.000000000E+000  0.000000000E+000  0.000000000E+000  0.000000000E+000  0.000000000E+000 
-5.723284100E-001  0.000000000E+000 -6.017473570E-001  0.000000000E+000  3.004874370E-002  0.000000000E+000 -5.402392560E-001  0.000000000E+000  0.000000000E+000  0.000000000E+000  0.000000000E+000  0.000000000E+000  0.000000000E+000  0.000000000E+000  0.000000000E+000  0.000000000E+000  0.000000000E+000  0.000000000E+000  0.000000000E+000  0.000000000E+000  0.000000000E+000  0.000000000E+000  0.000000000E+000  0.000000000E+000  0.000000000E+000  0.000000000E+000 
-4.800559710E-002  0.000000000E+000  3.004874370E-002  0.000000000E+000 -1.094993460E+000  0.000000000E+000  1.620280120E-001  0.000000000E+000  0.000000000E+000  0.000000000E+000  0.000000000E+000  0.000000000E+000  0.000000000E+000  0.000000000E+000  0.000000000E+000  0.000000000E+000  0.000000000E+000  0.000000000E+000  0.000000000E+000  0.000000000E+000  0.000000000E+000  0.000000000E+000  0.000000000E+000  0.000000000E+000  0.000000000E+000  0.000000000E+000 
 8.545427840E-001  0.000000000E+000 -5.402392560E-001  0.000000000E+000  1.620280120E-001  0.000000000E+000 -1.693364730E-001  0.000000000E+000  0.000000000E+000  0.000000000E+000  0.000000000E+000  0.000000000E+000  0.000000000E+000  0.000000000E+000  0.000000000E+000  0.000000000E+000  0.000000000E+000  0.000000000E+000  0.000000000E+000  0.000000000E+000  0.000000000E+000  0.000000000E+000  0.000000000E+000  0.000000000E+000  0.000000000E+000  0.000000000E+000 
 0.000000000E+000  0.000000000E+000  0.000000000E+000  0.000000000E+000  0.000000000E+000  0.000000000E+000  0.000000000E+000  0.000000000E+000 -8.874054500E-001  0.000000000E+000  7.917540780E-002  0.000000000E+000 -9.988543200E-002  0.000000000E+000  0.000000000E+000  0.000000000E+000  0.000000000E+000  0.000000000E+000  0.000000000E+000  0.000000000E+000  0.000000000E+000  0.000000000E+000  0.000000000E+000  0.000000000E+000  0.000000000E+000  0.000000000E+000 
 0.000000000E+000  0.000000000E+000  0.000000000E+000  0.000000000E+000  0.000000000E+000  0.000000000E+000  0.000000000E+000  0.000000000E+000  7.917540780E-002  0.000000000E+000 -9.826956280E-001  0.000000000E+000 -1.614965880E-001  0.000000000E+000  0.000000000E+000  0.000000000E+000  0.000000000E+000  0.000000000E+000  0.000000000E+000  0.000000000E+000  0.000000000E+000  0.000000000E+000  0.000000000E+000  0.000000000E+000  0.000000000E+000  0.000000000E+000 
 0.000000000E+000  0.000000000E+000  0.000000000E+000  0.000000000E+000  0.000000000E+000  0.000000000E+000  0.000000000E+000  0.000000000E+000 -9.988543200E-002  0.000000000E+000 -1.614965880E-001  0.000000000E+000 -9.181621810E-001  0.000000000E+000  0.000000000E+000  0.000000000E+000  0.000000000E+000  0.000000000E+000  0.000000000E+000  0.000000000E+000  0.000000000E+000  0.000000000E+000  0.000000000E+000  0.000000000E+000  0.000000000E+000  0.000000000E+000 
 0.000000000E+000  0.000000000E+000  0.000000000E+000  0.000000000E+000  0.000000000E+000  0.000000000E+000  0.000000000E+000  0.000000000E+000  0.000000000E+000  0.000000000E+000  0.000000000E+000  0.000000000E+000  0.000000000E+000  0.000000000E+000 -8.874054500E-001  0.000000000E+000  7.917540780E-002  0.000000000E+000 -9.988543200E-002  0.000000000E+000  0.000000000E+000  0.000000000E+000  0.000000000E+000  0.000000000E+000  0.000000000E+000  0.000000000E+000 
 0.000000000E+000  0.000000000E+000  0.000000000E+000  0.000000000E+000  0.000000000E+000  0.000000000E+000  0.000000000E+000  0.000000000E+000  0.000000000E+000  0.000000000E+000  0.000000000E+000  0.000000000E+000  0.000000000E+000  0.000000000E+000  7.917540780E-002  0.000000000E+000 -9.826956280E-001  0.000000000E+000 -1.614965880E-001  0.000000000E+000  0.000000000E+000  0.000000000E+000  0.000000000E+000  0.000000000E+000  0.000000000E+000  0.000000000E+000 
 0.000000000E+000  0.000000000E+000  0.000000000E+000  0.000000000E+000  0.000000000E+000  0.000000000E+000  0.000000000E+000  0.000000000E+000  0.000000000E+000  0.000000000E+000  0.000000000E+000  0.000000000E+000  0.000000000E+000  0.000000000E+000 -9.988543200E-002  0.000000000E+000 -1.614965880E-001  0.000000000E+000 -9.181621810E-001  0.000000000E+000  0.000000000E+000  0.000000000E+000  0.000000000E+000  0.000000000E+000  0.000000000E+000  0.000000000E+000 
 0.000000000E+000  0.000000000E+000  0.000000000E+000  0.000000000E+000  0.000000000E+000  0.000000000E+000  0.000000000E+000  0.000000000E+000  0.000000000E+000  0.000000000E+000  0.000000000E+000  0.000000000E+000  0.000000000E+000  0.000000000E+000  0.000000000E+000  0.000000000E+000  0.000000000E+000  0.000000000E+000  0.000000000E+000  0.000000000E+000 -8.874054500E-001  0.000000000E+000  7.917540780E-002  0.000000000E+000 -9.988543200E-002  0.000000000E+000 
 0.000000000E+000  0.000000000E+000  0.000000000E+000  0.000000000E+000  0.000000000E+000  0.000000000E+000  0.000000000E+000  0.000000000E+000  0.000000000E+000  0.000000000E+000  0.000000000E+000  0.000000000E+000  0.000000000E+000  0.000000000E+000  0.000000000E+000  0.000000000E+000  0.000000000E+000  0.000000000E+000  0.000000000E+000  0.000000000E+000  7.917540780E-002  0.000000000E+000 -9.826956280E-001  0.000000000E+000 -1.614965880E-001  0.000000000E+000 
 0.000000000E+000  0.000000000E+000  0.000000000E+000  0.000000000E+000  0.000000000E+000  0.000000000E+000  0.000000000E+000  0.000000000E+000  0.000000000E+000  0.000000000E+000  0.000000000E+000  0.000000000E+000  0.000000000E+000  0.000000000E+000  0.000000000E+000  0.000000000E+000  0.000000000E+000  0.000000000E+000  0.000000000E+000  0.000000000E+000 -9.988543200E-002  0.000000000E+000 -1.614965880E-001  0.000000000E+000 -9.181621810E-001  0.000000000E+000 
13 13
 1.562698730E+000  0.000000000E+000 -1.101869870E+000  0.000000000E+000 -1.516191280E-001  0.000000000E+000  4.950918300E-001  0.000000000E+000  0.000000000E+000  0.000000000E+000  0.000000000E+000  0.000000000E+000  0.000000000E+000  0.000000000E+000  0.000000000E+000  0.000000000E+000  0.000000000E+000  0.000000000E+000  0.000000000E+000  0.000000000E+000  0.000000000E+000  0.000000000E+000  0.000000000E+000  0.000000000E+000  0.000000000E+000  0.000000000E+000 
-1.101869870E+000  0.000000000E+000  5.855315370E-001  0.000000000E+000  1.269457900E-001  0.000000000E+000 -8.379627860E-001  0.000000000E+000  0.000000000E+000  0.000000000E+000  0.000000000E+000  0.000000000E+000  0.000000000E+000  0.000000000E+000  0.000000000E+000  0.000000000E+000  0.000000000E+000  0.000000000E+000  0.000000000E+000  0.000000000E+000  0.000000000E+000  0.000000000E+000  0.000000000E+000  0.000000000E+000  0.000000000E+000  0.000000000E+000 
-1.516191280E-001  0.000000000E+000  1.269457900E-001  0.000000000E+000  8.827257080E-001  0.000000000E+000  1.795532020E-001  0.000000000E+000  0.000000000E+000  0.000000000E+000  0.000000000E+000  0.000000000E+000  0.000000000E+000  0.000000000E+000  0.000000000E+000  0.000000000E+000  0.000000000E+000  0.000000000E+000  0.000000000E+000  0.000000000E+000  0.000000000E+000  0.000000000E+000  0.000000000E+000  0.000000000E+000  0.000000000E+000  0.000000000E+000 
 4.950918300E-001  0.000000000E+000 -8.379627860E-001  0.000000000E+000  1.795532020E-001  0.000000000E+000  1.881941970E+000  0.000000000E+000  0.000000000E+000  0.000000000E+000  0.000000000E+000  0.000000000E+000  0.000000000E+000  0.000000000E+000  0.000000000E+000  0.000000000E+000  0.000000000E+000  0.000000000E+000  0.000000000E+000  0.000000000E+000  0.000000000E+000  0.000000000E+000  0.000000000E+000  0.000000000E+000  0.000000000E+000  0.000000000E+000 
 0.000000000E+000  0.000000000E+000  0.000000000E+000  0.000000000E+000  0.000000000E+000  0.000000000E+000  0.000000000E+000  0.000000000E+000  4.638424100E-001  0.000000000E+000  2.009185250E-001  0.000000000E+000 -7.571629900E-001  0.000000000E+000  0.000000000E+000  0.000000000E+000  0.000000000E+000  0.000000000E+000  0.000000000E+000  0.000000000E+000  0.000000000E+000  0.000000000E+000  0.000000000E+000  0.000000000E+000  0.000000000E+000  0.000000000E+000 
 0.000000000E+000  0.000000000E+000  0.000000000E+000  0.000000000E+000  0.000000000E+000  0.000000000E+000  0.000000000E+000  0.000000000E+000  2.009185250E-001  0.000000000E+000  9.663676250E-001  0.000000000E+000 -2.335770770E-001  0.000000000E+000  0.000000000E+000  0.000000000E+000  0.000000000E+000  0.000000000E+000  0.000000000E+000  0.000000000E+000  0.000000000E+000  0.000000000E+000  0.000000000E+000  0.000000000E+000  0.000000000E+000  0.000000000E+000 
 0.000000000E+000  0.000000000E+000  0.000000000E+000  0.000000000E+000  0.000000000E+000  0.000000000E+000  0.000000000E+000  0.000000000E+000 -7.571629900E-001  0.000000000E+000 -2.335770770E-001  0.000000000E+000  8.632996510E-001  0.000000000E+000  0.000000000E+000  0.000000000E+000  0.000000000E+000  0.000000000E+000  0.000000000E+000  0.000000000E+000  0.000000000E+000  0.000000000E+000  0.000000000E+000  0.000000000E+000  0.000000000E+000  0.000000000E+000 
 0.000000000E+000  0.000000000E+000  0.000000000E+000  0.000000000E+000  0.000000000E+000  0.000000000E+000  0.000000000E+000  0.000000000E+000  0.000000000E+000  0.000000000E+000  0.000000000E+000  0.000000000E+000  0.000000000E+000  0.000000000E+000  4.638424100E-001  0.000000000E+000  2.009185250E-001  0.000000000E+000 -7.571629900E-001  0.000000000E+000  0.000000000E+000  0.000000000E+000  0.000000000E+000  0.000000000E+000  0.000000000E+000  0.000000000E+000 
 0.000000000E+000  0.000000000E+000  0.000000000E+000  0.000000000E+000  0.000000000E+000  0.000000000E+000  0.000000000E+000  0.000000000E+000  0.000000000E+000  0.000000000E+000  0.000000000E+000  0.000000000E+000  0.000000000E+000  0.000000000E+000  2.009185250E-001  0.000000000E+000  9.663676250E-001  0.000000000E+000 -2.335770770E-001  0.000000000E+000  0.000000000E+000  0.000000000E+000  0.000000000E+000  0.000000000E+000  0.000000000E+000  0.000000000E+000 
 0.000000000E+000  0.000000000E+000  0.000000000E+000  0.000000000E+000  0.000000000E+000  0.000000000E+000  0.000000000E+000  0.000000000E+000  0.000000000E+000  0.000000000E+000  0.000000000E+000  0.000000000E+000  0.000000000E+000  0.000000000E+000 -7.571629900E-001  0.000000000E+000 -2.335770770E-001  0.000000000E+000  8.632996510E-001  0.000000000E+000  0.000000000E+000  0.000000000E+000  0.000000000E+000  0.000000000E+000  0.000000000E+000  0.000000000E+000 
 0.000000000E+000  0.000000000E+000  0.000000000E+000  0.000000000E+000  0.000000000E+000  0.000000000E+000  0.000000000E+000  0.000000000E+000  0.000000000E+000  0.000000000E+000  0.000000000E+000  0.000000000E+000  0.000000000E+000  0.000000000E+000  0.000000000E+000  0.000000000E+000  0.000000000E+000  0.000000000E+000  0.000000000E+000  0.000000000E+000  4.638424100E-001  0.000000000E+000  2.009185250E-001  0.000000000E+000 -7.571629900E-001  0.000000000E+000 
 0.000000000E+000  0.000000000E+000  0.000000000E+000  0.000000000E+000  0.000000000E+000  0.000000000E+000  0.000000000E+000  0.000000000E+000  0.000000000E+000  0.000000000E+000  0.000000000E+000  0.000000000E+000  0.000000000E+000  0.000000000E+000  0.000000000E+000  0.000000000E+000  0.000000000E+000  0.000000000E+000  0.000000000E+000  0.000000000E+000  2.009185250E-001  0.000000000E+000  9.663676250E-001  0.000000000E+000 -2.335770770E-001  0.000000000E+000 
 0.000000000E+000  0.000000000E+000  0.000000000E+000  0.000000000E+000  0.000000000E+000  0.000000000E+000  0.000000000E+000  0.000000000E+000  0.000000000E+000  0.000000000E+000  0.000000000E+000  0.000000000E+000  0.000000000E+000  0.000000000E+000  0.000000000E+000  0.000000000E+000  0.000000000E+000  0.000000000E+000  0.000000000E+000  0.000000000E+000 -7.571629900E-001  0.000000000E+000 -2.335770770E-001  0.000000000E+000  8.632996510E-001  0.000000000E+000 
! 3 Gradient Vectors (13x6x3, real)
6 3 ! 1 1 0
-1.098154067E-001 -2.323693193E-002  5.527858852E-001 
-1.360759495E-002  8.209460674E-003 -5.338420521E-001 
 5.816102509E-002  7.565571391E-002 -2.221193507E-002 
 5.089568374E-002  3.853326123E-002  2.296330136E-002 
 7.618833720E-004 -9.145113004E-002 -3.705667243E-002 
 1.360440944E-002 -7.710373839E-003  1.736147299E-002 
6 3 ! 1 2 0
 0.000000000E+000  0.000000000E+000  0.000000000E+000 
 0.000000000E+000  0.000000000E+000  0.000000000E+000 
 0.000000000E+000  0.000000000E+000  0.000000000E+000 
 0.000000000E+000  0.000000000E+000  0.000000000E+000 
 0.000000000E+000  0.000000000E+000  0.000000000E+000 
 0.000000000E+000  0.000000000E+000  0.000000000E+000 
6 3 ! 1 3 0
 0.000000000E+000  0.000000000E+000  0.000000000E+000 
 0.000000000E+000  0.000000000E+000  0.000000000E+000 
 0.000000000E+000  0.000000000E+000  0.000000000E+000 
 0.000000000E+000  0.000000000E+000  0.000000000E+000 
 0.000000000E+000  0.000000000E+000  0.000000000E+000 
 0.000000000E+000  0.000000000E+000  0.000000000E+000 
6 3 ! 1 4 0
 0.000000000E+000  0.000000000E+000  0.000000000E+000 
 0.000000000E+000  0.000000000E+000  0.000000000E+000 
 0.000000000E+000  0.000000000E+000  0.000000000E+000 
 0.000000000E+000  0.000000000E+000  0.000000000E+000 
 0.000000000E+000  0.000000000E+000  0.000000000E+000 
 0.000000000E+000  0.000000000E+000  0.000000000E+000 
6 3 ! 3 1 -1
 0.000000000E+000  0.000000000E+000  0.000000000E+000 
 0.000000000E+000  0.000000000E+000  0.000000000E+000 
 0.000000000E+000  0.000000000E+000  0.000000000E+000 
 0.000000000E+000  0.000000000E+000  0.000000000E+000 
 0.000000000E+000  0.000000000E+000  0.000000000E+000 
 0.000000000E+000  0.000000000E+000  0.000000000E+000 
6 3 ! 3 2 -1
 0.000000000E+000  0.000000000E+000  0.000000000E+000 
 0.000000000E+000  0.000000000E+000  0.000000000E+000 
 0.000000000E+000  0.000000000E+000  0.000000000E+000 
 0.000000000E+000  0.000000000E+000  0.000000000E+000 
 0.000000000E+000  0.000000000E+000  0.000000000E+000 
 0.000000000E+000  0.000000000E+000  0.000000000E+000 
6 3 ! 3 3 -1
 0.000000000E+000  0.000000000E+000  0.000000000E+000 
 0.000000000E+000  0.000000000E+000  0.000000000E+000 
 0.000000000E+000  0.000000000E+000  0.000000000E+000 
 0.000000000E+000  0.000000000E+000  0.000000000E+000 
 0.000000000E+000  0.000000000E+000  0.000000000E+000 
 0.000000000E+000  0.000000000E+000  0.000000000E+000 
6 3 ! 3 1 0
 0.000000000E+000  0.000000000E+000  0.000000000E+000 
 0.000000000E+000  0.000000000E+000  0.000000000E+000 
 0.000000000E+000  0.000000000E+000  0.000000000E+000 
 0.000000000E+000  0.000000000E+000  0.000000000E+000 
 0.000000000E+000  0.000000000E+000  0.000000000E+000 
 0.000000000E+000  0.000000000E+000  0.000000000E+000 
6 3 ! 3 2 0
 0.000000000E+000  0.000000000E+000  0.000000000E+000 
 0.000000000E+000  0.000000000E+000  0.000000000E+000 
 0.000000000E+000  0.000000000E+000  0.000000000E+000 
 0.000000000E+000  0.000000000E+000  0.000000000E+000 
 0.000000000E+000  0.000000000E+000  0.000000000E+000 
 0.000000000E+000  0.000000000E+000  0.000000000E+000 
6 3 ! 3 3 0
 0.000000000E+000  0.000000000E+000  0.000000000E+000 
 0.000000000E+000  0.000000000E+000  0.000000000E+000 
 0.000000000E+000  0.000000000E+000  0.000000000E+000 
 0.000000000E+000  0.000000000E+000  0.000000000E+000 
 0.000000000E+000  0.000000000E+000  0.000000000E+000 
 0.000000000E+000  0.000000000E+000  0.000000000E+000 
6 3 ! 3 1 1
 0.000000000E+000  0.000000000E+000  0.000000000E+000 
 0.000000000E+000  0.000000000E+000  0.000000000E+000 
 0.000000000E+000  0.000000000E+000  0.000000000E+000 
 0.000000000E+000  0.000000000E+000  0.000000000E+000 
 0.000000000E+000  0.000000000E+000  0.000000000E+000 
 0.000000000E+000  0.000000000E+000  0.000000000E+000 
6 3 ! 3 2 1
 0.000000000E+000  0.000000000E+000  0.000000000E+000 
 0.000000000E+000  0.000000000E+000  0.000000000E+000 
 0.000000000E+000  0.000000000E+000  0.000000000E+000 
 0.000000000E+000  0.000000000E+000  0.000000000E+000 
 0.000000000E+000  0.000000000E+000  0.000000000E+000 
 0.000000000E+000  0.000000000E+000  0.000000000E+000 
6 3 ! 3 3 1
 0.000000000E+000  0.000000000E+000  0.000000000E+000 
 0.000000000E+000  0.000000000E+000  0.000000000E+000 
 0.000000000E+000  0.000000000E+000  0.000000000E+000 
 0.000000000E+000  0.000000000E+000  0.000000000E+000 
 0.000000000E+000  0.000000000E+000  0.000000000E+000 
 0.000000000E+000  0.000000000E+000  0.000000000E+000 
! 6 Overlap matrix (13x13, complex)
13 13
 9.840696000E-001  0.000000000E+000 -1.786309000E-002  0.000000000E+000  1.501271000E-002  0.000000000E+000  3.912000000E-004  0.000000000E+000  0.000000000E+000  0.000000000E+000  0.000000000E+000  0.000000000E+000  0.000000000E+000  0.000000000E+000  0.000000000E+000  0.000000000E+000  0.000000000E+000  0.000000000E+000  0.000000000E+000  0.000000000E+000  0.000000000E+000  0.000000000E+000  0.000000000E+000  0.000000000E+000  0.000000000E+000  0.000000000E+000 
 2.317370000E-002  0.000000000E+000  9.881441800E-001  0.000000000E+000  8.685608000E-002  0.000000000E+000 -1.771500000E-004  0.000000000E+000  0.000000000E+000  0.000000000E+000  0.000000000E+000  0.000000000E+000  0.000000000E+000  0.000000000E+000  0.000000000E+000  0.000000000E+000  0.000000000E+000  0.000000000E+000  0.000000000E+000  0.000000000E+000  0.000000000E+000  0.000000000E+000  0.000000000E+000  0.000000000E+000  0.000000000E+000  0.000000000E+000 
-2.378723000E-002  0.000000000E+000 -9.210209000E-002  0.000000000E+000  9.904366000E-001  0.000000000E+000  4.831560000E-003  0.000000000E+000  0.000000000E+000  0.000000000E+000  0.000000000E+000  0.000000000E+000  0.000000000E+000  0.000000000E+000  0.000000000E+000  0.000000000E+000  0.000000000E+000  0.000000000E+000  0.000000000E+000  0.000000000E+000  0.000000000E+000  0.000000000E+000  0.000000000E+000  0.000000000E+000  0.000000000E+000  0.000000000E+000 
 3.047460000E-003  0.000000000E+000  1.773300000E-003  0.000000000E+000 -4.812870000E-003  0.000000000E+000  1.001172720E+000  0.000000000E+000  0.000000000E+000  0.000000000E+000  0.000000000E+000  0.000000000E+000  0.000000000E+000  0.000000000E+000  0.000000000E+000  0.000000000E+000  0.000000000E+000  0.000000000E+000  0.000000000E+000  0.000000000E+000  0.000000000E+000  0.000000000E+000  0.000000000E+000  0.000000000E+000  0.000000000E+000  0.000000000E+000 
 0.000000000E+000  0.000000000E+000  0.000000000E+000  0.000000000E+000  0.000000000E+000  0.000000000E+000  0.000000000E+000  0.000000000E+000  9.918004300E-001  0.000000000E+000 -4.694964000E-002  0.000000000E+000 -3.677380000E-003  0.000000000E+000  0.000000000E+000  0.000000000E+000  0.000000000E+000  0.000000000E+000  0.000000000E+000  0.000000000E+000  0.000000000E+000  0.000000000E+000  0.000000000E+000  0.000000000E+000  0.000000000E+000  0.000000000E+000 
 0.000000000E+000  0.000000000E+000  0.000000000E+000  0.000000000E+000  0.000000000E+000  0.000000000E+000  0.000000000E+000  0.000000000E+000  5.398485000E-002  0.000000000E+000  9.911242000E-001  0.000000000E+000 -2.869555000E-002  0.000000000E+000  0.000000000E+000  0.000000000E+000  0.000000000E+000  0.000000000E+000  0.000000000E+000  0.000000000E+000  0.000000000E+000  0.000000000E+000  0.000000000E+000  0.000000000E+000  0.000000000E+000  0.000000000E+000 
 0.000000000E+000  0.000000000E+000  0.000000000E+000  0.000000000E+000  0.000000000E+000  0.000000000E+000  0.000000000E+000  0.000000000E+000  6.658390000E-003  0.000000000E+000  2.936278000E-002  0.000000000E+000  9.960168100E-001  0.000000000E+000  0.000000000E+000  0.000000000E+000  0.000000000E+000  0.000000000E+000  0.000000000E+000  0.000000000E+000  0.000000000E+000  0.000000000E+000  0.000000000E+000  0.000000000E+000  0.000000000E+000  0.000000000E+000 
 0.000000000E+000  0.000000000E+000  0.000000000E+000  0.000000000E+000  0.000000000E+000  0.000000000E+000  0.000000000E+000  0.000000000E+000  0.000000000E+000  0.000000000E+000  0.000000000E+000  0.000000000E+000  0.000000000E+000  0.000000000E+000  9.918004300E-001  0.000000000E+000 -4.694964000E-002  0.000000000E+000 -3.677380000E-003  0.000000000E+000  0.000000000E+000  0.000000000E+000  0.000000000E+000  0.000000000E+000  0.000000000E+000  0.000000000E+000 
 0.000000000E+000  0.000000000E+000  0.000000000E+000  0.000000000E+000  0.000000000E+000  0.000000000E+000  0.000000000E+000  0.000000000E+000  0.000000000E+000  0.000000000E+000  0.000000000E+000  0.000000000E+000  0.000000000E+000  0.000000000E+000  5.398485000E-002  0.000000000E+000  9.911242000E-001  0.000000000E+000 -2.869555000E-002  0.000000000E+000  0.000000000E+000  0.000000000E+000  0.000000000E+000  0.000000000E+000  0.000000000E+000  0.000000000E+000 
 0.000000000E+000  0.000000000E+000  0.000000000E+000  0.000000000E+000  0.000000000E+000  0.000000000E+000  0.000000000E+000  0.000000000E+000  0.000000000E+000  0.000000000E+000  0.000000000E+000  0.000000000E+000  0.000000000E+000  0.000000000E+000  6.658390000E-003  0.000000000E+000  2.936278000E-002  0.000000000E+000  9.960168100E-001  0.000000000E+000  0.000000000E+000  0.000000000E+000  0.000000000E+000  0.000000000E+000  0.000000000E+000  0.000000000E+000 
 0.000000000E+000  0.000000000E+000  0.000000000E+000  0.000000000E+000  0.000000000E+000  0.000000000E+000  0.000000000E+000  0.000000000E+000  0.000000000E+000  0.000000000E+000  0.000000000E+000  0.000000000E+000  0.000000000E+000  0.000000000E+000  0.000000000E+000  0.000000000E+000  0.000000000E+000  0.000000000E+000  0.000000000E+000  0.000000000E+000  9.918004300E-001  0.000000000E+000 -4.694964000E-002  0.000000000E+000 -3.677380000E-003  0.000000000E+000 
 0.000000000E+000  0.000000000E+000  0.000000000E+000  0.000000000E+000  0.000000000E+000  0.000000000E+000  0.000000000E+000  0.000000000E+000  0.000000000E+000  0.000000000E+000  0.000000000E+000  0.000000000E+000  0.000000000E+000  0.000000000E+000  0.000000000E+000  0.000000000E+000  0.000000000E+000  0.000000000E+000  0.000000000E+000  0.000000000E+000  5.398485000E-002  0.000000000E+000  9.911242000E-001  0.000000000E+000 -2.869555000E-002  0.000000000E+000 
 0.000000000E+000  0.000000000E+000  0.000000000E+000  0.000000000E+000  0.000000000E+000  0.000000000E+000  0.000000000E+000  0.000000000E+000  0.000000000E+000  0.000000000E+000  0.000000000E+000  0.000000000E+000  0.000000000E+000  0.000000000E+000  0.000000000E+000  0.000000000E+000  0.000000000E+000  0.000000000E+000  0.000000000E+000  0.000000000E+000  6.658390000E-003  0.000000000E+000  2.936278000E-002  0.000000000E+000  9.960168100E-001  0.000000000E+000 

! 7 Phases
13 ! for all nmstates
 1.000000000E+000  0.000000000E+000
 1.000000000E+000  0.000000000E+000
 1.000000000E+000  0.000000000E+000
 1.000000000E+000  0.000000000E+000
 1.000000000E+000  0.000000000E+000
 1.000000000E+000  0.000000000E+000
 1.000000000E+000  0.000000000E+000
 1.000000000E+000  0.000000000E+000
 1.000000000E+000  0.000000000E+000
 1.000000000E+000  0.000000000E+000
 1.000000000E+000  0.000000000E+000
 1.000000000E+000  0.000000000E+000
 1.000000000E+000  0.000000000E+000
! 8 Runtime
 4.600000000E+001
