            --------------------------------------------------------
                             AMBER SQM VERSION 19
 
                                     By
              Ross C. Walker, Michael F. Crowley, Scott Brozell,
                         Tim Giese, Andreas W. Goetz,
                        Tai-Sung Lee and David A. Case
 
            --------------------------------------------------------
 

--------------------------------------------------------------------------------
  QM CALCULATION INFO
--------------------------------------------------------------------------------

| QMMM: Citation for AMBER QMMM Run:
| QMMM: R.C. Walker, M.F. Crowley and D.A. Case, J. COMP. CHEM. 29:1019, 2008

QMMM: SINGLET STATE CALCULATION
QMMM: RHF CALCULATION, NO. OF DOUBLY OCCUPIED LEVELS = 45

| QMMM: *** Selected Hamiltonian *** 
| QMMM: AM1         

| QMMM: *** Parameter sets in use ***
| QMMM: C : M.J.S.DEWAR et al. JACS, 107, 3902, (1985)
| QMMM: N : M.J.S.DEWAR et al. JACS, 107, 3902, (1985)
| QMMM: H : M.J.S.DEWAR et al. JACS, 107, 3902, (1985)
| QMMM: O : M.J.S.DEWAR et al. JACS, 107, 3902, (1985)

| QMMM: *** SCF convergence criteria ***
| QMMM: Energy change                :  0.1D-09 kcal/mol
| QMMM: Error matrix |FP-PF|         :  0.1D+00 au
| QMMM: Density matrix change        :  0.5D-06
| QMMM: Maximum number of SCF cycles :     1000

| QMMM: *** Diagonalization Routine Information ***
| QMMM: Pseudo diagonalizations are allowed.
| QMMM: Auto diagonalization routine selection is in use.
| QMMM:
| QMMM: Timing diagonalization routines:
| QMMM:                              norbs =       82
| QMMM:    diag iterations used for timing =       15
| QMMM:
| QMMM:              Internal diag routine = 0.040404 seconds
| QMMM:                 Dspev diag routine = 0.048445 seconds
| QMMM:                Dspevd diag routine = 0.040091 seconds
| QMMM:                Dspevx diag routine = 0.092306 seconds
| QMMM:                 Dsyev diag routine = 0.045837 seconds
| QMMM:                Dsyevd diag routine = 0.079516 seconds
| QMMM:                Dsyevr diag routine = 0.055187 seconds
| QMMM:
| QMMM:                Pseudo diag routine = 0.011677 seconds
| QMMM:
| QMMM: Using dspevd routine (diag_routine=3).

  QMMM: QM Region Cartesian Coordinates (*=link atom) 
  QMMM: QM_NO.   MM_NO.  ATOM         X         Y         Z
  QMMM:     1        1      C        1.5390    0.0410   -0.0220
  QMMM:     2        2      C        4.9390    1.2110    0.0230
  QMMM:     3        3      C        0.7820    1.2250   -0.0180
  QMMM:     4        4      C        5.6570    2.4160    0.0140
  QMMM:     5        5      C       -0.6140    1.2100   -0.0110
  QMMM:     6        6      C        7.0580    2.4540    0.0450
  QMMM:     7        7      C       -1.2750   -0.0180   -0.0070
  QMMM:     8        8      C        7.7900    1.2730    0.1240
  QMMM:     9        9      C       -0.5600   -1.2180   -0.0110
  QMMM:    10       10      C        7.1040    0.0600    0.0940
  QMMM:    11       11      C        0.8340   -1.1720   -0.0180
  QMMM:    12       12      C        5.7040    0.0360    0.0620
  QMMM:    13       13      N        2.8910   -0.0240   -0.0250
  QMMM:    14       14      N        3.5850    1.2740   -0.0170
  QMMM:    15       15      H        1.3120    2.1750   -0.0190
  QMMM:    16       16      H        5.0920    3.3440   -0.0310
  QMMM:    17       17      H       -1.1410    2.1560   -0.0070
  QMMM:    18       18      H        7.5590    3.4130    0.0090
  QMMM:    19       19      N       -2.7370   -0.0510    0.0020
  QMMM:    20       20      O       -3.3030   -1.1590    0.0060
  QMMM:    21       21      O       -3.3550    1.0280    0.0050
  QMMM:    22       22      H        9.3760    1.4290   -1.0250
  QMMM:    23       23      H        9.5800    0.4130    0.2700
  QMMM:    24       24      N        9.2010    1.3060   -0.0300
  QMMM:    25       25      H       -1.0500   -2.1840   -0.0070
  QMMM:    26       26      H        7.6270   -0.8880    0.0880
  QMMM:    27       27      H        1.4120   -2.0940   -0.0200
  QMMM:    28       28      H        5.1810   -0.9170    0.0520

--------------------------------------------------------------------------------
  RESULTS
--------------------------------------------------------------------------------

      iter         sqm energy              rms gradient
      ----    -------------------    -----------------------
xmin    10      102.4472 kcal/mol        4.4031 kcal/(mol*A)
xmin    20      101.1938 kcal/mol        0.4848 kcal/(mol*A)
xmin    30      101.1479 kcal/mol        0.1169 kcal/(mol*A)
xmin    40      101.1422 kcal/mol        0.0290 kcal/(mol*A)
xmin    50      101.1399 kcal/mol        0.0611 kcal/(mol*A)
xmin    60      101.1390 kcal/mol        0.0372 kcal/(mol*A)
xmin    70      101.1360 kcal/mol        0.1461 kcal/(mol*A)
xmin    80      101.1276 kcal/mol        0.0334 kcal/(mol*A)
xmin    90      101.1181 kcal/mol        0.0830 kcal/(mol*A)
xmin   100      101.1004 kcal/mol        0.0509 kcal/(mol*A)
xmin   110      101.0909 kcal/mol        0.0856 kcal/(mol*A)
xmin   120      101.0843 kcal/mol        0.0349 kcal/(mol*A)
xmin   130      101.0707 kcal/mol        0.0574 kcal/(mol*A)
xmin   140      101.0575 kcal/mol        0.2374 kcal/(mol*A)
xmin   150      101.0495 kcal/mol        0.0994 kcal/(mol*A)
xmin   160      101.0416 kcal/mol        0.0275 kcal/(mol*A)
xmin   170      101.0372 kcal/mol        0.1792 kcal/(mol*A)
xmin   180      101.0308 kcal/mol        0.0796 kcal/(mol*A)
xmin   190      101.0219 kcal/mol        0.0842 kcal/(mol*A)
xmin   200      101.0180 kcal/mol        0.0415 kcal/(mol*A)
xmin   210      101.0117 kcal/mol        0.0322 kcal/(mol*A)
xmin   220      101.0102 kcal/mol        0.0409 kcal/(mol*A)
xmin   230      101.0051 kcal/mol        0.0451 kcal/(mol*A)
xmin   240      101.0028 kcal/mol        0.0398 kcal/(mol*A)
xmin   250      100.9974 kcal/mol        0.1069 kcal/(mol*A)
xmin   260      100.9960 kcal/mol        0.0376 kcal/(mol*A)
xmin   270      100.9957 kcal/mol        0.0115 kcal/(mol*A)
xmin   280      100.9955 kcal/mol        0.0088 kcal/(mol*A)
xmin   290      100.9952 kcal/mol        0.0245 kcal/(mol*A)
xmin   300      100.9949 kcal/mol        0.0150 kcal/(mol*A)
xmin   310      100.9947 kcal/mol        0.0155 kcal/(mol*A)
xmin   320      100.9946 kcal/mol        0.0222 kcal/(mol*A)
xmin   330      100.9946 kcal/mol        0.0118 kcal/(mol*A)
xmin   340      100.9945 kcal/mol        0.0105 kcal/(mol*A)
xmin   350      100.9944 kcal/mol        0.0075 kcal/(mol*A)
xmin   360      100.9943 kcal/mol        0.0022 kcal/(mol*A)
  ... geometry converged !
 
 Final MO eigenvalues (eV):
 -43.2276  -40.6589  -39.9022  -38.5620  -37.6584  -35.6618  -32.8031  -32.2833
 -31.9639  -30.0655  -27.5365  -25.2656  -24.0612  -23.8552  -23.0703  -21.5608
 -20.1862  -19.3791  -18.7290  -18.4323  -18.3597  -17.9074  -17.0387  -16.2954
 -15.9614  -15.4817  -15.2238  -15.1982  -14.9439  -14.5996  -14.2896  -14.2239
 -13.9753  -13.5710  -12.6726  -12.2458  -12.2334  -11.8587  -11.7868  -11.7784
 -10.6357  -10.4981  -10.2204   -9.9616   -8.7949   -1.3882   -0.4385   -0.1944
   0.1878    0.5310    0.6897    1.2098    1.9531    2.2014    2.4076    2.6392
   3.2131    3.2474    3.4468    3.5229    3.5670    3.6818    3.8160    3.9486
   3.9690    4.1476    4.3259    4.3925    4.5867    4.6347    4.6366    4.7439
   4.8212    5.0192    5.1383    5.2682    5.4451    5.6802    5.8208    5.8783
   6.9219    7.2504

 Heat of formation   =        100.99432200 kcal/mol  (        4.37944244 eV)

 Total SCF energy    =     -72353.59192041 kcal/mol  (    -3137.48718271 eV)
 Electronic energy   =    -396251.44543234 kcal/mol  (   -17182.75206766 eV)
 Core-core repulsion =     323897.85351192 kcal/mol  (    14045.26488495 eV)
 
    Atomic Charges for Step       1 :
  Atom    Element       Mulliken Charge
     1      C                  0.015
     2      C                 -0.120
     3      C                 -0.135
     4      C                 -0.027
     5      C                 -0.067
     6      C                 -0.219
     7      C                 -0.132
     8      C                  0.112
     9      C                 -0.072
    10      C                 -0.216
    11      C                 -0.114
    12      C                 -0.051
    13      N                 -0.093
    14      N                 -0.036
    15      H                  0.161
    16      H                  0.148
    17      H                  0.172
    18      H                  0.139
    19      N                  0.568
    20      O                 -0.359
    21      O                 -0.359
    22      H                  0.204
    23      H                  0.205
    24      N                 -0.345
    25      H                  0.172
    26      H                  0.138
    27      H                  0.160
    28      H                  0.151
 Total Mulliken Charge =      -0.000
 
                  X        Y        Z     TOTAL  
  QM DIPOLE     8.507    0.323   -0.959    8.567
 
 Final Structure

  QMMM: QM Region Cartesian Coordinates (*=link atom) 
  QMMM: QM_NO.   MM_NO.  ATOM         X         Y         Z
  QMMM:     1        1      C        1.4786    0.1151    0.0330
  QMMM:     2        2      C        4.9925    1.0345   -0.1031
  QMMM:     3        3      C        0.7254    1.2464    0.4047
  QMMM:     4        4      C        5.6579    2.2024   -0.5413
  QMMM:     5        5      C       -0.6646    1.2027    0.4062
  QMMM:     6        6      C        7.0386    2.2894   -0.5015
  QMMM:     7        7      C       -1.3179    0.0207    0.0258
  QMMM:     8        8      C        7.8214    1.2137   -0.0109
  QMMM:     9        9      C       -0.5830   -1.1144   -0.3530
  QMMM:    10       10      C        7.1511    0.0420    0.4212
  QMMM:    11       11      C        0.8054   -1.0663   -0.3477
  QMMM:    12       12      C        5.7694   -0.0403    0.3773
  QMMM:    13       13      N        2.9137    0.0520    0.0996
  QMMM:    14       14      N        3.5665    1.0578   -0.1807
  QMMM:    15       15      H        1.2295    2.1803    0.7024
  QMMM:    16       16      H        5.0777    3.0587   -0.9244
  QMMM:    17       17      H       -1.2488    2.0918    0.7009
  QMMM:    18       18      H        7.5280    3.2123   -0.8481
  QMMM:    19       19      N       -2.8025   -0.0309    0.0228
  QMMM:    20       20      O       -3.3495   -1.0484   -0.3103
  QMMM:    21       21      O       -3.4203    0.9461    0.3534
  QMMM:    22       22      H        9.6304    2.0367   -0.4406
  QMMM:    23       23      H        9.7082    0.4852    0.1969
  QMMM:    24       24      N        9.1973    1.3318    0.1083
  QMMM:    25       25      H       -1.1052   -2.0396   -0.6528
  QMMM:    26       26      H        7.7287   -0.8124    0.8054
  QMMM:    27       27      H        1.3758   -1.9616   -0.6443
  QMMM:    28       28      H        5.2838   -0.9668    0.7269

           --------- Calculation Completed ----------

