
 BerkeleyGW  tag 1.0.4  revision 4950

 Sigma  Real version  Run on  13-Jul-2022  at  14:38:48 -0400

--------------------------------------------------------------------------------
 Please cite the following papers when using results from BerkeleyGW:

 Jack Deslippe, Georgy Samsonidze, David A. Strubbe, Manish Jain, Marvin L.
 Cohen, and Steven G. Louie, "BerkeleyGW: A Massively Parallel Computer Package
 for the Calculation of the Quasiparticle and Optical Properties of Materials
 and Nanostructures," Comput. Phys. Commun. 183, 1269 (2012)

 Mark S. Hybertsen and Steven G. Louie, "Electron correlation in semiconductors
 and insulators: Band gaps and quasiparticle energies," Phys. Rev. B 34, 5390
 (1986)

 Michael Rohlfing and Steven G. Louie, "Electron-hole excitations and optical
 spectra from first principles," Phys. Rev. B 62, 4927 (2000)
--------------------------------------------------------------------------------

 Running MPI version (parallel)

 Running on   12 processor(s)

 Using the Generalized Plasmon Pole model

 We are communicating via MPI

 Computing CH as a partial sum over empty bands

 Computing half sum over G and G' vectors

 Running with semiconductor screening

 We are using no truncation

 Computing exchange-correlation matrix elements from VXC file

Using energy integration method
Reading in weight.dat
The code will use the paramters in weight.dat
Done reading in weight.dat
 Memory available:      10.232 GB per PE
 kshift  0.000000000000000E+000  0.000000000000000E+000  0.000000000000000E+000
 kgrid           6           6           6
 nk          16
          33          33          33       14331   27370.1938733994     
       35937   37015.1100000000     
 *** VERBOSE: Reading WFN_inner -- gvec info  time = 14:38:48.162
 Memory required for execution:   19.0 MB per PE
 Memory required for vcoul:  114.4 MB per PE
 
 Highest occupied band (unshifted grid) =  4
 Middle energy (unshifted grid) =     11.783910 eV
 Fermi  energy (unshifted grid) =     11.783910 eV

 Number of electrons per unit cell =   8.000000
 Plasma Frequency =   1.793597 Rydberg

 *** VERBOSE: Reading VXC  time = 14:38:48.193
 sig%vxc(1) -0.716807850743156     
 *** VERBOSE: Reading RHO  time = 14:38:48.209
 rho(1)=   8.00000000000000     
   12 processor(s),    1 pool(s),   12 processor(s) per pool
 each pool is computing    8 diagonal sigma matrix element(s)
 each pool is computing    0 off-diagonal sigma matrix element(s)
 each pool is holding   29 to   30 valence and conduction band(s)
 
 *** VERBOSE: Reading WFN_inner -> cond/val wfns irk=           1  time = 
 14:38:48.228
 *** VERBOSE: Reading WFN_inner -> cond/val wfns irk=           2  time = 
 14:38:48.272
 *** VERBOSE: Reading WFN_inner -> cond/val wfns irk=           3  time = 
 14:38:48.315
 *** VERBOSE: Reading WFN_inner -> cond/val wfns irk=           4  time = 
 14:38:48.349
 *** VERBOSE: Reading WFN_inner -> cond/val wfns irk=           5  time = 
 14:38:48.426
 *** VERBOSE: Reading WFN_inner -> cond/val wfns irk=           6  time = 
 14:38:48.443
 *** VERBOSE: Reading WFN_inner -> cond/val wfns irk=           7  time = 
 14:38:48.476
 *** VERBOSE: Reading WFN_inner -> cond/val wfns irk=           8  time = 
 14:38:48.547
 *** VERBOSE: Reading WFN_inner -> cond/val wfns irk=           9  time = 
 14:38:48.581
 *** VERBOSE: Reading WFN_inner -> cond/val wfns irk=          10  time = 
 14:38:48.603
 *** VERBOSE: Reading WFN_inner -> cond/val wfns irk=          11  time = 
 14:38:48.708
 *** VERBOSE: Reading WFN_inner -> cond/val wfns irk=          12  time = 
 14:38:48.723
 *** VERBOSE: Reading WFN_inner -> cond/val wfns irk=          13  time = 
 14:38:48.728
 *** VERBOSE: Reading WFN_inner -> cond/val wfns irk=          14  time = 
 14:38:48.783
 *** VERBOSE: Reading WFN_inner -> cond/val wfns irk=          15  time = 
 14:38:48.844
 *** VERBOSE: Reading WFN_inner -> cond/val wfns irk=          16  time = 
 14:38:48.880

 Read WFN_inner successfully.


     ntband =   350  nvband =   4  ncrit =  0
     ecutb = 90.0000  ecuts = 60.0000  sexcut =  4.0000
     gamma =  0.5000  fdf =  2  de =  0.5000 eV

     cvfit       =  0.0000  0.0000  0.0000  0.0000  0.0000  0.0000
     cvfit_outer =  0.0000  0.0000  0.0000  0.0000  0.0000  0.0000

     data for sum rule   rho(0,1)=  8.0000   wp = 24.4031 eV
 

 ndiag    =   8
 diag(:)  =   1   2   3   4   5   6   7   8
 noffdiag =   0
 
 *** VERBOSE: Opening WFN_outer  time = 14:38:48.901
 *** VERBOSE: Calling epscopy  time = 14:38:49.928
  
  Allocating epsilon matrices:         1002
  

      eps0mat read from chiGG0  13-Jul-2022
      nq0=   1 q0=      0.005     0.005     0.005

      epsmat read from chiGG0  13-Jul-2022
       nq=  15 gmax=     60.000
                 0.000     0.000     0.167
                 0.000     0.000     0.333
                 0.000     0.000     0.500
                 0.000     0.167     0.167
                 0.000     0.167     0.333
                 0.000     0.167     0.500
                 0.000     0.167     0.667
                 0.000     0.167     0.833
                 0.000     0.333     0.333
                 0.000     0.333     0.500
                 0.000     0.333     0.667
                 0.000     0.500     0.500
                 0.167     0.333     0.500
                 0.167     0.333     0.667
                 0.167     0.500     0.667
 *** VERBOSE: Reading ngq0=       14331 , nmtx, isortold(:)  time = 14:38:49.991
 *** VERBOSE: Reading ekold and eps, nmtx=         941  time = 14:38:49.992
 *** VERBOSE: Storing eps0 to memory  time = 14:38:49.993
 *** VERBOSE: Matching oldxyz  time = 14:38:49.993
 *** VERBOSE: Storing eps to memory  time = 14:38:49.999
 *** VERBOSE: Storing eps to memory  time = 14:38:50.004
 *** VERBOSE: Storing eps to memory  time = 14:38:50.009
 *** VERBOSE: Storing eps to memory  time = 14:38:50.014
 *** VERBOSE: Storing eps to memory  time = 14:38:50.018
 *** VERBOSE: Storing eps to memory  time = 14:38:50.023
 *** VERBOSE: Storing eps to memory  time = 14:38:50.028
 *** VERBOSE: Storing eps to memory  time = 14:38:50.032
 *** VERBOSE: Storing eps to memory  time = 14:38:50.037
 *** VERBOSE: Storing eps to memory  time = 14:38:50.042
 *** VERBOSE: Storing eps to memory  time = 14:38:50.046
 *** VERBOSE: Storing eps to memory  time = 14:38:50.051
 *** VERBOSE: Storing eps to memory  time = 14:38:50.055
 *** VERBOSE: Storing eps to memory  time = 14:38:50.060
 *** VERBOSE: Storing eps to memory  time = 14:38:50.065

     q->0  chiGG0 13-Jul-2022

     nq= 16  chiGG0 13-Jul-2022
 Using q0vec read from eps0mat
  5.000000000000000E-003  5.000000000000000E-003  5.000000000000000E-003
 
 *** VERBOSE: nq, syms%ntran=           16          48
 *** VERBOSE: Allocating eps  time = 14:38:50.078
 *** VERBOSE: size of eps, neps=        1002
k+G sampling:   0.204124  0.192450  0.180021 (reciprocal lattice units)

                    K=   0.000   0.000   0.000

 *** VERBOSE: Calling mtxel_vxc  time = 14:38:50.078
 *** VERBOSE: Creating   36 x  36 x  36 FFTW plans.  time = 14:38:50.079
 *** VERBOSE: Done creating plans  time = 14:38:55.714
 *** VERBOSE: Computing <n|Vxc|n> for n=   1  time = 14:38:55.715
 *** VERBOSE: Computing <n|Vxc|n> for n=   2  time = 14:38:55.717
 *** VERBOSE: Computing <n|Vxc|n> for n=   3  time = 14:38:55.718
 *** VERBOSE: Computing <n|Vxc|n> for n=   4  time = 14:38:55.719
 *** VERBOSE: Computing <n|Vxc|n> for n=   5  time = 14:38:55.720
 *** VERBOSE: Computing <n|Vxc|n> for n=   6  time = 14:38:55.721
 *** VERBOSE: Computing <n|Vxc|n> for n=   7  time = 14:38:55.723
 *** VERBOSE: Computing <n|Vxc|n> for n=   8  time = 14:38:55.724
   16 q-points in irreducible BZ

               q                     neq      indrq      itrq         kg0

   0.00000   0.00000   0.00000        1        1       48        0   0   0
   0.00000   0.00000   0.16667        8        2       47        0   0   0
   0.00000   0.00000   0.33333        8        3       47        0   0   0
   0.00000   0.00000   0.50000        4        4       47        0   0   0
   0.00000   0.16667   0.16667        6        5       42        0   0   0
   0.00000   0.16667   0.33333       24        6       42        0   0   0
   0.00000   0.16667   0.50000       24        7       42        0   0   0
   0.00000   0.16667   0.66667       24        8       42        0   0   0
   0.00000   0.16667   0.83333       12        9       42        0   0   0
   0.00000   0.33333   0.33333        6       10       42        0   0   0
   0.00000   0.33333   0.50000       24       11       42        0   0   0
   0.00000   0.33333   0.66667       12       12       42        0   0   0
   0.00000   0.50000   0.50000        3       13       44        0   1   1
   0.16667   0.33333   0.50000       24       14       28        0   0   0
   0.16667   0.33333   0.66667       24       15       23        0   0   1
   0.16667   0.50000   0.66667       12       16       28        0   0   0

   qpoint    1 out of    16
  
 Reading Eps Back
 *** VERBOSE: Read data from unit itpe or memory  time = 14:38:56.553
 *** VERBOSE: nmtx =       941 ncouls =       941
 
   q= 0.000 0.000 0.000  n=   941  eps(1,1)=  0.34

 *** VERBOSE: Calling gmap  time = 14:38:56.553
 *** VERBOSE: Calling genwf  time = 14:38:56.554
 
 Computing Sigma diag   1 of   8
 *** VERBOSE: Working on band            1  1st pool  time = 14:38:56.556
 *** VERBOSE: Calling mtxel  time = 14:38:56.556
 *** VERBOSE: Calling mtxel_sxch for diagonal matrix elements  time = 
 14:38:56.624
 *** VERBOSE: Computing bare X  time = 14:38:57.359
 Computing Sigma diag   2 of   8
 *** VERBOSE: Working on band            2  1st pool  time = 14:38:57.360
 *** VERBOSE: Calling mtxel  time = 14:38:57.360
 *** VERBOSE: Calling mtxel_sxch for diagonal matrix elements  time = 
 14:38:57.427
 *** VERBOSE: Computing bare X  time = 14:38:58.171
 Computing Sigma diag   3 of   8
 *** VERBOSE: Working on band            3  1st pool  time = 14:38:58.172
 *** VERBOSE: Calling mtxel  time = 14:38:58.172
 *** VERBOSE: Calling mtxel_sxch for diagonal matrix elements  time = 
 14:38:58.239
 *** VERBOSE: Computing bare X  time = 14:38:58.974
 Computing Sigma diag   4 of   8
 *** VERBOSE: Working on band            4  1st pool  time = 14:38:58.974
 *** VERBOSE: Calling mtxel  time = 14:38:58.974
 *** VERBOSE: Calling mtxel_sxch for diagonal matrix elements  time = 
 14:38:59.042
 *** VERBOSE: Computing bare X  time = 14:38:59.788
 Computing Sigma diag   5 of   8
 *** VERBOSE: Working on band            5  1st pool  time = 14:38:59.789
 *** VERBOSE: Calling mtxel  time = 14:38:59.789
 *** VERBOSE: Calling mtxel_sxch for diagonal matrix elements  time = 
 14:38:59.857
 *** VERBOSE: Computing bare X  time = 14:39:00.591
 Computing Sigma diag   6 of   8
 *** VERBOSE: Working on band            6  1st pool  time = 14:39:00.592
 *** VERBOSE: Calling mtxel  time = 14:39:00.592
 *** VERBOSE: Calling mtxel_sxch for diagonal matrix elements  time = 
 14:39:00.659
 *** VERBOSE: Computing bare X  time = 14:39:01.395
 Computing Sigma diag   7 of   8
 *** VERBOSE: Working on band            7  1st pool  time = 14:39:01.395
 *** VERBOSE: Calling mtxel  time = 14:39:01.395
 *** VERBOSE: Calling mtxel_sxch for diagonal matrix elements  time = 
 14:39:01.462
 *** VERBOSE: Computing bare X  time = 14:39:02.197
 Computing Sigma diag   8 of   8
 *** VERBOSE: Working on band            8  1st pool  time = 14:39:02.197
 *** VERBOSE: Calling mtxel  time = 14:39:02.197
 *** VERBOSE: Calling mtxel_sxch for diagonal matrix elements  time = 
 14:39:02.265
 *** VERBOSE: Computing bare X  time = 14:39:02.999
 
 
 *** VERBOSE: Calling MPI_Allreduce xdum1 to xdum2  time = 14:39:02.999
 *** VERBOSE: Done reduction of xdum1 to xdum2  time = 14:39:02.999
#kpt=      0.000000    0.000000    0.000000
#qpt=      0.000000    0.000000    0.000000
# irq =     1  neq =     1
# q0vec =     0.005000    0.005000    0.005000
# q0len =     0.006855731998
#diagonal      1 ispin     1
#diagonal      2 ispin     1
#diagonal      3 ispin     1
#diagonal      4 ispin     1
#diagonal      5 ispin     1
#diagonal      6 ispin     1
#diagonal      7 ispin     1
#diagonal      8 ispin     1

   qpoint    2 out of    16
  
 Reading Eps Back
 *** VERBOSE: Read data from unit itpe or memory  time = 14:39:03.015
 *** VERBOSE: nmtx =       968 ncouls =       968
 
   q= 0.000 0.000 0.167  n=   968  eps(1,1)=  0.38

 *** VERBOSE: Calling gmap  time = 14:39:03.015
 *** VERBOSE: Calling genwf  time = 14:39:03.015
 
 Computing Sigma diag   1 of   8
 *** VERBOSE: Working on band            1  1st pool  time = 14:39:03.019
 *** VERBOSE: Calling mtxel  time = 14:39:03.019
 *** VERBOSE: Calling mtxel_sxch for diagonal matrix elements  time = 
 14:39:03.087
 *** VERBOSE: Computing bare X  time = 14:39:03.883
 Computing Sigma diag   2 of   8
 *** VERBOSE: Working on band            2  1st pool  time = 14:39:03.884
 *** VERBOSE: Calling mtxel  time = 14:39:03.884
 *** VERBOSE: Calling mtxel_sxch for diagonal matrix elements  time = 
 14:39:03.951
 *** VERBOSE: Computing bare X  time = 14:39:04.749
 Computing Sigma diag   3 of   8
 *** VERBOSE: Working on band            3  1st pool  time = 14:39:04.749
 *** VERBOSE: Calling mtxel  time = 14:39:04.749
 *** VERBOSE: Calling mtxel_sxch for diagonal matrix elements  time = 
 14:39:04.817
 *** VERBOSE: Computing bare X  time = 14:39:05.614
 Computing Sigma diag   4 of   8
 *** VERBOSE: Working on band            4  1st pool  time = 14:39:05.614
 *** VERBOSE: Calling mtxel  time = 14:39:05.614
 *** VERBOSE: Calling mtxel_sxch for diagonal matrix elements  time = 
 14:39:05.682
 *** VERBOSE: Computing bare X  time = 14:39:06.479
 Computing Sigma diag   5 of   8
 *** VERBOSE: Working on band            5  1st pool  time = 14:39:06.479
 *** VERBOSE: Calling mtxel  time = 14:39:06.479
 *** VERBOSE: Calling mtxel_sxch for diagonal matrix elements  time = 
 14:39:06.547
 *** VERBOSE: Computing bare X  time = 14:39:07.344
 Computing Sigma diag   6 of   8
 *** VERBOSE: Working on band            6  1st pool  time = 14:39:07.344
 *** VERBOSE: Calling mtxel  time = 14:39:07.344
 *** VERBOSE: Calling mtxel_sxch for diagonal matrix elements  time = 
 14:39:07.412
 *** VERBOSE: Computing bare X  time = 14:39:08.208
 Computing Sigma diag   7 of   8
 *** VERBOSE: Working on band            7  1st pool  time = 14:39:08.209
 *** VERBOSE: Calling mtxel  time = 14:39:08.209
 *** VERBOSE: Calling mtxel_sxch for diagonal matrix elements  time = 
 14:39:08.276
 *** VERBOSE: Computing bare X  time = 14:39:09.073
 Computing Sigma diag   8 of   8
 *** VERBOSE: Working on band            8  1st pool  time = 14:39:09.074
 *** VERBOSE: Calling mtxel  time = 14:39:09.074
 *** VERBOSE: Calling mtxel_sxch for diagonal matrix elements  time = 
 14:39:09.141
 *** VERBOSE: Computing bare X  time = 14:39:09.939
 
 
 *** VERBOSE: Calling MPI_Allreduce xdum1 to xdum2  time = 14:39:09.939
 *** VERBOSE: Done reduction of xdum1 to xdum2  time = 14:39:09.939
#kpt=      0.000000    0.000000    0.000000
#qpt=      0.000000    0.000000    0.166667
# irq =     2  neq =     8
# q0vec =     0.005000    0.005000    0.005000
# q0len =     0.006855731998
#diagonal      1 ispin     1
#diagonal      2 ispin     1
#diagonal      3 ispin     1
#diagonal      4 ispin     1
#diagonal      5 ispin     1
#diagonal      6 ispin     1
#diagonal      7 ispin     1
#diagonal      8 ispin     1

   qpoint    3 out of    16
  
 Reading Eps Back
 *** VERBOSE: Read data from unit itpe or memory  time = 14:39:09.945
 *** VERBOSE: nmtx =       968 ncouls =       968
 
   q= 0.000 0.000 0.333  n=   968  eps(1,1)=  0.45

 *** VERBOSE: Calling gmap  time = 14:39:09.945
 *** VERBOSE: Calling genwf  time = 14:39:09.945
 
 Computing Sigma diag   1 of   8
 *** VERBOSE: Working on band            1  1st pool  time = 14:39:09.949
 *** VERBOSE: Calling mtxel  time = 14:39:09.950
 *** VERBOSE: Calling mtxel_sxch for diagonal matrix elements  time = 
 14:39:10.017
 *** VERBOSE: Computing bare X  time = 14:39:10.808
 Computing Sigma diag   2 of   8
 *** VERBOSE: Working on band            2  1st pool  time = 14:39:10.808
 *** VERBOSE: Calling mtxel  time = 14:39:10.808
 *** VERBOSE: Calling mtxel_sxch for diagonal matrix elements  time = 
 14:39:10.876
 *** VERBOSE: Computing bare X  time = 14:39:11.667
 Computing Sigma diag   3 of   8
 *** VERBOSE: Working on band            3  1st pool  time = 14:39:11.667
 *** VERBOSE: Calling mtxel  time = 14:39:11.667
 *** VERBOSE: Calling mtxel_sxch for diagonal matrix elements  time = 
 14:39:11.735
 *** VERBOSE: Computing bare X  time = 14:39:12.525
 Computing Sigma diag   4 of   8
 *** VERBOSE: Working on band            4  1st pool  time = 14:39:12.525
 *** VERBOSE: Calling mtxel  time = 14:39:12.525
 *** VERBOSE: Calling mtxel_sxch for diagonal matrix elements  time = 
 14:39:12.593
 *** VERBOSE: Computing bare X  time = 14:39:13.401
 Computing Sigma diag   5 of   8
 *** VERBOSE: Working on band            5  1st pool  time = 14:39:13.401
 *** VERBOSE: Calling mtxel  time = 14:39:13.401
 *** VERBOSE: Calling mtxel_sxch for diagonal matrix elements  time = 
 14:39:13.469
 *** VERBOSE: Computing bare X  time = 14:39:14.259
 Computing Sigma diag   6 of   8
 *** VERBOSE: Working on band            6  1st pool  time = 14:39:14.259
 *** VERBOSE: Calling mtxel  time = 14:39:14.259
 *** VERBOSE: Calling mtxel_sxch for diagonal matrix elements  time = 
 14:39:14.327
 *** VERBOSE: Computing bare X  time = 14:39:15.118
 Computing Sigma diag   7 of   8
 *** VERBOSE: Working on band            7  1st pool  time = 14:39:15.119
 *** VERBOSE: Calling mtxel  time = 14:39:15.119
 *** VERBOSE: Calling mtxel_sxch for diagonal matrix elements  time = 
 14:39:15.186
 *** VERBOSE: Computing bare X  time = 14:39:15.976
 Computing Sigma diag   8 of   8
 *** VERBOSE: Working on band            8  1st pool  time = 14:39:15.976
 *** VERBOSE: Calling mtxel  time = 14:39:15.976
 *** VERBOSE: Calling mtxel_sxch for diagonal matrix elements  time = 
 14:39:16.044
 *** VERBOSE: Computing bare X  time = 14:39:16.834
 
 
 *** VERBOSE: Calling MPI_Allreduce xdum1 to xdum2  time = 14:39:16.834
 *** VERBOSE: Done reduction of xdum1 to xdum2  time = 14:39:16.834
#kpt=      0.000000    0.000000    0.000000
#qpt=      0.000000    0.000000    0.333333
# irq =     3  neq =     8
# q0vec =     0.005000    0.005000    0.005000
# q0len =     0.006855731998
#diagonal      1 ispin     1
#diagonal      2 ispin     1
#diagonal      3 ispin     1
#diagonal      4 ispin     1
#diagonal      5 ispin     1
#diagonal      6 ispin     1
#diagonal      7 ispin     1
#diagonal      8 ispin     1

   qpoint    4 out of    16
  
 Reading Eps Back
 *** VERBOSE: Read data from unit itpe or memory  time = 14:39:16.840
 *** VERBOSE: nmtx =       978 ncouls =       978
 
   q= 0.000 0.000 0.500  n=   978  eps(1,1)=  0.55

 *** VERBOSE: Calling gmap  time = 14:39:16.841
 *** VERBOSE: Calling genwf  time = 14:39:16.841
 
 Computing Sigma diag   1 of   8
 *** VERBOSE: Working on band            1  1st pool  time = 14:39:16.846
 *** VERBOSE: Calling mtxel  time = 14:39:16.846
 *** VERBOSE: Calling mtxel_sxch for diagonal matrix elements  time = 
 14:39:16.913
 *** VERBOSE: Computing bare X  time = 14:39:17.754
 Computing Sigma diag   2 of   8
 *** VERBOSE: Working on band            2  1st pool  time = 14:39:17.755
 *** VERBOSE: Calling mtxel  time = 14:39:17.755
 *** VERBOSE: Calling mtxel_sxch for diagonal matrix elements  time = 
 14:39:17.822
 *** VERBOSE: Computing bare X  time = 14:39:18.635
 Computing Sigma diag   3 of   8
 *** VERBOSE: Working on band            3  1st pool  time = 14:39:18.635
 *** VERBOSE: Calling mtxel  time = 14:39:18.636
 *** VERBOSE: Calling mtxel_sxch for diagonal matrix elements  time = 
 14:39:18.703
 *** VERBOSE: Computing bare X  time = 14:39:19.516
 Computing Sigma diag   4 of   8
 *** VERBOSE: Working on band            4  1st pool  time = 14:39:19.516
 *** VERBOSE: Calling mtxel  time = 14:39:19.516
 *** VERBOSE: Calling mtxel_sxch for diagonal matrix elements  time = 
 14:39:19.584
 *** VERBOSE: Computing bare X  time = 14:39:20.397
 Computing Sigma diag   5 of   8
 *** VERBOSE: Working on band            5  1st pool  time = 14:39:20.397
 *** VERBOSE: Calling mtxel  time = 14:39:20.397
 *** VERBOSE: Calling mtxel_sxch for diagonal matrix elements  time = 
 14:39:20.465
 *** VERBOSE: Computing bare X  time = 14:39:21.280
 Computing Sigma diag   6 of   8
 *** VERBOSE: Working on band            6  1st pool  time = 14:39:21.280
 *** VERBOSE: Calling mtxel  time = 14:39:21.280
 *** VERBOSE: Calling mtxel_sxch for diagonal matrix elements  time = 
 14:39:21.348
 *** VERBOSE: Computing bare X  time = 14:39:22.169
 Computing Sigma diag   7 of   8
 *** VERBOSE: Working on band            7  1st pool  time = 14:39:22.169
 *** VERBOSE: Calling mtxel  time = 14:39:22.169
 *** VERBOSE: Calling mtxel_sxch for diagonal matrix elements  time = 
 14:39:22.237
 *** VERBOSE: Computing bare X  time = 14:39:23.050
 Computing Sigma diag   8 of   8
 *** VERBOSE: Working on band            8  1st pool  time = 14:39:23.050
 *** VERBOSE: Calling mtxel  time = 14:39:23.050
 *** VERBOSE: Calling mtxel_sxch for diagonal matrix elements  time = 
 14:39:23.118
 *** VERBOSE: Computing bare X  time = 14:39:23.931
 
 
 *** VERBOSE: Calling MPI_Allreduce xdum1 to xdum2  time = 14:39:23.931
 *** VERBOSE: Done reduction of xdum1 to xdum2  time = 14:39:23.932
#kpt=      0.000000    0.000000    0.000000
#qpt=      0.000000    0.000000    0.500000
# irq =     4  neq =     4
# q0vec =     0.005000    0.005000    0.005000
# q0len =     0.006855731998
#diagonal      1 ispin     1
#diagonal      2 ispin     1
#diagonal      3 ispin     1
#diagonal      4 ispin     1
#diagonal      5 ispin     1
#diagonal      6 ispin     1
#diagonal      7 ispin     1
#diagonal      8 ispin     1

   qpoint    5 out of    16
  
 Reading Eps Back
 *** VERBOSE: Read data from unit itpe or memory  time = 14:39:23.937
 *** VERBOSE: nmtx =       966 ncouls =       966
 
   q= 0.000 0.167 0.167  n=   966  eps(1,1)=  0.38

 *** VERBOSE: Calling gmap  time = 14:39:23.938
 *** VERBOSE: Calling genwf  time = 14:39:23.938
 
 Computing Sigma diag   1 of   8
 *** VERBOSE: Working on band            1  1st pool  time = 14:39:23.942
 *** VERBOSE: Calling mtxel  time = 14:39:23.942
 *** VERBOSE: Calling mtxel_sxch for diagonal matrix elements  time = 
 14:39:24.010
 *** VERBOSE: Computing bare X  time = 14:39:24.803
 Computing Sigma diag   2 of   8
 *** VERBOSE: Working on band            2  1st pool  time = 14:39:24.804
 *** VERBOSE: Calling mtxel  time = 14:39:24.804
 *** VERBOSE: Calling mtxel_sxch for diagonal matrix elements  time = 
 14:39:24.871
 *** VERBOSE: Computing bare X  time = 14:39:25.671
 Computing Sigma diag   3 of   8
 *** VERBOSE: Working on band            3  1st pool  time = 14:39:25.671
 *** VERBOSE: Calling mtxel  time = 14:39:25.671
 *** VERBOSE: Calling mtxel_sxch for diagonal matrix elements  time = 
 14:39:25.738
 *** VERBOSE: Computing bare X  time = 14:39:26.532
 Computing Sigma diag   4 of   8
 *** VERBOSE: Working on band            4  1st pool  time = 14:39:26.532
 *** VERBOSE: Calling mtxel  time = 14:39:26.532
 *** VERBOSE: Calling mtxel_sxch for diagonal matrix elements  time = 
 14:39:26.600
 *** VERBOSE: Computing bare X  time = 14:39:27.393
 Computing Sigma diag   5 of   8
 *** VERBOSE: Working on band            5  1st pool  time = 14:39:27.394
 *** VERBOSE: Calling mtxel  time = 14:39:27.394
 *** VERBOSE: Calling mtxel_sxch for diagonal matrix elements  time = 
 14:39:27.461
 *** VERBOSE: Computing bare X  time = 14:39:28.255
 Computing Sigma diag   6 of   8
 *** VERBOSE: Working on band            6  1st pool  time = 14:39:28.255
 *** VERBOSE: Calling mtxel  time = 14:39:28.255
 *** VERBOSE: Calling mtxel_sxch for diagonal matrix elements  time = 
 14:39:28.322
 *** VERBOSE: Computing bare X  time = 14:39:29.116
 Computing Sigma diag   7 of   8
 *** VERBOSE: Working on band            7  1st pool  time = 14:39:29.116
 *** VERBOSE: Calling mtxel  time = 14:39:29.116
 *** VERBOSE: Calling mtxel_sxch for diagonal matrix elements  time = 
 14:39:29.184
 *** VERBOSE: Computing bare X  time = 14:39:29.992
 Computing Sigma diag   8 of   8
 *** VERBOSE: Working on band            8  1st pool  time = 14:39:29.992
 *** VERBOSE: Calling mtxel  time = 14:39:29.992
 *** VERBOSE: Calling mtxel_sxch for diagonal matrix elements  time = 
 14:39:30.059
 *** VERBOSE: Computing bare X  time = 14:39:30.853
 
 
 *** VERBOSE: Calling MPI_Allreduce xdum1 to xdum2  time = 14:39:30.853
 *** VERBOSE: Done reduction of xdum1 to xdum2  time = 14:39:30.853
#kpt=      0.000000    0.000000    0.000000
#qpt=      0.000000    0.166667    0.166667
# irq =     5  neq =     6
# q0vec =     0.005000    0.005000    0.005000
# q0len =     0.006855731998
#diagonal      1 ispin     1
#diagonal      2 ispin     1
#diagonal      3 ispin     1
#diagonal      4 ispin     1
#diagonal      5 ispin     1
#diagonal      6 ispin     1
#diagonal      7 ispin     1
#diagonal      8 ispin     1

   qpoint    6 out of    16
  
 Reading Eps Back
 *** VERBOSE: Read data from unit itpe or memory  time = 14:39:30.858
 *** VERBOSE: nmtx =       981 ncouls =       981
 
   q= 0.000 0.167 0.333  n=   981  eps(1,1)=  0.43

 *** VERBOSE: Calling gmap  time = 14:39:30.858
 *** VERBOSE: Calling genwf  time = 14:39:30.858
 
 Computing Sigma diag   1 of   8
 *** VERBOSE: Working on band            1  1st pool  time = 14:39:30.862
 *** VERBOSE: Calling mtxel  time = 14:39:30.862
 *** VERBOSE: Calling mtxel_sxch for diagonal matrix elements  time = 
 14:39:30.930
 *** VERBOSE: Computing bare X  time = 14:39:31.750
 Computing Sigma diag   2 of   8
 *** VERBOSE: Working on band            2  1st pool  time = 14:39:31.751
 *** VERBOSE: Calling mtxel  time = 14:39:31.751
 *** VERBOSE: Calling mtxel_sxch for diagonal matrix elements  time = 
 14:39:31.819
 *** VERBOSE: Computing bare X  time = 14:39:32.637
 Computing Sigma diag   3 of   8
 *** VERBOSE: Working on band            3  1st pool  time = 14:39:32.637
 *** VERBOSE: Calling mtxel  time = 14:39:32.637
 *** VERBOSE: Calling mtxel_sxch for diagonal matrix elements  time = 
 14:39:32.705
 *** VERBOSE: Computing bare X  time = 14:39:33.523
 Computing Sigma diag   4 of   8
 *** VERBOSE: Working on band            4  1st pool  time = 14:39:33.524
 *** VERBOSE: Calling mtxel  time = 14:39:33.524
 *** VERBOSE: Calling mtxel_sxch for diagonal matrix elements  time = 
 14:39:33.592
 *** VERBOSE: Computing bare X  time = 14:39:34.410
 Computing Sigma diag   5 of   8
 *** VERBOSE: Working on band            5  1st pool  time = 14:39:34.410
 *** VERBOSE: Calling mtxel  time = 14:39:34.410
 *** VERBOSE: Calling mtxel_sxch for diagonal matrix elements  time = 
 14:39:34.478
 *** VERBOSE: Computing bare X  time = 14:39:35.296
 Computing Sigma diag   6 of   8
 *** VERBOSE: Working on band            6  1st pool  time = 14:39:35.297
 *** VERBOSE: Calling mtxel  time = 14:39:35.297
 *** VERBOSE: Calling mtxel_sxch for diagonal matrix elements  time = 
 14:39:35.364
 *** VERBOSE: Computing bare X  time = 14:39:36.183
 Computing Sigma diag   7 of   8
 *** VERBOSE: Working on band            7  1st pool  time = 14:39:36.183
 *** VERBOSE: Calling mtxel  time = 14:39:36.183
 *** VERBOSE: Calling mtxel_sxch for diagonal matrix elements  time = 
 14:39:36.251
 *** VERBOSE: Computing bare X  time = 14:39:37.069
 Computing Sigma diag   8 of   8
 *** VERBOSE: Working on band            8  1st pool  time = 14:39:37.069
 *** VERBOSE: Calling mtxel  time = 14:39:37.069
 *** VERBOSE: Calling mtxel_sxch for diagonal matrix elements  time = 
 14:39:37.137
 *** VERBOSE: Computing bare X  time = 14:39:37.955
 
 
 *** VERBOSE: Calling MPI_Allreduce xdum1 to xdum2  time = 14:39:37.956
 *** VERBOSE: Done reduction of xdum1 to xdum2  time = 14:39:37.956
#kpt=      0.000000    0.000000    0.000000
#qpt=      0.000000    0.166667    0.333333
# irq =     6  neq =    24
# q0vec =     0.005000    0.005000    0.005000
# q0len =     0.006855731998
#diagonal      1 ispin     1
#diagonal      2 ispin     1
#diagonal      3 ispin     1
#diagonal      4 ispin     1
#diagonal      5 ispin     1
#diagonal      6 ispin     1
#diagonal      7 ispin     1
#diagonal      8 ispin     1

   qpoint    7 out of    16
  
 Reading Eps Back
 *** VERBOSE: Read data from unit itpe or memory  time = 14:39:37.961
 *** VERBOSE: nmtx =       992 ncouls =       992
 
   q= 0.000 0.167 0.500  n=   992  eps(1,1)=  0.52

 *** VERBOSE: Calling gmap  time = 14:39:37.962
 *** VERBOSE: Calling genwf  time = 14:39:37.962
 
 Computing Sigma diag   1 of   8
 *** VERBOSE: Working on band            1  1st pool  time = 14:39:37.966
 *** VERBOSE: Calling mtxel  time = 14:39:37.966
 *** VERBOSE: Calling mtxel_sxch for diagonal matrix elements  time = 
 14:39:38.034
 *** VERBOSE: Computing bare X  time = 14:39:38.866
 Computing Sigma diag   2 of   8
 *** VERBOSE: Working on band            2  1st pool  time = 14:39:38.866
 *** VERBOSE: Calling mtxel  time = 14:39:38.866
 *** VERBOSE: Calling mtxel_sxch for diagonal matrix elements  time = 
 14:39:38.934
 *** VERBOSE: Computing bare X  time = 14:39:39.765
 Computing Sigma diag   3 of   8
 *** VERBOSE: Working on band            3  1st pool  time = 14:39:39.766
 *** VERBOSE: Calling mtxel  time = 14:39:39.766
 *** VERBOSE: Calling mtxel_sxch for diagonal matrix elements  time = 
 14:39:39.834
 *** VERBOSE: Computing bare X  time = 14:39:40.665
 Computing Sigma diag   4 of   8
 *** VERBOSE: Working on band            4  1st pool  time = 14:39:40.666
 *** VERBOSE: Calling mtxel  time = 14:39:40.666
 *** VERBOSE: Calling mtxel_sxch for diagonal matrix elements  time = 
 14:39:40.733
 *** VERBOSE: Computing bare X  time = 14:39:41.565
 Computing Sigma diag   5 of   8
 *** VERBOSE: Working on band            5  1st pool  time = 14:39:41.565
 *** VERBOSE: Calling mtxel  time = 14:39:41.565
 *** VERBOSE: Calling mtxel_sxch for diagonal matrix elements  time = 
 14:39:41.633
 *** VERBOSE: Computing bare X  time = 14:39:42.465
 Computing Sigma diag   6 of   8
 *** VERBOSE: Working on band            6  1st pool  time = 14:39:42.465
 *** VERBOSE: Calling mtxel  time = 14:39:42.465
 *** VERBOSE: Calling mtxel_sxch for diagonal matrix elements  time = 
 14:39:42.533
 *** VERBOSE: Computing bare X  time = 14:39:43.372
 Computing Sigma diag   7 of   8
 *** VERBOSE: Working on band            7  1st pool  time = 14:39:43.372
 *** VERBOSE: Calling mtxel  time = 14:39:43.373
 *** VERBOSE: Calling mtxel_sxch for diagonal matrix elements  time = 
 14:39:43.440
 *** VERBOSE: Computing bare X  time = 14:39:44.274
 Computing Sigma diag   8 of   8
 *** VERBOSE: Working on band            8  1st pool  time = 14:39:44.274
 *** VERBOSE: Calling mtxel  time = 14:39:44.274
 *** VERBOSE: Calling mtxel_sxch for diagonal matrix elements  time = 
 14:39:44.342
 *** VERBOSE: Computing bare X  time = 14:39:45.185
 
 
 *** VERBOSE: Calling MPI_Allreduce xdum1 to xdum2  time = 14:39:45.185
 *** VERBOSE: Done reduction of xdum1 to xdum2  time = 14:39:45.185
#kpt=      0.000000    0.000000    0.000000
#qpt=      0.000000    0.166667    0.500000
# irq =     7  neq =    24
# q0vec =     0.005000    0.005000    0.005000
# q0len =     0.006855731998
#diagonal      1 ispin     1
#diagonal      2 ispin     1
#diagonal      3 ispin     1
#diagonal      4 ispin     1
#diagonal      5 ispin     1
#diagonal      6 ispin     1
#diagonal      7 ispin     1
#diagonal      8 ispin     1

   qpoint    8 out of    16
  
 Reading Eps Back
 *** VERBOSE: Read data from unit itpe or memory  time = 14:39:45.191
 *** VERBOSE: nmtx =       975 ncouls =       975
 
   q= 0.000 0.167 0.667  n=   975  eps(1,1)=  0.49

 *** VERBOSE: Calling gmap  time = 14:39:45.191
 *** VERBOSE: Calling genwf  time = 14:39:45.191
 
 Computing Sigma diag   1 of   8
 *** VERBOSE: Working on band            1  1st pool  time = 14:39:45.196
 *** VERBOSE: Calling mtxel  time = 14:39:45.196
 *** VERBOSE: Calling mtxel_sxch for diagonal matrix elements  time = 
 14:39:45.264
 *** VERBOSE: Computing bare X  time = 14:39:46.073
 Computing Sigma diag   2 of   8
 *** VERBOSE: Working on band            2  1st pool  time = 14:39:46.073
 *** VERBOSE: Calling mtxel  time = 14:39:46.073
 *** VERBOSE: Calling mtxel_sxch for diagonal matrix elements  time = 
 14:39:46.141
 *** VERBOSE: Computing bare X  time = 14:39:46.949
 Computing Sigma diag   3 of   8
 *** VERBOSE: Working on band            3  1st pool  time = 14:39:46.949
 *** VERBOSE: Calling mtxel  time = 14:39:46.950
 *** VERBOSE: Calling mtxel_sxch for diagonal matrix elements  time = 
 14:39:47.018
 *** VERBOSE: Computing bare X  time = 14:39:47.853
 Computing Sigma diag   4 of   8
 *** VERBOSE: Working on band            4  1st pool  time = 14:39:47.853
 *** VERBOSE: Calling mtxel  time = 14:39:47.854
 *** VERBOSE: Calling mtxel_sxch for diagonal matrix elements  time = 
 14:39:47.921
 *** VERBOSE: Computing bare X  time = 14:39:48.731
 Computing Sigma diag   5 of   8
 *** VERBOSE: Working on band            5  1st pool  time = 14:39:48.731
 *** VERBOSE: Calling mtxel  time = 14:39:48.731
 *** VERBOSE: Calling mtxel_sxch for diagonal matrix elements  time = 
 14:39:48.799
 *** VERBOSE: Computing bare X  time = 14:39:49.607
 Computing Sigma diag   6 of   8
 *** VERBOSE: Working on band            6  1st pool  time = 14:39:49.608
 *** VERBOSE: Calling mtxel  time = 14:39:49.608
 *** VERBOSE: Calling mtxel_sxch for diagonal matrix elements  time = 
 14:39:49.676
 *** VERBOSE: Computing bare X  time = 14:39:50.484
 Computing Sigma diag   7 of   8
 *** VERBOSE: Working on band            7  1st pool  time = 14:39:50.484
 *** VERBOSE: Calling mtxel  time = 14:39:50.484
 *** VERBOSE: Calling mtxel_sxch for diagonal matrix elements  time = 
 14:39:50.552
 *** VERBOSE: Computing bare X  time = 14:39:51.360
 Computing Sigma diag   8 of   8
 *** VERBOSE: Working on band            8  1st pool  time = 14:39:51.361
 *** VERBOSE: Calling mtxel  time = 14:39:51.361
 *** VERBOSE: Calling mtxel_sxch for diagonal matrix elements  time = 
 14:39:51.429
 *** VERBOSE: Computing bare X  time = 14:39:52.237
 
 
 *** VERBOSE: Calling MPI_Allreduce xdum1 to xdum2  time = 14:39:52.237
 *** VERBOSE: Done reduction of xdum1 to xdum2  time = 14:39:52.237
#kpt=      0.000000    0.000000    0.000000
#qpt=      0.000000    0.166667    0.666667
# irq =     8  neq =    24
# q0vec =     0.005000    0.005000    0.005000
# q0len =     0.006855731998
#diagonal      1 ispin     1
#diagonal      2 ispin     1
#diagonal      3 ispin     1
#diagonal      4 ispin     1
#diagonal      5 ispin     1
#diagonal      6 ispin     1
#diagonal      7 ispin     1
#diagonal      8 ispin     1

   qpoint    9 out of    16
  
 Reading Eps Back
 *** VERBOSE: Read data from unit itpe or memory  time = 14:39:52.243
 *** VERBOSE: nmtx =       975 ncouls =       975
 
   q= 0.000 0.167 0.833  n=   975  eps(1,1)=  0.41

 *** VERBOSE: Calling gmap  time = 14:39:52.244
 *** VERBOSE: Calling genwf  time = 14:39:52.244
 
 Computing Sigma diag   1 of   8
 *** VERBOSE: Working on band            1  1st pool  time = 14:39:52.248
 *** VERBOSE: Calling mtxel  time = 14:39:52.248
 *** VERBOSE: Calling mtxel_sxch for diagonal matrix elements  time = 
 14:39:52.316
 *** VERBOSE: Computing bare X  time = 14:39:53.124
 Computing Sigma diag   2 of   8
 *** VERBOSE: Working on band            2  1st pool  time = 14:39:53.125
 *** VERBOSE: Calling mtxel  time = 14:39:53.125
 *** VERBOSE: Calling mtxel_sxch for diagonal matrix elements  time = 
 14:39:53.192
 *** VERBOSE: Computing bare X  time = 14:39:54.001
 Computing Sigma diag   3 of   8
 *** VERBOSE: Working on band            3  1st pool  time = 14:39:54.002
 *** VERBOSE: Calling mtxel  time = 14:39:54.002
 *** VERBOSE: Calling mtxel_sxch for diagonal matrix elements  time = 
 14:39:54.069
 *** VERBOSE: Computing bare X  time = 14:39:54.878
 Computing Sigma diag   4 of   8
 *** VERBOSE: Working on band            4  1st pool  time = 14:39:54.878
 *** VERBOSE: Calling mtxel  time = 14:39:54.878
 *** VERBOSE: Calling mtxel_sxch for diagonal matrix elements  time = 
 14:39:54.946
 *** VERBOSE: Computing bare X  time = 14:39:55.754
 Computing Sigma diag   5 of   8
 *** VERBOSE: Working on band            5  1st pool  time = 14:39:55.754
 *** VERBOSE: Calling mtxel  time = 14:39:55.754
 *** VERBOSE: Calling mtxel_sxch for diagonal matrix elements  time = 
 14:39:55.822
 *** VERBOSE: Computing bare X  time = 14:39:56.630
 Computing Sigma diag   6 of   8
 *** VERBOSE: Working on band            6  1st pool  time = 14:39:56.631
 *** VERBOSE: Calling mtxel  time = 14:39:56.631
 *** VERBOSE: Calling mtxel_sxch for diagonal matrix elements  time = 
 14:39:56.698
 *** VERBOSE: Computing bare X  time = 14:39:57.507
 Computing Sigma diag   7 of   8
 *** VERBOSE: Working on band            7  1st pool  time = 14:39:57.507
 *** VERBOSE: Calling mtxel  time = 14:39:57.507
 *** VERBOSE: Calling mtxel_sxch for diagonal matrix elements  time = 
 14:39:57.574
 *** VERBOSE: Computing bare X  time = 14:39:58.383
 Computing Sigma diag   8 of   8
 *** VERBOSE: Working on band            8  1st pool  time = 14:39:58.383
 *** VERBOSE: Calling mtxel  time = 14:39:58.383
 *** VERBOSE: Calling mtxel_sxch for diagonal matrix elements  time = 
 14:39:58.451
 *** VERBOSE: Computing bare X  time = 14:39:59.269
 
 
 *** VERBOSE: Calling MPI_Allreduce xdum1 to xdum2  time = 14:39:59.269
 *** VERBOSE: Done reduction of xdum1 to xdum2  time = 14:39:59.269
#kpt=      0.000000    0.000000    0.000000
#qpt=      0.000000    0.166667    0.833333
# irq =     9  neq =    12
# q0vec =     0.005000    0.005000    0.005000
# q0len =     0.006855731998
#diagonal      1 ispin     1
#diagonal      2 ispin     1
#diagonal      3 ispin     1
#diagonal      4 ispin     1
#diagonal      5 ispin     1
#diagonal      6 ispin     1
#diagonal      7 ispin     1
#diagonal      8 ispin     1

   qpoint   10 out of    16
  
 Reading Eps Back
 *** VERBOSE: Read data from unit itpe or memory  time = 14:39:59.274
 *** VERBOSE: nmtx =      1002 ncouls =      1002
 
   q= 0.000 0.333 0.333  n=  1002  eps(1,1)=  0.46

 *** VERBOSE: Calling gmap  time = 14:39:59.275
 *** VERBOSE: Calling genwf  time = 14:39:59.275
 
 Computing Sigma diag   1 of   8
 *** VERBOSE: Working on band            1  1st pool  time = 14:39:59.279
 *** VERBOSE: Calling mtxel  time = 14:39:59.279
 *** VERBOSE: Calling mtxel_sxch for diagonal matrix elements  time = 
 14:39:59.347
 *** VERBOSE: Computing bare X  time = 14:40:00.200
 Computing Sigma diag   2 of   8
 *** VERBOSE: Working on band            2  1st pool  time = 14:40:00.201
 *** VERBOSE: Calling mtxel  time = 14:40:00.201
 *** VERBOSE: Calling mtxel_sxch for diagonal matrix elements  time = 
 14:40:00.268
 *** VERBOSE: Computing bare X  time = 14:40:01.121
 Computing Sigma diag   3 of   8
 *** VERBOSE: Working on band            3  1st pool  time = 14:40:01.122
 *** VERBOSE: Calling mtxel  time = 14:40:01.122
 *** VERBOSE: Calling mtxel_sxch for diagonal matrix elements  time = 
 14:40:01.189
 *** VERBOSE: Computing bare X  time = 14:40:02.052
 Computing Sigma diag   4 of   8
 *** VERBOSE: Working on band            4  1st pool  time = 14:40:02.052
 *** VERBOSE: Calling mtxel  time = 14:40:02.052
 *** VERBOSE: Calling mtxel_sxch for diagonal matrix elements  time = 
 14:40:02.119
 *** VERBOSE: Computing bare X  time = 14:40:02.973
 Computing Sigma diag   5 of   8
 *** VERBOSE: Working on band            5  1st pool  time = 14:40:02.973
 *** VERBOSE: Calling mtxel  time = 14:40:02.973
 *** VERBOSE: Calling mtxel_sxch for diagonal matrix elements  time = 
 14:40:03.040
 *** VERBOSE: Computing bare X  time = 14:40:03.893
 Computing Sigma diag   6 of   8
 *** VERBOSE: Working on band            6  1st pool  time = 14:40:03.894
 *** VERBOSE: Calling mtxel  time = 14:40:03.894
 *** VERBOSE: Calling mtxel_sxch for diagonal matrix elements  time = 
 14:40:03.961
 *** VERBOSE: Computing bare X  time = 14:40:04.816
 Computing Sigma diag   7 of   8
 *** VERBOSE: Working on band            7  1st pool  time = 14:40:04.817
 *** VERBOSE: Calling mtxel  time = 14:40:04.817
 *** VERBOSE: Calling mtxel_sxch for diagonal matrix elements  time = 
 14:40:04.884
 *** VERBOSE: Computing bare X  time = 14:40:05.737
 Computing Sigma diag   8 of   8
 *** VERBOSE: Working on band            8  1st pool  time = 14:40:05.737
 *** VERBOSE: Calling mtxel  time = 14:40:05.738
 *** VERBOSE: Calling mtxel_sxch for diagonal matrix elements  time = 
 14:40:05.805
 *** VERBOSE: Computing bare X  time = 14:40:06.658
 
 
 *** VERBOSE: Calling MPI_Allreduce xdum1 to xdum2  time = 14:40:06.659
 *** VERBOSE: Done reduction of xdum1 to xdum2  time = 14:40:06.659
#kpt=      0.000000    0.000000    0.000000
#qpt=      0.000000    0.333333    0.333333
# irq =    10  neq =     6
# q0vec =     0.005000    0.005000    0.005000
# q0len =     0.006855731998
#diagonal      1 ispin     1
#diagonal      2 ispin     1
#diagonal      3 ispin     1
#diagonal      4 ispin     1
#diagonal      5 ispin     1
#diagonal      6 ispin     1
#diagonal      7 ispin     1
#diagonal      8 ispin     1

   qpoint   11 out of    16
  
 Reading Eps Back
 *** VERBOSE: Read data from unit itpe or memory  time = 14:40:06.664
 *** VERBOSE: nmtx =       987 ncouls =       987
 
   q= 0.000 0.333 0.500  n=   987  eps(1,1)=  0.52

 *** VERBOSE: Calling gmap  time = 14:40:06.665
 *** VERBOSE: Calling genwf  time = 14:40:06.665
 
 Computing Sigma diag   1 of   8
 *** VERBOSE: Working on band            1  1st pool  time = 14:40:06.669
 *** VERBOSE: Calling mtxel  time = 14:40:06.669
 *** VERBOSE: Calling mtxel_sxch for diagonal matrix elements  time = 
 14:40:06.737
 *** VERBOSE: Computing bare X  time = 14:40:07.565
 Computing Sigma diag   2 of   8
 *** VERBOSE: Working on band            2  1st pool  time = 14:40:07.566
 *** VERBOSE: Calling mtxel  time = 14:40:07.566
 *** VERBOSE: Calling mtxel_sxch for diagonal matrix elements  time = 
 14:40:07.633
 *** VERBOSE: Computing bare X  time = 14:40:08.473
 Computing Sigma diag   3 of   8
 *** VERBOSE: Working on band            3  1st pool  time = 14:40:08.473
 *** VERBOSE: Calling mtxel  time = 14:40:08.473
 *** VERBOSE: Calling mtxel_sxch for diagonal matrix elements  time = 
 14:40:08.541
 *** VERBOSE: Computing bare X  time = 14:40:09.369
 Computing Sigma diag   4 of   8
 *** VERBOSE: Working on band            4  1st pool  time = 14:40:09.370
 *** VERBOSE: Calling mtxel  time = 14:40:09.370
 *** VERBOSE: Calling mtxel_sxch for diagonal matrix elements  time = 
 14:40:09.438
 *** VERBOSE: Computing bare X  time = 14:40:10.266
 Computing Sigma diag   5 of   8
 *** VERBOSE: Working on band            5  1st pool  time = 14:40:10.266
 *** VERBOSE: Calling mtxel  time = 14:40:10.266
 *** VERBOSE: Calling mtxel_sxch for diagonal matrix elements  time = 
 14:40:10.334
 *** VERBOSE: Computing bare X  time = 14:40:11.162
 Computing Sigma diag   6 of   8
 *** VERBOSE: Working on band            6  1st pool  time = 14:40:11.162
 *** VERBOSE: Calling mtxel  time = 14:40:11.162
 *** VERBOSE: Calling mtxel_sxch for diagonal matrix elements  time = 
 14:40:11.230
 *** VERBOSE: Computing bare X  time = 14:40:12.058
 Computing Sigma diag   7 of   8
 *** VERBOSE: Working on band            7  1st pool  time = 14:40:12.058
 *** VERBOSE: Calling mtxel  time = 14:40:12.058
 *** VERBOSE: Calling mtxel_sxch for diagonal matrix elements  time = 
 14:40:12.126
 *** VERBOSE: Computing bare X  time = 14:40:12.959
 Computing Sigma diag   8 of   8
 *** VERBOSE: Working on band            8  1st pool  time = 14:40:12.959
 *** VERBOSE: Calling mtxel  time = 14:40:12.959
 *** VERBOSE: Calling mtxel_sxch for diagonal matrix elements  time = 
 14:40:13.027
 *** VERBOSE: Computing bare X  time = 14:40:13.858
 
 
 *** VERBOSE: Calling MPI_Allreduce xdum1 to xdum2  time = 14:40:13.859
 *** VERBOSE: Done reduction of xdum1 to xdum2  time = 14:40:13.859
#kpt=      0.000000    0.000000    0.000000
#qpt=      0.000000    0.333333    0.500000
# irq =    11  neq =    24
# q0vec =     0.005000    0.005000    0.005000
# q0len =     0.006855731998
#diagonal      1 ispin     1
#diagonal      2 ispin     1
#diagonal      3 ispin     1
#diagonal      4 ispin     1
#diagonal      5 ispin     1
#diagonal      6 ispin     1
#diagonal      7 ispin     1
#diagonal      8 ispin     1

   qpoint   12 out of    16
  
 Reading Eps Back
 *** VERBOSE: Read data from unit itpe or memory  time = 14:40:13.864
 *** VERBOSE: nmtx =       981 ncouls =       981
 
   q= 0.000 0.333 0.667  n=   981  eps(1,1)=  0.54

 *** VERBOSE: Calling gmap  time = 14:40:13.865
 *** VERBOSE: Calling genwf  time = 14:40:13.865
 
 Computing Sigma diag   1 of   8
 *** VERBOSE: Working on band            1  1st pool  time = 14:40:13.869
 *** VERBOSE: Calling mtxel  time = 14:40:13.869
 *** VERBOSE: Calling mtxel_sxch for diagonal matrix elements  time = 
 14:40:13.937
 *** VERBOSE: Computing bare X  time = 14:40:14.756
 Computing Sigma diag   2 of   8
 *** VERBOSE: Working on band            2  1st pool  time = 14:40:14.756
 *** VERBOSE: Calling mtxel  time = 14:40:14.757
 *** VERBOSE: Calling mtxel_sxch for diagonal matrix elements  time = 
 14:40:14.824
 *** VERBOSE: Computing bare X  time = 14:40:15.643
 Computing Sigma diag   3 of   8
 *** VERBOSE: Working on band            3  1st pool  time = 14:40:15.643
 *** VERBOSE: Calling mtxel  time = 14:40:15.643
 *** VERBOSE: Calling mtxel_sxch for diagonal matrix elements  time = 
 14:40:15.711
 *** VERBOSE: Computing bare X  time = 14:40:16.529
 Computing Sigma diag   4 of   8
 *** VERBOSE: Working on band            4  1st pool  time = 14:40:16.529
 *** VERBOSE: Calling mtxel  time = 14:40:16.529
 *** VERBOSE: Calling mtxel_sxch for diagonal matrix elements  time = 
 14:40:16.597
 *** VERBOSE: Computing bare X  time = 14:40:17.443
 Computing Sigma diag   5 of   8
 *** VERBOSE: Working on band            5  1st pool  time = 14:40:17.443
 *** VERBOSE: Calling mtxel  time = 14:40:17.443
 *** VERBOSE: Calling mtxel_sxch for diagonal matrix elements  time = 
 14:40:17.511
 *** VERBOSE: Computing bare X  time = 14:40:18.329
 Computing Sigma diag   6 of   8
 *** VERBOSE: Working on band            6  1st pool  time = 14:40:18.330
 *** VERBOSE: Calling mtxel  time = 14:40:18.330
 *** VERBOSE: Calling mtxel_sxch for diagonal matrix elements  time = 
 14:40:18.398
 *** VERBOSE: Computing bare X  time = 14:40:19.216
 Computing Sigma diag   7 of   8
 *** VERBOSE: Working on band            7  1st pool  time = 14:40:19.216
 *** VERBOSE: Calling mtxel  time = 14:40:19.216
 *** VERBOSE: Calling mtxel_sxch for diagonal matrix elements  time = 
 14:40:19.284
 *** VERBOSE: Computing bare X  time = 14:40:20.102
 Computing Sigma diag   8 of   8
 *** VERBOSE: Working on band            8  1st pool  time = 14:40:20.102
 *** VERBOSE: Calling mtxel  time = 14:40:20.103
 *** VERBOSE: Calling mtxel_sxch for diagonal matrix elements  time = 
 14:40:20.170
 *** VERBOSE: Computing bare X  time = 14:40:20.989
 
 
 *** VERBOSE: Calling MPI_Allreduce xdum1 to xdum2  time = 14:40:20.989
 *** VERBOSE: Done reduction of xdum1 to xdum2  time = 14:40:20.989
#kpt=      0.000000    0.000000    0.000000
#qpt=      0.000000    0.333333    0.666667
# irq =    12  neq =    12
# q0vec =     0.005000    0.005000    0.005000
# q0len =     0.006855731998
#diagonal      1 ispin     1
#diagonal      2 ispin     1
#diagonal      3 ispin     1
#diagonal      4 ispin     1
#diagonal      5 ispin     1
#diagonal      6 ispin     1
#diagonal      7 ispin     1
#diagonal      8 ispin     1

   qpoint   13 out of    16
  
 Reading Eps Back
 *** VERBOSE: Read data from unit itpe or memory  time = 14:40:20.995
 *** VERBOSE: nmtx =       982 ncouls =       982
 
   q= 0.000 0.500 0.500  n=   982  eps(1,1)=  0.57

 *** VERBOSE: Calling gmap  time = 14:40:20.995
 *** VERBOSE: Calling genwf  time = 14:40:20.995
 
 Computing Sigma diag   1 of   8
 *** VERBOSE: Working on band            1  1st pool  time = 14:40:20.999
 *** VERBOSE: Calling mtxel  time = 14:40:20.999
 *** VERBOSE: Calling mtxel_sxch for diagonal matrix elements  time = 
 14:40:21.067
 *** VERBOSE: Computing bare X  time = 14:40:21.871
 Computing Sigma diag   2 of   8
 *** VERBOSE: Working on band            2  1st pool  time = 14:40:21.871
 *** VERBOSE: Calling mtxel  time = 14:40:21.871
 *** VERBOSE: Calling mtxel_sxch for diagonal matrix elements  time = 
 14:40:21.938
 *** VERBOSE: Computing bare X  time = 14:40:22.742
 Computing Sigma diag   3 of   8
 *** VERBOSE: Working on band            3  1st pool  time = 14:40:22.742
 *** VERBOSE: Calling mtxel  time = 14:40:22.743
 *** VERBOSE: Calling mtxel_sxch for diagonal matrix elements  time = 
 14:40:22.810
 *** VERBOSE: Computing bare X  time = 14:40:23.614
 Computing Sigma diag   4 of   8
 *** VERBOSE: Working on band            4  1st pool  time = 14:40:23.614
 *** VERBOSE: Calling mtxel  time = 14:40:23.614
 *** VERBOSE: Calling mtxel_sxch for diagonal matrix elements  time = 
 14:40:23.681
 *** VERBOSE: Computing bare X  time = 14:40:24.487
 Computing Sigma diag   5 of   8
 *** VERBOSE: Working on band            5  1st pool  time = 14:40:24.487
 *** VERBOSE: Calling mtxel  time = 14:40:24.487
 *** VERBOSE: Calling mtxel_sxch for diagonal matrix elements  time = 
 14:40:24.554
 *** VERBOSE: Computing bare X  time = 14:40:25.358
 Computing Sigma diag   6 of   8
 *** VERBOSE: Working on band            6  1st pool  time = 14:40:25.358
 *** VERBOSE: Calling mtxel  time = 14:40:25.358
 *** VERBOSE: Calling mtxel_sxch for diagonal matrix elements  time = 
 14:40:25.426
 *** VERBOSE: Computing bare X  time = 14:40:26.230
 Computing Sigma diag   7 of   8
 *** VERBOSE: Working on band            7  1st pool  time = 14:40:26.230
 *** VERBOSE: Calling mtxel  time = 14:40:26.230
 *** VERBOSE: Calling mtxel_sxch for diagonal matrix elements  time = 
 14:40:26.298
 *** VERBOSE: Computing bare X  time = 14:40:27.103
 Computing Sigma diag   8 of   8
 *** VERBOSE: Working on band            8  1st pool  time = 14:40:27.103
 *** VERBOSE: Calling mtxel  time = 14:40:27.103
 *** VERBOSE: Calling mtxel_sxch for diagonal matrix elements  time = 
 14:40:27.171
 *** VERBOSE: Computing bare X  time = 14:40:27.979
 
 
 *** VERBOSE: Calling MPI_Allreduce xdum1 to xdum2  time = 14:40:27.979
 *** VERBOSE: Done reduction of xdum1 to xdum2  time = 14:40:27.979
#kpt=      0.000000    0.000000    0.000000
#qpt=      0.000000    0.500000    0.500000
# irq =    13  neq =     3
# q0vec =     0.005000    0.005000    0.005000
# q0len =     0.006855731998
#diagonal      1 ispin     1
#diagonal      2 ispin     1
#diagonal      3 ispin     1
#diagonal      4 ispin     1
#diagonal      5 ispin     1
#diagonal      6 ispin     1
#diagonal      7 ispin     1
#diagonal      8 ispin     1

   qpoint   14 out of    16
  
 Reading Eps Back
 *** VERBOSE: Read data from unit itpe or memory  time = 14:40:27.985
 *** VERBOSE: nmtx =       983 ncouls =       983
 
   q= 0.167 0.333 0.500  n=   983  eps(1,1)=  0.48

 *** VERBOSE: Calling gmap  time = 14:40:27.985
 *** VERBOSE: Calling genwf  time = 14:40:27.985
 
 Computing Sigma diag   1 of   8
 *** VERBOSE: Working on band            1  1st pool  time = 14:40:27.989
 *** VERBOSE: Calling mtxel  time = 14:40:27.989
 *** VERBOSE: Calling mtxel_sxch for diagonal matrix elements  time = 
 14:40:28.057
 *** VERBOSE: Computing bare X  time = 14:40:28.879
 Computing Sigma diag   2 of   8
 *** VERBOSE: Working on band            2  1st pool  time = 14:40:28.879
 *** VERBOSE: Calling mtxel  time = 14:40:28.879
 *** VERBOSE: Calling mtxel_sxch for diagonal matrix elements  time = 
 14:40:28.947
 *** VERBOSE: Computing bare X  time = 14:40:29.784
 Computing Sigma diag   3 of   8
 *** VERBOSE: Working on band            3  1st pool  time = 14:40:29.784
 *** VERBOSE: Calling mtxel  time = 14:40:29.784
 *** VERBOSE: Calling mtxel_sxch for diagonal matrix elements  time = 
 14:40:29.852
 *** VERBOSE: Computing bare X  time = 14:40:30.769
 Computing Sigma diag   4 of   8
 *** VERBOSE: Working on band            4  1st pool  time = 14:40:30.769
 *** VERBOSE: Calling mtxel  time = 14:40:30.769
 *** VERBOSE: Calling mtxel_sxch for diagonal matrix elements  time = 
 14:40:30.838
 *** VERBOSE: Computing bare X  time = 14:40:31.722
 Computing Sigma diag   5 of   8
 *** VERBOSE: Working on band            5  1st pool  time = 14:40:31.722
 *** VERBOSE: Calling mtxel  time = 14:40:31.722
 *** VERBOSE: Calling mtxel_sxch for diagonal matrix elements  time = 
 14:40:31.790
 *** VERBOSE: Computing bare X  time = 14:40:32.612
 Computing Sigma diag   6 of   8
 *** VERBOSE: Working on band            6  1st pool  time = 14:40:32.612
 *** VERBOSE: Calling mtxel  time = 14:40:32.612
 *** VERBOSE: Calling mtxel_sxch for diagonal matrix elements  time = 
 14:40:32.680
 *** VERBOSE: Computing bare X  time = 14:40:33.504
 Computing Sigma diag   7 of   8
 *** VERBOSE: Working on band            7  1st pool  time = 14:40:33.504
 *** VERBOSE: Calling mtxel  time = 14:40:33.504
 *** VERBOSE: Calling mtxel_sxch for diagonal matrix elements  time = 
 14:40:33.572
 *** VERBOSE: Computing bare X  time = 14:40:34.395
 Computing Sigma diag   8 of   8
 *** VERBOSE: Working on band            8  1st pool  time = 14:40:34.396
 *** VERBOSE: Calling mtxel  time = 14:40:34.396
 *** VERBOSE: Calling mtxel_sxch for diagonal matrix elements  time = 
 14:40:34.464
 *** VERBOSE: Computing bare X  time = 14:40:35.285
 
 
 *** VERBOSE: Calling MPI_Allreduce xdum1 to xdum2  time = 14:40:35.285
 *** VERBOSE: Done reduction of xdum1 to xdum2  time = 14:40:35.286
#kpt=      0.000000    0.000000    0.000000
#qpt=      0.166667    0.333333    0.500000
# irq =    14  neq =    24
# q0vec =     0.005000    0.005000    0.005000
# q0len =     0.006855731998
#diagonal      1 ispin     1
#diagonal      2 ispin     1
#diagonal      3 ispin     1
#diagonal      4 ispin     1
#diagonal      5 ispin     1
#diagonal      6 ispin     1
#diagonal      7 ispin     1
#diagonal      8 ispin     1

   qpoint   15 out of    16
  
 Reading Eps Back
 *** VERBOSE: Read data from unit itpe or memory  time = 14:40:35.291
 *** VERBOSE: nmtx =       988 ncouls =       988
 
   q= 0.167 0.333 0.667  n=   988  eps(1,1)=  0.56

 *** VERBOSE: Calling gmap  time = 14:40:35.292
 *** VERBOSE: Calling genwf  time = 14:40:35.292
 
 Computing Sigma diag   1 of   8
 *** VERBOSE: Working on band            1  1st pool  time = 14:40:35.296
 *** VERBOSE: Calling mtxel  time = 14:40:35.296
 *** VERBOSE: Calling mtxel_sxch for diagonal matrix elements  time = 
 14:40:35.364
 *** VERBOSE: Computing bare X  time = 14:40:36.194
 Computing Sigma diag   2 of   8
 *** VERBOSE: Working on band            2  1st pool  time = 14:40:36.194
 *** VERBOSE: Calling mtxel  time = 14:40:36.195
 *** VERBOSE: Calling mtxel_sxch for diagonal matrix elements  time = 
 14:40:36.262
 *** VERBOSE: Computing bare X  time = 14:40:37.093
 Computing Sigma diag   3 of   8
 *** VERBOSE: Working on band            3  1st pool  time = 14:40:37.093
 *** VERBOSE: Calling mtxel  time = 14:40:37.093
 *** VERBOSE: Calling mtxel_sxch for diagonal matrix elements  time = 
 14:40:37.161
 *** VERBOSE: Computing bare X  time = 14:40:37.991
 Computing Sigma diag   4 of   8
 *** VERBOSE: Working on band            4  1st pool  time = 14:40:37.991
 *** VERBOSE: Calling mtxel  time = 14:40:37.991
 *** VERBOSE: Calling mtxel_sxch for diagonal matrix elements  time = 
 14:40:38.059
 *** VERBOSE: Computing bare X  time = 14:40:38.889
 Computing Sigma diag   5 of   8
 *** VERBOSE: Working on band            5  1st pool  time = 14:40:38.889
 *** VERBOSE: Calling mtxel  time = 14:40:38.889
 *** VERBOSE: Calling mtxel_sxch for diagonal matrix elements  time = 
 14:40:38.957
 *** VERBOSE: Computing bare X  time = 14:40:39.787
 Computing Sigma diag   6 of   8
 *** VERBOSE: Working on band            6  1st pool  time = 14:40:39.787
 *** VERBOSE: Calling mtxel  time = 14:40:39.787
 *** VERBOSE: Calling mtxel_sxch for diagonal matrix elements  time = 
 14:40:39.855
 *** VERBOSE: Computing bare X  time = 14:40:40.685
 Computing Sigma diag   7 of   8
 *** VERBOSE: Working on band            7  1st pool  time = 14:40:40.685
 *** VERBOSE: Calling mtxel  time = 14:40:40.685
 *** VERBOSE: Calling mtxel_sxch for diagonal matrix elements  time = 
 14:40:40.753
 *** VERBOSE: Computing bare X  time = 14:40:41.583
 Computing Sigma diag   8 of   8
 *** VERBOSE: Working on band            8  1st pool  time = 14:40:41.583
 *** VERBOSE: Calling mtxel  time = 14:40:41.583
 *** VERBOSE: Calling mtxel_sxch for diagonal matrix elements  time = 
 14:40:41.651
 *** VERBOSE: Computing bare X  time = 14:40:42.481
 
 
 *** VERBOSE: Calling MPI_Allreduce xdum1 to xdum2  time = 14:40:42.481
 *** VERBOSE: Done reduction of xdum1 to xdum2  time = 14:40:42.481
#kpt=      0.000000    0.000000    0.000000
#qpt=      0.166667    0.333333    0.666667
# irq =    15  neq =    24
# q0vec =     0.005000    0.005000    0.005000
# q0len =     0.006855731998
#diagonal      1 ispin     1
#diagonal      2 ispin     1
#diagonal      3 ispin     1
#diagonal      4 ispin     1
#diagonal      5 ispin     1
#diagonal      6 ispin     1
#diagonal      7 ispin     1
#diagonal      8 ispin     1

   qpoint   16 out of    16
  
 Reading Eps Back
 *** VERBOSE: Read data from unit itpe or memory  time = 14:40:42.487
 *** VERBOSE: nmtx =       978 ncouls =       978
 
   q= 0.167 0.500 0.667  n=   978  eps(1,1)=  0.58

 *** VERBOSE: Calling gmap  time = 14:40:42.487
 *** VERBOSE: Calling genwf  time = 14:40:42.488
 
 Computing Sigma diag   1 of   8
 *** VERBOSE: Working on band            1  1st pool  time = 14:40:42.492
 *** VERBOSE: Calling mtxel  time = 14:40:42.492
 *** VERBOSE: Calling mtxel_sxch for diagonal matrix elements  time = 
 14:40:42.560
 *** VERBOSE: Computing bare X  time = 14:40:43.387
 Computing Sigma diag   2 of   8
 *** VERBOSE: Working on band            2  1st pool  time = 14:40:43.388
 *** VERBOSE: Calling mtxel  time = 14:40:43.388
 *** VERBOSE: Calling mtxel_sxch for diagonal matrix elements  time = 
 14:40:43.455
 *** VERBOSE: Computing bare X  time = 14:40:44.269
 Computing Sigma diag   3 of   8
 *** VERBOSE: Working on band            3  1st pool  time = 14:40:44.269
 *** VERBOSE: Calling mtxel  time = 14:40:44.269
 *** VERBOSE: Calling mtxel_sxch for diagonal matrix elements  time = 
 14:40:44.337
 *** VERBOSE: Computing bare X  time = 14:40:45.150
 Computing Sigma diag   4 of   8
 *** VERBOSE: Working on band            4  1st pool  time = 14:40:45.150
 *** VERBOSE: Calling mtxel  time = 14:40:45.150
 *** VERBOSE: Calling mtxel_sxch for diagonal matrix elements  time = 
 14:40:45.218
 *** VERBOSE: Computing bare X  time = 14:40:46.031
 Computing Sigma diag   5 of   8
 *** VERBOSE: Working on band            5  1st pool  time = 14:40:46.032
 *** VERBOSE: Calling mtxel  time = 14:40:46.032
 *** VERBOSE: Calling mtxel_sxch for diagonal matrix elements  time = 
 14:40:46.099
 *** VERBOSE: Computing bare X  time = 14:40:46.913
 Computing Sigma diag   6 of   8
 *** VERBOSE: Working on band            6  1st pool  time = 14:40:46.913
 *** VERBOSE: Calling mtxel  time = 14:40:46.913
 *** VERBOSE: Calling mtxel_sxch for diagonal matrix elements  time = 
 14:40:46.981
 *** VERBOSE: Computing bare X  time = 14:40:47.822
 Computing Sigma diag   7 of   8
 *** VERBOSE: Working on band            7  1st pool  time = 14:40:47.822
 *** VERBOSE: Calling mtxel  time = 14:40:47.822
 *** VERBOSE: Calling mtxel_sxch for diagonal matrix elements  time = 
 14:40:47.890
 *** VERBOSE: Computing bare X  time = 14:40:48.703
 Computing Sigma diag   8 of   8
 *** VERBOSE: Working on band            8  1st pool  time = 14:40:48.703
 *** VERBOSE: Calling mtxel  time = 14:40:48.703
 *** VERBOSE: Calling mtxel_sxch for diagonal matrix elements  time = 
 14:40:48.771
 *** VERBOSE: Computing bare X  time = 14:40:49.584
 
 
 *** VERBOSE: Calling MPI_Allreduce xdum1 to xdum2  time = 14:40:49.584
 *** VERBOSE: Done reduction of xdum1 to xdum2  time = 14:40:49.584
#kpt=      0.000000    0.000000    0.000000
#qpt=      0.166667    0.500000    0.666667
# irq =    16  neq =    12
# q0vec =     0.005000    0.005000    0.005000
# q0len =     0.006855731998
#diagonal      1 ispin     1
#diagonal      2 ispin     1
#diagonal      3 ispin     1
#diagonal      4 ispin     1
#diagonal      5 ispin     1
#diagonal      6 ispin     1
#diagonal      7 ispin     1
#diagonal      8 ispin     1
 Unsymmetrized values for ik =   1 spin = 1

   n        elda        ecor           x        sx-x          ch         sig         vxc     Sig Im. GPP
   1     -7.977     -7.977    -29.999     17.455    -10.422    -22.966    -18.239      0.000
   2      9.354      9.354    -23.860     13.323    -11.955    -22.491    -20.140      0.000
   3      9.354      9.354    -25.839     14.346    -11.762    -23.255    -20.140      0.000
   4      9.354      9.354    -26.031     14.459    -11.727    -23.299    -20.140      0.000
   5     14.214     14.214     -7.664      4.501     -8.312    -11.475    -12.088      0.000
   6     25.238     25.238     -3.460      1.760     -6.263     -7.963     -8.909      0.000
   7     25.238     25.238     -3.014      1.639     -6.261     -7.636     -8.909      0.000
   8     25.238     25.238     -3.093      1.413     -6.081     -7.761     -8.909      0.000
  -29.9993004407322       0.000000000000000E+000  0.000000000000000E+000 asig1:
  -29.9993004407322     
  -29.9993004407322        17.4554810128945       -10.4221393707436      asig2:
  -22.9659587985813     
  -29.9993004407322        17.4143671721742       -10.5172198645514      asig3:
  -23.1021531331094     
 calculate zrenorm:   -23.1021531331094       -22.9659587985813     
  0.785923377282012     
  -25.2432108328359       0.000000000000000E+000  0.000000000000000E+000 asig1:
  -25.2432108328359     
  -25.2432108328359        14.0425764262816       -11.8144228245518      asig2:
  -23.0150572311061     
  -25.2432108328359        14.0682999054592       -11.9312913441008      asig3:
  -23.1062022714775     
 calculate zrenorm:   -23.1062022714775       -23.0150572311061     
  0.845816112549861     
  -25.2432108328359       0.000000000000000E+000  0.000000000000000E+000 asig1:
  -25.2432108328359     
  -25.2432108328359        14.0425764262816       -11.8144228245518      asig2:
  -23.0150572311061     
  -25.2432108328359        14.0682999054592       -11.9312913441008      asig3:
  -23.1062022714775     
 calculate zrenorm:   -23.1062022714775       -23.0150572311061     
  0.845816112549861     
  -25.2432108328359       0.000000000000000E+000  0.000000000000000E+000 asig1:
  -25.2432108328359     
  -25.2432108328359        14.0425764262816       -11.8144228245518      asig2:
  -23.0150572311061     
  -25.2432108328359        14.0682999054592       -11.9312913441008      asig3:
  -23.1062022714775     
 calculate zrenorm:   -23.1062022714775       -23.0150572311061     
  0.845816112549861     
  -7.66409425762738       0.000000000000000E+000  0.000000000000000E+000 asig1:
  -7.66409425762738     
  -7.66409425762738        4.50104146450348       -8.31213453616281      asig2:
  -11.4751873292867     
  -7.66409425762738        4.53949462569776       -8.42231884345855      asig3:
  -11.5469184753882     
 calculate zrenorm:   -11.5469184753882       -11.4751873292867     
  0.874536927731538     
  -3.18885646105315       0.000000000000000E+000  0.000000000000000E+000 asig1:
  -3.18885646105315     
  -3.18885646105315        1.60400407501770       -6.20184846294122      asig2:
  -7.78670084897668     
  -3.18885646105315        1.63709264117193       -6.30084640893693      asig3:
  -7.85261022881815     
 calculate zrenorm:   -7.85261022881815       -7.78670084897668     
  0.883533685446355     
  -3.18885646105315       0.000000000000000E+000  0.000000000000000E+000 asig1:
  -3.18885646105315     
  -3.18885646105315        1.60400407501770       -6.20184846294122      asig2:
  -7.78670084897668     
  -3.18885646105315        1.63709264117193       -6.30084640893693      asig3:
  -7.85261022881815     
 calculate zrenorm:   -7.85261022881815       -7.78670084897668     
  0.883533685446355     
  -3.18885646105315       0.000000000000000E+000  0.000000000000000E+000 asig1:
  -3.18885646105315     
  -3.18885646105315        1.60400407501770       -6.20184846294122      asig2:
  -7.78670084897668     
  -3.18885646105315        1.63709264117193       -6.30084640893693      asig3:
  -7.85261022881815     
 calculate zrenorm:   -7.85261022881815       -7.78670084897668     
  0.883533685446355     

 Symmetrized values from band-averaging:

       k =  0.000000  0.000000  0.000000 ik =   1 spin = 1

   n       elda       ecor          x       sx-x         ch        sig        vxc       eqp0       eqp1        Znk
   1    -7.9775    -7.9775   -29.9993    17.4555   -10.4221   -22.9660   -18.2386   -12.7048   -11.6928     0.7859
   2     9.3540     9.3540   -25.2432    14.0426   -11.8144   -23.0151   -20.1404     6.4794     6.9226     0.8458
   3     9.3540     9.3540   -25.2432    14.0426   -11.8144   -23.0151   -20.1404     6.4794     6.9226     0.8458
   4     9.3540     9.3540   -25.2432    14.0426   -11.8144   -23.0151   -20.1404     6.4794     6.9226     0.8458
   5    14.2138    14.2138    -7.6641     4.5010    -8.3121   -11.4752   -12.0882    14.8268    14.7499     0.8745
   6    25.2382    25.2382    -3.1889     1.6040    -6.2018    -7.7867    -8.9094    26.3609    26.2301     0.8835
   7    25.2382    25.2382    -3.1889     1.6040    -6.2018    -7.7867    -8.9094    26.3609    26.2301     0.8835
   8    25.2382    25.2382    -3.1889     1.6040    -6.2018    -7.7867    -8.9094    26.3609    26.2301     0.8835
*** VERBOSE: Deallocated random numbers.

    n = band index
 elda = energy eigenvalue
 ecor = corrected energy eigenvalue
    x = bare exchange
   sx = screened exchange at energy ecor
   ch = coulomb hole at energy ecor
  sig = sx + ch = self-energy at energy ecor
  vxc = exchange-correlation potential
 eqp0 = elda - vxc + sig(ecor)
 eqp1 = eqp0 + (dsig/de) / (1 - dsig/de) * (eqp0 - ecor)
  Znk = quasiparticle renormalization factor

        finite_difference_form from sigma.inp file:
        none     = -2 : dsig/de = 0 [skip the expansion]
        backward = -1 : dsig/de = (sig(ecor) - sig(ecor-de)) / de
        central  =  0 : dsig/de = (sig(ecor+de) - sig(ecor-de)) / (2*de)
        forward  =  1 : dsig/de = (sig(ecor+de) - sig(ecor)) / de
        default  =  2 : forward for diagonal and none for off-diagonal
        de is finite_difference_spacing from sigma.inp file
        elda,ecor,x,sx,ch,sig,vxc,eqp0,eqp,de are in eV
        elda and vxc both contain vxc0 so it cancels out
        eqp1 and eqp0 are Eqs. (36-37) from Hybertsen & Louie PRB 34 5390

*** VERBOSE: Destroying   36 x  36 x  36 FFTW plans.

                      CPU [s]        WALL [s]           #

FULLBZ:                 0.000           0.008           1
IRRBZ:                  0.000           0.002           1
SUBGRP:                 0.000           0.000           1
GMAP:                   0.000           0.002          16
INPUT:                  0.100           0.778           1
INPUT (READ):           0.050           0.645        5696
INPUT (WRITE):          0.000           0.007        5600
INPUT_OUTER:            0.000           0.000           1
GENWF:                  0.060           0.063          16
WF COMM:                0.000           0.000           1
WF_CH COMM:             0.000           0.000           0
EPSCOPY:                0.060           0.142           1
EPSREAD:                0.000           0.007          16
MTXEL:                  8.490           8.656         128
MTXEL_CH:               0.000           0.000           0
MTXEL COMM:             0.000           0.000          16
VCOUL:                  0.720           0.780          16
VXC:                    5.680           5.692           2
BARE X:                 0.000           0.024         129
SX CH:                104.080         104.120         128
 
TOTAL:                119.300         121.507
 
