
 BerkeleyGW  tag 1.0.4  revision 4950

 Sigma  Real version  Run on  13-Jul-2022  at  14:38:48 -0400

 Running MPI version (parallel)

 Running on   12 processor(s)

 Using the Generalized Plasmon Pole model

 We are communicating via MPI

 Computing CH as a partial sum over empty bands

 Computing half sum over G and G' vectors

 Running with semiconductor screening

 We are using no truncation

 Computing exchange-correlation matrix elements from VXC file

 Memory available:      10.232 GB per PE
 Memory required for execution:   19.0 MB per PE
 Memory required for vcoul:  114.4 MB per PE
 
 Cell Volume = 0.125000000E+03

 Highest occupied band (unshifted grid) =  4
 Middle energy (unshifted grid) =     11.783910 eV
 Fermi  energy (unshifted grid) =     11.783910 eV

 Number of electrons per unit cell =   8.000000
 Plasma Frequency =   1.793597 Rydberg


 Read WFN_inner successfully.


     ntband =   350  nvband =   4  ncrit =  0
     ecutb = 90.0000  ecuts = 60.0000  sexcut =  4.0000
     gamma =  0.5000  fdf =  2  de =  0.5000 eV

     cvfit       =  0.0000  0.0000  0.0000  0.0000  0.0000  0.0000
     cvfit_outer =  0.0000  0.0000  0.0000  0.0000  0.0000  0.0000

     data for sum rule   rho(0,1)=  8.0000   wp = 24.4031 eV
 
     q->0  chiGG0 13-Jul-2022
     nq= 16  chiGG0 13-Jul-2022

      q0vec = 0.0050 0.0050 0.0050

       k =  0.000000  0.000000  0.000000 ik =   1 spin = 1

   n       elda       ecor          x       sx-x         ch        sig        vxc       eqp0       eqp1        Znk
   1    -7.9775    -7.9775   -29.9993    17.4555   -10.4221   -22.9660   -18.2386   -12.7048   -11.6928     0.7859
   2     9.3540     9.3540   -25.2432    14.0426   -11.8144   -23.0151   -20.1404     6.4794     6.9226     0.8458
   3     9.3540     9.3540   -25.2432    14.0426   -11.8144   -23.0151   -20.1404     6.4794     6.9226     0.8458
   4     9.3540     9.3540   -25.2432    14.0426   -11.8144   -23.0151   -20.1404     6.4794     6.9226     0.8458
   5    14.2138    14.2138    -7.6641     4.5010    -8.3121   -11.4752   -12.0882    14.8268    14.7499     0.8745
   6    25.2382    25.2382    -3.1889     1.6040    -6.2018    -7.7867    -8.9094    26.3609    26.2301     0.8835
   7    25.2382    25.2382    -3.1889     1.6040    -6.2018    -7.7867    -8.9094    26.3609    26.2301     0.8835
   8    25.2382    25.2382    -3.1889     1.6040    -6.2018    -7.7867    -8.9094    26.3609    26.2301     0.8835

    n = band index
 elda = energy eigenvalue
 ecor = corrected energy eigenvalue
    x = bare exchange
   sx = screened exchange at energy ecor
   ch = coulomb hole at energy ecor
  sig = sx + ch = self-energy at energy ecor
  vxc = exchange-correlation potential
 eqp0 = elda - vxc + sig(ecor)
 eqp1 = eqp0 + (dsig/de) / (1 - dsig/de) * (eqp0 - ecor)
  Znk = quasiparticle renormalization factor

        finite_difference_form from sigma.inp file:
        none     = -2 : dsig/de = 0 [skip the expansion]
        backward = -1 : dsig/de = (sig(ecor) - sig(ecor-de)) / de
        central  =  0 : dsig/de = (sig(ecor+de) - sig(ecor-de)) / (2*de)
        forward  =  1 : dsig/de = (sig(ecor+de) - sig(ecor)) / de
        default  =  2 : forward for diagonal and none for off-diagonal
        de is finite_difference_spacing from sigma.inp file
        elda,ecor,x,sx,ch,sig,vxc,eqp0,eqp,de are in eV
        elda and vxc both contain vxc0 so it cancels out
        eqp1 and eqp0 are Eqs. (36-37) from Hybertsen & Louie PRB 34 5390

