 Check atoms numbers           2           2
 open file GWR
 write date and time to GWR
 start to calculate some data
 print out for debug
           1       14331          48           0           2
   360.000000000000               56           5        1820
   90.0000000000000     
          33          33          33           6           6           6
  0.000000000000000E+000  0.000000000000000E+000  0.000000000000000E+000
  0.000000000000000E+000   3.96850262992050        3.96850262992050     
   3.96850262992050       0.000000000000000E+000   3.96850262992050     
   3.96850262992050        3.96850262992050       0.000000000000000E+000
  0.000000000000000E+000   3.96850262992050        3.96850262992050     
   3.96850262992050       0.000000000000000E+000   3.96850262992050     
   3.96850262992050        3.96850262992050       0.000000000000000E+000
   125.000000000000        5.61231024154687       0.000000000000000E+000
  0.707106781186548       0.707106781186548       0.707106781186548     
  0.000000000000000E+000  0.707106781186548       0.707106781186548     
  0.707106781186548       0.000000000000000E+000   31.4980262473718     
   15.7490131236859        15.7490131236859        15.7490131236859     
   31.4980262473718        15.7490131236859        15.7490131236859     
   15.7490131236859        31.4980262473718     
   1.98440170753919        1.11953634720090      -0.707106781186548     
  0.707106781186548       0.707106781186548       0.707106781186548     
 -0.707106781186548       0.707106781186548       0.707106781186548     
  0.707106781186548      -0.707106781186548        1.88004244905591     
 -0.626680816351969      -0.626680816351969      -0.626680816351969     
   1.88004244905591      -0.626680816351969      -0.626680816351969     
 -0.626680816351969        1.88004244905591     
           1           0           0           0           1           0
           0           0           1          -1          -1          -1
           0           0           1           0           1           0
           0           0           1          -1          -1          -1
           1           0           0           0           1           0
           1           0           0          -1          -1          -1
           0           0           1           1           0           0
           0           1           0           0           1           0
          -1          -1          -1           0           0           1
           1           0           0           0           0           1
          -1          -1          -1          -1          -1          -1
           0           1           0           1           0           0
           0           1           0           0           0           1
           1           0           0           0           0           1
           0           1           0          -1          -1          -1
          -1          -1          -1           1           0           0
           0           0           1           1           0           0
          -1          -1          -1           0           1           0
           0          -1           0          -1           0           0
           0           0          -1           0           0          -1
           1           1           1           0          -1           0
           1           1           1           0           0          -1
          -1           0           0          -1           0           0
           0          -1           0           1           1           1
          -1           0           0           0           0          -1
           0          -1           0           1           1           1
           0          -1           0           0           0          -1
           0           0          -1          -1           0           0
           1           1           1           0          -1           0
           1           1           1          -1           0           0
           0           0          -1           0          -1           0
          -1           0           0           0          -1           0
           0           0          -1           1           1           1
          -1           0           0           1           1           1
           0           0          -1           1           1           1
          -1           0           0           0          -1           0
          -1           0           0           0          -1           0
           0           0          -1           1           1           1
           0           0          -1           0          -1           0
           0           0          -1           1           1           1
          -1           0           0           0          -1           0
          -1           0           0           1           1           1
           0           0          -1          -1           0           0
           0          -1           0           0          -1           0
           1           1           1           0           0          -1
          -1           0           0           0           0          -1
           1           1           1           1           1           1
           0          -1           0          -1           0           0
           0          -1           0           0           0          -1
          -1           0           0           0           0          -1
           0          -1           0           1           1           1
           1           1           1          -1           0           0
           0           0          -1          -1           0           0
           1           1           1           0          -1           0
           0           1           0           1           0           0
           0           0           1           0           0           1
          -1          -1          -1           0           1           0
          -1          -1          -1           0           0           1
           1           0           0           1           0           0
           0           1           0          -1          -1          -1
           1           0           0           0           0           1
           0           1           0          -1          -1          -1
           0           1           0           0           0           1
           0           0           1           1           0           0
          -1          -1          -1           0           1           0
          -1          -1          -1           1           0           0
           0           0           1           0           1           0
           1           0           0           0           1           0
           0           0           1          -1          -1          -1
           1           0           0          -1          -1          -1
           0           0           1          -1          -1          -1
           1           0           0           0           1           0
  0.000000000000000E+000  0.000000000000000E+000  0.000000000000000E+000
  0.000000000000000E+000  0.000000000000000E+000  0.000000000000000E+000
  0.000000000000000E+000  0.000000000000000E+000  0.000000000000000E+000
  0.000000000000000E+000  0.000000000000000E+000  0.000000000000000E+000
  0.000000000000000E+000  0.000000000000000E+000  0.000000000000000E+000
  0.000000000000000E+000  0.000000000000000E+000  0.000000000000000E+000
  0.000000000000000E+000  0.000000000000000E+000  0.000000000000000E+000
  0.000000000000000E+000  0.000000000000000E+000  0.000000000000000E+000
  0.000000000000000E+000  0.000000000000000E+000  0.000000000000000E+000
  0.000000000000000E+000  0.000000000000000E+000  0.000000000000000E+000
  0.000000000000000E+000  0.000000000000000E+000  0.000000000000000E+000
  0.000000000000000E+000  0.000000000000000E+000  0.000000000000000E+000
  0.000000000000000E+000  0.000000000000000E+000  0.000000000000000E+000
  0.000000000000000E+000  0.000000000000000E+000  0.000000000000000E+000
  0.000000000000000E+000  0.000000000000000E+000  0.000000000000000E+000
  0.000000000000000E+000  0.000000000000000E+000  0.000000000000000E+000
  0.000000000000000E+000  0.000000000000000E+000  0.000000000000000E+000
  0.000000000000000E+000  0.000000000000000E+000  0.000000000000000E+000
  0.000000000000000E+000  0.000000000000000E+000  0.000000000000000E+000
  0.000000000000000E+000  0.000000000000000E+000  0.000000000000000E+000
  0.000000000000000E+000  0.000000000000000E+000  0.000000000000000E+000
  0.000000000000000E+000  0.000000000000000E+000  0.000000000000000E+000
  0.000000000000000E+000  0.000000000000000E+000  0.000000000000000E+000
  0.000000000000000E+000  0.000000000000000E+000  0.000000000000000E+000
  0.000000000000000E+000  0.000000000000000E+000  0.000000000000000E+000
  0.000000000000000E+000  0.000000000000000E+000  0.000000000000000E+000
  0.000000000000000E+000  0.000000000000000E+000  0.000000000000000E+000
  0.000000000000000E+000  0.000000000000000E+000  0.000000000000000E+000
  0.000000000000000E+000  0.000000000000000E+000  0.000000000000000E+000
  0.000000000000000E+000  0.000000000000000E+000  0.000000000000000E+000
  0.000000000000000E+000  0.000000000000000E+000  0.000000000000000E+000
  0.000000000000000E+000  0.000000000000000E+000  0.000000000000000E+000
  0.000000000000000E+000  0.000000000000000E+000  0.000000000000000E+000
  0.000000000000000E+000  0.000000000000000E+000  0.000000000000000E+000
  0.000000000000000E+000  0.000000000000000E+000  0.000000000000000E+000
  0.000000000000000E+000  0.000000000000000E+000  0.000000000000000E+000
  0.000000000000000E+000  0.000000000000000E+000  0.000000000000000E+000
  0.000000000000000E+000  0.000000000000000E+000  0.000000000000000E+000
  0.000000000000000E+000  0.000000000000000E+000  0.000000000000000E+000
  0.000000000000000E+000  0.000000000000000E+000  0.000000000000000E+000
  0.000000000000000E+000  0.000000000000000E+000  0.000000000000000E+000
  0.000000000000000E+000  0.000000000000000E+000  0.000000000000000E+000
  0.000000000000000E+000  0.000000000000000E+000  0.000000000000000E+000
  0.000000000000000E+000  0.000000000000000E+000  0.000000000000000E+000
  0.000000000000000E+000  0.000000000000000E+000  0.000000000000000E+000
  0.000000000000000E+000  0.000000000000000E+000  0.000000000000000E+000
  0.000000000000000E+000  0.000000000000000E+000  0.000000000000000E+000
  0.000000000000000E+000  0.000000000000000E+000  0.000000000000000E+000
  0.000000000000000E+000  0.000000000000000E+000  0.000000000000000E+000
           1  0.707106781186548       0.707106781186548     
  0.707106781186548                2
           1           1           1           1           1           1
           1           1           1           1           1           1
           1           1           1           1           1           1
           1           1           1           1           1           1
           1           1           1           1           1           1
           1           1           1           1           1           1
           1           1           1           1           1           1
           1           1           1           1           1           1
           1           1           1           1           1           1
           1           1
           4           4           4           4           4           4
           4           4           4           4           4           4
           4           4           4           4           4           4
           4           4           4           4           4           4
           4           4           4           4           4           4
           4           4           4           4           4           4
           4           4           4           4           4           4
           4           4           4           4           4           4
           4           4           4           4           4           4
           4           4
 finish writing header
 write the big gvector
 processing wfn of k point:           1
 nkpt for irk            1  is:        1807
 write kgvec space.
 write sampled band           1 actual band index           1
 write sampled band           2 actual band index           2
 write sampled band           3 actual band index           3
 write sampled band           4 actual band index           4
 write sampled band           5 actual band index           5
 processing wfn of k point:           2
 nkpt for irk            2  is:        1820
 write kgvec space.
 write sampled band           1 actual band index           1
 write sampled band           2 actual band index           2
 write sampled band           3 actual band index           3
 write sampled band           4 actual band index           4
 write sampled band           5 actual band index           5
 processing wfn of k point:           3
 nkpt for irk            3  is:        1820
 write kgvec space.
 write sampled band           1 actual band index           1
 write sampled band           2 actual band index           2
 write sampled band           3 actual band index           3
 write sampled band           4 actual band index           4
 write sampled band           5 actual band index           5
 processing wfn of k point:           4
 nkpt for irk            4  is:        1820
 write kgvec space.
 write sampled band           1 actual band index           1
 write sampled band           2 actual band index           2
 write sampled band           3 actual band index           3
 write sampled band           4 actual band index           4
 write sampled band           5 actual band index           5
 processing wfn of k point:           5
 nkpt for irk            5  is:        1820
 write kgvec space.
 write sampled band           1 actual band index           1
 write sampled band           2 actual band index           2
 write sampled band           3 actual band index           3
 write sampled band           4 actual band index           4
 write sampled band           5 actual band index           5
 processing wfn of k point:           6
 nkpt for irk            6  is:        1820
 write kgvec space.
 write sampled band           1 actual band index           1
 write sampled band           2 actual band index           2
 write sampled band           3 actual band index           3
 write sampled band           4 actual band index           4
 write sampled band           5 actual band index           5
 processing wfn of k point:           7
 nkpt for irk            7  is:        1820
 write kgvec space.
 write sampled band           1 actual band index           1
 write sampled band           2 actual band index           2
 write sampled band           3 actual band index           3
 write sampled band           4 actual band index           4
 write sampled band           5 actual band index           5
 processing wfn of k point:           8
 nkpt for irk            8  is:        1820
 write kgvec space.
 write sampled band           1 actual band index           1
 write sampled band           2 actual band index           2
 write sampled band           3 actual band index           3
 write sampled band           4 actual band index           4
 write sampled band           5 actual band index           5
 processing wfn of k point:           9
 nkpt for irk            9  is:        1820
 write kgvec space.
 write sampled band           1 actual band index           1
 write sampled band           2 actual band index           2
 write sampled band           3 actual band index           3
 write sampled band           4 actual band index           4
 write sampled band           5 actual band index           5
 processing wfn of k point:          10
 nkpt for irk           10  is:        1802
 write kgvec space.
 write sampled band           1 actual band index           1
 write sampled band           2 actual band index           2
 write sampled band           3 actual band index           3
 write sampled band           4 actual band index           4
 write sampled band           5 actual band index           5
 processing wfn of k point:          11
 nkpt for irk           11  is:        1802
 write kgvec space.
 write sampled band           1 actual band index           1
 write sampled band           2 actual band index           2
 write sampled band           3 actual band index           3
 write sampled band           4 actual band index           4
 write sampled band           5 actual band index           5
 processing wfn of k point:          12
 nkpt for irk           12  is:        1802
 write kgvec space.
 write sampled band           1 actual band index           1
 write sampled band           2 actual band index           2
 write sampled band           3 actual band index           3
 write sampled band           4 actual band index           4
 write sampled band           5 actual band index           5
 processing wfn of k point:          13
 nkpt for irk           13  is:        1802
 write kgvec space.
 write sampled band           1 actual band index           1
 write sampled band           2 actual band index           2
 write sampled band           3 actual band index           3
 write sampled band           4 actual band index           4
 write sampled band           5 actual band index           5
 processing wfn of k point:          14
 nkpt for irk           14  is:        1810
 write kgvec space.
 write sampled band           1 actual band index           1
 write sampled band           2 actual band index           2
 write sampled band           3 actual band index           3
 write sampled band           4 actual band index           4
 write sampled band           5 actual band index           5
 processing wfn of k point:          15
 nkpt for irk           15  is:        1812
 write kgvec space.
 write sampled band           1 actual band index           1
 write sampled band           2 actual band index           2
 write sampled band           3 actual band index           3
 write sampled band           4 actual band index           4
 write sampled band           5 actual band index           5
 processing wfn of k point:          16
 nkpt for irk           16  is:        1813
 write kgvec space.
 write sampled band           1 actual band index           1
 write sampled band           2 actual band index           2
 write sampled band           3 actual band index           3
 write sampled band           4 actual band index           4
 write sampled band           5 actual band index           5
 processing wfn of k point:          17
 nkpt for irk           17  is:        1811
 write kgvec space.
 write sampled band           1 actual band index           1
 write sampled band           2 actual band index           2
 write sampled band           3 actual band index           3
 write sampled band           4 actual band index           4
 write sampled band           5 actual band index           5
 processing wfn of k point:          18
 nkpt for irk           18  is:        1808
 write kgvec space.
 write sampled band           1 actual band index           1
 write sampled band           2 actual band index           2
 write sampled band           3 actual band index           3
 write sampled band           4 actual band index           4
 write sampled band           5 actual band index           5
 processing wfn of k point:          19
 nkpt for irk           19  is:        1810
 write kgvec space.
 write sampled band           1 actual band index           1
 write sampled band           2 actual band index           2
 write sampled band           3 actual band index           3
 write sampled band           4 actual band index           4
 write sampled band           5 actual band index           5
 processing wfn of k point:          20
 nkpt for irk           20  is:        1798
 write kgvec space.
 write sampled band           1 actual band index           1
 write sampled band           2 actual band index           2
 write sampled band           3 actual band index           3
 write sampled band           4 actual band index           4
 write sampled band           5 actual band index           5
 processing wfn of k point:          21
 nkpt for irk           21  is:        1799
 write kgvec space.
 write sampled band           1 actual band index           1
 write sampled band           2 actual band index           2
 write sampled band           3 actual band index           3
 write sampled band           4 actual band index           4
 write sampled band           5 actual band index           5
 processing wfn of k point:          22
 nkpt for irk           22  is:        1803
 write kgvec space.
 write sampled band           1 actual band index           1
 write sampled band           2 actual band index           2
 write sampled band           3 actual band index           3
 write sampled band           4 actual band index           4
 write sampled band           5 actual band index           5
 processing wfn of k point:          23
 nkpt for irk           23  is:        1801
 write kgvec space.
 write sampled band           1 actual band index           1
 write sampled band           2 actual band index           2
 write sampled band           3 actual band index           3
 write sampled band           4 actual band index           4
 write sampled band           5 actual band index           5
 processing wfn of k point:          24
 nkpt for irk           24  is:        1799
 write kgvec space.
 write sampled band           1 actual band index           1
 write sampled band           2 actual band index           2
 write sampled band           3 actual band index           3
 write sampled band           4 actual band index           4
 write sampled band           5 actual band index           5
 processing wfn of k point:          25
 nkpt for irk           25  is:        1799
 write kgvec space.
 write sampled band           1 actual band index           1
 write sampled band           2 actual band index           2
 write sampled band           3 actual band index           3
 write sampled band           4 actual band index           4
 write sampled band           5 actual band index           5
 processing wfn of k point:          26
 nkpt for irk           26  is:        1800
 write kgvec space.
 write sampled band           1 actual band index           1
 write sampled band           2 actual band index           2
 write sampled band           3 actual band index           3
 write sampled band           4 actual band index           4
 write sampled band           5 actual band index           5
 processing wfn of k point:          27
 nkpt for irk           27  is:        1800
 write kgvec space.
 write sampled band           1 actual band index           1
 write sampled band           2 actual band index           2
 write sampled band           3 actual band index           3
 write sampled band           4 actual band index           4
 write sampled band           5 actual band index           5
 processing wfn of k point:          28
 nkpt for irk           28  is:        1800
 write kgvec space.
 write sampled band           1 actual band index           1
 write sampled band           2 actual band index           2
 write sampled band           3 actual band index           3
 write sampled band           4 actual band index           4
 write sampled band           5 actual band index           5
 processing wfn of k point:          29
 nkpt for irk           29  is:        1800
 write kgvec space.
 write sampled band           1 actual band index           1
 write sampled band           2 actual band index           2
 write sampled band           3 actual band index           3
 write sampled band           4 actual band index           4
 write sampled band           5 actual band index           5
 processing wfn of k point:          30
 nkpt for irk           30  is:        1800
 write kgvec space.
 write sampled band           1 actual band index           1
 write sampled band           2 actual band index           2
 write sampled band           3 actual band index           3
 write sampled band           4 actual band index           4
 write sampled band           5 actual band index           5
 processing wfn of k point:          31
 nkpt for irk           31  is:        1800
 write kgvec space.
 write sampled band           1 actual band index           1
 write sampled band           2 actual band index           2
 write sampled band           3 actual band index           3
 write sampled band           4 actual band index           4
 write sampled band           5 actual band index           5
 processing wfn of k point:          32
 nkpt for irk           32  is:        1817
 write kgvec space.
 write sampled band           1 actual band index           1
 write sampled band           2 actual band index           2
 write sampled band           3 actual band index           3
 write sampled band           4 actual band index           4
 write sampled band           5 actual band index           5
 processing wfn of k point:          33
 nkpt for irk           33  is:        1817
 write kgvec space.
 write sampled band           1 actual band index           1
 write sampled band           2 actual band index           2
 write sampled band           3 actual band index           3
 write sampled band           4 actual band index           4
 write sampled band           5 actual band index           5
 processing wfn of k point:          34
 nkpt for irk           34  is:        1817
 write kgvec space.
 write sampled band           1 actual band index           1
 write sampled band           2 actual band index           2
 write sampled band           3 actual band index           3
 write sampled band           4 actual band index           4
 write sampled band           5 actual band index           5
 processing wfn of k point:          35
 nkpt for irk           35  is:        1797
 write kgvec space.
 write sampled band           1 actual band index           1
 write sampled band           2 actual band index           2
 write sampled band           3 actual band index           3
 write sampled band           4 actual band index           4
 write sampled band           5 actual band index           5
 processing wfn of k point:          36
 nkpt for irk           36  is:        1802
 write kgvec space.
 write sampled band           1 actual band index           1
 write sampled band           2 actual band index           2
 write sampled band           3 actual band index           3
 write sampled band           4 actual band index           4
 write sampled band           5 actual band index           5
 processing wfn of k point:          37
 nkpt for irk           37  is:        1791
 write kgvec space.
 write sampled band           1 actual band index           1
 write sampled band           2 actual band index           2
 write sampled band           3 actual band index           3
 write sampled band           4 actual band index           4
 write sampled band           5 actual band index           5
 processing wfn of k point:          38
 nkpt for irk           38  is:        1791
 write kgvec space.
 write sampled band           1 actual band index           1
 write sampled band           2 actual band index           2
 write sampled band           3 actual band index           3
 write sampled band           4 actual band index           4
 write sampled band           5 actual band index           5
 processing wfn of k point:          39
 nkpt for irk           39  is:        1791
 write kgvec space.
 write sampled band           1 actual band index           1
 write sampled band           2 actual band index           2
 write sampled band           3 actual band index           3
 write sampled band           4 actual band index           4
 write sampled band           5 actual band index           5
 processing wfn of k point:          40
 nkpt for irk           40  is:        1791
 write kgvec space.
 write sampled band           1 actual band index           1
 write sampled band           2 actual band index           2
 write sampled band           3 actual band index           3
 write sampled band           4 actual band index           4
 write sampled band           5 actual band index           5
 processing wfn of k point:          41
 nkpt for irk           41  is:        1791
 write kgvec space.
 write sampled band           1 actual band index           1
 write sampled band           2 actual band index           2
 write sampled band           3 actual band index           3
 write sampled band           4 actual band index           4
 write sampled band           5 actual band index           5
 processing wfn of k point:          42
 nkpt for irk           42  is:        1791
 write kgvec space.
 write sampled band           1 actual band index           1
 write sampled band           2 actual band index           2
 write sampled band           3 actual band index           3
 write sampled band           4 actual band index           4
 write sampled band           5 actual band index           5
 processing wfn of k point:          43
 nkpt for irk           43  is:        1794
 write kgvec space.
 write sampled band           1 actual band index           1
 write sampled band           2 actual band index           2
 write sampled band           3 actual band index           3
 write sampled band           4 actual band index           4
 write sampled band           5 actual band index           5
 processing wfn of k point:          44
 nkpt for irk           44  is:        1792
 write kgvec space.
 write sampled band           1 actual band index           1
 write sampled band           2 actual band index           2
 write sampled band           3 actual band index           3
 write sampled band           4 actual band index           4
 write sampled band           5 actual band index           5
 processing wfn of k point:          45
 nkpt for irk           45  is:        1797
 write kgvec space.
 write sampled band           1 actual band index           1
 write sampled band           2 actual band index           2
 write sampled band           3 actual band index           3
 write sampled band           4 actual band index           4
 write sampled band           5 actual band index           5
 processing wfn of k point:          46
 nkpt for irk           46  is:        1772
 write kgvec space.
 write sampled band           1 actual band index           1
 write sampled band           2 actual band index           2
 write sampled band           3 actual band index           3
 write sampled band           4 actual band index           4
 write sampled band           5 actual band index           5
 processing wfn of k point:          47
 nkpt for irk           47  is:        1806
 write kgvec space.
 write sampled band           1 actual band index           1
 write sampled band           2 actual band index           2
 write sampled band           3 actual band index           3
 write sampled band           4 actual band index           4
 write sampled band           5 actual band index           5
 processing wfn of k point:          48
 nkpt for irk           48  is:        1806
 write kgvec space.
 write sampled band           1 actual band index           1
 write sampled band           2 actual band index           2
 write sampled band           3 actual band index           3
 write sampled band           4 actual band index           4
 write sampled band           5 actual band index           5
 processing wfn of k point:          49
 nkpt for irk           49  is:        1806
 write kgvec space.
 write sampled band           1 actual band index           1
 write sampled band           2 actual band index           2
 write sampled band           3 actual band index           3
 write sampled band           4 actual band index           4
 write sampled band           5 actual band index           5
 processing wfn of k point:          50
 nkpt for irk           50  is:        1806
 write kgvec space.
 write sampled band           1 actual band index           1
 write sampled band           2 actual band index           2
 write sampled band           3 actual band index           3
 write sampled band           4 actual band index           4
 write sampled band           5 actual band index           5
 processing wfn of k point:          51
 nkpt for irk           51  is:        1800
 write kgvec space.
 write sampled band           1 actual band index           1
 write sampled band           2 actual band index           2
 write sampled band           3 actual band index           3
 write sampled band           4 actual band index           4
 write sampled band           5 actual band index           5
 processing wfn of k point:          52
 nkpt for irk           52  is:        1801
 write kgvec space.
 write sampled band           1 actual band index           1
 write sampled band           2 actual band index           2
 write sampled band           3 actual band index           3
 write sampled band           4 actual band index           4
 write sampled band           5 actual band index           5
 processing wfn of k point:          53
 nkpt for irk           53  is:        1800
 write kgvec space.
 write sampled band           1 actual band index           1
 write sampled band           2 actual band index           2
 write sampled band           3 actual band index           3
 write sampled band           4 actual band index           4
 write sampled band           5 actual band index           5
 processing wfn of k point:          54
 nkpt for irk           54  is:        1797
 write kgvec space.
 write sampled band           1 actual band index           1
 write sampled band           2 actual band index           2
 write sampled band           3 actual band index           3
 write sampled band           4 actual band index           4
 write sampled band           5 actual band index           5
 processing wfn of k point:          55
 nkpt for irk           55  is:        1788
 write kgvec space.
 write sampled band           1 actual band index           1
 write sampled band           2 actual band index           2
 write sampled band           3 actual band index           3
 write sampled band           4 actual band index           4
 write sampled band           5 actual band index           5
 processing wfn of k point:          56
 nkpt for irk           56  is:        1789
 write kgvec space.
 write sampled band           1 actual band index           1
 write sampled band           2 actual band index           2
 write sampled band           3 actual band index           3
 write sampled band           4 actual band index           4
 write sampled band           5 actual band index           5
 Done writing wavefunctions in new format!
