  
 MM input format >>>   GAFF   <<<
  
 Number of defined/different AtomTypes =  13/ 12
  
 Number of atoms in         DBB =     64
 Number of bonds in         DBB =     68
 Number of angles in        DBB =    101
 Number of dihedrals in     DBB =    127
 Number of Torsion DHDs in  DBB =    112
 Number of Improper DHDs in DBB =     15
 Total MM_charge in DBB =    3.392003
  
 Number of atoms in         CCC =    479
 Number of bonds in         CCC =      0
 Number of angles in        CCC =      0
 Number of dihedrals in     CCC =      0
 Number of Torsion DHDs in  CCC =      0
 Number of Improper DHDs in CCC =      0
 Total MM_charge in CCC =   -4.392000
  
Force Field Parameters:
 NonBonded FF type       =      2
 Combination Rule        =      2
 Coulomb 1-4 scale       =  0.8333
 van der Walls 1-4 scale =  1.0000
  
[ atomtypes ]
   14 CA       1.69983     0.24444    
    4 CB       1.69983     0.24444    
    2 CC       1.69983     0.24444    
    9 HA       1.29982     0.10209    
    8 CT       1.69983     0.27570    
    2 CM       1.69983     0.24444    
   20 HC       1.32477     0.10444    
    1 C        1.69983     0.24444    
    2 O2       1.47996     0.38198    
  160 TI       0.97907     0.65227    
  320 O        1.44213     0.48363    
    1 H        0.00000     0.00000 <==
  
[ SpecialPairs ]
 TI   O        2.43270     0.27502    
  
[ bondtypes ]
CA  CA   1          0.14000     392459.200          0.000   
CA  CT   1          0.15100     265265.600          0.000   
CA  CB   1          0.14000     392459.200          0.000   
CA  HA   1          0.10800     307105.600          0.000   
CB  CC   1          0.14330     357313.600          0.000   
CB  CB   1          0.14590     324678.400          0.000   
CC  CA   1          0.14330     357313.600          0.000   
CC  CB   1          0.14330     357313.600          0.000   
CB  CA   1          0.14000     392459.200          0.000   
CA  CC   1          0.14330     357313.600          0.000   
CA  CM   1          0.14330     357313.600          0.000   
C   O2   1          0.12500     548940.800          0.000   
CM  C    1          0.14440     343088.000          0.000   
CT  CT   1          0.15260     259408.000          0.000   
CM  HC   1          0.10963     302921.600          0.000   
CM  CM   1          0.13500     459403.200          0.000   
TI  O2   1          0.19000     459403.200          0.000   
CT  HC   1          0.10900     284512.000          0.000   
  
[ angletypes ]
CA  CA  CA   1          120.000        527.184   
CA  CA  CT   1          120.000        585.760   
CA  CA  CB   1          120.000        527.184   
CA  CA  HA   1          120.000        418.400   
CB  CA  HA   1          120.000        418.400   
CA  CB  CC   1          120.000        527.184   
CA  CB  CB   1          117.300        527.184   
CC  CB  CB   1          120.000        527.184   
CB  CC  CA   1          120.000        527.184   
CB  CC  CB   1          120.000        527.184   
CA  CC  CB   1          120.000        527.184   
CC  CA  CA   1          120.000        527.184   
CC  CB  CA   1          120.000        527.184   
CB  CB  CA   1          117.300        527.184   
CB  CB  CC   1          120.000        527.184   
CB  CA  CA   1          120.000        527.184   
CA  CA  CC   1          120.000        527.184   
CA  CA  CM   1          119.750        271.123   
CA  CT  CT   1          114.000        527.184   
CT  CT  CT   1          109.500        334.720   
CA  CM  HC   1          118.470        298.821   
HC  CM  CM   1          120.720        190.037   
CA  CM  CM   1          117.000        527.184   
CM  CM  HC   1          120.720        190.037   
C   CM  HC   1          120.090        290.286   
CM  CM  C    1          120.700        527.184   
CM  C   O2   1          126.410        544.171   
O2  C   O2   1          126.000        669.440   
HC  CT  HC   1          109.500        292.880   
TI  O2  C    1          117.000        502.080   
  
[ dihedraltypes ]
HA  CA  CA  CT      9   180.00000    15.16700     2.00000   
HA  CA  CA  CA      9   180.00000    15.16700     2.00000   
CB  CA  CA  CT      9   180.00000    15.16700     2.00000   
CB  CA  CA  CA      9   180.00000    15.16700     2.00000   
CA  CA  CA  HA      9   180.00000    15.16700     2.00000   
CA  CA  CA  CA      9   180.00000    15.16700     2.00000   
CT  CA  CA  HA      9   180.00000    15.16700     2.00000   
CT  CA  CA  CA      9   180.00000    15.16700     2.00000   
CA  CA  CA  CC      9   180.00000    15.16700     2.00000   
HA  CA  CA  CC      9   180.00000    15.16700     2.00000   
CB  CC  CA  CA      9   180.00000    14.64400     2.00000   
CA  CB  CC  CA      9   180.00000    14.64400     2.00000   
CA  CB  CC  CB      9   180.00000    14.64400     2.00000   
CB  CB  CC  CA      9   180.00000    14.64400     2.00000   
CB  CB  CC  CB      9   180.00000    14.64400     2.00000   
CA  CA  CB  CC      9   180.00000    14.64400     2.00000   
CA  CA  CB  CB      9   180.00000    14.64400     2.00000   
HA  CA  CB  CC      9   180.00000    14.64400     2.00000   
HA  CA  CB  CB      9   180.00000    14.64400     2.00000   
CC  CA  CA  HA      9   180.00000    15.16700     2.00000   
CC  CA  CA  CA      9   180.00000    15.16700     2.00000   
CA  CA  CA  CT      9   180.00000    15.16700     2.00000   
CB  CC  CB  CA      9   180.00000    14.64400     2.00000   
CB  CC  CB  CB      9   180.00000    14.64400     2.00000   
CA  CC  CB  CA      9   180.00000    14.64400     2.00000   
CA  CC  CB  CB      9   180.00000    14.64400     2.00000   
CA  CB  CB  CA      9   180.00000    22.80280     2.00000   
CA  CB  CB  CC      9   180.00000    22.80280     2.00000   
CC  CB  CB  CA      9   180.00000    22.80280     2.00000   
CC  CB  CB  CC      9   180.00000    22.80280     2.00000   
CB  CB  CA  HA      9   180.00000    14.64400     2.00000   
CB  CB  CA  CA      9   180.00000    14.64400     2.00000   
CC  CB  CA  HA      9   180.00000    14.64400     2.00000   
CC  CB  CA  CA      9   180.00000    14.64400     2.00000   
HA  CA  CA  HA      9   180.00000    15.16700     2.00000   
CB  CA  CA  HA      9   180.00000    15.16700     2.00000   
CA  CA  CC  CB      9   180.00000    14.64400     2.00000   
CA  CA  CA  CM      9   180.00000    15.16700     2.00000   
HA  CA  CA  CM      9   180.00000    15.16700     2.00000   
CA  CA  CA  CB      9   180.00000    15.16700     2.00000   
CM  CA  CA  CB      9   180.00000    15.16700     2.00000   
CM  CA  CA  HA      9   180.00000    15.16700     2.00000   
CA  CA  CM  CM      9   180.00000     9.22614     2.00000   
CA  CA  CM  HC      9   180.00000    10.66920     2.00000   
HC  CM  CM  CA      9   180.00000    27.82360     2.00000   
HC  CM  CM  HC      9   180.00000    33.08833     2.00000   
C   CM  CM  CA      9   180.00000    27.82360     2.00000   
C   CM  CM  HC      9   180.00000    27.82360     2.00000   
CM  CM  C   O2      9   180.00000     0.00126     2.00000   
HC  CM  C   O2      9   180.00000     9.10020     2.00000   
CM  C   O2  TI      9   180.00000     9.62320     2.00000   
O2  C   O2  TI      9   180.00000     9.62320     2.00000   
CA  CB  CA  HA      9   180.00000     4.60240     2.00000   
CA  CA  CA  CM      9   130.00000    15.45444     2.00000   
C   O2  CM  O2      9   180.00000    43.93200     2.00000   
CM  CM  CA  HC      9   180.00000    15.73937     2.00000   
CM  C   CM  HC      9   180.00000    22.14759     2.00000   
  
[ charges ]
( DBB )
   CA  0.1081     
   CA -0.2568     
   CB  0.0151     
   CC -0.0062     
   CA  0.1995     
   CA -0.2996     
   CA -0.3018     
   CA  0.0979     
   CA -0.2804     
   CB  0.0612     
   CB  0.0646     
   CA -0.1911     
   CA -0.0244     
   CA -0.2324     
   CA  0.2251     
   CC -0.0242     
   CB  0.0545     
   CA -0.3220     
   CA  0.2167     
   CA -0.2522     
   HA  0.1482     
   HA  0.1273     
   HA  0.1284     
   HA  0.1575     
   HA  0.1167     
   HA  0.1394     
   HA  0.0814     
   HA  0.1195     
   HA  0.1217     
   CT  0.3515     
   CT  0.3795     
   CT -0.1827     
   CT -0.1742     
   CT -0.1725     
   CT -0.1441     
   CT -0.1525     
   CT -0.2086     
   CM -0.0681     
   CM -0.3333     
   HC  0.1198     
   HC  0.1764     
    C  0.6331     
   O2 -0.8256     
   O2 -0.8256     
   HC  0.0324     
   HC  0.0299     
   HC  0.0299     
   HC  0.0061     
   HC  0.0440     
   HC  0.0155     
   HC  0.0055     
   HC  0.0436     
   HC  0.0151     
   HC  0.0091     
   HC  0.0367     
   HC -0.0013     
   HC  0.0389     
   HC  0.0011     
   HC  0.0109     
   HC  0.0383     
   HC  0.0417     
   HC  0.0381     
   TI  2.1960     
   TI  2.1960     
( CCC )
   TI  2.1960     
   TI  2.1960     
   TI  2.1960     
   TI  2.1960     
   TI  2.1960     
   TI  2.1960     
   TI  2.1960     
   TI  2.1960     
   TI  2.1960     
   TI  2.1960     
   TI  2.1960     
   TI  2.1960     
   TI  2.1960     
   TI  2.1960     
   TI  2.1960     
   TI  2.1960     
   TI  2.1960     
   TI  2.1960     
   TI  2.1960     
   TI  2.1960     
   TI  2.1960     
   TI  2.1960     
   TI  2.1960     
   TI  2.1960     
   TI  2.1960     
   TI  2.1960     
   TI  2.1960     
   TI  2.1960     
   TI  2.1960     
   TI  2.1960     
   TI  2.1960     
   TI  2.1960     
   TI  2.1960     
   TI  2.1960     
   TI  2.1960     
   TI  2.1960     
   TI  2.1960     
   TI  2.1960     
   TI  2.1960     
   TI  2.1960     
   TI  2.1960     
   TI  2.1960     
   TI  2.1960     
   TI  2.1960     
   TI  2.1960     
   TI  2.1960     
   TI  2.1960     
   TI  2.1960     
   TI  2.1960     
   TI  2.1960     
   TI  2.1960     
   TI  2.1960     
   TI  2.1960     
   TI  2.1960     
   TI  2.1960     
   TI  2.1960     
   TI  2.1960     
   TI  2.1960     
   TI  2.1960     
   TI  2.1960     
   TI  2.1960     
   TI  2.1960     
   TI  2.1960     
   TI  2.1960     
   TI  2.1960     
   TI  2.1960     
   TI  2.1960     
   TI  2.1960     
   TI  2.1960     
   TI  2.1960     
   TI  2.1960     
   TI  2.1960     
   TI  2.1960     
   TI  2.1960     
   TI  2.1960     
   TI  2.1960     
   TI  2.1960     
   TI  2.1960     
   TI  2.1960     
   TI  2.1960     
   TI  2.1960     
   TI  2.1960     
   TI  2.1960     
   TI  2.1960     
   TI  2.1960     
   TI  2.1960     
   TI  2.1960     
   TI  2.1960     
   TI  2.1960     
   TI  2.1960     
   TI  2.1960     
   TI  2.1960     
   TI  2.1960     
   TI  2.1960     
   TI  2.1960     
   TI  2.1960     
   TI  2.1960     
   TI  2.1960     
   TI  2.1960     
   TI  2.1960     
   TI  2.1960     
   TI  2.1960     
   TI  2.1960     
   TI  2.1960     
   TI  2.1960     
   TI  2.1960     
   TI  2.1960     
   TI  2.1960     
   TI  2.1960     
   TI  2.1960     
   TI  2.1960     
   TI  2.1960     
   TI  2.1960     
   TI  2.1960     
   TI  2.1960     
   TI  2.1960     
   TI  2.1960     
   TI  2.1960     
   TI  2.1960     
   TI  2.1960     
   TI  2.1960     
   TI  2.1960     
   TI  2.1960     
   TI  2.1960     
   TI  2.1960     
   TI  2.1960     
    O -1.0980     
    O -1.0980     
    O -1.0980     
    O -1.0980     
    O -1.0980     
    O -1.0980     
    O -1.0980     
    O -1.0980     
    O -1.0980     
    O -1.0980     
    O -1.0980     
    O -1.0980     
    O -1.0980     
    O -1.0980     
    O -1.0980     
    O -1.0980     
    O -1.0980     
    O -1.0980     
    O -1.0980     
    O -1.0980     
    O -1.0980     
    O -1.0980     
    O -1.0980     
    O -1.0980     
    O -1.0980     
    O -1.0980     
    O -1.0980     
    O -1.0980     
    O -1.0980     
    O -1.0980     
    O -1.0980     
    O -1.0980     
    O -1.0980     
    O -1.0980     
    O -1.0980     
    O -1.0980     
    O -1.0980     
    O -1.0980     
    O -1.0980     
    O -1.0980     
    O -1.0980     
    O -1.0980     
    O -1.0980     
    O -1.0980     
    O -1.0980     
    O -1.0980     
    O -1.0980     
    O -1.0980     
    O -1.0980     
    O -1.0980     
    O -1.0980     
    O -1.0980     
    O -1.0980     
    O -1.0980     
    O -1.0980     
    O -1.0980     
    O -1.0980     
    O -1.0980     
    O -1.0980     
    O -1.0980     
    O -1.0980     
    O -1.0980     
    O -1.0980     
    O -1.0980     
    O -1.0980     
    O -1.0980     
    O -1.0980     
    O -1.0980     
    O -1.0980     
    O -1.0980     
    O -1.0980     
    O -1.0980     
    O -1.0980     
    O -1.0980     
    O -1.0980     
    O -1.0980     
    O -1.0980     
    O -1.0980     
    O -1.0980     
    O -1.0980     
    O -1.0980     
    O -1.0980     
    O -1.0980     
    O -1.0980     
    O -1.0980     
    O -1.0980     
    O -1.0980     
    O -1.0980     
    O -1.0980     
    O -1.0980     
    O -1.0980     
    O -1.0980     
    O -1.0980     
    O -1.0980     
    O -1.0980     
    O -1.0980     
    O -1.0980     
    O -1.0980     
    O -1.0980     
    O -1.0980     
    O -1.0980     
    O -1.0980     
    O -1.0980     
    O -1.0980     
    O -1.0980     
    O -1.0980     
    O -1.0980     
    O -1.0980     
    O -1.0980     
    O -1.0980     
    O -1.0980     
    O -1.0980     
    O -1.0980     
    O -1.0980     
    O -1.0980     
    O -1.0980     
    O -1.0980     
    O -1.0980     
    O -1.0980     
    O -1.0980     
    O -1.0980     
    O -1.0980     
    O -1.0980     
    O -1.0980     
    O -1.0980     
    O -1.0980     
    O -1.0980     
    O -1.0980     
    O -1.0980     
    O -1.0980     
    O -1.0980     
    O -1.0980     
    O -1.0980     
    O -1.0980     
    O -1.0980     
    O -1.0980     
    O -1.0980     
    O -1.0980     
    O -1.0980     
    O -1.0980     
    O -1.0980     
    O -1.0980     
    O -1.0980     
    O -1.0980     
    O -1.0980     
    O -1.0980     
    O -1.0980     
    O -1.0980     
    O -1.0980     
    O -1.0980     
    O -1.0980     
    O -1.0980     
    O -1.0980     
    O -1.0980     
    O -1.0980     
    O -1.0980     
    O -1.0980     
    O -1.0980     
    O -1.0980     
    O -1.0980     
    O -1.0980     
    O -1.0980     
    O -1.0980     
    O -1.0980     
    O -1.0980     
    O -1.0980     
    O -1.0980     
    O -1.0980     
    O -1.0980     
    O -1.0980     
    O -1.0980     
    O -1.0980     
    O -1.0980     
    O -1.0980     
    O -1.0980     
    O -1.0980     
    O -1.0980     
    O -1.0980     
    O -1.0980     
    O -1.0980     
    O -1.0980     
    O -1.0980     
    O -1.0980     
    O -1.0980     
    O -1.0980     
    O -1.0980     
    O -1.0980     
    O -1.0980     
    O -1.0980     
    O -1.0980     
    O -1.0980     
    O -1.0980     
    O -1.0980     
    O -1.0980     
    O -1.0980     
    O -1.0980     
    O -1.0980     
    O -1.0980     
    O -1.0980     
    O -1.0980     
    O -1.0980     
    O -1.0980     
    O -1.0980     
    O -1.0980     
    O -1.0980     
    O -1.0980     
    O -1.0980     
    O -1.0980     
    O -1.0980     
    O -1.0980     
    O -1.0980     
    O -1.0980     
    O -1.0980     
    O -1.0980     
    O -1.0980     
    O -1.0980     
    O -1.0980     
    O -1.0980     
    O -1.0980     
    O -1.0980     
    O -1.0980     
    O -1.0980     
    O -1.0980     
    O -1.0980     
    O -1.0980     
    O -1.0980     
    O -1.0980     
    O -1.0980     
    O -1.0980     
    O -1.0980     
    O -1.0980     
    O -1.0980     
    O -1.0980     
    O -1.0980     
    O -1.0980     
    O -1.0980     
    O -1.0980     
    O -1.0980     
    O -1.0980     
    O -1.0980     
    O -1.0980     
    O -1.0980     
    O -1.0980     
    O -1.0980     
    O -1.0980     
    O -1.0980     
    O -1.0980     
    O -1.0980     
    O -1.0980     
    O -1.0980     
    O -1.0980     
    O -1.0980     
    O -1.0980     
    O -1.0980     
    O -1.0980     
    O -1.0980     
    H  0.0000  <==
   TI  2.1960     
   TI  2.1960     
   TI  2.1960     
   TI  2.1960     
   TI  2.1960     
   TI  2.1960     
   TI  2.1960     
   TI  2.1960     
   TI  2.1960     
   TI  2.1960     
   TI  2.1960     
   TI  2.1960     
   TI  2.1960     
   TI  2.1960     
   TI  2.1960     
   TI  2.1960     
   TI  2.1960     
   TI  2.1960     
   TI  2.1960     
   TI  2.1960     
   TI  2.1960     
   TI  2.1960     
   TI  2.1960     
   TI  2.1960     
   TI  2.1960     
   TI  2.1960     
   TI  2.1960     
   TI  2.1960     
   TI  2.1960     
   TI  2.1960     
   TI  2.1960     
   TI  2.1960     
    O -1.0980     
    O -1.0980     
    O -1.0980     
    O -1.0980     
    O -1.0980     
    O -1.0980     
    O -1.0980     
    O -1.0980     
    O -1.0980     
    O -1.0980     
    O -1.0980     
    O -1.0980     
    O -1.0980     
    O -1.0980     
    O -1.0980     
    O -1.0980     
    O -1.0980     
    O -1.0980     
    O -1.0980     
    O -1.0980     
    O -1.0980     
    O -1.0980     
    O -1.0980     
    O -1.0980     
    O -1.0980     
    O -1.0980     
    O -1.0980     
    O -1.0980     
    O -1.0980     
    O -1.0980     
    O -1.0980     
    O -1.0980     
    O -1.0980     
    O -1.0980     
    O -1.0980     
    O -1.0980     
    O -1.0980     
    O -1.0980     
    O -1.0980     
    O -1.0980     
    O -1.0980     
    O -1.0980     
    O -1.0980     
    O -1.0980     
    O -1.0980     
    O -1.0980     
    O -1.0980     
    O -1.0980     
    O -1.0980     
    O -1.0980     
    O -1.0980     
    O -1.0980     
    O -1.0980     
    O -1.0980     
    O -1.0980     
    O -1.0980     
    O -1.0980     
    O -1.0980     
    O -1.0980     
    O -1.0980     
    O -1.0980     
    O -1.0980     
    O -1.0980     
    O -1.0980     
