  -687.931180082991        719.488516352306       -588.968782586157     
  -473.620304749624        291.897543153740        481.206592746928     
  -889.680941205389        719.469229812771       -29.0447534551152     
  -678.501736124209        349.691646402396        54.8908927461510     
   301.401862144661        756.288761736349       -333.413142670049     
   31.7000363668706        440.055370124297        312.505498254815     
   67.7152941281690       -259.520616609742        791.451227001018     
  -247.109389202810       -59.3386140910684       -301.039346161856     
   374.927053616229       -85.8744149161121       -24.8979397874187     
  -155.020774880695        270.479028137049       -629.422331682418     
   395.805719963132       -77.2680173786041       -227.848611924755     
  -869.708829072546        840.930673451145       -198.072566878355     
   582.586144555431        191.379421772806        735.018590074225     
   334.753854909533       -400.572442268788        164.752842072892     
   822.475863049959       -33.4547452882741        208.974708397232     
   472.466167829448        311.288903450340        74.9325594685132     
   907.611979880670       -45.4333252265036       -435.791379370657     
   171.831901633038        261.330213416673       -452.097185113637     
   621.990717698781        910.816105697690       -432.242544433298     
   3.25701851702673       -541.164426265235        507.717855682081     
   8.16570371802052       -2430.87698512247       -324.586936088644     
   686.779635336057       -443.600372028376       -2439.26913940003     
   2678.79422798446        1303.77346493880        651.635698987554     
  -1001.58446028042        1203.07297146722       -2024.27840626812     
  -834.529705742598        150.227546011467       -2842.75072023186     
  -1487.92456278204        376.770284934905       -1588.54798811502     
  -171.370146691830       -1419.17933041227       -491.746004733574     
   1660.89453333766       -2437.38579368174       -1663.37006619914     
  -2653.11213238131       -365.312387638682        2475.13875191491     
   290.560002857233       -893.053806227551       -58.5921891523964     
  -72.1164722242156        28.5193625701270        122.809165528777     
   447.185655843980       -136.333304530552       -336.386346263938     
   676.294809728020        361.860186285164       -405.221750649985     
  -449.171023531294        484.153106049681       -310.816854204097     
   205.714069245734       -214.867502413430       -212.990378223940     
   385.043850791852       -342.946134619208       -804.037742779488     
   530.278433660826       -836.037163858922        99.8583623647352     
  -380.532534626008       -152.713998608493        609.102811206830     
   72.8087703733452       -45.7762799778978        872.936033695303     
  -2667.36819958763       -2400.80939723406       -1873.73398999850     
   3031.61369836144        1380.08117519826        2259.51371362427     
  -300.075723633997       -647.914932896263        45.4396174699707     
   747.985045661214       -70.0837565714259        344.011689353702     
   174.481731903209       -340.853354858729       -272.885101444382     
   2568.93154158896        500.929250400560       -154.944204459605     
   1116.85434817889       -632.212209437561        3715.08302022409     
   69.3078278333536       -1583.56694594134        2613.88460280543     
   2436.37503601518        42.6729414501958       -1080.75260891673     
   347.289804551396       -804.766985417740        1367.18985529175     
   23.5307551969547        676.406362936304       -288.807562215070     
  -436.139350672087       -921.564996049363       -519.740132932221     
   231.124035364366        1187.39017696795       -1002.90525712673     
   55.5908091425960       -2740.58863493166        2460.59216015995     
  -2342.50551089190        977.507301570378       -1471.69540185671     
  -981.286732884195       -235.844646350056        2514.99220359496     
   1513.37194994423       -395.916264477324        1301.21995011636     
  -2265.13057525017       -177.306903669388        1019.34316660122     
   1314.68391353072       -2431.61939550341        429.531427894561     
  -1087.84507171360       -459.695346459399       -3074.42503154258     
  -1965.58503617716        845.915162011920        823.473079775700     
  -412.327144446830       -133.063894660941        130.775385686342     
   1261.99858968805       -1394.03345528747       -1358.04889615592     
   258.782070014308        303.385887669600        128.229788500735     
   385.089311208163       -70.6024399589475       -228.876078493413     
  -9.89453513913781        1.25029186659939        1.53012577953994     
  -9.89453513913781        1.25029186659939        1.53012577953994     
  -9.89453513913781        1.25029186659939        1.53012577953994     
  -9.89453513913781        1.25029186659939        1.53012577953994     
  -9.89453513913781        1.25029186659939        1.53012577953994     
  -9.89453513913781        1.25029186659939        1.53012577953994     
  -85.1565866380264        20.3696396364996        12.8707872225467     
  -9.89453513913781        1.25029186659939        1.53012577953994     
  -9.89453513913781        1.25029186659939        1.53012577953994     
  -9.89054315905388       -199.498615221927       -195.177483781970     
   60.1902114384594       -99.2439034979384        241.066950344479     
  -9.89453513913781        1.25029186659939        1.53012577953994     
  -9.89453513913781        1.25029186659939        1.53012577953994     
   404.510977364081       -175.867155724019        288.857704879779     
  -9.89453513913781        1.25029186659939        1.53012577953994     
  -9.89453513913781        1.25029186659939        1.53012577953994     
  -9.89453513913781        1.25029186659939        1.53012577953994     
  -9.89453513913781        1.25029186659939        1.53012577953994     
  -9.89453513913781        1.25029186659939        1.53012577953994     
  -9.89453513913781        1.25029186659939        1.53012577953994     
  -9.89453513913781        1.25029186659939        1.53012577953994     
  -9.89453513913781        1.25029186659939        1.53012577953994     
  -9.89453513913781        1.25029186659939        1.53012577953994     
  -9.89453513913781        1.25029186659939        1.53012577953994     
  -9.89453513913781        1.25029186659939        1.53012577953994     
  -9.89453513913781        1.25029186659939        1.53012577953994     
  -9.89453513913781        1.25029186659939        1.53012577953994     
  -9.89453513913781        1.25029186659939        1.53012577953994     
  -9.89453513913781        1.25029186659939        1.53012577953994     
  -9.89453513913781        1.25029186659939        1.53012577953994     
  -9.89453513913781        1.25029186659939        1.53012577953994     
  -9.89453513913781        1.25029186659939        1.53012577953994     
  -9.89453513913781        1.25029186659939        1.53012577953994     
  -9.89453513913781        1.25029186659939        1.53012577953994     
  -9.89453513913781        1.25029186659939        1.53012577953994     
   3.93801927833342       -104.512145813009        121.482096254750     
  -9.89453513913781        1.25029186659939        1.53012577953994     
  -9.89453513913781        1.25029186659939        1.53012577953994     
  -9.89453513913781        1.25029186659939        1.53012577953994     
  -9.89453513913781        1.25029186659939        1.53012577953994     
  -9.89453513913781        1.25029186659939        1.53012577953994     
  -9.89453513913781        1.25029186659939        1.53012577953994     
  -9.89453513913781        1.25029186659939        1.53012577953994     
  -9.89453513913781        1.25029186659939        1.53012577953994     
  -9.89453513913781        1.25029186659939        1.53012577953994     
  -9.89453513913781        1.25029186659939        1.53012577953994     
  -299.016961467712       -7.04869807628358       -107.933413293399     
  -9.89453513913781        1.25029186659939        1.53012577953994     
  -9.89453513913781        1.25029186659939        1.53012577953994     
  -9.89453513913781        1.25029186659939        1.53012577953994     
  -9.89453513913781        1.25029186659939        1.53012577953994     
  -9.89453513913781        1.25029186659939        1.53012577953994     
  -9.89453513913781        1.25029186659939        1.53012577953994     
  -9.89453513913781        1.25029186659939        1.53012577953994     
  -9.89453513913781        1.25029186659939        1.53012577953994     
  -9.89453513913781        1.25029186659939        1.53012577953994     
  -9.89453513913781        1.25029186659939        1.53012577953994     
  -9.89453513913781        1.25029186659939        1.53012577953994     
  -9.89453513913781        1.25029186659939        1.53012577953994     
  -9.89453513913781        1.25029186659939        1.53012577953994     
  -9.89453513913781        1.25029186659939        1.53012577953994     
  -9.89453513913781        1.25029186659939        1.53012577953994     
  -9.89453513913781        1.25029186659939        1.53012577953994     
  -9.89453513913781        1.25029186659939        1.53012577953994     
  -9.89453513913781        1.25029186659939        1.53012577953994     
  -9.89453513913781        1.25029186659939        1.53012577953994     
  -9.89453513913781        1.25029186659939        1.53012577953994     
   180.051605858256       -202.960192487859        137.771970271113     
  -9.89453513913781        1.25029186659939        1.53012577953994     
  -9.89453513913781        1.25029186659939        1.53012577953994     
  -9.89453513913781        1.25029186659939        1.53012577953994     
  -386.683970504049        161.200895745353       -436.891377044156     
  -9.89453513913781        1.25029186659939        1.53012577953994     
  -9.89453513913781        1.25029186659939        1.53012577953994     
   206.988318256224       -287.590999269869       -75.2935339747698     
  -9.89453513913781        1.25029186659939        1.53012577953994     
  -9.89453513913781        1.25029186659939        1.53012577953994     
  -9.89453513913781        1.25029186659939        1.53012577953994     
  -9.89453513913781        1.25029186659939        1.53012577953994     
  -9.89453513913781        1.25029186659939        1.53012577953994     
  -9.89453513913781        1.25029186659939        1.53012577953994     
  -9.89453513913781        1.25029186659939        1.53012577953994     
  -9.89453513913781        1.25029186659939        1.53012577953994     
  -9.89453513913781        1.25029186659939        1.53012577953994     
  -9.89453513913781        1.25029186659939        1.53012577953994     
  -9.89453513913781        1.25029186659939        1.53012577953994     
  -9.89453513913781        1.25029186659939        1.53012577953994     
  -9.89453513913781        1.25029186659939        1.53012577953994     
  -9.89453513913781        1.25029186659939        1.53012577953994     
  -9.89453513913781        1.25029186659939        1.53012577953994     
  -9.89453513913781        1.25029186659939        1.53012577953994     
  -9.89453513913781        1.25029186659939        1.53012577953994     
  -9.89453513913781        1.25029186659939        1.53012577953994     
  -9.89453513913781        1.25029186659939        1.53012577953994     
  -9.89453513913781        1.25029186659939        1.53012577953994     
  -9.89453513913781        1.25029186659939        1.53012577953994     
  -9.89453513913781        1.25029186659939        1.53012577953994     
  -9.89453513913781        1.25029186659939        1.53012577953994     
  -9.89453513913781        1.25029186659939        1.53012577953994     
  -9.89453513913781        1.25029186659939        1.53012577953994     
  -9.89453513913781        1.25029186659939        1.53012577953994     
  -9.89453513913781        1.25029186659939        1.53012577953994     
  -9.89453513913781        1.25029186659939        1.53012577953994     
  -9.89453513913781        1.25029186659939        1.53012577953994     
  -9.89453513913781        1.25029186659939        1.53012577953994     
  -9.89453513913781        1.25029186659939        1.53012577953994     
  -9.89453513913781        1.25029186659939        1.53012577953994     
  -9.89453513913781        1.25029186659939        1.53012577953994     
  -9.89453513913781        1.25029186659939        1.53012577953994     
  -9.89453513913781        1.25029186659939        1.53012577953994     
  -9.89453513913781        1.25029186659939        1.53012577953994     
  -9.89453513913781        1.25029186659939        1.53012577953994     
  -9.89453513913781        1.25029186659939        1.53012577953994     
  -9.89453513913781        1.25029186659939        1.53012577953994     
  -9.89453513913781        1.25029186659939        1.53012577953994     
  -9.89453513913781        1.25029186659939        1.53012577953994     
  -9.89453513913781        1.25029186659939        1.53012577953994     
  -9.89453513913781        1.25029186659939        1.53012577953994     
  -9.89453513913781        1.25029186659939        1.53012577953994     
  -9.89453513913781        1.25029186659939        1.53012577953994     
  -9.89453513913781        1.25029186659939        1.53012577953994     
  -9.89453513913781        1.25029186659939        1.53012577953994     
  -9.89453513913781        1.25029186659939        1.53012577953994     
  -9.89453513913781        1.25029186659939        1.53012577953994     
  -9.89453513913781        1.25029186659939        1.53012577953994     
  -9.89453513913781        1.25029186659939        1.53012577953994     
  -9.89453513913781        1.25029186659939        1.53012577953994     
   12.3523377543311        5.95890932425004       -169.170124343574     
  -9.89453513913781        1.25029186659939        1.53012577953994     
  -7.79560530226171        76.0068143102624        120.343063326184     
   806.063579117481       -184.343053768398       -172.428877062936     
  -396.137790940866       -509.233653618678       -757.011104370714     
  -622.585281351356        397.648622163806        238.943572144593     
  -9.89453513913781        1.25029186659939        1.53012577953994     
   722.549742440323       -879.313851419570       -92.6134465570646     
  -9.89453513913781        1.25029186659939        1.53012577953994     
  -9.89453513913781        1.25029186659939        1.53012577953994     
  -9.89453513913781        1.25029186659939        1.53012577953994     
  -9.89453513913781        1.25029186659939        1.53012577953994     
   534.509209096532        113.797475831190        854.711746203926     
  -9.89453513913781        1.25029186659939        1.53012577953994     
  -9.89453513913781        1.25029186659939        1.53012577953994     
  -9.89453513913781        1.25029186659939        1.53012577953994     
  -9.89453513913781        1.25029186659939        1.53012577953994     
  -9.89453513913781        1.25029186659939        1.53012577953994     
  -9.89453513913781        1.25029186659939        1.53012577953994     
  -9.89453513913781        1.25029186659939        1.53012577953994     
  -9.89453513913781        1.25029186659939        1.53012577953994     
  -9.89453513913781        1.25029186659939        1.53012577953994     
  -9.89453513913781        1.25029186659939        1.53012577953994     
  -9.89453513913781        1.25029186659939        1.53012577953994     
  -9.89453513913781        1.25029186659939        1.53012577953994     
  -9.89453513913781        1.25029186659939        1.53012577953994     
   415.449212552407       -148.216131558409       -674.106590059367     
  -9.89453513913781        1.25029186659939        1.53012577953994     
  -9.89453513913781        1.25029186659939        1.53012577953994     
  -9.89453513913781        1.25029186659939        1.53012577953994     
  -395.860485406432       -98.6217721835745       -123.353903070766     
  -9.89453513913781        1.25029186659939        1.53012577953994     
  -9.89453513913781        1.25029186659939        1.53012577953994     
  -9.89453513913781        1.25029186659939        1.53012577953994     
  -9.89453513913781        1.25029186659939        1.53012577953994     
  -9.89453513913781        1.25029186659939        1.53012577953994     
  -9.89453513913781        1.25029186659939        1.53012577953994     
  -9.89453513913781        1.25029186659939        1.53012577953994     
  -9.89453513913781        1.25029186659939        1.53012577953994     
  -9.89453513913781        1.25029186659939        1.53012577953994     
  -9.89453513913781        1.25029186659939        1.53012577953994     
  -9.89453513913781        1.25029186659939        1.53012577953994     
  -9.89453513913781        1.25029186659939        1.53012577953994     
  -9.89453513913781        1.25029186659939        1.53012577953994     
  -9.89453513913781        1.25029186659939        1.53012577953994     
  -9.89453513913781        1.25029186659939        1.53012577953994     
  -9.89453513913781        1.25029186659939        1.53012577953994     
  -9.89453513913781        1.25029186659939        1.53012577953994     
  -9.89453513913781        1.25029186659939        1.53012577953994     
  -9.89453513913781        1.25029186659939        1.53012577953994     
  -9.89453513913781        1.25029186659939        1.53012577953994     
  -9.89453513913781        1.25029186659939        1.53012577953994     
  -9.89453513913781        1.25029186659939        1.53012577953994     
  -9.89453513913781        1.25029186659939        1.53012577953994     
  -9.89453513913781        1.25029186659939        1.53012577953994     
  -9.89453513913781        1.25029186659939        1.53012577953994     
  -9.89453513913781        1.25029186659939        1.53012577953994     
  -9.89453513913781        1.25029186659939        1.53012577953994     
  -9.89453513913781        1.25029186659939        1.53012577953994     
  -9.89453513913781        1.25029186659939        1.53012577953994     
  -9.89453513913781        1.25029186659939        1.53012577953994     
  -9.89453513913781        1.25029186659939        1.53012577953994     
  -9.89453513913781        1.25029186659939        1.53012577953994     
  -9.89453513913781        1.25029186659939        1.53012577953994     
  -9.89453513913781        1.25029186659939        1.53012577953994     
  -9.89453513913781        1.25029186659939        1.53012577953994     
  -9.89453513913781        1.25029186659939        1.53012577953994     
  -9.89453513913781        1.25029186659939        1.53012577953994     
  -9.89453513913781        1.25029186659939        1.53012577953994     
  -9.89453513913781        1.25029186659939        1.53012577953994     
  -9.89453513913781        1.25029186659939        1.53012577953994     
  -9.89453513913781        1.25029186659939        1.53012577953994     
  -9.89453513913781        1.25029186659939        1.53012577953994     
   222.265617517302        102.672863863417       -604.603153899609     
   15.0562845946039        394.169563926848        397.260347956607     
  -9.89453513913781        1.25029186659939        1.53012577953994     
  -9.89453513913781        1.25029186659939        1.53012577953994     
  -9.89453513913781        1.25029186659939        1.53012577953994     
  -9.89453513913781        1.25029186659939        1.53012577953994     
  -9.89453513913781        1.25029186659939        1.53012577953994     
  -9.89453513913781        1.25029186659939        1.53012577953994     
  -9.89453513913781        1.25029186659939        1.53012577953994     
   287.066000088273       -34.3316923402275        44.6328782534342     
  -9.89453513913781        1.25029186659939        1.53012577953994     
  -9.89453513913781        1.25029186659939        1.53012577953994     
  -268.130888920606        160.639977472397        153.808308844304     
  -9.89453513913781        1.25029186659939        1.53012577953994     
  -9.89453513913781        1.25029186659939        1.53012577953994     
   146.486727475673       -333.438062989129       -253.234543029075     
  -9.89453513913781        1.25029186659939        1.53012577953994     
  -9.89453513913781        1.25029186659939        1.53012577953994     
  -9.89453513913781        1.25029186659939        1.53012577953994     
  -9.89453513913781        1.25029186659939        1.53012577953994     
  -9.89453513913781        1.25029186659939        1.53012577953994     
  -9.89453513913781        1.25029186659939        1.53012577953994     
  -9.89453513913781        1.25029186659939        1.53012577953994     
  -9.89453513913781        1.25029186659939        1.53012577953994     
  -9.89453513913781        1.25029186659939        1.53012577953994     
  -9.89453513913781        1.25029186659939        1.53012577953994     
  -9.89453513913781        1.25029186659939        1.53012577953994     
  -9.89453513913781        1.25029186659939        1.53012577953994     
  -9.89453513913781        1.25029186659939        1.53012577953994     
  -9.89453513913781        1.25029186659939        1.53012577953994     
  -9.89453513913781        1.25029186659939        1.53012577953994     
  -9.89453513913781        1.25029186659939        1.53012577953994     
  -9.89453513913781        1.25029186659939        1.53012577953994     
  -9.89453513913781        1.25029186659939        1.53012577953994     
  -9.89453513913781        1.25029186659939        1.53012577953994     
  -9.89453513913781        1.25029186659939        1.53012577953994     
  -9.89453513913781        1.25029186659939        1.53012577953994     
  -9.89453513913781        1.25029186659939        1.53012577953994     
  -9.89453513913781        1.25029186659939        1.53012577953994     
  -9.89453513913781        1.25029186659939        1.53012577953994     
  -9.89453513913781        1.25029186659939        1.53012577953994     
  -9.89453513913781        1.25029186659939        1.53012577953994     
  -9.89453513913781        1.25029186659939        1.53012577953994     
  -9.89453513913781        1.25029186659939        1.53012577953994     
  -9.89453513913781        1.25029186659939        1.53012577953994     
  -9.89453513913781        1.25029186659939        1.53012577953994     
  -9.89453513913781        1.25029186659939        1.53012577953994     
  -9.89453513913781        1.25029186659939        1.53012577953994     
  -9.89453513913781        1.25029186659939        1.53012577953994     
  -9.89453513913781        1.25029186659939        1.53012577953994     
  -9.89453513913781        1.25029186659939        1.53012577953994     
  -9.89453513913781        1.25029186659939        1.53012577953994     
  -9.89453513913781        1.25029186659939        1.53012577953994     
  -9.89453513913781        1.25029186659939        1.53012577953994     
  -9.89453513913781        1.25029186659939        1.53012577953994     
  -9.89453513913781        1.25029186659939        1.53012577953994     
  -359.823237728151        263.039443120367       -56.1610285680961     
  -9.89453513913781        1.25029186659939        1.53012577953994     
  -9.89453513913781        1.25029186659939        1.53012577953994     
  -866.890239014018       -676.874042964865       -17.4484479657769     
  -9.89453513913781        1.25029186659939        1.53012577953994     
   530.821217328250        349.119667613842        200.999335267463     
  -9.89453513913781        1.25029186659939        1.53012577953994     
   943.766585649254        821.493210535112       -47.0072226423653     
  -9.89453513913781        1.25029186659939        1.53012577953994     
   127.456076998498        244.912809004804       -94.2955856356247     
  -9.89453513913781        1.25029186659939        1.53012577953994     
  -9.89453513913781        1.25029186659939        1.53012577953994     
  -9.89453513913781        1.25029186659939        1.53012577953994     
  -9.89453513913781        1.25029186659939        1.53012577953994     
  -9.89453513913781        1.25029186659939        1.53012577953994     
  -9.89453513913781        1.25029186659939        1.53012577953994     
  -9.89453513913781        1.25029186659939        1.53012577953994     
  -9.89453513913781        1.25029186659939        1.53012577953994     
  -9.89453513913781        1.25029186659939        1.53012577953994     
  -9.89453513913781        1.25029186659939        1.53012577953994     
  -9.89453513913781        1.25029186659939        1.53012577953994     
  -9.89453513913781        1.25029186659939        1.53012577953994     
  -9.89453513913781        1.25029186659939        1.53012577953994     
  -9.89453513913781        1.25029186659939        1.53012577953994     
  -9.89453513913781        1.25029186659939        1.53012577953994     
  -143.129567417196        532.319306574845        195.769395040035     
  -9.89453513913781        1.25029186659939        1.53012577953994     
  -9.89453513913781        1.25029186659939        1.53012577953994     
  -9.89453513913781        1.25029186659939        1.53012577953994     
  -9.89453513913781        1.25029186659939        1.53012577953994     
  -9.89453513913781        1.25029186659939        1.53012577953994     
  -9.89453513913781        1.25029186659939        1.53012577953994     
  -9.89453513913781        1.25029186659939        1.53012577953994     
  -9.89453513913781        1.25029186659939        1.53012577953994     
  -9.89453513913781        1.25029186659939        1.53012577953994     
  -9.89453513913781        1.25029186659939        1.53012577953994     
  -9.89453513913781        1.25029186659939        1.53012577953994     
  -9.89453513913781        1.25029186659939        1.53012577953994     
  -9.89453513913781        1.25029186659939        1.53012577953994     
  -9.89453513913781        1.25029186659939        1.53012577953994     
  -9.89453513913781        1.25029186659939        1.53012577953994     
  -9.89453513913781        1.25029186659939        1.53012577953994     
  -9.89453513913781        1.25029186659939        1.53012577953994     
  -9.89453513913781        1.25029186659939        1.53012577953994     
  -9.89453513913781        1.25029186659939        1.53012577953994     
  -9.89453513913781        1.25029186659939        1.53012577953994     
  -9.89453513913781        1.25029186659939        1.53012577953994     
  -9.89453513913781        1.25029186659939        1.53012577953994     
  -9.89453513913781        1.25029186659939        1.53012577953994     
  -9.89453513913781        1.25029186659939        1.53012577953994     
  -9.89453513913781        1.25029186659939        1.53012577953994     
  -9.89453513913781        1.25029186659939        1.53012577953994     
  -9.89453513913781        1.25029186659939        1.53012577953994     
  -9.89453513913781        1.25029186659939        1.53012577953994     
  -9.89453513913781        1.25029186659939        1.53012577953994     
  -9.89453513913781        1.25029186659939        1.53012577953994     
  -9.89453513913781        1.25029186659939        1.53012577953994     
  -9.89453513913781        1.25029186659939        1.53012577953994     
  -9.89453513913781        1.25029186659939        1.53012577953994     
  -9.89453513913781        1.25029186659939        1.53012577953994     
  -9.89453513913781        1.25029186659939        1.53012577953994     
  -9.89453513913781        1.25029186659939        1.53012577953994     
  -9.89453513913781        1.25029186659939        1.53012577953994     
  -9.89453513913781        1.25029186659939        1.53012577953994     
  -9.89453513913781        1.25029186659939        1.53012577953994     
  -9.89453513913781        1.25029186659939        1.53012577953994     
  -9.89453513913781        1.25029186659939        1.53012577953994     
  -9.89453513913781        1.25029186659939        1.53012577953994     
  -9.89453513913781        1.25029186659939        1.53012577953994     
  -9.89453513913781        1.25029186659939        1.53012577953994     
  -9.89453513913781        1.25029186659939        1.53012577953994     
  -9.89453513913781        1.25029186659939        1.53012577953994     
  -9.89453513913781        1.25029186659939        1.53012577953994     
  -9.89453513913781        1.25029186659939        1.53012577953994     
  -9.89453513913781        1.25029186659939        1.53012577953994     
  -9.89453513913781        1.25029186659939        1.53012577953994     
  -9.89453513913781        1.25029186659939        1.53012577953994     
  -9.89453513913781        1.25029186659939        1.53012577953994     
  -9.89453513913781        1.25029186659939        1.53012577953994     
  -9.89453513913781        1.25029186659939        1.53012577953994     
  -9.89453513913781        1.25029186659939        1.53012577953994     
  -9.89453513913781        1.25029186659939        1.53012577953994     
  -9.89453513913781        1.25029186659939        1.53012577953994     
  -9.89453513913781        1.25029186659939        1.53012577953994     
  -9.89453513913781        1.25029186659939        1.53012577953994     
  -9.89453513913781        1.25029186659939        1.53012577953994     
  -9.89453513913781        1.25029186659939        1.53012577953994     
  -9.89453513913781        1.25029186659939        1.53012577953994     
  -9.89453513913781        1.25029186659939        1.53012577953994     
  -9.89453513913781        1.25029186659939        1.53012577953994     
  -9.89453513913781        1.25029186659939        1.53012577953994     
  -9.89453513913781        1.25029186659939        1.53012577953994     
  -9.89453513913781        1.25029186659939        1.53012577953994     
  -9.89453513913781        1.25029186659939        1.53012577953994     
  -9.89453513913781        1.25029186659939        1.53012577953994     
  -9.89453513913781        1.25029186659939        1.53012577953994     
  -9.89453513913781        1.25029186659939        1.53012577953994     
  -9.89453513913781        1.25029186659939        1.53012577953994     
  -9.89453513913781        1.25029186659939        1.53012577953994     
  -9.89453513913781        1.25029186659939        1.53012577953994     
  -9.89453513913781        1.25029186659939        1.53012577953994     
  -9.89453513913781        1.25029186659939        1.53012577953994     
  -9.89453513913781        1.25029186659939        1.53012577953994     
   684.697870292891       -270.315762800499        905.718807461899     
  -9.89453513913781        1.25029186659939        1.53012577953994     
  -9.89453513913781        1.25029186659939        1.53012577953994     
  -9.89453513913781        1.25029186659939        1.53012577953994     
  -9.89453513913781        1.25029186659939        1.53012577953994     
  -9.89453513913781        1.25029186659939        1.53012577953994     
  -9.89453513913781        1.25029186659939        1.53012577953994     
  -9.89453513913781        1.25029186659939        1.53012577953994     
  -9.89453513913781        1.25029186659939        1.53012577953994     
  -9.89453513913781        1.25029186659939        1.53012577953994     
  -9.89453513913781        1.25029186659939        1.53012577953994     
  -9.89453513913781        1.25029186659939        1.53012577953994     
  -186.209198092429        272.472437074099       -340.094657631780     
  -9.89453513913781        1.25029186659939        1.53012577953994     
  -9.89453513913781        1.25029186659939        1.53012577953994     
  -9.89453513913781        1.25029186659939        1.53012577953994     
  -9.89453513913781        1.25029186659939        1.53012577953994     
  -9.89453513913781        1.25029186659939        1.53012577953994     
  -9.89453513913781        1.25029186659939        1.53012577953994     
  -9.89453513913781        1.25029186659939        1.53012577953994     
  -9.89453513913781        1.25029186659939        1.53012577953994     
  -9.89453513913781        1.25029186659939        1.53012577953994     
  -9.89453513913781        1.25029186659939        1.53012577953994     
  -9.89453513913781        1.25029186659939        1.53012577953994     
  -9.89453513913781        1.25029186659939        1.53012577953994     
  -9.89453513913781        1.25029186659939        1.53012577953994     
  -9.89453513913781        1.25029186659939        1.53012577953994     
  -9.89453513913781        1.25029186659939        1.53012577953994     
  -9.89453513913781        1.25029186659939        1.53012577953994     
  -9.89453513913781        1.25029186659939        1.53012577953994     
  -9.89453513913781        1.25029186659939        1.53012577953994     
  -9.89453513913781        1.25029186659939        1.53012577953994     
  -9.89453513913781        1.25029186659939        1.53012577953994     
  -9.89453513913781        1.25029186659939        1.53012577953994     
  -9.89453513913781        1.25029186659939        1.53012577953994     
  -9.89453513913781        1.25029186659939        1.53012577953994     
  -9.89453513913781        1.25029186659939        1.53012577953994     
  -9.89453513913781        1.25029186659939        1.53012577953994     
  -9.89453513913781        1.25029186659939        1.53012577953994     
  -9.89453513913781        1.25029186659939        1.53012577953994     
  -9.89453513913781        1.25029186659939        1.53012577953994     
  -9.89453513913781        1.25029186659939        1.53012577953994     
  -9.89453513913781        1.25029186659939        1.53012577953994     
  -9.89453513913781        1.25029186659939        1.53012577953994     
  -9.89453513913781        1.25029186659939        1.53012577953994     
  -9.89453513913781        1.25029186659939        1.53012577953994     
  -9.89453513913781        1.25029186659939        1.53012577953994     
  -9.89453513913781        1.25029186659939        1.53012577953994     
  -9.89453513913781        1.25029186659939        1.53012577953994     
  -9.89453513913781        1.25029186659939        1.53012577953994     
  -9.89453513913781        1.25029186659939        1.53012577953994     
  -9.89453513913781        1.25029186659939        1.53012577953994     
  -9.89453513913781        1.25029186659939        1.53012577953994     
  -9.89453513913781        1.25029186659939        1.53012577953994     
  -9.89453513913781        1.25029186659939        1.53012577953994     
  -9.89453513913781        1.25029186659939        1.53012577953994     
  -9.89453513913781        1.25029186659939        1.53012577953994     
  -9.89453513913781        1.25029186659939        1.53012577953994     
  -9.89453513913781        1.25029186659939        1.53012577953994     
  -9.89453513913781        1.25029186659939        1.53012577953994     
  -9.89453513913781        1.25029186659939        1.53012577953994     
  -9.89453513913781        1.25029186659939        1.53012577953994     
  -9.89453513913781        1.25029186659939        1.53012577953994     
  -9.89453513913781        1.25029186659939        1.53012577953994     
  -9.89453513913781        1.25029186659939        1.53012577953994     
  -9.89453513913781        1.25029186659939        1.53012577953994     
  -9.89453513913781        1.25029186659939        1.53012577953994     
  -9.89453513913781        1.25029186659939        1.53012577953994     
  -9.89453513913781        1.25029186659939        1.53012577953994     
  -9.89453513913781        1.25029186659939        1.53012577953994     
  -9.89453513913781        1.25029186659939        1.53012577953994     
  -9.89453513913781        1.25029186659939        1.53012577953994     
  -9.89453513913781        1.25029186659939        1.53012577953994     
  -9.89453513913781        1.25029186659939        1.53012577953994     
  -9.89453513913781        1.25029186659939        1.53012577953994     
  -9.89453513913781        1.25029186659939        1.53012577953994     
  -9.89453513913781        1.25029186659939        1.53012577953994     
  -9.89453513913781        1.25029186659939        1.53012577953994     
  -9.89453513913781        1.25029186659939        1.53012577953994     
  -9.89453513913781        1.25029186659939        1.53012577953994     
  -9.89453513913781        1.25029186659939        1.53012577953994     
  -9.89453513913781        1.25029186659939        1.53012577953994     
  -9.89453513913781        1.25029186659939        1.53012577953994     
  -9.89453513913781        1.25029186659939        1.53012577953994     
  -9.89453513913781        1.25029186659939        1.53012577953994     
  -9.89453513913781        1.25029186659939        1.53012577953994     
  -9.89453513913781        1.25029186659939        1.53012577953994     
  -9.89453513913781        1.25029186659939        1.53012577953994     
  -9.89453513913781        1.25029186659939        1.53012577953994     
  -9.89453513913781        1.25029186659939        1.53012577953994     
  -9.89453513913781        1.25029186659939        1.53012577953994     
  -9.89453513913781        1.25029186659939        1.53012577953994     
  -9.89453513913781        1.25029186659939        1.53012577953994     
  -9.89453513913781        1.25029186659939        1.53012577953994     
  -9.89453513913781        1.25029186659939        1.53012577953994     
  -9.89453513913781        1.25029186659939        1.53012577953994     
  -9.89453513913781        1.25029186659939        1.53012577953994     
  -9.89453513913781        1.25029186659939        1.53012577953994     
  -9.89453513913781        1.25029186659939        1.53012577953994     
  -9.89453513913781        1.25029186659939        1.53012577953994     
  -9.89453513913781        1.25029186659939        1.53012577953994     
  -9.89453513913781        1.25029186659939        1.53012577953994     
  -9.89453513913781        1.25029186659939        1.53012577953994     
  -9.89453513913781        1.25029186659939        1.53012577953994     
  -9.89453513913781        1.25029186659939        1.53012577953994     
  -9.89453513913781        1.25029186659939        1.53012577953994     
  -9.89453513913781        1.25029186659939        1.53012577953994     
  -9.89453513913781        1.25029186659939        1.53012577953994     
  -9.89453513913781        1.25029186659939        1.53012577953994     
  -9.89453513913781        1.25029186659939        1.53012577953994     
  -9.89453513913781        1.25029186659939        1.53012577953994     
  -9.89453513913781        1.25029186659939        1.53012577953994     
  -9.89453513913781        1.25029186659939        1.53012577953994     
  -9.89453513913781        1.25029186659939        1.53012577953994     
  -9.89453513913781        1.25029186659939        1.53012577953994     
  -9.89453513913781        1.25029186659939        1.53012577953994     
  -9.89453513913781        1.25029186659939        1.53012577953994     
  -9.89453513913781        1.25029186659939        1.53012577953994     
  -9.89453513913781        1.25029186659939        1.53012577953994     
  -9.89453513913781        1.25029186659939        1.53012577953994     
