! 1 Hamiltonian Matrix (13x13, complex)
13 13
-9.413300294E+001  0.000000000E+000  0.000000000E+000  0.000000000E+000  0.000000000E+000  0.000000000E+000  0.000000000E+000  0.000000000E+000 -1.476252540E-006  2.360181530E-006  5.417482315E-005  4.615567355E-006 -4.541299094E-005 -2.241716820E-006  0.000000000E+000  3.039075445E-006  0.000000000E+000 -6.957523545E-005  0.000000000E+000 -7.430015484E-005 -1.476252540E-006 -2.360181530E-006  5.417482315E-005 -4.615567355E-006 -4.541299094E-005  2.241716820E-006 
 0.000000000E+000  0.000000000E+000 -9.406598395E+001  0.000000000E+000  0.000000000E+000  0.000000000E+000  0.000000000E+000  0.000000000E+000 -4.822880598E-005 -5.877672150E-006  1.649393270E-006 -2.190230234E-005 -3.968567785E-006  5.699063818E-005  0.000000000E+000  8.521257717E-005  0.000000000E+000  3.289673870E-006  0.000000000E+000 -5.877672150E-007 -4.822880598E-005  5.877672150E-006  1.649393270E-006  2.190230234E-005 -3.968567785E-006 -5.699063818E-005 
 0.000000000E+000  0.000000000E+000  0.000000000E+000  0.000000000E+000 -9.397805200E+001  0.000000000E+000  0.000000000E+000  0.000000000E+000  3.810007327E-005  4.378637935E-006  4.000462130E-006 -3.809551694E-005  9.249360050E-007 -1.578314444E-005  0.000000000E+000 -7.062319250E-007  0.000000000E+000  1.817977665E-006  0.000000000E+000 -6.128270575E-006  3.810007327E-005 -4.378637935E-006  4.000462130E-006  3.809551694E-005  9.249360050E-007  1.578314444E-005 
 0.000000000E+000  0.000000000E+000  0.000000000E+000  0.000000000E+000  0.000000000E+000  0.000000000E+000 -9.379159921E+001  0.000000000E+000  3.993171994E-005  3.686075015E-006  2.688237650E-007 -3.918903734E-005 -1.366900500E-008  1.357787830E-006  0.000000000E+000  6.497333710E-005  0.000000000E+000 -3.699744020E-006  0.000000000E+000  8.338093050E-007  3.993171994E-005 -3.686075015E-006  2.688237650E-007  3.918903734E-005 -1.366900500E-008 -1.357787830E-006 
-1.476252540E-006 -2.360181530E-006 -4.822880598E-005  5.877672150E-006  3.810007327E-005 -4.378637935E-006  3.993171994E-005 -3.686075015E-006 -9.416151916E+001  0.000000000E+000  0.000000000E+000 -7.563971733E-005  0.000000000E+000 -7.517041483E-005  0.000000000E+000 -0.000000000E+000  6.001148828E-005 -7.167114955E-006 -4.697581385E-005  4.023243805E-006  0.000000000E+000  0.000000000E+000  0.000000000E+000  0.000000000E+000  0.000000000E+000  0.000000000E+000 
 5.417482315E-005 -4.615567355E-006  1.649393270E-006  2.190230234E-005  4.000462130E-006  3.809551694E-005  2.688237650E-007  3.918903734E-005  0.000000000E+000  7.563971733E-005 -9.405993465E+001  0.000000000E+000  0.000000000E+000  2.314618180E-006 -6.001148828E-005  7.167114955E-006  0.000000000E+000  0.000000000E+000 -4.565447670E-006 -5.607481484E-005  0.000000000E+000  0.000000000E+000  0.000000000E+000  0.000000000E+000  0.000000000E+000  0.000000000E+000 
-4.541299094E-005  2.241716820E-006 -3.968567785E-006 -5.699063818E-005  9.249360050E-007  1.578314444E-005 -1.366900500E-008 -1.357787830E-006  0.000000000E+000  7.517041483E-005  0.000000000E+000 -2.314618180E-006 -9.383018506E+001  0.000000000E+000  4.697581385E-005 -4.023243805E-006  4.565447670E-006  5.607481484E-005  0.000000000E+000  0.000000000E+000  0.000000000E+000  0.000000000E+000  0.000000000E+000  0.000000000E+000  0.000000000E+000  0.000000000E+000 
 0.000000000E+000 -3.039075445E-006  0.000000000E+000 -8.521257717E-005  0.000000000E+000  7.062319250E-007  0.000000000E+000 -6.497333710E-005 -0.000000000E+000  0.000000000E+000 -6.001148828E-005 -7.167114955E-006  4.697581385E-005  4.023243805E-006 -9.416151916E+001  0.000000000E+000  0.000000000E+000  0.000000000E+000  0.000000000E+000  0.000000000E+000  0.000000000E+000 -0.000000000E+000  6.001148828E-005 -7.167114955E-006 -4.697581385E-005  4.023243805E-006 
 0.000000000E+000  6.957523545E-005  0.000000000E+000 -3.289673870E-006  0.000000000E+000 -1.817977665E-006  0.000000000E+000  3.699744020E-006  6.001148828E-005  7.167114955E-006  0.000000000E+000  0.000000000E+000  4.565447670E-006 -5.607481484E-005  0.000000000E+000  0.000000000E+000 -9.405993465E+001  0.000000000E+000  0.000000000E+000  0.000000000E+000 -6.001148828E-005  7.167114955E-006  0.000000000E+000  0.000000000E+000 -4.565447670E-006 -5.607481484E-005 
 0.000000000E+000  7.430015484E-005  0.000000000E+000  5.877672150E-007  0.000000000E+000  6.128270575E-006  0.000000000E+000 -8.338093050E-007 -4.697581385E-005 -4.023243805E-006 -4.565447670E-006  5.607481484E-005  0.000000000E+000  0.000000000E+000  0.000000000E+000  0.000000000E+000  0.000000000E+000  0.000000000E+000 -9.383018506E+001  0.000000000E+000  4.697581385E-005 -4.023243805E-006  4.565447670E-006  5.607481484E-005  0.000000000E+000  0.000000000E+000 
-1.476252540E-006  2.360181530E-006 -4.822880598E-005 -5.877672150E-006  3.810007327E-005  4.378637935E-006  3.993171994E-005  3.686075015E-006  0.000000000E+000  0.000000000E+000  0.000000000E+000  0.000000000E+000  0.000000000E+000  0.000000000E+000 -0.000000000E+000  0.000000000E+000 -6.001148828E-005 -7.167114955E-006  4.697581385E-005  4.023243805E-006 -9.416151916E+001  0.000000000E+000  0.000000000E+000  7.563971733E-005  0.000000000E+000  7.517041483E-005 
 5.417482315E-005  4.615567355E-006  1.649393270E-006 -2.190230234E-005  4.000462130E-006 -3.809551694E-005  2.688237650E-007 -3.918903734E-005  0.000000000E+000  0.000000000E+000  0.000000000E+000  0.000000000E+000  0.000000000E+000  0.000000000E+000  6.001148828E-005  7.167114955E-006  0.000000000E+000  0.000000000E+000  4.565447670E-006 -5.607481484E-005  0.000000000E+000 -7.563971733E-005 -9.405993465E+001  0.000000000E+000  0.000000000E+000 -2.314618180E-006 
-4.541299094E-005 -2.241716820E-006 -3.968567785E-006  5.699063818E-005  9.249360050E-007 -1.578314444E-005 -1.366900500E-008  1.357787830E-006  0.000000000E+000  0.000000000E+000  0.000000000E+000  0.000000000E+000  0.000000000E+000  0.000000000E+000 -4.697581385E-005 -4.023243805E-006 -4.565447670E-006  5.607481484E-005  0.000000000E+000  0.000000000E+000  0.000000000E+000 -7.517041483E-005  0.000000000E+000  2.314618180E-006 -9.383018506E+001  0.000000000E+000 

! 2 Dipole Moment Matrices (3x13x13, complex)
13 13
 1.553170060E-002  0.000000000E+000 -8.214800040E-002  0.000000000E+000  1.089803400E-001  0.000000000E+000  8.361372700E-002  0.000000000E+000  0.000000000E+000  0.000000000E+000  0.000000000E+000  0.000000000E+000  0.000000000E+000  0.000000000E+000  0.000000000E+000  0.000000000E+000  0.000000000E+000  0.000000000E+000  0.000000000E+000  0.000000000E+000  0.000000000E+000  0.000000000E+000  0.000000000E+000  0.000000000E+000  0.000000000E+000  0.000000000E+000 
-8.214800040E-002  0.000000000E+000  2.581397440E-002  0.000000000E+000 -1.991985350E-002  0.000000000E+000  7.656725380E-002  0.000000000E+000  0.000000000E+000  0.000000000E+000  0.000000000E+000  0.000000000E+000  0.000000000E+000  0.000000000E+000  0.000000000E+000  0.000000000E+000  0.000000000E+000  0.000000000E+000  0.000000000E+000  0.000000000E+000  0.000000000E+000  0.000000000E+000  0.000000000E+000  0.000000000E+000  0.000000000E+000  0.000000000E+000 
 1.089803400E-001  0.000000000E+000 -1.991985350E-002  0.000000000E+000 -9.109682850E-002  0.000000000E+000 -6.900130450E-002  0.000000000E+000  0.000000000E+000  0.000000000E+000  0.000000000E+000  0.000000000E+000  0.000000000E+000  0.000000000E+000  0.000000000E+000  0.000000000E+000  0.000000000E+000  0.000000000E+000  0.000000000E+000  0.000000000E+000  0.000000000E+000  0.000000000E+000  0.000000000E+000  0.000000000E+000  0.000000000E+000  0.000000000E+000 
 8.361372700E-002  0.000000000E+000  7.656725380E-002  0.000000000E+000 -6.900130450E-002  0.000000000E+000 -3.625180350E-002  0.000000000E+000  0.000000000E+000  0.000000000E+000  0.000000000E+000  0.000000000E+000  0.000000000E+000  0.000000000E+000  0.000000000E+000  0.000000000E+000  0.000000000E+000  0.000000000E+000  0.000000000E+000  0.000000000E+000  0.000000000E+000  0.000000000E+000  0.000000000E+000  0.000000000E+000  0.000000000E+000  0.000000000E+000 
 0.000000000E+000  0.000000000E+000  0.000000000E+000  0.000000000E+000  0.000000000E+000  0.000000000E+000  0.000000000E+000  0.000000000E+000  5.496223370E-003  0.000000000E+000 -1.126079610E-001  0.000000000E+000  8.612243610E-002  0.000000000E+000  0.000000000E+000  0.000000000E+000  0.000000000E+000  0.000000000E+000  0.000000000E+000  0.000000000E+000  0.000000000E+000  0.000000000E+000  0.000000000E+000  0.000000000E+000  0.000000000E+000  0.000000000E+000 
 0.000000000E+000  0.000000000E+000  0.000000000E+000  0.000000000E+000  0.000000000E+000  0.000000000E+000  0.000000000E+000  0.000000000E+000 -1.126079610E-001  0.000000000E+000  1.059164100E-002  0.000000000E+000  5.716772500E-002  0.000000000E+000  0.000000000E+000  0.000000000E+000  0.000000000E+000  0.000000000E+000  0.000000000E+000  0.000000000E+000  0.000000000E+000  0.000000000E+000  0.000000000E+000  0.000000000E+000  0.000000000E+000  0.000000000E+000 
 0.000000000E+000  0.000000000E+000  0.000000000E+000  0.000000000E+000  0.000000000E+000  0.000000000E+000  0.000000000E+000  0.000000000E+000  8.612243610E-002  0.000000000E+000  5.716772500E-002  0.000000000E+000  1.082314530E-002  0.000000000E+000  0.000000000E+000  0.000000000E+000  0.000000000E+000  0.000000000E+000  0.000000000E+000  0.000000000E+000  0.000000000E+000  0.000000000E+000  0.000000000E+000  0.000000000E+000  0.000000000E+000  0.000000000E+000 
 0.000000000E+000  0.000000000E+000  0.000000000E+000  0.000000000E+000  0.000000000E+000  0.000000000E+000  0.000000000E+000  0.000000000E+000  0.000000000E+000  0.000000000E+000  0.000000000E+000  0.000000000E+000  0.000000000E+000  0.000000000E+000  5.496223370E-003  0.000000000E+000 -1.126079610E-001  0.000000000E+000  8.612243610E-002  0.000000000E+000  0.000000000E+000  0.000000000E+000  0.000000000E+000  0.000000000E+000  0.000000000E+000  0.000000000E+000 
 0.000000000E+000  0.000000000E+000  0.000000000E+000  0.000000000E+000  0.000000000E+000  0.000000000E+000  0.000000000E+000  0.000000000E+000  0.000000000E+000  0.000000000E+000  0.000000000E+000  0.000000000E+000  0.000000000E+000  0.000000000E+000 -1.126079610E-001  0.000000000E+000  1.059164100E-002  0.000000000E+000  5.716772500E-002  0.000000000E+000  0.000000000E+000  0.000000000E+000  0.000000000E+000  0.000000000E+000  0.000000000E+000  0.000000000E+000 
 0.000000000E+000  0.000000000E+000  0.000000000E+000  0.000000000E+000  0.000000000E+000  0.000000000E+000  0.000000000E+000  0.000000000E+000  0.000000000E+000  0.000000000E+000  0.000000000E+000  0.000000000E+000  0.000000000E+000  0.000000000E+000  8.612243610E-002  0.000000000E+000  5.716772500E-002  0.000000000E+000  1.082314530E-002  0.000000000E+000  0.000000000E+000  0.000000000E+000  0.000000000E+000  0.000000000E+000  0.000000000E+000  0.000000000E+000 
 0.000000000E+000  0.000000000E+000  0.000000000E+000  0.000000000E+000  0.000000000E+000  0.000000000E+000  0.000000000E+000  0.000000000E+000  0.000000000E+000  0.000000000E+000  0.000000000E+000  0.000000000E+000  0.000000000E+000  0.000000000E+000  0.000000000E+000  0.000000000E+000  0.000000000E+000  0.000000000E+000  0.000000000E+000  0.000000000E+000  5.496223370E-003  0.000000000E+000 -1.126079610E-001  0.000000000E+000  8.612243610E-002  0.000000000E+000 
 0.000000000E+000  0.000000000E+000  0.000000000E+000  0.000000000E+000  0.000000000E+000  0.000000000E+000  0.000000000E+000  0.000000000E+000  0.000000000E+000  0.000000000E+000  0.000000000E+000  0.000000000E+000  0.000000000E+000  0.000000000E+000  0.000000000E+000  0.000000000E+000  0.000000000E+000  0.000000000E+000  0.000000000E+000  0.000000000E+000 -1.126079610E-001  0.000000000E+000  1.059164100E-002  0.000000000E+000  5.716772500E-002  0.000000000E+000 
 0.000000000E+000  0.000000000E+000  0.000000000E+000  0.000000000E+000  0.000000000E+000  0.000000000E+000  0.000000000E+000  0.000000000E+000  0.000000000E+000  0.000000000E+000  0.000000000E+000  0.000000000E+000  0.000000000E+000  0.000000000E+000  0.000000000E+000  0.000000000E+000  0.000000000E+000  0.000000000E+000  0.000000000E+000  0.000000000E+000  8.612243610E-002  0.000000000E+000  5.716772500E-002  0.000000000E+000  1.082314530E-002  0.000000000E+000 
13 13
 5.419426020E-001  0.000000000E+000 -1.339159300E-002  0.000000000E+000 -4.174961070E-002  0.000000000E+000  3.070530710E-002  0.000000000E+000  0.000000000E+000  0.000000000E+000  0.000000000E+000  0.000000000E+000  0.000000000E+000  0.000000000E+000  0.000000000E+000  0.000000000E+000  0.000000000E+000  0.000000000E+000  0.000000000E+000  0.000000000E+000  0.000000000E+000  0.000000000E+000  0.000000000E+000  0.000000000E+000  0.000000000E+000  0.000000000E+000 
-1.339159300E-002  0.000000000E+000  2.839071050E-001  0.000000000E+000 -2.305152710E-001  0.000000000E+000  4.060558180E-001  0.000000000E+000  0.000000000E+000  0.000000000E+000  0.000000000E+000  0.000000000E+000  0.000000000E+000  0.000000000E+000  0.000000000E+000  0.000000000E+000  0.000000000E+000  0.000000000E+000  0.000000000E+000  0.000000000E+000  0.000000000E+000  0.000000000E+000  0.000000000E+000  0.000000000E+000  0.000000000E+000  0.000000000E+000 
-4.174961070E-002  0.000000000E+000 -2.305152710E-001  0.000000000E+000 -1.386083200E-001  0.000000000E+000  2.420173870E-001  0.000000000E+000  0.000000000E+000  0.000000000E+000  0.000000000E+000  0.000000000E+000  0.000000000E+000  0.000000000E+000  0.000000000E+000  0.000000000E+000  0.000000000E+000  0.000000000E+000  0.000000000E+000  0.000000000E+000  0.000000000E+000  0.000000000E+000  0.000000000E+000  0.000000000E+000  0.000000000E+000  0.000000000E+000 
 3.070530710E-002  0.000000000E+000  4.060558180E-001  0.000000000E+000  2.420173870E-001  0.000000000E+000  6.393366570E-001  0.000000000E+000  0.000000000E+000  0.000000000E+000  0.000000000E+000  0.000000000E+000  0.000000000E+000  0.000000000E+000  0.000000000E+000  0.000000000E+000  0.000000000E+000  0.000000000E+000  0.000000000E+000  0.000000000E+000  0.000000000E+000  0.000000000E+000  0.000000000E+000  0.000000000E+000  0.000000000E+000  0.000000000E+000 
 0.000000000E+000  0.000000000E+000  0.000000000E+000  0.000000000E+000  0.000000000E+000  0.000000000E+000  0.000000000E+000  0.000000000E+000  3.994671450E-001  0.000000000E+000  9.430286240E-003  0.000000000E+000 -2.228389490E-003  0.000000000E+000  0.000000000E+000  0.000000000E+000  0.000000000E+000  0.000000000E+000  0.000000000E+000  0.000000000E+000  0.000000000E+000  0.000000000E+000  0.000000000E+000  0.000000000E+000  0.000000000E+000  0.000000000E+000 
 0.000000000E+000  0.000000000E+000  0.000000000E+000  0.000000000E+000  0.000000000E+000  0.000000000E+000  0.000000000E+000  0.000000000E+000  9.430286240E-003  0.000000000E+000  2.774329230E-001  0.000000000E+000  2.409304880E-001  0.000000000E+000  0.000000000E+000  0.000000000E+000  0.000000000E+000  0.000000000E+000  0.000000000E+000  0.000000000E+000  0.000000000E+000  0.000000000E+000  0.000000000E+000  0.000000000E+000  0.000000000E+000  0.000000000E+000 
 0.000000000E+000  0.000000000E+000  0.000000000E+000  0.000000000E+000  0.000000000E+000  0.000000000E+000  0.000000000E+000  0.000000000E+000 -2.228389490E-003  0.000000000E+000  2.409304880E-001  0.000000000E+000  6.344682330E-001  0.000000000E+000  0.000000000E+000  0.000000000E+000  0.000000000E+000  0.000000000E+000  0.000000000E+000  0.000000000E+000  0.000000000E+000  0.000000000E+000  0.000000000E+000  0.000000000E+000  0.000000000E+000  0.000000000E+000 
 0.000000000E+000  0.000000000E+000  0.000000000E+000  0.000000000E+000  0.000000000E+000  0.000000000E+000  0.000000000E+000  0.000000000E+000  0.000000000E+000  0.000000000E+000  0.000000000E+000  0.000000000E+000  0.000000000E+000  0.000000000E+000  3.994671450E-001  0.000000000E+000  9.430286240E-003  0.000000000E+000 -2.228389490E-003  0.000000000E+000  0.000000000E+000  0.000000000E+000  0.000000000E+000  0.000000000E+000  0.000000000E+000  0.000000000E+000 
 0.000000000E+000  0.000000000E+000  0.000000000E+000  0.000000000E+000  0.000000000E+000  0.000000000E+000  0.000000000E+000  0.000000000E+000  0.000000000E+000  0.000000000E+000  0.000000000E+000  0.000000000E+000  0.000000000E+000  0.000000000E+000  9.430286240E-003  0.000000000E+000  2.774329230E-001  0.000000000E+000  2.409304880E-001  0.000000000E+000  0.000000000E+000  0.000000000E+000  0.000000000E+000  0.000000000E+000  0.000000000E+000  0.000000000E+000 
 0.000000000E+000  0.000000000E+000  0.000000000E+000  0.000000000E+000  0.000000000E+000  0.000000000E+000  0.000000000E+000  0.000000000E+000  0.000000000E+000  0.000000000E+000  0.000000000E+000  0.000000000E+000  0.000000000E+000  0.000000000E+000 -2.228389490E-003  0.000000000E+000  2.409304880E-001  0.000000000E+000  6.344682330E-001  0.000000000E+000  0.000000000E+000  0.000000000E+000  0.000000000E+000  0.000000000E+000  0.000000000E+000  0.000000000E+000 
 0.000000000E+000  0.000000000E+000  0.000000000E+000  0.000000000E+000  0.000000000E+000  0.000000000E+000  0.000000000E+000  0.000000000E+000  0.000000000E+000  0.000000000E+000  0.000000000E+000  0.000000000E+000  0.000000000E+000  0.000000000E+000  0.000000000E+000  0.000000000E+000  0.000000000E+000  0.000000000E+000  0.000000000E+000  0.000000000E+000  3.994671450E-001  0.000000000E+000  9.430286240E-003  0.000000000E+000 -2.228389490E-003  0.000000000E+000 
 0.000000000E+000  0.000000000E+000  0.000000000E+000  0.000000000E+000  0.000000000E+000  0.000000000E+000  0.000000000E+000  0.000000000E+000  0.000000000E+000  0.000000000E+000  0.000000000E+000  0.000000000E+000  0.000000000E+000  0.000000000E+000  0.000000000E+000  0.000000000E+000  0.000000000E+000  0.000000000E+000  0.000000000E+000  0.000000000E+000  9.430286240E-003  0.000000000E+000  2.774329230E-001  0.000000000E+000  2.409304880E-001  0.000000000E+000 
 0.000000000E+000  0.000000000E+000  0.000000000E+000  0.000000000E+000  0.000000000E+000  0.000000000E+000  0.000000000E+000  0.000000000E+000  0.000000000E+000  0.000000000E+000  0.000000000E+000  0.000000000E+000  0.000000000E+000  0.000000000E+000  0.000000000E+000  0.000000000E+000  0.000000000E+000  0.000000000E+000  0.000000000E+000  0.000000000E+000 -2.228389490E-003  0.000000000E+000  2.409304880E-001  0.000000000E+000  6.344682330E-001  0.000000000E+000 
13 13
 1.951050380E+000  0.000000000E+000 -7.210056620E-002  0.000000000E+000 -3.178042450E-002  0.000000000E+000  1.723274020E-001  0.000000000E+000  0.000000000E+000  0.000000000E+000  0.000000000E+000  0.000000000E+000  0.000000000E+000  0.000000000E+000  0.000000000E+000  0.000000000E+000  0.000000000E+000  0.000000000E+000  0.000000000E+000  0.000000000E+000  0.000000000E+000  0.000000000E+000  0.000000000E+000  0.000000000E+000  0.000000000E+000  0.000000000E+000 
-7.210056620E-002  0.000000000E+000  3.840468860E-001  0.000000000E+000 -8.766398370E-001  0.000000000E+000  7.644042930E-001  0.000000000E+000  0.000000000E+000  0.000000000E+000  0.000000000E+000  0.000000000E+000  0.000000000E+000  0.000000000E+000  0.000000000E+000  0.000000000E+000  0.000000000E+000  0.000000000E+000  0.000000000E+000  0.000000000E+000  0.000000000E+000  0.000000000E+000  0.000000000E+000  0.000000000E+000  0.000000000E+000  0.000000000E+000 
-3.178042450E-002  0.000000000E+000 -8.766398370E-001  0.000000000E+000 -6.780484180E-001  0.000000000E+000  6.746275090E-001  0.000000000E+000  0.000000000E+000  0.000000000E+000  0.000000000E+000  0.000000000E+000  0.000000000E+000  0.000000000E+000  0.000000000E+000  0.000000000E+000  0.000000000E+000  0.000000000E+000  0.000000000E+000  0.000000000E+000  0.000000000E+000  0.000000000E+000  0.000000000E+000  0.000000000E+000  0.000000000E+000  0.000000000E+000 
 1.723274020E-001  0.000000000E+000  7.644042930E-001  0.000000000E+000  6.746275090E-001  0.000000000E+000  1.219047200E+000  0.000000000E+000  0.000000000E+000  0.000000000E+000  0.000000000E+000  0.000000000E+000  0.000000000E+000  0.000000000E+000  0.000000000E+000  0.000000000E+000  0.000000000E+000  0.000000000E+000  0.000000000E+000  0.000000000E+000  0.000000000E+000  0.000000000E+000  0.000000000E+000  0.000000000E+000  0.000000000E+000  0.000000000E+000 
 0.000000000E+000  0.000000000E+000  0.000000000E+000  0.000000000E+000  0.000000000E+000  0.000000000E+000  0.000000000E+000  0.000000000E+000  1.349956010E+000  0.000000000E+000 -2.019524530E-002  0.000000000E+000  4.222714830E-002  0.000000000E+000  0.000000000E+000  0.000000000E+000  0.000000000E+000  0.000000000E+000  0.000000000E+000  0.000000000E+000  0.000000000E+000  0.000000000E+000  0.000000000E+000  0.000000000E+000  0.000000000E+000  0.000000000E+000 
 0.000000000E+000  0.000000000E+000  0.000000000E+000  0.000000000E+000  0.000000000E+000  0.000000000E+000  0.000000000E+000  0.000000000E+000 -2.019524530E-002  0.000000000E+000  5.574615830E-001  0.000000000E+000  2.293790390E-001  0.000000000E+000  0.000000000E+000  0.000000000E+000  0.000000000E+000  0.000000000E+000  0.000000000E+000  0.000000000E+000  0.000000000E+000  0.000000000E+000  0.000000000E+000  0.000000000E+000  0.000000000E+000  0.000000000E+000 
 0.000000000E+000  0.000000000E+000  0.000000000E+000  0.000000000E+000  0.000000000E+000  0.000000000E+000  0.000000000E+000  0.000000000E+000  4.222714830E-002  0.000000000E+000  2.293790390E-001  0.000000000E+000  1.225118100E+000  0.000000000E+000  0.000000000E+000  0.000000000E+000  0.000000000E+000  0.000000000E+000  0.000000000E+000  0.000000000E+000  0.000000000E+000  0.000000000E+000  0.000000000E+000  0.000000000E+000  0.000000000E+000  0.000000000E+000 
 0.000000000E+000  0.000000000E+000  0.000000000E+000  0.000000000E+000  0.000000000E+000  0.000000000E+000  0.000000000E+000  0.000000000E+000  0.000000000E+000  0.000000000E+000  0.000000000E+000  0.000000000E+000  0.000000000E+000  0.000000000E+000  1.349956010E+000  0.000000000E+000 -2.019524530E-002  0.000000000E+000  4.222714830E-002  0.000000000E+000  0.000000000E+000  0.000000000E+000  0.000000000E+000  0.000000000E+000  0.000000000E+000  0.000000000E+000 
 0.000000000E+000  0.000000000E+000  0.000000000E+000  0.000000000E+000  0.000000000E+000  0.000000000E+000  0.000000000E+000  0.000000000E+000  0.000000000E+000  0.000000000E+000  0.000000000E+000  0.000000000E+000  0.000000000E+000  0.000000000E+000 -2.019524530E-002  0.000000000E+000  5.574615830E-001  0.000000000E+000  2.293790390E-001  0.000000000E+000  0.000000000E+000  0.000000000E+000  0.000000000E+000  0.000000000E+000  0.000000000E+000  0.000000000E+000 
 0.000000000E+000  0.000000000E+000  0.000000000E+000  0.000000000E+000  0.000000000E+000  0.000000000E+000  0.000000000E+000  0.000000000E+000  0.000000000E+000  0.000000000E+000  0.000000000E+000  0.000000000E+000  0.000000000E+000  0.000000000E+000  4.222714830E-002  0.000000000E+000  2.293790390E-001  0.000000000E+000  1.225118100E+000  0.000000000E+000  0.000000000E+000  0.000000000E+000  0.000000000E+000  0.000000000E+000  0.000000000E+000  0.000000000E+000 
 0.000000000E+000  0.000000000E+000  0.000000000E+000  0.000000000E+000  0.000000000E+000  0.000000000E+000  0.000000000E+000  0.000000000E+000  0.000000000E+000  0.000000000E+000  0.000000000E+000  0.000000000E+000  0.000000000E+000  0.000000000E+000  0.000000000E+000  0.000000000E+000  0.000000000E+000  0.000000000E+000  0.000000000E+000  0.000000000E+000  1.349956010E+000  0.000000000E+000 -2.019524530E-002  0.000000000E+000  4.222714830E-002  0.000000000E+000 
 0.000000000E+000  0.000000000E+000  0.000000000E+000  0.000000000E+000  0.000000000E+000  0.000000000E+000  0.000000000E+000  0.000000000E+000  0.000000000E+000  0.000000000E+000  0.000000000E+000  0.000000000E+000  0.000000000E+000  0.000000000E+000  0.000000000E+000  0.000000000E+000  0.000000000E+000  0.000000000E+000  0.000000000E+000  0.000000000E+000 -2.019524530E-002  0.000000000E+000  5.574615830E-001  0.000000000E+000  2.293790390E-001  0.000000000E+000 
 0.000000000E+000  0.000000000E+000  0.000000000E+000  0.000000000E+000  0.000000000E+000  0.000000000E+000  0.000000000E+000  0.000000000E+000  0.000000000E+000  0.000000000E+000  0.000000000E+000  0.000000000E+000  0.000000000E+000  0.000000000E+000  0.000000000E+000  0.000000000E+000  0.000000000E+000  0.000000000E+000  0.000000000E+000  0.000000000E+000  4.222714830E-002  0.000000000E+000  2.293790390E-001  0.000000000E+000  1.225118100E+000  0.000000000E+000 
! 3 Gradient Vectors (13x6x3, real)
6 3 ! 1 1 0
 1.551362650E-001 -3.956042544E-002  9.786413603E-002 
-3.669753242E-002 -4.864316588E-002  2.901177409E-001 
 5.229108483E-002 -1.308979111E-002 -6.466167339E-002 
 1.515932642E-002  7.290847738E-002 -2.131257811E-001 
-2.582798173E-002 -5.364681108E-002 -8.704116469E-002 
-1.600611621E-001  8.203171614E-002 -2.315325773E-002 
6 3 ! 1 2 0
 0.000000000E+000  0.000000000E+000  0.000000000E+000 
 0.000000000E+000  0.000000000E+000  0.000000000E+000 
 0.000000000E+000  0.000000000E+000  0.000000000E+000 
 0.000000000E+000  0.000000000E+000  0.000000000E+000 
 0.000000000E+000  0.000000000E+000  0.000000000E+000 
 0.000000000E+000  0.000000000E+000  0.000000000E+000 
6 3 ! 1 3 0
 0.000000000E+000  0.000000000E+000  0.000000000E+000 
 0.000000000E+000  0.000000000E+000  0.000000000E+000 
 0.000000000E+000  0.000000000E+000  0.000000000E+000 
 0.000000000E+000  0.000000000E+000  0.000000000E+000 
 0.000000000E+000  0.000000000E+000  0.000000000E+000 
 0.000000000E+000  0.000000000E+000  0.000000000E+000 
6 3 ! 1 4 0
 0.000000000E+000  0.000000000E+000  0.000000000E+000 
 0.000000000E+000  0.000000000E+000  0.000000000E+000 
 0.000000000E+000  0.000000000E+000  0.000000000E+000 
 0.000000000E+000  0.000000000E+000  0.000000000E+000 
 0.000000000E+000  0.000000000E+000  0.000000000E+000 
 0.000000000E+000  0.000000000E+000  0.000000000E+000 
6 3 ! 3 1 -1
 0.000000000E+000  0.000000000E+000  0.000000000E+000 
 0.000000000E+000  0.000000000E+000  0.000000000E+000 
 0.000000000E+000  0.000000000E+000  0.000000000E+000 
 0.000000000E+000  0.000000000E+000  0.000000000E+000 
 0.000000000E+000  0.000000000E+000  0.000000000E+000 
 0.000000000E+000  0.000000000E+000  0.000000000E+000 
6 3 ! 3 2 -1
 0.000000000E+000  0.000000000E+000  0.000000000E+000 
 0.000000000E+000  0.000000000E+000  0.000000000E+000 
 0.000000000E+000  0.000000000E+000  0.000000000E+000 
 0.000000000E+000  0.000000000E+000  0.000000000E+000 
 0.000000000E+000  0.000000000E+000  0.000000000E+000 
 0.000000000E+000  0.000000000E+000  0.000000000E+000 
6 3 ! 3 3 -1
 0.000000000E+000  0.000000000E+000  0.000000000E+000 
 0.000000000E+000  0.000000000E+000  0.000000000E+000 
 0.000000000E+000  0.000000000E+000  0.000000000E+000 
 0.000000000E+000  0.000000000E+000  0.000000000E+000 
 0.000000000E+000  0.000000000E+000  0.000000000E+000 
 0.000000000E+000  0.000000000E+000  0.000000000E+000 
6 3 ! 3 1 0
 0.000000000E+000  0.000000000E+000  0.000000000E+000 
 0.000000000E+000  0.000000000E+000  0.000000000E+000 
 0.000000000E+000  0.000000000E+000  0.000000000E+000 
 0.000000000E+000  0.000000000E+000  0.000000000E+000 
 0.000000000E+000  0.000000000E+000  0.000000000E+000 
 0.000000000E+000  0.000000000E+000  0.000000000E+000 
6 3 ! 3 2 0
 0.000000000E+000  0.000000000E+000  0.000000000E+000 
 0.000000000E+000  0.000000000E+000  0.000000000E+000 
 0.000000000E+000  0.000000000E+000  0.000000000E+000 
 0.000000000E+000  0.000000000E+000  0.000000000E+000 
 0.000000000E+000  0.000000000E+000  0.000000000E+000 
 0.000000000E+000  0.000000000E+000  0.000000000E+000 
6 3 ! 3 3 0
 0.000000000E+000  0.000000000E+000  0.000000000E+000 
 0.000000000E+000  0.000000000E+000  0.000000000E+000 
 0.000000000E+000  0.000000000E+000  0.000000000E+000 
 0.000000000E+000  0.000000000E+000  0.000000000E+000 
 0.000000000E+000  0.000000000E+000  0.000000000E+000 
 0.000000000E+000  0.000000000E+000  0.000000000E+000 
6 3 ! 3 1 1
 0.000000000E+000  0.000000000E+000  0.000000000E+000 
 0.000000000E+000  0.000000000E+000  0.000000000E+000 
 0.000000000E+000  0.000000000E+000  0.000000000E+000 
 0.000000000E+000  0.000000000E+000  0.000000000E+000 
 0.000000000E+000  0.000000000E+000  0.000000000E+000 
 0.000000000E+000  0.000000000E+000  0.000000000E+000 
6 3 ! 3 2 1
 0.000000000E+000  0.000000000E+000  0.000000000E+000 
 0.000000000E+000  0.000000000E+000  0.000000000E+000 
 0.000000000E+000  0.000000000E+000  0.000000000E+000 
 0.000000000E+000  0.000000000E+000  0.000000000E+000 
 0.000000000E+000  0.000000000E+000  0.000000000E+000 
 0.000000000E+000  0.000000000E+000  0.000000000E+000 
6 3 ! 3 3 1
 0.000000000E+000  0.000000000E+000  0.000000000E+000 
 0.000000000E+000  0.000000000E+000  0.000000000E+000 
 0.000000000E+000  0.000000000E+000  0.000000000E+000 
 0.000000000E+000  0.000000000E+000  0.000000000E+000 
 0.000000000E+000  0.000000000E+000  0.000000000E+000 
 0.000000000E+000  0.000000000E+000  0.000000000E+000 
! 6 Overlap matrix (13x13, complex)
13 13
 9.997423500E-001  0.000000000E+000  5.628958000E-002  0.000000000E+000 -1.592725000E-002  0.000000000E+000  2.641000000E-004  0.000000000E+000  0.000000000E+000  0.000000000E+000  0.000000000E+000  0.000000000E+000  0.000000000E+000  0.000000000E+000  0.000000000E+000  0.000000000E+000  0.000000000E+000  0.000000000E+000  0.000000000E+000  0.000000000E+000  0.000000000E+000  0.000000000E+000  0.000000000E+000  0.000000000E+000  0.000000000E+000  0.000000000E+000 
-6.676660000E-002  0.000000000E+000  9.893658900E-001  0.000000000E+000 -1.802988000E-002  0.000000000E+000  5.654210000E-002  0.000000000E+000  0.000000000E+000  0.000000000E+000  0.000000000E+000  0.000000000E+000  0.000000000E+000  0.000000000E+000  0.000000000E+000  0.000000000E+000  0.000000000E+000  0.000000000E+000  0.000000000E+000  0.000000000E+000  0.000000000E+000  0.000000000E+000  0.000000000E+000  0.000000000E+000  0.000000000E+000  0.000000000E+000 
 2.269240000E-002  0.000000000E+000  1.085813000E-002  0.000000000E+000  1.003978130E+000  0.000000000E+000  1.557699000E-002  0.000000000E+000  0.000000000E+000  0.000000000E+000  0.000000000E+000  0.000000000E+000  0.000000000E+000  0.000000000E+000  0.000000000E+000  0.000000000E+000  0.000000000E+000  0.000000000E+000  0.000000000E+000  0.000000000E+000  0.000000000E+000  0.000000000E+000  0.000000000E+000  0.000000000E+000  0.000000000E+000  0.000000000E+000 
 4.872020000E-003  0.000000000E+000 -7.761681000E-002  0.000000000E+000 -1.916695000E-002  0.000000000E+000  9.858861400E-001  0.000000000E+000  0.000000000E+000  0.000000000E+000  0.000000000E+000  0.000000000E+000  0.000000000E+000  0.000000000E+000  0.000000000E+000  0.000000000E+000  0.000000000E+000  0.000000000E+000  0.000000000E+000  0.000000000E+000  0.000000000E+000  0.000000000E+000  0.000000000E+000  0.000000000E+000  0.000000000E+000  0.000000000E+000 
 0.000000000E+000  0.000000000E+000  0.000000000E+000  0.000000000E+000  0.000000000E+000  0.000000000E+000  0.000000000E+000  0.000000000E+000  9.992064300E-001  0.000000000E+000  4.658464000E-002  0.000000000E+000 -2.252250000E-003  0.000000000E+000  0.000000000E+000  0.000000000E+000  0.000000000E+000  0.000000000E+000  0.000000000E+000  0.000000000E+000  0.000000000E+000  0.000000000E+000  0.000000000E+000  0.000000000E+000  0.000000000E+000  0.000000000E+000 
 0.000000000E+000  0.000000000E+000  0.000000000E+000  0.000000000E+000  0.000000000E+000  0.000000000E+000  0.000000000E+000  0.000000000E+000 -5.879430000E-002  0.000000000E+000  9.960924600E-001  0.000000000E+000  5.023963000E-002  0.000000000E+000  0.000000000E+000  0.000000000E+000  0.000000000E+000  0.000000000E+000  0.000000000E+000  0.000000000E+000  0.000000000E+000  0.000000000E+000  0.000000000E+000  0.000000000E+000  0.000000000E+000  0.000000000E+000 
 0.000000000E+000  0.000000000E+000  0.000000000E+000  0.000000000E+000  0.000000000E+000  0.000000000E+000  0.000000000E+000  0.000000000E+000  8.033000000E-003  0.000000000E+000 -6.951202000E-002  0.000000000E+000  9.936443700E-001  0.000000000E+000  0.000000000E+000  0.000000000E+000  0.000000000E+000  0.000000000E+000  0.000000000E+000  0.000000000E+000  0.000000000E+000  0.000000000E+000  0.000000000E+000  0.000000000E+000  0.000000000E+000  0.000000000E+000 
 0.000000000E+000  0.000000000E+000  0.000000000E+000  0.000000000E+000  0.000000000E+000  0.000000000E+000  0.000000000E+000  0.000000000E+000  0.000000000E+000  0.000000000E+000  0.000000000E+000  0.000000000E+000  0.000000000E+000  0.000000000E+000  9.992064300E-001  0.000000000E+000  4.658464000E-002  0.000000000E+000 -2.252250000E-003  0.000000000E+000  0.000000000E+000  0.000000000E+000  0.000000000E+000  0.000000000E+000  0.000000000E+000  0.000000000E+000 
 0.000000000E+000  0.000000000E+000  0.000000000E+000  0.000000000E+000  0.000000000E+000  0.000000000E+000  0.000000000E+000  0.000000000E+000  0.000000000E+000  0.000000000E+000  0.000000000E+000  0.000000000E+000  0.000000000E+000  0.000000000E+000 -5.879430000E-002  0.000000000E+000  9.960924600E-001  0.000000000E+000  5.023963000E-002  0.000000000E+000  0.000000000E+000  0.000000000E+000  0.000000000E+000  0.000000000E+000  0.000000000E+000  0.000000000E+000 
 0.000000000E+000  0.000000000E+000  0.000000000E+000  0.000000000E+000  0.000000000E+000  0.000000000E+000  0.000000000E+000  0.000000000E+000  0.000000000E+000  0.000000000E+000  0.000000000E+000  0.000000000E+000  0.000000000E+000  0.000000000E+000  8.033000000E-003  0.000000000E+000 -6.951202000E-002  0.000000000E+000  9.936443700E-001  0.000000000E+000  0.000000000E+000  0.000000000E+000  0.000000000E+000  0.000000000E+000  0.000000000E+000  0.000000000E+000 
 0.000000000E+000  0.000000000E+000  0.000000000E+000  0.000000000E+000  0.000000000E+000  0.000000000E+000  0.000000000E+000  0.000000000E+000  0.000000000E+000  0.000000000E+000  0.000000000E+000  0.000000000E+000  0.000000000E+000  0.000000000E+000  0.000000000E+000  0.000000000E+000  0.000000000E+000  0.000000000E+000  0.000000000E+000  0.000000000E+000  9.992064300E-001  0.000000000E+000  4.658464000E-002  0.000000000E+000 -2.252250000E-003  0.000000000E+000 
 0.000000000E+000  0.000000000E+000  0.000000000E+000  0.000000000E+000  0.000000000E+000  0.000000000E+000  0.000000000E+000  0.000000000E+000  0.000000000E+000  0.000000000E+000  0.000000000E+000  0.000000000E+000  0.000000000E+000  0.000000000E+000  0.000000000E+000  0.000000000E+000  0.000000000E+000  0.000000000E+000  0.000000000E+000  0.000000000E+000 -5.879430000E-002  0.000000000E+000  9.960924600E-001  0.000000000E+000  5.023963000E-002  0.000000000E+000 
 0.000000000E+000  0.000000000E+000  0.000000000E+000  0.000000000E+000  0.000000000E+000  0.000000000E+000  0.000000000E+000  0.000000000E+000  0.000000000E+000  0.000000000E+000  0.000000000E+000  0.000000000E+000  0.000000000E+000  0.000000000E+000  0.000000000E+000  0.000000000E+000  0.000000000E+000  0.000000000E+000  0.000000000E+000  0.000000000E+000  8.033000000E-003  0.000000000E+000 -6.951202000E-002  0.000000000E+000  9.936443700E-001  0.000000000E+000 

! 7 Phases
13 ! for all nmstates
 1.000000000E+000  0.000000000E+000
 1.000000000E+000  0.000000000E+000
 1.000000000E+000  0.000000000E+000
 1.000000000E+000  0.000000000E+000
 1.000000000E+000  0.000000000E+000
 1.000000000E+000  0.000000000E+000
 1.000000000E+000  0.000000000E+000
 1.000000000E+000  0.000000000E+000
 1.000000000E+000  0.000000000E+000
 1.000000000E+000  0.000000000E+000
 1.000000000E+000  0.000000000E+000
 1.000000000E+000  0.000000000E+000
 1.000000000E+000  0.000000000E+000
! 8 Runtime
 4.600000000E+001
