
DATE: Jul/ 6/2022    ---    TIME: 15h:15min

<======  ###############  ==>
<====    PARAMETERS.F   ====>
<==  ###############  ======>
 
 DRIVER          : slice_AO   
 QMMM            :.true. <==
 OPT_parms       :.true. <==
 SPECTRUM        :.false.   
 Alpha_Tensor    :.false.   
 GaussianCube    :.false.   
 NetCharge       :.true. <== CH_and_DP_step = 5000000
 DensityMatrix   :.false.   
 AutoCorrelation :.false.   
 VDOS_           :.false.   
 EnvField_       :.false.   
 Coulomb_        :.false.   
 Induced_        :.false.   
 frame_step      : 1
 ad_hoc          :.true. <==
 restart         :.false.   
 t_f             : 1.0000      
 n_t             : 100000
 CT_dump_step    : 1
 n_part          : 2
 hole_state      : 33
 electron_state  : 35
 nnx , nny       : 0 0
 PBC             : 1 1 1
 
<======  ###############  ==>
<====    parameters_MM.f   ====>
<==  ###############  ======>
 
 driver_MM       : MM_Dynamics <== thermostat  = Microcanonical
                                   read_velocities :.false.   
 Wolf_cutoff     : 9.00  
 Wolf_damping    : 0.00320 
 MM_input_format : GMX 
 MM_log_step     : 100
 MM_frame_step   : 200
 
<======  ###############  ==>
<====       TUNING.F       ====>
<==  ###############  ======>
 
==  Electronic Tuning  ==
 
!      univ % atom(:) % etc
    call ReadInputCard_ADHOC( structure=univ )
where(univ % atom % residue == electron_fragment ) univ % atom % El = .true.
where(univ % atom % residue == hole_fragment) univ % atom % Hl = .true.
 
==  Nuclear Tuning  ==
 
