
                                ,._gz,                                        ,._\
                               .g@@@p                                       ._Q@$+
                            ,.Q@@@@@f                                    ._Q@@@+  
                           .g@@@@@@@I                                 ._g@@@@F!   
                       ,,_zQ@@@@@@@@Q_,                            ,_zQ@@@@$+     
                .__ggQ@@@@@@@@@@@@@@@@@L_.              ,         _Q@@@@@@v       
       , __zg@@@@@@@@@@@@@@@@@@@@@@@@@@@@@@@@@QQz_z_zzQ@@L,    .zQ@@@@@@F`        
   .__gQ@@@@@@@@@@@@@@@@@@@@@@@@@@@@@@@@@@@@@@@@@@@@@@@@@@Q\__zQ@@@@@@$+          
  G@@@@@@@@@@@@@@@@@@@@@@@@@@@@@@@@@@@@@@@@@@@@@@@@@@@@@@@@@@@@@@@@@@D            
    =4A@@@@@@@@@@@@@@@@@@@@@@@@@@@@@@@@@@@@@@@@@@@@@@@@@@@@@@A@$@@@@@L,           
        =vVAA@$@@@@@@@@@@@@@@@@@@@@@@@@@@@@@@@@@@@@p=VX@@@B*   <V@$@@@Q_,         
                   @@@@@@@@@@P^^^^^^--`     -q@@$=`     =4V`       =X@@@@_        
                   1@@@@@@@$!                  ^`                       -`        
                   -q@@@@@@]                                                      
                    ($@@@@$`                                                      
                     4@@@@p                                                       
                      d@@@p                                                       
                       d@@b                                                       
                        =4!                                                       

 
 EXECUTION INFORMATION:
 Start date: Mon Jul 11 09:32:22 2022
 Run host: cpn-p27-15.compute.cbls.ccr.buffalo.edu
 Run directory: 
 /projects/academic/cyberwksp21/Students/jstetzler/SHARC_examples/copy/Tutorial/
 traj/Singlet_3/TRAJ_00005
 
 BUILD INFORMATION:
 Build date: Sun Jun 26 05:52:26 EDT 2022
 Build host: srv-p22-13.cbls.ccr.buffalo.edu
 Build directory: 
 /projects/academic/cyberwksp21/Software/sharc2.1.1/sharc-master/source_simple
 Compiler: 
 /util/common/oneapi/2021.3.0/compiler/2021.3.0/linux/bin/intel64/ifort
 PYSHARC activated: false
 
<<<<<<<<<<<<<<<<<<<<<<<<<<<<<<<<============================>>>>>>>>>>>>>>>>>>>>>>>>>>>>>>>>
<<<<<<<<<<<<<<<<<<<<<<<<<<<<<<<<   Program SHARC started    >>>>>>>>>>>>>>>>>>>>>>>>>>>>>>>>
<<<<<<<<<<<<<<<<<<<<<<<<<<<<<<<<============================>>>>>>>>>>>>>>>>>>>>>>>>>>>>>>>>
 
 Version: 2.1 (Septemper 1, 2019)
 
 Print level:            2
 
 =============================================================
                          Input File
 =============================================================
 printlevel 2
 geomfile "geom"
 veloc external
 velocfile "veloc"
 nstates 4 0 3
 actstates 4 0 3
 state 4 mch
 coeff auto
 rngseed -32278
 ezero -94.4129454900
 tmax 100.000000
 stepsize 0.500000
 nsubsteps 25
 surf diagonal
 coupling overlap
 nogradcorrect 
 ekincorrect parallel_vel
 reflect_frustrated none
 decoherence_scheme edc
 decoherence_param 0.1
 hopping_procedure sharc
 grad_select 
 eselect 0.050000
 select_directly 
 write_overlap 
 output_format ascii
 output_dat_steps 1
 
 =============================================================
                             Restart
 =============================================================
 NO RESTART requested. Setting up the initial data from input files...
 
<<<<<<<<<<<<<<<<<<<<<<<<<<<<<<<<============================>>>>>>>>>>>>>>>>>>>>>>>>>>>>>>>>
<<<<<<<<<<<<<<<<<<<<<<<<<<<<<<<<   Initializing Dynamics    >>>>>>>>>>>>>>>>>>>>>>>>>>>>>>>>
<<<<<<<<<<<<<<<<<<<<<<<<<<<<<<<<============================>>>>>>>>>>>>>>>>>>>>>>>>>>>>>>>>
                                                                    Mon Jul 11 09:32:22 2022
 
Saving output data in ASCII format (output.dat)
Use data_extractor.x
 
 =============================================================
                  Number of States and Atoms
 =============================================================
 Keyword NSTATES found.
   4 Singlet
   0 Doublet
   3 Triplet
Total number of states:    13
 
 Dynamics is constrained to a subset of active states.
 States (T=active, F=frozen): T T T T T T T T T T T T T
 
Total number of atoms from "geom":    6
 
 =============================================================
                           Allocation
 =============================================================
Allocation with nstates=   13 and natom=    6 successful.
 
 =============================================================
                        Simulation Time
 =============================================================
Found nsteps=    200 and stepsize=  0.500 fs.
This makes a total simulation time of    100.000 fs.
The electronic wavefunction will be propagated using a   0.0200 fs step.
 
 =============================================================
                        Dynamics options
 =============================================================
Doing SHARC dynamics (on diagonal surfaces).
Doing LOCAL DIABATISATION propagation.
Correction to the kinetic energy after surface hop parallel to velocity vector.
 
Gradients are included for Delta E <     0.050 eV.
Gradients are calculated in the first QM calculation.
Calculating wavefunction overlaps.
Calculating wavefunction phases.
Calculating spin-orbit couplings.
 
Writing overlap matrix.
Not writing gradients.
Not writing nonadiabatic couplings.
Not writing property vectors.
Not writing property matrices.
 
First,   writing to output.dat every      1 steps if step is >=      0
Then,    writing to output.dat every      1 steps if step is >=      0
Finally, writing to output.dat every      1 steps if step is >=      0
 
Current working directory is
        /projects/academic/cyberwksp21/Students/jstetzler/SHARC_examples/copy/Tutorial/traj/Singlet_3/TRAJ_00005
 
Shift to the diagonal energies is   -94.412945490
Scaling factor to the Hamiltonian and gradients is  1.000
 
Random number seed is     -32278
 
Damping factor for kinetic energy is  1.000
 
Decoherence is 1 (EDC by Granucci, Persico, Zoccante)
Decoherence constant is  0.100 Hartree
 
Surface Hopping procedure is SHARC (Mai, Marquetand, Gonzalez)
 
 =============================================================
                             Geometry
 =============================================================
Reading from geometry file: "geom"
 Geometry (Bohr):
El         x         y         z      #         mass
C  -0.008258  0.039971  0.013185      6.    12.000000
N   0.014776 -0.052004  2.504808      7.    14.003074
H   1.706011 -0.211003 -0.436443      1.     1.007825
H   1.672130  0.344697  3.118562      1.     1.007825
H  -1.745746  0.105341  3.469355      1.     1.007825
H  -1.739382  0.007944 -0.913025      1.     1.007825
 
Reading velocities from file "veloc"
 Velocities (Bohr/atu):
El     dx/dt     dy/dt     dz/dt
C  -0.000354 -0.000164  0.000160
N  -0.000193  0.000107 -0.000103
H   0.000229  0.001588 -0.000183
H   0.001071 -0.001198  0.001023
H   0.002806  0.000260 -0.001860
H   0.002797 -0.000185  0.000554
 
 Atom mask (only active):
           1 C  T
           2 N  T
           3 H  T
           4 H  T
           5 H  T
           6 H  T
 Atom mask will be used for kinetic energy adjustment.
 Atom mask will be used for kinetic energy in EDC decoherence.
 =============================================================
                Initial State and Coefficients
 =============================================================
 
Setting state and coefficients for SHARC dynamics.
 
Initial state is    4 in the MCH basis. 
Initial coefficients will be set automatically.
 
 Coefficients (MCH):
  #      Real(c)      Imag(c)
  1  0.000000000  0.000000000
  2  0.000000000  0.000000000
  3  0.000000000  0.000000000
  4  1.000000000  0.000000000
  5  0.000000000  0.000000000
  6  0.000000000  0.000000000
  7  0.000000000  0.000000000
  8  0.000000000  0.000000000
  9  0.000000000  0.000000000
 10  0.000000000  0.000000000
 11  0.000000000  0.000000000
 12  0.000000000  0.000000000
 13  0.000000000  0.000000000
 
 Coefficients will be transformed after the initial energy calculation.
 
 =============================================================
                        Laser Field
 =============================================================
No laser field will be applied.
 
 =============================================================
                      Finalizing Input
 =============================================================
Trajectory input checksum is   910255256
 
<<<<<<<<<<<<<<<<<<<<<<<<<<<<<<<<============================>>>>>>>>>>>>>>>>>>>>>>>>>>>>>>>>
<<<<<<<<<<<<<<<<<<<<<<<<<<<<<<<<  Entering timestep      0  >>>>>>>>>>>>>>>>>>>>>>>>>>>>>>>>
<<<<<<<<<<<<<<<<<<<<<<<<<<<<<<<<============================>>>>>>>>>>>>>>>>>>>>>>>>>>>>>>>>
                                                        Start time: Mon Jul 11 09:32:22 2022
 
 =============================================================
              Initializing states and coefficients
 =============================================================
Initial state is    4 in the MCH basis. 
Initial state is   13 in the DIAG basis. 
 Coefficients (MCH):
  #      Real(c)      Imag(c)
  1  0.000000000  0.000000000
  2  0.000000000  0.000000000
  3  0.000000000  0.000000000
  4  1.000000000  0.000000000
  5  0.000000000  0.000000000
  6  0.000000000  0.000000000
  7  0.000000000  0.000000000
  8  0.000000000  0.000000000
  9  0.000000000  0.000000000
 10  0.000000000  0.000000000
 11  0.000000000  0.000000000
 12  0.000000000  0.000000000
 13  0.000000000  0.000000000
 Coefficients (diag):
  #      Real(c)      Imag(c)
  1  0.000000018 -0.000000000
  2 -0.000021600  0.000000001
  3 -0.000060317 -0.000000025
  4 -0.000183120  0.000000433
  5 -0.000103639 -0.000000006
  6 -0.000072631  0.000000000
  7 -0.000849922 -0.000000011
  8  0.000002418  0.000000000
  9  0.000010313  0.000000000
 10 -0.000012778 -0.000000000
 11 -0.000184833  0.000000000
 12 -0.000001597 -0.000000000
 13 -0.999999595 -0.000000000
 
<<<<<<<<<<<<<<<<<<<<<<<<<<<<<<<<============================>>>>>>>>>>>>>>>>>>>>>>>>>>>>>>>>
<<<<<<<<<<<<<<<<<<<<<<<<<<<<<<<<  Entering timestep      1  >>>>>>>>>>>>>>>>>>>>>>>>>>>>>>>>
<<<<<<<<<<<<<<<<<<<<<<<<<<<<<<<<============================>>>>>>>>>>>>>>>>>>>>>>>>>>>>>>>>
                                                        Start time: Mon Jul 11 09:34:14 2022
 
<<<<<<<<<<<<<<<<<<<<<<<<<<<<<<<<============================>>>>>>>>>>>>>>>>>>>>>>>>>>>>>>>>
<<<<<<<<<<<<<<<<<<<<<<<<<<<<<<<<  Entering timestep      2  >>>>>>>>>>>>>>>>>>>>>>>>>>>>>>>>
<<<<<<<<<<<<<<<<<<<<<<<<<<<<<<<<============================>>>>>>>>>>>>>>>>>>>>>>>>>>>>>>>>
                                                        Start time: Mon Jul 11 09:35:05 2022
 
<<<<<<<<<<<<<<<<<<<<<<<<<<<<<<<<============================>>>>>>>>>>>>>>>>>>>>>>>>>>>>>>>>
<<<<<<<<<<<<<<<<<<<<<<<<<<<<<<<<  Entering timestep      3  >>>>>>>>>>>>>>>>>>>>>>>>>>>>>>>>
<<<<<<<<<<<<<<<<<<<<<<<<<<<<<<<<============================>>>>>>>>>>>>>>>>>>>>>>>>>>>>>>>>
                                                        Start time: Mon Jul 11 09:35:58 2022
 
<<<<<<<<<<<<<<<<<<<<<<<<<<<<<<<<============================>>>>>>>>>>>>>>>>>>>>>>>>>>>>>>>>
<<<<<<<<<<<<<<<<<<<<<<<<<<<<<<<<  Entering timestep      4  >>>>>>>>>>>>>>>>>>>>>>>>>>>>>>>>
<<<<<<<<<<<<<<<<<<<<<<<<<<<<<<<<============================>>>>>>>>>>>>>>>>>>>>>>>>>>>>>>>>
                                                        Start time: Mon Jul 11 09:36:49 2022
 
<<<<<<<<<<<<<<<<<<<<<<<<<<<<<<<<============================>>>>>>>>>>>>>>>>>>>>>>>>>>>>>>>>
<<<<<<<<<<<<<<<<<<<<<<<<<<<<<<<<  Entering timestep      5  >>>>>>>>>>>>>>>>>>>>>>>>>>>>>>>>
<<<<<<<<<<<<<<<<<<<<<<<<<<<<<<<<============================>>>>>>>>>>>>>>>>>>>>>>>>>>>>>>>>
                                                        Start time: Mon Jul 11 09:37:39 2022
 
<<<<<<<<<<<<<<<<<<<<<<<<<<<<<<<<============================>>>>>>>>>>>>>>>>>>>>>>>>>>>>>>>>
<<<<<<<<<<<<<<<<<<<<<<<<<<<<<<<<  Entering timestep      6  >>>>>>>>>>>>>>>>>>>>>>>>>>>>>>>>
<<<<<<<<<<<<<<<<<<<<<<<<<<<<<<<<============================>>>>>>>>>>>>>>>>>>>>>>>>>>>>>>>>
                                                        Start time: Mon Jul 11 09:38:28 2022
 
<<<<<<<<<<<<<<<<<<<<<<<<<<<<<<<<============================>>>>>>>>>>>>>>>>>>>>>>>>>>>>>>>>
<<<<<<<<<<<<<<<<<<<<<<<<<<<<<<<<  Entering timestep      7  >>>>>>>>>>>>>>>>>>>>>>>>>>>>>>>>
<<<<<<<<<<<<<<<<<<<<<<<<<<<<<<<<============================>>>>>>>>>>>>>>>>>>>>>>>>>>>>>>>>
                                                        Start time: Mon Jul 11 09:39:18 2022
 
<<<<<<<<<<<<<<<<<<<<<<<<<<<<<<<<============================>>>>>>>>>>>>>>>>>>>>>>>>>>>>>>>>
<<<<<<<<<<<<<<<<<<<<<<<<<<<<<<<<  Entering timestep      8  >>>>>>>>>>>>>>>>>>>>>>>>>>>>>>>>
<<<<<<<<<<<<<<<<<<<<<<<<<<<<<<<<============================>>>>>>>>>>>>>>>>>>>>>>>>>>>>>>>>
                                                        Start time: Mon Jul 11 09:40:07 2022
 
<<<<<<<<<<<<<<<<<<<<<<<<<<<<<<<<============================>>>>>>>>>>>>>>>>>>>>>>>>>>>>>>>>
<<<<<<<<<<<<<<<<<<<<<<<<<<<<<<<<  Entering timestep      9  >>>>>>>>>>>>>>>>>>>>>>>>>>>>>>>>
<<<<<<<<<<<<<<<<<<<<<<<<<<<<<<<<============================>>>>>>>>>>>>>>>>>>>>>>>>>>>>>>>>
                                                        Start time: Mon Jul 11 09:40:56 2022
 
<<<<<<<<<<<<<<<<<<<<<<<<<<<<<<<<============================>>>>>>>>>>>>>>>>>>>>>>>>>>>>>>>>
<<<<<<<<<<<<<<<<<<<<<<<<<<<<<<<<  Entering timestep     10  >>>>>>>>>>>>>>>>>>>>>>>>>>>>>>>>
<<<<<<<<<<<<<<<<<<<<<<<<<<<<<<<<============================>>>>>>>>>>>>>>>>>>>>>>>>>>>>>>>>
                                                        Start time: Mon Jul 11 09:41:47 2022
 
<<<<<<<<<<<<<<<<<<<<<<<<<<<<<<<<============================>>>>>>>>>>>>>>>>>>>>>>>>>>>>>>>>
<<<<<<<<<<<<<<<<<<<<<<<<<<<<<<<<  Entering timestep     11  >>>>>>>>>>>>>>>>>>>>>>>>>>>>>>>>
<<<<<<<<<<<<<<<<<<<<<<<<<<<<<<<<============================>>>>>>>>>>>>>>>>>>>>>>>>>>>>>>>>
                                                        Start time: Mon Jul 11 09:42:34 2022
 
<<<<<<<<<<<<<<<<<<<<<<<<<<<<<<<<============================>>>>>>>>>>>>>>>>>>>>>>>>>>>>>>>>
<<<<<<<<<<<<<<<<<<<<<<<<<<<<<<<<  Entering timestep     12  >>>>>>>>>>>>>>>>>>>>>>>>>>>>>>>>
<<<<<<<<<<<<<<<<<<<<<<<<<<<<<<<<============================>>>>>>>>>>>>>>>>>>>>>>>>>>>>>>>>
                                                        Start time: Mon Jul 11 09:43:42 2022
 
<<<<<<<<<<<<<<<<<<<<<<<<<<<<<<<<============================>>>>>>>>>>>>>>>>>>>>>>>>>>>>>>>>
<<<<<<<<<<<<<<<<<<<<<<<<<<<<<<<<  Entering timestep     13  >>>>>>>>>>>>>>>>>>>>>>>>>>>>>>>>
<<<<<<<<<<<<<<<<<<<<<<<<<<<<<<<<============================>>>>>>>>>>>>>>>>>>>>>>>>>>>>>>>>
                                                        Start time: Mon Jul 11 09:44:31 2022
 
<<<<<<<<<<<<<<<<<<<<<<<<<<<<<<<<============================>>>>>>>>>>>>>>>>>>>>>>>>>>>>>>>>
<<<<<<<<<<<<<<<<<<<<<<<<<<<<<<<<  Entering timestep     14  >>>>>>>>>>>>>>>>>>>>>>>>>>>>>>>>
<<<<<<<<<<<<<<<<<<<<<<<<<<<<<<<<============================>>>>>>>>>>>>>>>>>>>>>>>>>>>>>>>>
                                                        Start time: Mon Jul 11 09:45:19 2022
 
<<<<<<<<<<<<<<<<<<<<<<<<<<<<<<<<============================>>>>>>>>>>>>>>>>>>>>>>>>>>>>>>>>
<<<<<<<<<<<<<<<<<<<<<<<<<<<<<<<<  Entering timestep     15  >>>>>>>>>>>>>>>>>>>>>>>>>>>>>>>>
<<<<<<<<<<<<<<<<<<<<<<<<<<<<<<<<============================>>>>>>>>>>>>>>>>>>>>>>>>>>>>>>>>
                                                        Start time: Mon Jul 11 09:46:11 2022
 
<<<<<<<<<<<<<<<<<<<<<<<<<<<<<<<<============================>>>>>>>>>>>>>>>>>>>>>>>>>>>>>>>>
<<<<<<<<<<<<<<<<<<<<<<<<<<<<<<<<  Entering timestep     16  >>>>>>>>>>>>>>>>>>>>>>>>>>>>>>>>
<<<<<<<<<<<<<<<<<<<<<<<<<<<<<<<<============================>>>>>>>>>>>>>>>>>>>>>>>>>>>>>>>>
                                                        Start time: Mon Jul 11 09:47:18 2022
 
<<<<<<<<<<<<<<<<<<<<<<<<<<<<<<<<============================>>>>>>>>>>>>>>>>>>>>>>>>>>>>>>>>
<<<<<<<<<<<<<<<<<<<<<<<<<<<<<<<<  Entering timestep     17  >>>>>>>>>>>>>>>>>>>>>>>>>>>>>>>>
<<<<<<<<<<<<<<<<<<<<<<<<<<<<<<<<============================>>>>>>>>>>>>>>>>>>>>>>>>>>>>>>>>
                                                        Start time: Mon Jul 11 09:48:05 2022
 
<<<<<<<<<<<<<<<<<<<<<<<<<<<<<<<<============================>>>>>>>>>>>>>>>>>>>>>>>>>>>>>>>>
<<<<<<<<<<<<<<<<<<<<<<<<<<<<<<<<  Entering timestep     18  >>>>>>>>>>>>>>>>>>>>>>>>>>>>>>>>
<<<<<<<<<<<<<<<<<<<<<<<<<<<<<<<<============================>>>>>>>>>>>>>>>>>>>>>>>>>>>>>>>>
                                                        Start time: Mon Jul 11 09:48:55 2022
 
<<<<<<<<<<<<<<<<<<<<<<<<<<<<<<<<============================>>>>>>>>>>>>>>>>>>>>>>>>>>>>>>>>
<<<<<<<<<<<<<<<<<<<<<<<<<<<<<<<<  Entering timestep     19  >>>>>>>>>>>>>>>>>>>>>>>>>>>>>>>>
<<<<<<<<<<<<<<<<<<<<<<<<<<<<<<<<============================>>>>>>>>>>>>>>>>>>>>>>>>>>>>>>>>
                                                        Start time: Mon Jul 11 09:49:47 2022
 
<<<<<<<<<<<<<<<<<<<<<<<<<<<<<<<<============================>>>>>>>>>>>>>>>>>>>>>>>>>>>>>>>>
<<<<<<<<<<<<<<<<<<<<<<<<<<<<<<<<  Entering timestep     20  >>>>>>>>>>>>>>>>>>>>>>>>>>>>>>>>
<<<<<<<<<<<<<<<<<<<<<<<<<<<<<<<<============================>>>>>>>>>>>>>>>>>>>>>>>>>>>>>>>>
                                                        Start time: Mon Jul 11 09:50:46 2022
 
<<<<<<<<<<<<<<<<<<<<<<<<<<<<<<<<============================>>>>>>>>>>>>>>>>>>>>>>>>>>>>>>>>
<<<<<<<<<<<<<<<<<<<<<<<<<<<<<<<<  Entering timestep     21  >>>>>>>>>>>>>>>>>>>>>>>>>>>>>>>>
<<<<<<<<<<<<<<<<<<<<<<<<<<<<<<<<============================>>>>>>>>>>>>>>>>>>>>>>>>>>>>>>>>
                                                        Start time: Mon Jul 11 09:51:36 2022
 
<<<<<<<<<<<<<<<<<<<<<<<<<<<<<<<<============================>>>>>>>>>>>>>>>>>>>>>>>>>>>>>>>>
<<<<<<<<<<<<<<<<<<<<<<<<<<<<<<<<  Entering timestep     22  >>>>>>>>>>>>>>>>>>>>>>>>>>>>>>>>
<<<<<<<<<<<<<<<<<<<<<<<<<<<<<<<<============================>>>>>>>>>>>>>>>>>>>>>>>>>>>>>>>>
                                                        Start time: Mon Jul 11 09:52:26 2022
 
<<<<<<<<<<<<<<<<<<<<<<<<<<<<<<<<============================>>>>>>>>>>>>>>>>>>>>>>>>>>>>>>>>
<<<<<<<<<<<<<<<<<<<<<<<<<<<<<<<<  Entering timestep     23  >>>>>>>>>>>>>>>>>>>>>>>>>>>>>>>>
<<<<<<<<<<<<<<<<<<<<<<<<<<<<<<<<============================>>>>>>>>>>>>>>>>>>>>>>>>>>>>>>>>
                                                        Start time: Mon Jul 11 09:53:16 2022
 
<<<<<<<<<<<<<<<<<<<<<<<<<<<<<<<<============================>>>>>>>>>>>>>>>>>>>>>>>>>>>>>>>>
<<<<<<<<<<<<<<<<<<<<<<<<<<<<<<<<  Entering timestep     24  >>>>>>>>>>>>>>>>>>>>>>>>>>>>>>>>
<<<<<<<<<<<<<<<<<<<<<<<<<<<<<<<<============================>>>>>>>>>>>>>>>>>>>>>>>>>>>>>>>>
                                                        Start time: Mon Jul 11 09:54:06 2022
 
<<<<<<<<<<<<<<<<<<<<<<<<<<<<<<<<============================>>>>>>>>>>>>>>>>>>>>>>>>>>>>>>>>
<<<<<<<<<<<<<<<<<<<<<<<<<<<<<<<<  Entering timestep     25  >>>>>>>>>>>>>>>>>>>>>>>>>>>>>>>>
<<<<<<<<<<<<<<<<<<<<<<<<<<<<<<<<============================>>>>>>>>>>>>>>>>>>>>>>>>>>>>>>>>
                                                        Start time: Mon Jul 11 09:54:53 2022
 
<<<<<<<<<<<<<<<<<<<<<<<<<<<<<<<<============================>>>>>>>>>>>>>>>>>>>>>>>>>>>>>>>>
<<<<<<<<<<<<<<<<<<<<<<<<<<<<<<<<  Entering timestep     26  >>>>>>>>>>>>>>>>>>>>>>>>>>>>>>>>
<<<<<<<<<<<<<<<<<<<<<<<<<<<<<<<<============================>>>>>>>>>>>>>>>>>>>>>>>>>>>>>>>>
                                                        Start time: Mon Jul 11 09:56:13 2022
 
<<<<<<<<<<<<<<<<<<<<<<<<<<<<<<<<============================>>>>>>>>>>>>>>>>>>>>>>>>>>>>>>>>
<<<<<<<<<<<<<<<<<<<<<<<<<<<<<<<<  Entering timestep     27  >>>>>>>>>>>>>>>>>>>>>>>>>>>>>>>>
<<<<<<<<<<<<<<<<<<<<<<<<<<<<<<<<============================>>>>>>>>>>>>>>>>>>>>>>>>>>>>>>>>
                                                        Start time: Mon Jul 11 09:57:18 2022
 
<<<<<<<<<<<<<<<<<<<<<<<<<<<<<<<<============================>>>>>>>>>>>>>>>>>>>>>>>>>>>>>>>>
<<<<<<<<<<<<<<<<<<<<<<<<<<<<<<<<  Entering timestep     28  >>>>>>>>>>>>>>>>>>>>>>>>>>>>>>>>
<<<<<<<<<<<<<<<<<<<<<<<<<<<<<<<<============================>>>>>>>>>>>>>>>>>>>>>>>>>>>>>>>>
                                                        Start time: Mon Jul 11 09:58:21 2022
 
<<<<<<<<<<<<<<<<<<<<<<<<<<<<<<<<============================>>>>>>>>>>>>>>>>>>>>>>>>>>>>>>>>
<<<<<<<<<<<<<<<<<<<<<<<<<<<<<<<<  Entering timestep     29  >>>>>>>>>>>>>>>>>>>>>>>>>>>>>>>>
<<<<<<<<<<<<<<<<<<<<<<<<<<<<<<<<============================>>>>>>>>>>>>>>>>>>>>>>>>>>>>>>>>
                                                        Start time: Mon Jul 11 09:59:27 2022
 
<<<<<<<<<<<<<<<<<<<<<<<<<<<<<<<<============================>>>>>>>>>>>>>>>>>>>>>>>>>>>>>>>>
<<<<<<<<<<<<<<<<<<<<<<<<<<<<<<<<  Entering timestep     30  >>>>>>>>>>>>>>>>>>>>>>>>>>>>>>>>
<<<<<<<<<<<<<<<<<<<<<<<<<<<<<<<<============================>>>>>>>>>>>>>>>>>>>>>>>>>>>>>>>>
                                                        Start time: Mon Jul 11 10:00:27 2022
 
<<<<<<<<<<<<<<<<<<<<<<<<<<<<<<<<============================>>>>>>>>>>>>>>>>>>>>>>>>>>>>>>>>
<<<<<<<<<<<<<<<<<<<<<<<<<<<<<<<<  Entering timestep     31  >>>>>>>>>>>>>>>>>>>>>>>>>>>>>>>>
<<<<<<<<<<<<<<<<<<<<<<<<<<<<<<<<============================>>>>>>>>>>>>>>>>>>>>>>>>>>>>>>>>
                                                        Start time: Mon Jul 11 10:01:23 2022
 
<<<<<<<<<<<<<<<<<<<<<<<<<<<<<<<<============================>>>>>>>>>>>>>>>>>>>>>>>>>>>>>>>>
<<<<<<<<<<<<<<<<<<<<<<<<<<<<<<<<  Entering timestep     32  >>>>>>>>>>>>>>>>>>>>>>>>>>>>>>>>
<<<<<<<<<<<<<<<<<<<<<<<<<<<<<<<<============================>>>>>>>>>>>>>>>>>>>>>>>>>>>>>>>>
                                                        Start time: Mon Jul 11 10:02:15 2022
 
<<<<<<<<<<<<<<<<<<<<<<<<<<<<<<<<============================>>>>>>>>>>>>>>>>>>>>>>>>>>>>>>>>
<<<<<<<<<<<<<<<<<<<<<<<<<<<<<<<<  Entering timestep     33  >>>>>>>>>>>>>>>>>>>>>>>>>>>>>>>>
<<<<<<<<<<<<<<<<<<<<<<<<<<<<<<<<============================>>>>>>>>>>>>>>>>>>>>>>>>>>>>>>>>
                                                        Start time: Mon Jul 11 10:03:07 2022
 
<<<<<<<<<<<<<<<<<<<<<<<<<<<<<<<<============================>>>>>>>>>>>>>>>>>>>>>>>>>>>>>>>>
<<<<<<<<<<<<<<<<<<<<<<<<<<<<<<<<  Entering timestep     34  >>>>>>>>>>>>>>>>>>>>>>>>>>>>>>>>
<<<<<<<<<<<<<<<<<<<<<<<<<<<<<<<<============================>>>>>>>>>>>>>>>>>>>>>>>>>>>>>>>>
                                                        Start time: Mon Jul 11 10:03:58 2022
 
<<<<<<<<<<<<<<<<<<<<<<<<<<<<<<<<============================>>>>>>>>>>>>>>>>>>>>>>>>>>>>>>>>
<<<<<<<<<<<<<<<<<<<<<<<<<<<<<<<<  Entering timestep     35  >>>>>>>>>>>>>>>>>>>>>>>>>>>>>>>>
<<<<<<<<<<<<<<<<<<<<<<<<<<<<<<<<============================>>>>>>>>>>>>>>>>>>>>>>>>>>>>>>>>
                                                        Start time: Mon Jul 11 10:04:54 2022
 
<<<<<<<<<<<<<<<<<<<<<<<<<<<<<<<<============================>>>>>>>>>>>>>>>>>>>>>>>>>>>>>>>>
<<<<<<<<<<<<<<<<<<<<<<<<<<<<<<<<  Entering timestep     36  >>>>>>>>>>>>>>>>>>>>>>>>>>>>>>>>
<<<<<<<<<<<<<<<<<<<<<<<<<<<<<<<<============================>>>>>>>>>>>>>>>>>>>>>>>>>>>>>>>>
                                                        Start time: Mon Jul 11 10:05:54 2022
 
<<<<<<<<<<<<<<<<<<<<<<<<<<<<<<<<============================>>>>>>>>>>>>>>>>>>>>>>>>>>>>>>>>
<<<<<<<<<<<<<<<<<<<<<<<<<<<<<<<<  Entering timestep     37  >>>>>>>>>>>>>>>>>>>>>>>>>>>>>>>>
<<<<<<<<<<<<<<<<<<<<<<<<<<<<<<<<============================>>>>>>>>>>>>>>>>>>>>>>>>>>>>>>>>
                                                        Start time: Mon Jul 11 10:06:49 2022
 
<<<<<<<<<<<<<<<<<<<<<<<<<<<<<<<<============================>>>>>>>>>>>>>>>>>>>>>>>>>>>>>>>>
<<<<<<<<<<<<<<<<<<<<<<<<<<<<<<<<  Entering timestep     38  >>>>>>>>>>>>>>>>>>>>>>>>>>>>>>>>
<<<<<<<<<<<<<<<<<<<<<<<<<<<<<<<<============================>>>>>>>>>>>>>>>>>>>>>>>>>>>>>>>>
                                                        Start time: Mon Jul 11 10:07:41 2022
 
<<<<<<<<<<<<<<<<<<<<<<<<<<<<<<<<============================>>>>>>>>>>>>>>>>>>>>>>>>>>>>>>>>
<<<<<<<<<<<<<<<<<<<<<<<<<<<<<<<<  Entering timestep     39  >>>>>>>>>>>>>>>>>>>>>>>>>>>>>>>>
<<<<<<<<<<<<<<<<<<<<<<<<<<<<<<<<============================>>>>>>>>>>>>>>>>>>>>>>>>>>>>>>>>
                                                        Start time: Mon Jul 11 10:08:35 2022
 
<<<<<<<<<<<<<<<<<<<<<<<<<<<<<<<<============================>>>>>>>>>>>>>>>>>>>>>>>>>>>>>>>>
<<<<<<<<<<<<<<<<<<<<<<<<<<<<<<<<  Entering timestep     40  >>>>>>>>>>>>>>>>>>>>>>>>>>>>>>>>
<<<<<<<<<<<<<<<<<<<<<<<<<<<<<<<<============================>>>>>>>>>>>>>>>>>>>>>>>>>>>>>>>>
                                                        Start time: Mon Jul 11 10:09:27 2022
 
<<<<<<<<<<<<<<<<<<<<<<<<<<<<<<<<============================>>>>>>>>>>>>>>>>>>>>>>>>>>>>>>>>
<<<<<<<<<<<<<<<<<<<<<<<<<<<<<<<<  Entering timestep     41  >>>>>>>>>>>>>>>>>>>>>>>>>>>>>>>>
<<<<<<<<<<<<<<<<<<<<<<<<<<<<<<<<============================>>>>>>>>>>>>>>>>>>>>>>>>>>>>>>>>
                                                        Start time: Mon Jul 11 10:10:20 2022
 
<<<<<<<<<<<<<<<<<<<<<<<<<<<<<<<<============================>>>>>>>>>>>>>>>>>>>>>>>>>>>>>>>>
<<<<<<<<<<<<<<<<<<<<<<<<<<<<<<<<  Entering timestep     42  >>>>>>>>>>>>>>>>>>>>>>>>>>>>>>>>
<<<<<<<<<<<<<<<<<<<<<<<<<<<<<<<<============================>>>>>>>>>>>>>>>>>>>>>>>>>>>>>>>>
                                                        Start time: Mon Jul 11 10:11:15 2022
 
<<<<<<<<<<<<<<<<<<<<<<<<<<<<<<<<============================>>>>>>>>>>>>>>>>>>>>>>>>>>>>>>>>
<<<<<<<<<<<<<<<<<<<<<<<<<<<<<<<<  Entering timestep     43  >>>>>>>>>>>>>>>>>>>>>>>>>>>>>>>>
<<<<<<<<<<<<<<<<<<<<<<<<<<<<<<<<============================>>>>>>>>>>>>>>>>>>>>>>>>>>>>>>>>
                                                        Start time: Mon Jul 11 10:12:13 2022
 
<<<<<<<<<<<<<<<<<<<<<<<<<<<<<<<<============================>>>>>>>>>>>>>>>>>>>>>>>>>>>>>>>>
<<<<<<<<<<<<<<<<<<<<<<<<<<<<<<<<  Entering timestep     44  >>>>>>>>>>>>>>>>>>>>>>>>>>>>>>>>
<<<<<<<<<<<<<<<<<<<<<<<<<<<<<<<<============================>>>>>>>>>>>>>>>>>>>>>>>>>>>>>>>>
                                                        Start time: Mon Jul 11 10:13:06 2022
 
<<<<<<<<<<<<<<<<<<<<<<<<<<<<<<<<============================>>>>>>>>>>>>>>>>>>>>>>>>>>>>>>>>
<<<<<<<<<<<<<<<<<<<<<<<<<<<<<<<<  Entering timestep     45  >>>>>>>>>>>>>>>>>>>>>>>>>>>>>>>>
<<<<<<<<<<<<<<<<<<<<<<<<<<<<<<<<============================>>>>>>>>>>>>>>>>>>>>>>>>>>>>>>>>
                                                        Start time: Mon Jul 11 10:13:58 2022
 
<<<<<<<<<<<<<<<<<<<<<<<<<<<<<<<<============================>>>>>>>>>>>>>>>>>>>>>>>>>>>>>>>>
<<<<<<<<<<<<<<<<<<<<<<<<<<<<<<<<  Entering timestep     46  >>>>>>>>>>>>>>>>>>>>>>>>>>>>>>>>
<<<<<<<<<<<<<<<<<<<<<<<<<<<<<<<<============================>>>>>>>>>>>>>>>>>>>>>>>>>>>>>>>>
                                                        Start time: Mon Jul 11 10:15:12 2022
 
<<<<<<<<<<<<<<<<<<<<<<<<<<<<<<<<============================>>>>>>>>>>>>>>>>>>>>>>>>>>>>>>>>
<<<<<<<<<<<<<<<<<<<<<<<<<<<<<<<<  Entering timestep     47  >>>>>>>>>>>>>>>>>>>>>>>>>>>>>>>>
<<<<<<<<<<<<<<<<<<<<<<<<<<<<<<<<============================>>>>>>>>>>>>>>>>>>>>>>>>>>>>>>>>
                                                        Start time: Mon Jul 11 10:16:18 2022
 
<<<<<<<<<<<<<<<<<<<<<<<<<<<<<<<<============================>>>>>>>>>>>>>>>>>>>>>>>>>>>>>>>>
<<<<<<<<<<<<<<<<<<<<<<<<<<<<<<<<  Entering timestep     48  >>>>>>>>>>>>>>>>>>>>>>>>>>>>>>>>
<<<<<<<<<<<<<<<<<<<<<<<<<<<<<<<<============================>>>>>>>>>>>>>>>>>>>>>>>>>>>>>>>>
                                                        Start time: Mon Jul 11 10:17:19 2022
 
<<<<<<<<<<<<<<<<<<<<<<<<<<<<<<<<============================>>>>>>>>>>>>>>>>>>>>>>>>>>>>>>>>
<<<<<<<<<<<<<<<<<<<<<<<<<<<<<<<<  Entering timestep     49  >>>>>>>>>>>>>>>>>>>>>>>>>>>>>>>>
<<<<<<<<<<<<<<<<<<<<<<<<<<<<<<<<============================>>>>>>>>>>>>>>>>>>>>>>>>>>>>>>>>
                                                        Start time: Mon Jul 11 10:18:12 2022
 
<<<<<<<<<<<<<<<<<<<<<<<<<<<<<<<<============================>>>>>>>>>>>>>>>>>>>>>>>>>>>>>>>>
<<<<<<<<<<<<<<<<<<<<<<<<<<<<<<<<  Entering timestep     50  >>>>>>>>>>>>>>>>>>>>>>>>>>>>>>>>
<<<<<<<<<<<<<<<<<<<<<<<<<<<<<<<<============================>>>>>>>>>>>>>>>>>>>>>>>>>>>>>>>>
                                                        Start time: Mon Jul 11 10:19:06 2022
 
<<<<<<<<<<<<<<<<<<<<<<<<<<<<<<<<============================>>>>>>>>>>>>>>>>>>>>>>>>>>>>>>>>
<<<<<<<<<<<<<<<<<<<<<<<<<<<<<<<<  Entering timestep     51  >>>>>>>>>>>>>>>>>>>>>>>>>>>>>>>>
<<<<<<<<<<<<<<<<<<<<<<<<<<<<<<<<============================>>>>>>>>>>>>>>>>>>>>>>>>>>>>>>>>
                                                        Start time: Mon Jul 11 10:20:00 2022
 
<<<<<<<<<<<<<<<<<<<<<<<<<<<<<<<<============================>>>>>>>>>>>>>>>>>>>>>>>>>>>>>>>>
<<<<<<<<<<<<<<<<<<<<<<<<<<<<<<<<  Entering timestep     52  >>>>>>>>>>>>>>>>>>>>>>>>>>>>>>>>
<<<<<<<<<<<<<<<<<<<<<<<<<<<<<<<<============================>>>>>>>>>>>>>>>>>>>>>>>>>>>>>>>>
                                                        Start time: Mon Jul 11 10:21:01 2022
 
<<<<<<<<<<<<<<<<<<<<<<<<<<<<<<<<============================>>>>>>>>>>>>>>>>>>>>>>>>>>>>>>>>
<<<<<<<<<<<<<<<<<<<<<<<<<<<<<<<<  Entering timestep     53  >>>>>>>>>>>>>>>>>>>>>>>>>>>>>>>>
<<<<<<<<<<<<<<<<<<<<<<<<<<<<<<<<============================>>>>>>>>>>>>>>>>>>>>>>>>>>>>>>>>
                                                        Start time: Mon Jul 11 10:21:55 2022
 
<<<<<<<<<<<<<<<<<<<<<<<<<<<<<<<<============================>>>>>>>>>>>>>>>>>>>>>>>>>>>>>>>>
<<<<<<<<<<<<<<<<<<<<<<<<<<<<<<<<  Entering timestep     54  >>>>>>>>>>>>>>>>>>>>>>>>>>>>>>>>
<<<<<<<<<<<<<<<<<<<<<<<<<<<<<<<<============================>>>>>>>>>>>>>>>>>>>>>>>>>>>>>>>>
                                                        Start time: Mon Jul 11 10:22:54 2022
 
<<<<<<<<<<<<<<<<<<<<<<<<<<<<<<<<============================>>>>>>>>>>>>>>>>>>>>>>>>>>>>>>>>
<<<<<<<<<<<<<<<<<<<<<<<<<<<<<<<<  Entering timestep     55  >>>>>>>>>>>>>>>>>>>>>>>>>>>>>>>>
<<<<<<<<<<<<<<<<<<<<<<<<<<<<<<<<============================>>>>>>>>>>>>>>>>>>>>>>>>>>>>>>>>
                                                        Start time: Mon Jul 11 10:23:52 2022
 
<<<<<<<<<<<<<<<<<<<<<<<<<<<<<<<<============================>>>>>>>>>>>>>>>>>>>>>>>>>>>>>>>>
<<<<<<<<<<<<<<<<<<<<<<<<<<<<<<<<  Entering timestep     56  >>>>>>>>>>>>>>>>>>>>>>>>>>>>>>>>
<<<<<<<<<<<<<<<<<<<<<<<<<<<<<<<<============================>>>>>>>>>>>>>>>>>>>>>>>>>>>>>>>>
                                                        Start time: Mon Jul 11 10:24:47 2022
 
<<<<<<<<<<<<<<<<<<<<<<<<<<<<<<<<============================>>>>>>>>>>>>>>>>>>>>>>>>>>>>>>>>
<<<<<<<<<<<<<<<<<<<<<<<<<<<<<<<<  Entering timestep     57  >>>>>>>>>>>>>>>>>>>>>>>>>>>>>>>>
<<<<<<<<<<<<<<<<<<<<<<<<<<<<<<<<============================>>>>>>>>>>>>>>>>>>>>>>>>>>>>>>>>
                                                        Start time: Mon Jul 11 10:25:55 2022
 
<<<<<<<<<<<<<<<<<<<<<<<<<<<<<<<<============================>>>>>>>>>>>>>>>>>>>>>>>>>>>>>>>>
<<<<<<<<<<<<<<<<<<<<<<<<<<<<<<<<  Entering timestep     58  >>>>>>>>>>>>>>>>>>>>>>>>>>>>>>>>
<<<<<<<<<<<<<<<<<<<<<<<<<<<<<<<<============================>>>>>>>>>>>>>>>>>>>>>>>>>>>>>>>>
                                                        Start time: Mon Jul 11 10:26:50 2022
 
<<<<<<<<<<<<<<<<<<<<<<<<<<<<<<<<============================>>>>>>>>>>>>>>>>>>>>>>>>>>>>>>>>
<<<<<<<<<<<<<<<<<<<<<<<<<<<<<<<<  Entering timestep     59  >>>>>>>>>>>>>>>>>>>>>>>>>>>>>>>>
<<<<<<<<<<<<<<<<<<<<<<<<<<<<<<<<============================>>>>>>>>>>>>>>>>>>>>>>>>>>>>>>>>
                                                        Start time: Mon Jul 11 10:27:44 2022
 
<<<<<<<<<<<<<<<<<<<<<<<<<<<<<<<<============================>>>>>>>>>>>>>>>>>>>>>>>>>>>>>>>>
<<<<<<<<<<<<<<<<<<<<<<<<<<<<<<<<  Entering timestep     60  >>>>>>>>>>>>>>>>>>>>>>>>>>>>>>>>
<<<<<<<<<<<<<<<<<<<<<<<<<<<<<<<<============================>>>>>>>>>>>>>>>>>>>>>>>>>>>>>>>>
                                                        Start time: Mon Jul 11 10:28:38 2022
 
<<<<<<<<<<<<<<<<<<<<<<<<<<<<<<<<============================>>>>>>>>>>>>>>>>>>>>>>>>>>>>>>>>
<<<<<<<<<<<<<<<<<<<<<<<<<<<<<<<<  Entering timestep     61  >>>>>>>>>>>>>>>>>>>>>>>>>>>>>>>>
<<<<<<<<<<<<<<<<<<<<<<<<<<<<<<<<============================>>>>>>>>>>>>>>>>>>>>>>>>>>>>>>>>
                                                        Start time: Mon Jul 11 10:29:33 2022
 
<<<<<<<<<<<<<<<<<<<<<<<<<<<<<<<<============================>>>>>>>>>>>>>>>>>>>>>>>>>>>>>>>>
<<<<<<<<<<<<<<<<<<<<<<<<<<<<<<<<  Entering timestep     62  >>>>>>>>>>>>>>>>>>>>>>>>>>>>>>>>
<<<<<<<<<<<<<<<<<<<<<<<<<<<<<<<<============================>>>>>>>>>>>>>>>>>>>>>>>>>>>>>>>>
                                                        Start time: Mon Jul 11 10:30:29 2022
 
<<<<<<<<<<<<<<<<<<<<<<<<<<<<<<<<============================>>>>>>>>>>>>>>>>>>>>>>>>>>>>>>>>
<<<<<<<<<<<<<<<<<<<<<<<<<<<<<<<<  Entering timestep     63  >>>>>>>>>>>>>>>>>>>>>>>>>>>>>>>>
<<<<<<<<<<<<<<<<<<<<<<<<<<<<<<<<============================>>>>>>>>>>>>>>>>>>>>>>>>>>>>>>>>
                                                        Start time: Mon Jul 11 10:31:30 2022
 
<<<<<<<<<<<<<<<<<<<<<<<<<<<<<<<<============================>>>>>>>>>>>>>>>>>>>>>>>>>>>>>>>>
<<<<<<<<<<<<<<<<<<<<<<<<<<<<<<<<  Entering timestep     64  >>>>>>>>>>>>>>>>>>>>>>>>>>>>>>>>
<<<<<<<<<<<<<<<<<<<<<<<<<<<<<<<<============================>>>>>>>>>>>>>>>>>>>>>>>>>>>>>>>>
                                                        Start time: Mon Jul 11 10:32:24 2022
 
<<<<<<<<<<<<<<<<<<<<<<<<<<<<<<<<============================>>>>>>>>>>>>>>>>>>>>>>>>>>>>>>>>
<<<<<<<<<<<<<<<<<<<<<<<<<<<<<<<<  Entering timestep     65  >>>>>>>>>>>>>>>>>>>>>>>>>>>>>>>>
<<<<<<<<<<<<<<<<<<<<<<<<<<<<<<<<============================>>>>>>>>>>>>>>>>>>>>>>>>>>>>>>>>
                                                        Start time: Mon Jul 11 10:33:20 2022
 
<<<<<<<<<<<<<<<<<<<<<<<<<<<<<<<<============================>>>>>>>>>>>>>>>>>>>>>>>>>>>>>>>>
<<<<<<<<<<<<<<<<<<<<<<<<<<<<<<<<  Entering timestep     66  >>>>>>>>>>>>>>>>>>>>>>>>>>>>>>>>
<<<<<<<<<<<<<<<<<<<<<<<<<<<<<<<<============================>>>>>>>>>>>>>>>>>>>>>>>>>>>>>>>>
                                                        Start time: Mon Jul 11 10:34:15 2022
 
<<<<<<<<<<<<<<<<<<<<<<<<<<<<<<<<============================>>>>>>>>>>>>>>>>>>>>>>>>>>>>>>>>
<<<<<<<<<<<<<<<<<<<<<<<<<<<<<<<<  Entering timestep     67  >>>>>>>>>>>>>>>>>>>>>>>>>>>>>>>>
<<<<<<<<<<<<<<<<<<<<<<<<<<<<<<<<============================>>>>>>>>>>>>>>>>>>>>>>>>>>>>>>>>
                                                        Start time: Mon Jul 11 10:35:09 2022
 
<<<<<<<<<<<<<<<<<<<<<<<<<<<<<<<<============================>>>>>>>>>>>>>>>>>>>>>>>>>>>>>>>>
<<<<<<<<<<<<<<<<<<<<<<<<<<<<<<<<  Entering timestep     68  >>>>>>>>>>>>>>>>>>>>>>>>>>>>>>>>
<<<<<<<<<<<<<<<<<<<<<<<<<<<<<<<<============================>>>>>>>>>>>>>>>>>>>>>>>>>>>>>>>>
                                                        Start time: Mon Jul 11 10:36:06 2022
 
<<<<<<<<<<<<<<<<<<<<<<<<<<<<<<<<============================>>>>>>>>>>>>>>>>>>>>>>>>>>>>>>>>
<<<<<<<<<<<<<<<<<<<<<<<<<<<<<<<<  Entering timestep     69  >>>>>>>>>>>>>>>>>>>>>>>>>>>>>>>>
<<<<<<<<<<<<<<<<<<<<<<<<<<<<<<<<============================>>>>>>>>>>>>>>>>>>>>>>>>>>>>>>>>
                                                        Start time: Mon Jul 11 10:36:59 2022
 
<<<<<<<<<<<<<<<<<<<<<<<<<<<<<<<<============================>>>>>>>>>>>>>>>>>>>>>>>>>>>>>>>>
<<<<<<<<<<<<<<<<<<<<<<<<<<<<<<<<  Entering timestep     70  >>>>>>>>>>>>>>>>>>>>>>>>>>>>>>>>
<<<<<<<<<<<<<<<<<<<<<<<<<<<<<<<<============================>>>>>>>>>>>>>>>>>>>>>>>>>>>>>>>>
                                                        Start time: Mon Jul 11 10:37:52 2022
 
<<<<<<<<<<<<<<<<<<<<<<<<<<<<<<<<============================>>>>>>>>>>>>>>>>>>>>>>>>>>>>>>>>
<<<<<<<<<<<<<<<<<<<<<<<<<<<<<<<<  Entering timestep     71  >>>>>>>>>>>>>>>>>>>>>>>>>>>>>>>>
<<<<<<<<<<<<<<<<<<<<<<<<<<<<<<<<============================>>>>>>>>>>>>>>>>>>>>>>>>>>>>>>>>
                                                        Start time: Mon Jul 11 10:38:46 2022
 
<<<<<<<<<<<<<<<<<<<<<<<<<<<<<<<<============================>>>>>>>>>>>>>>>>>>>>>>>>>>>>>>>>
<<<<<<<<<<<<<<<<<<<<<<<<<<<<<<<<  Entering timestep     72  >>>>>>>>>>>>>>>>>>>>>>>>>>>>>>>>
<<<<<<<<<<<<<<<<<<<<<<<<<<<<<<<<============================>>>>>>>>>>>>>>>>>>>>>>>>>>>>>>>>
                                                        Start time: Mon Jul 11 10:39:42 2022
 
<<<<<<<<<<<<<<<<<<<<<<<<<<<<<<<<============================>>>>>>>>>>>>>>>>>>>>>>>>>>>>>>>>
<<<<<<<<<<<<<<<<<<<<<<<<<<<<<<<<  Entering timestep     73  >>>>>>>>>>>>>>>>>>>>>>>>>>>>>>>>
<<<<<<<<<<<<<<<<<<<<<<<<<<<<<<<<============================>>>>>>>>>>>>>>>>>>>>>>>>>>>>>>>>
                                                        Start time: Mon Jul 11 10:40:43 2022
 
<<<<<<<<<<<<<<<<<<<<<<<<<<<<<<<<============================>>>>>>>>>>>>>>>>>>>>>>>>>>>>>>>>
<<<<<<<<<<<<<<<<<<<<<<<<<<<<<<<<  Entering timestep     74  >>>>>>>>>>>>>>>>>>>>>>>>>>>>>>>>
<<<<<<<<<<<<<<<<<<<<<<<<<<<<<<<<============================>>>>>>>>>>>>>>>>>>>>>>>>>>>>>>>>
                                                        Start time: Mon Jul 11 10:41:40 2022
 
<<<<<<<<<<<<<<<<<<<<<<<<<<<<<<<<============================>>>>>>>>>>>>>>>>>>>>>>>>>>>>>>>>
<<<<<<<<<<<<<<<<<<<<<<<<<<<<<<<<  Entering timestep     75  >>>>>>>>>>>>>>>>>>>>>>>>>>>>>>>>
<<<<<<<<<<<<<<<<<<<<<<<<<<<<<<<<============================>>>>>>>>>>>>>>>>>>>>>>>>>>>>>>>>
                                                        Start time: Mon Jul 11 10:42:35 2022
 
<<<<<<<<<<<<<<<<<<<<<<<<<<<<<<<<============================>>>>>>>>>>>>>>>>>>>>>>>>>>>>>>>>
<<<<<<<<<<<<<<<<<<<<<<<<<<<<<<<<  Entering timestep     76  >>>>>>>>>>>>>>>>>>>>>>>>>>>>>>>>
<<<<<<<<<<<<<<<<<<<<<<<<<<<<<<<<============================>>>>>>>>>>>>>>>>>>>>>>>>>>>>>>>>
                                                        Start time: Mon Jul 11 10:43:33 2022
 
<<<<<<<<<<<<<<<<<<<<<<<<<<<<<<<<============================>>>>>>>>>>>>>>>>>>>>>>>>>>>>>>>>
<<<<<<<<<<<<<<<<<<<<<<<<<<<<<<<<  Entering timestep     77  >>>>>>>>>>>>>>>>>>>>>>>>>>>>>>>>
<<<<<<<<<<<<<<<<<<<<<<<<<<<<<<<<============================>>>>>>>>>>>>>>>>>>>>>>>>>>>>>>>>
                                                        Start time: Mon Jul 11 10:44:34 2022
 
<<<<<<<<<<<<<<<<<<<<<<<<<<<<<<<<============================>>>>>>>>>>>>>>>>>>>>>>>>>>>>>>>>
<<<<<<<<<<<<<<<<<<<<<<<<<<<<<<<<  Entering timestep     78  >>>>>>>>>>>>>>>>>>>>>>>>>>>>>>>>
<<<<<<<<<<<<<<<<<<<<<<<<<<<<<<<<============================>>>>>>>>>>>>>>>>>>>>>>>>>>>>>>>>
                                                        Start time: Mon Jul 11 10:46:00 2022
 
<<<<<<<<<<<<<<<<<<<<<<<<<<<<<<<<============================>>>>>>>>>>>>>>>>>>>>>>>>>>>>>>>>
<<<<<<<<<<<<<<<<<<<<<<<<<<<<<<<<  Entering timestep     79  >>>>>>>>>>>>>>>>>>>>>>>>>>>>>>>>
<<<<<<<<<<<<<<<<<<<<<<<<<<<<<<<<============================>>>>>>>>>>>>>>>>>>>>>>>>>>>>>>>>
                                                        Start time: Mon Jul 11 10:47:03 2022
 
<<<<<<<<<<<<<<<<<<<<<<<<<<<<<<<<============================>>>>>>>>>>>>>>>>>>>>>>>>>>>>>>>>
<<<<<<<<<<<<<<<<<<<<<<<<<<<<<<<<  Entering timestep     80  >>>>>>>>>>>>>>>>>>>>>>>>>>>>>>>>
<<<<<<<<<<<<<<<<<<<<<<<<<<<<<<<<============================>>>>>>>>>>>>>>>>>>>>>>>>>>>>>>>>
                                                        Start time: Mon Jul 11 10:48:06 2022
 
<<<<<<<<<<<<<<<<<<<<<<<<<<<<<<<<============================>>>>>>>>>>>>>>>>>>>>>>>>>>>>>>>>
<<<<<<<<<<<<<<<<<<<<<<<<<<<<<<<<  Entering timestep     81  >>>>>>>>>>>>>>>>>>>>>>>>>>>>>>>>
<<<<<<<<<<<<<<<<<<<<<<<<<<<<<<<<============================>>>>>>>>>>>>>>>>>>>>>>>>>>>>>>>>
                                                        Start time: Mon Jul 11 10:49:12 2022
 
<<<<<<<<<<<<<<<<<<<<<<<<<<<<<<<<============================>>>>>>>>>>>>>>>>>>>>>>>>>>>>>>>>
<<<<<<<<<<<<<<<<<<<<<<<<<<<<<<<<  Entering timestep     82  >>>>>>>>>>>>>>>>>>>>>>>>>>>>>>>>
<<<<<<<<<<<<<<<<<<<<<<<<<<<<<<<<============================>>>>>>>>>>>>>>>>>>>>>>>>>>>>>>>>
                                                        Start time: Mon Jul 11 10:50:05 2022
 
<<<<<<<<<<<<<<<<<<<<<<<<<<<<<<<<============================>>>>>>>>>>>>>>>>>>>>>>>>>>>>>>>>
<<<<<<<<<<<<<<<<<<<<<<<<<<<<<<<<  Entering timestep     83  >>>>>>>>>>>>>>>>>>>>>>>>>>>>>>>>
<<<<<<<<<<<<<<<<<<<<<<<<<<<<<<<<============================>>>>>>>>>>>>>>>>>>>>>>>>>>>>>>>>
                                                        Start time: Mon Jul 11 10:51:03 2022
 
<<<<<<<<<<<<<<<<<<<<<<<<<<<<<<<<============================>>>>>>>>>>>>>>>>>>>>>>>>>>>>>>>>
<<<<<<<<<<<<<<<<<<<<<<<<<<<<<<<<  Entering timestep     84  >>>>>>>>>>>>>>>>>>>>>>>>>>>>>>>>
<<<<<<<<<<<<<<<<<<<<<<<<<<<<<<<<============================>>>>>>>>>>>>>>>>>>>>>>>>>>>>>>>>
                                                        Start time: Mon Jul 11 10:51:58 2022
 
<<<<<<<<<<<<<<<<<<<<<<<<<<<<<<<<============================>>>>>>>>>>>>>>>>>>>>>>>>>>>>>>>>
<<<<<<<<<<<<<<<<<<<<<<<<<<<<<<<<  Entering timestep     85  >>>>>>>>>>>>>>>>>>>>>>>>>>>>>>>>
<<<<<<<<<<<<<<<<<<<<<<<<<<<<<<<<============================>>>>>>>>>>>>>>>>>>>>>>>>>>>>>>>>
                                                        Start time: Mon Jul 11 10:52:51 2022
 
<<<<<<<<<<<<<<<<<<<<<<<<<<<<<<<<============================>>>>>>>>>>>>>>>>>>>>>>>>>>>>>>>>
<<<<<<<<<<<<<<<<<<<<<<<<<<<<<<<<  Entering timestep     86  >>>>>>>>>>>>>>>>>>>>>>>>>>>>>>>>
<<<<<<<<<<<<<<<<<<<<<<<<<<<<<<<<============================>>>>>>>>>>>>>>>>>>>>>>>>>>>>>>>>
                                                        Start time: Mon Jul 11 10:53:46 2022
 
<<<<<<<<<<<<<<<<<<<<<<<<<<<<<<<<============================>>>>>>>>>>>>>>>>>>>>>>>>>>>>>>>>
<<<<<<<<<<<<<<<<<<<<<<<<<<<<<<<<  Entering timestep     87  >>>>>>>>>>>>>>>>>>>>>>>>>>>>>>>>
<<<<<<<<<<<<<<<<<<<<<<<<<<<<<<<<============================>>>>>>>>>>>>>>>>>>>>>>>>>>>>>>>>
                                                        Start time: Mon Jul 11 10:54:42 2022
 
<<<<<<<<<<<<<<<<<<<<<<<<<<<<<<<<============================>>>>>>>>>>>>>>>>>>>>>>>>>>>>>>>>
<<<<<<<<<<<<<<<<<<<<<<<<<<<<<<<<  Entering timestep     88  >>>>>>>>>>>>>>>>>>>>>>>>>>>>>>>>
<<<<<<<<<<<<<<<<<<<<<<<<<<<<<<<<============================>>>>>>>>>>>>>>>>>>>>>>>>>>>>>>>>
                                                        Start time: Mon Jul 11 10:55:43 2022
 
<<<<<<<<<<<<<<<<<<<<<<<<<<<<<<<<============================>>>>>>>>>>>>>>>>>>>>>>>>>>>>>>>>
<<<<<<<<<<<<<<<<<<<<<<<<<<<<<<<<  Entering timestep     89  >>>>>>>>>>>>>>>>>>>>>>>>>>>>>>>>
<<<<<<<<<<<<<<<<<<<<<<<<<<<<<<<<============================>>>>>>>>>>>>>>>>>>>>>>>>>>>>>>>>
                                                        Start time: Mon Jul 11 10:56:39 2022
 
<<<<<<<<<<<<<<<<<<<<<<<<<<<<<<<<============================>>>>>>>>>>>>>>>>>>>>>>>>>>>>>>>>
<<<<<<<<<<<<<<<<<<<<<<<<<<<<<<<<  Entering timestep     90  >>>>>>>>>>>>>>>>>>>>>>>>>>>>>>>>
<<<<<<<<<<<<<<<<<<<<<<<<<<<<<<<<============================>>>>>>>>>>>>>>>>>>>>>>>>>>>>>>>>
                                                        Start time: Mon Jul 11 10:57:36 2022
 
<<<<<<<<<<<<<<<<<<<<<<<<<<<<<<<<============================>>>>>>>>>>>>>>>>>>>>>>>>>>>>>>>>
<<<<<<<<<<<<<<<<<<<<<<<<<<<<<<<<  Entering timestep     91  >>>>>>>>>>>>>>>>>>>>>>>>>>>>>>>>
<<<<<<<<<<<<<<<<<<<<<<<<<<<<<<<<============================>>>>>>>>>>>>>>>>>>>>>>>>>>>>>>>>
                                                        Start time: Mon Jul 11 10:58:32 2022
 
<<<<<<<<<<<<<<<<<<<<<<<<<<<<<<<<============================>>>>>>>>>>>>>>>>>>>>>>>>>>>>>>>>
<<<<<<<<<<<<<<<<<<<<<<<<<<<<<<<<  Entering timestep     92  >>>>>>>>>>>>>>>>>>>>>>>>>>>>>>>>
<<<<<<<<<<<<<<<<<<<<<<<<<<<<<<<<============================>>>>>>>>>>>>>>>>>>>>>>>>>>>>>>>>
                                                        Start time: Mon Jul 11 10:59:28 2022
 
<<<<<<<<<<<<<<<<<<<<<<<<<<<<<<<<============================>>>>>>>>>>>>>>>>>>>>>>>>>>>>>>>>
<<<<<<<<<<<<<<<<<<<<<<<<<<<<<<<<  Entering timestep     93  >>>>>>>>>>>>>>>>>>>>>>>>>>>>>>>>
<<<<<<<<<<<<<<<<<<<<<<<<<<<<<<<<============================>>>>>>>>>>>>>>>>>>>>>>>>>>>>>>>>
                                                        Start time: Mon Jul 11 11:00:23 2022
 
<<<<<<<<<<<<<<<<<<<<<<<<<<<<<<<<============================>>>>>>>>>>>>>>>>>>>>>>>>>>>>>>>>
<<<<<<<<<<<<<<<<<<<<<<<<<<<<<<<<  Entering timestep     94  >>>>>>>>>>>>>>>>>>>>>>>>>>>>>>>>
<<<<<<<<<<<<<<<<<<<<<<<<<<<<<<<<============================>>>>>>>>>>>>>>>>>>>>>>>>>>>>>>>>
                                                        Start time: Mon Jul 11 11:01:24 2022
 
<<<<<<<<<<<<<<<<<<<<<<<<<<<<<<<<============================>>>>>>>>>>>>>>>>>>>>>>>>>>>>>>>>
<<<<<<<<<<<<<<<<<<<<<<<<<<<<<<<<  Entering timestep     95  >>>>>>>>>>>>>>>>>>>>>>>>>>>>>>>>
<<<<<<<<<<<<<<<<<<<<<<<<<<<<<<<<============================>>>>>>>>>>>>>>>>>>>>>>>>>>>>>>>>
                                                        Start time: Mon Jul 11 11:02:32 2022
 
<<<<<<<<<<<<<<<<<<<<<<<<<<<<<<<<============================>>>>>>>>>>>>>>>>>>>>>>>>>>>>>>>>
<<<<<<<<<<<<<<<<<<<<<<<<<<<<<<<<  Entering timestep     96  >>>>>>>>>>>>>>>>>>>>>>>>>>>>>>>>
<<<<<<<<<<<<<<<<<<<<<<<<<<<<<<<<============================>>>>>>>>>>>>>>>>>>>>>>>>>>>>>>>>
                                                        Start time: Mon Jul 11 11:03:37 2022
 
<<<<<<<<<<<<<<<<<<<<<<<<<<<<<<<<============================>>>>>>>>>>>>>>>>>>>>>>>>>>>>>>>>
<<<<<<<<<<<<<<<<<<<<<<<<<<<<<<<<  Entering timestep     97  >>>>>>>>>>>>>>>>>>>>>>>>>>>>>>>>
<<<<<<<<<<<<<<<<<<<<<<<<<<<<<<<<============================>>>>>>>>>>>>>>>>>>>>>>>>>>>>>>>>
                                                        Start time: Mon Jul 11 11:04:40 2022
 
<<<<<<<<<<<<<<<<<<<<<<<<<<<<<<<<============================>>>>>>>>>>>>>>>>>>>>>>>>>>>>>>>>
<<<<<<<<<<<<<<<<<<<<<<<<<<<<<<<<  Entering timestep     98  >>>>>>>>>>>>>>>>>>>>>>>>>>>>>>>>
<<<<<<<<<<<<<<<<<<<<<<<<<<<<<<<<============================>>>>>>>>>>>>>>>>>>>>>>>>>>>>>>>>
                                                        Start time: Mon Jul 11 11:05:47 2022
 
<<<<<<<<<<<<<<<<<<<<<<<<<<<<<<<<============================>>>>>>>>>>>>>>>>>>>>>>>>>>>>>>>>
<<<<<<<<<<<<<<<<<<<<<<<<<<<<<<<<  Entering timestep     99  >>>>>>>>>>>>>>>>>>>>>>>>>>>>>>>>
<<<<<<<<<<<<<<<<<<<<<<<<<<<<<<<<============================>>>>>>>>>>>>>>>>>>>>>>>>>>>>>>>>
                                                        Start time: Mon Jul 11 11:06:49 2022
 
<<<<<<<<<<<<<<<<<<<<<<<<<<<<<<<<============================>>>>>>>>>>>>>>>>>>>>>>>>>>>>>>>>
<<<<<<<<<<<<<<<<<<<<<<<<<<<<<<<<  Entering timestep    100  >>>>>>>>>>>>>>>>>>>>>>>>>>>>>>>>
<<<<<<<<<<<<<<<<<<<<<<<<<<<<<<<<============================>>>>>>>>>>>>>>>>>>>>>>>>>>>>>>>>
                                                        Start time: Mon Jul 11 11:07:48 2022
 
<<<<<<<<<<<<<<<<<<<<<<<<<<<<<<<<============================>>>>>>>>>>>>>>>>>>>>>>>>>>>>>>>>
<<<<<<<<<<<<<<<<<<<<<<<<<<<<<<<<  Entering timestep    101  >>>>>>>>>>>>>>>>>>>>>>>>>>>>>>>>
<<<<<<<<<<<<<<<<<<<<<<<<<<<<<<<<============================>>>>>>>>>>>>>>>>>>>>>>>>>>>>>>>>
                                                        Start time: Mon Jul 11 11:08:46 2022
 
<<<<<<<<<<<<<<<<<<<<<<<<<<<<<<<<============================>>>>>>>>>>>>>>>>>>>>>>>>>>>>>>>>
<<<<<<<<<<<<<<<<<<<<<<<<<<<<<<<<  Entering timestep    102  >>>>>>>>>>>>>>>>>>>>>>>>>>>>>>>>
<<<<<<<<<<<<<<<<<<<<<<<<<<<<<<<<============================>>>>>>>>>>>>>>>>>>>>>>>>>>>>>>>>
                                                        Start time: Mon Jul 11 11:09:41 2022
 
<<<<<<<<<<<<<<<<<<<<<<<<<<<<<<<<============================>>>>>>>>>>>>>>>>>>>>>>>>>>>>>>>>
<<<<<<<<<<<<<<<<<<<<<<<<<<<<<<<<  Entering timestep    103  >>>>>>>>>>>>>>>>>>>>>>>>>>>>>>>>
<<<<<<<<<<<<<<<<<<<<<<<<<<<<<<<<============================>>>>>>>>>>>>>>>>>>>>>>>>>>>>>>>>
                                                        Start time: Mon Jul 11 11:10:45 2022
 
<<<<<<<<<<<<<<<<<<<<<<<<<<<<<<<<============================>>>>>>>>>>>>>>>>>>>>>>>>>>>>>>>>
<<<<<<<<<<<<<<<<<<<<<<<<<<<<<<<<  Entering timestep    104  >>>>>>>>>>>>>>>>>>>>>>>>>>>>>>>>
<<<<<<<<<<<<<<<<<<<<<<<<<<<<<<<<============================>>>>>>>>>>>>>>>>>>>>>>>>>>>>>>>>
                                                        Start time: Mon Jul 11 11:11:41 2022
 
<<<<<<<<<<<<<<<<<<<<<<<<<<<<<<<<============================>>>>>>>>>>>>>>>>>>>>>>>>>>>>>>>>
<<<<<<<<<<<<<<<<<<<<<<<<<<<<<<<<  Entering timestep    105  >>>>>>>>>>>>>>>>>>>>>>>>>>>>>>>>
<<<<<<<<<<<<<<<<<<<<<<<<<<<<<<<<============================>>>>>>>>>>>>>>>>>>>>>>>>>>>>>>>>
                                                        Start time: Mon Jul 11 11:12:38 2022
 
<<<<<<<<<<<<<<<<<<<<<<<<<<<<<<<<============================>>>>>>>>>>>>>>>>>>>>>>>>>>>>>>>>
<<<<<<<<<<<<<<<<<<<<<<<<<<<<<<<<  Entering timestep    106  >>>>>>>>>>>>>>>>>>>>>>>>>>>>>>>>
<<<<<<<<<<<<<<<<<<<<<<<<<<<<<<<<============================>>>>>>>>>>>>>>>>>>>>>>>>>>>>>>>>
                                                        Start time: Mon Jul 11 11:13:35 2022
 
<<<<<<<<<<<<<<<<<<<<<<<<<<<<<<<<============================>>>>>>>>>>>>>>>>>>>>>>>>>>>>>>>>
<<<<<<<<<<<<<<<<<<<<<<<<<<<<<<<<  Entering timestep    107  >>>>>>>>>>>>>>>>>>>>>>>>>>>>>>>>
<<<<<<<<<<<<<<<<<<<<<<<<<<<<<<<<============================>>>>>>>>>>>>>>>>>>>>>>>>>>>>>>>>
                                                        Start time: Mon Jul 11 11:14:35 2022
 
<<<<<<<<<<<<<<<<<<<<<<<<<<<<<<<<============================>>>>>>>>>>>>>>>>>>>>>>>>>>>>>>>>
<<<<<<<<<<<<<<<<<<<<<<<<<<<<<<<<  Entering timestep    108  >>>>>>>>>>>>>>>>>>>>>>>>>>>>>>>>
<<<<<<<<<<<<<<<<<<<<<<<<<<<<<<<<============================>>>>>>>>>>>>>>>>>>>>>>>>>>>>>>>>
                                                        Start time: Mon Jul 11 11:15:33 2022
 
<<<<<<<<<<<<<<<<<<<<<<<<<<<<<<<<============================>>>>>>>>>>>>>>>>>>>>>>>>>>>>>>>>
<<<<<<<<<<<<<<<<<<<<<<<<<<<<<<<<  Entering timestep    109  >>>>>>>>>>>>>>>>>>>>>>>>>>>>>>>>
<<<<<<<<<<<<<<<<<<<<<<<<<<<<<<<<============================>>>>>>>>>>>>>>>>>>>>>>>>>>>>>>>>
                                                        Start time: Mon Jul 11 11:16:49 2022
 
<<<<<<<<<<<<<<<<<<<<<<<<<<<<<<<<============================>>>>>>>>>>>>>>>>>>>>>>>>>>>>>>>>
<<<<<<<<<<<<<<<<<<<<<<<<<<<<<<<<  Entering timestep    110  >>>>>>>>>>>>>>>>>>>>>>>>>>>>>>>>
<<<<<<<<<<<<<<<<<<<<<<<<<<<<<<<<============================>>>>>>>>>>>>>>>>>>>>>>>>>>>>>>>>
                                                        Start time: Mon Jul 11 11:17:45 2022
 
<<<<<<<<<<<<<<<<<<<<<<<<<<<<<<<<============================>>>>>>>>>>>>>>>>>>>>>>>>>>>>>>>>
<<<<<<<<<<<<<<<<<<<<<<<<<<<<<<<<  Entering timestep    111  >>>>>>>>>>>>>>>>>>>>>>>>>>>>>>>>
<<<<<<<<<<<<<<<<<<<<<<<<<<<<<<<<============================>>>>>>>>>>>>>>>>>>>>>>>>>>>>>>>>
                                                        Start time: Mon Jul 11 11:18:40 2022
 
<<<<<<<<<<<<<<<<<<<<<<<<<<<<<<<<============================>>>>>>>>>>>>>>>>>>>>>>>>>>>>>>>>
<<<<<<<<<<<<<<<<<<<<<<<<<<<<<<<<  Entering timestep    112  >>>>>>>>>>>>>>>>>>>>>>>>>>>>>>>>
<<<<<<<<<<<<<<<<<<<<<<<<<<<<<<<<============================>>>>>>>>>>>>>>>>>>>>>>>>>>>>>>>>
                                                        Start time: Mon Jul 11 11:19:55 2022
 
<<<<<<<<<<<<<<<<<<<<<<<<<<<<<<<<============================>>>>>>>>>>>>>>>>>>>>>>>>>>>>>>>>
<<<<<<<<<<<<<<<<<<<<<<<<<<<<<<<<  Entering timestep    113  >>>>>>>>>>>>>>>>>>>>>>>>>>>>>>>>
<<<<<<<<<<<<<<<<<<<<<<<<<<<<<<<<============================>>>>>>>>>>>>>>>>>>>>>>>>>>>>>>>>
                                                        Start time: Mon Jul 11 11:20:52 2022
 
<<<<<<<<<<<<<<<<<<<<<<<<<<<<<<<<============================>>>>>>>>>>>>>>>>>>>>>>>>>>>>>>>>
<<<<<<<<<<<<<<<<<<<<<<<<<<<<<<<<  Entering timestep    114  >>>>>>>>>>>>>>>>>>>>>>>>>>>>>>>>
<<<<<<<<<<<<<<<<<<<<<<<<<<<<<<<<============================>>>>>>>>>>>>>>>>>>>>>>>>>>>>>>>>
                                                        Start time: Mon Jul 11 11:21:46 2022
 
<<<<<<<<<<<<<<<<<<<<<<<<<<<<<<<<============================>>>>>>>>>>>>>>>>>>>>>>>>>>>>>>>>
<<<<<<<<<<<<<<<<<<<<<<<<<<<<<<<<  Entering timestep    115  >>>>>>>>>>>>>>>>>>>>>>>>>>>>>>>>
<<<<<<<<<<<<<<<<<<<<<<<<<<<<<<<<============================>>>>>>>>>>>>>>>>>>>>>>>>>>>>>>>>
                                                        Start time: Mon Jul 11 11:22:42 2022
 
<<<<<<<<<<<<<<<<<<<<<<<<<<<<<<<<============================>>>>>>>>>>>>>>>>>>>>>>>>>>>>>>>>
<<<<<<<<<<<<<<<<<<<<<<<<<<<<<<<<  Entering timestep    116  >>>>>>>>>>>>>>>>>>>>>>>>>>>>>>>>
<<<<<<<<<<<<<<<<<<<<<<<<<<<<<<<<============================>>>>>>>>>>>>>>>>>>>>>>>>>>>>>>>>
                                                        Start time: Mon Jul 11 11:23:36 2022
 
<<<<<<<<<<<<<<<<<<<<<<<<<<<<<<<<============================>>>>>>>>>>>>>>>>>>>>>>>>>>>>>>>>
<<<<<<<<<<<<<<<<<<<<<<<<<<<<<<<<  Entering timestep    117  >>>>>>>>>>>>>>>>>>>>>>>>>>>>>>>>
<<<<<<<<<<<<<<<<<<<<<<<<<<<<<<<<============================>>>>>>>>>>>>>>>>>>>>>>>>>>>>>>>>
                                                        Start time: Mon Jul 11 11:24:33 2022
 
<<<<<<<<<<<<<<<<<<<<<<<<<<<<<<<<============================>>>>>>>>>>>>>>>>>>>>>>>>>>>>>>>>
<<<<<<<<<<<<<<<<<<<<<<<<<<<<<<<<  Entering timestep    118  >>>>>>>>>>>>>>>>>>>>>>>>>>>>>>>>
<<<<<<<<<<<<<<<<<<<<<<<<<<<<<<<<============================>>>>>>>>>>>>>>>>>>>>>>>>>>>>>>>>
                                                        Start time: Mon Jul 11 11:25:28 2022
 
<<<<<<<<<<<<<<<<<<<<<<<<<<<<<<<<============================>>>>>>>>>>>>>>>>>>>>>>>>>>>>>>>>
<<<<<<<<<<<<<<<<<<<<<<<<<<<<<<<<  Entering timestep    119  >>>>>>>>>>>>>>>>>>>>>>>>>>>>>>>>
<<<<<<<<<<<<<<<<<<<<<<<<<<<<<<<<============================>>>>>>>>>>>>>>>>>>>>>>>>>>>>>>>>
                                                        Start time: Mon Jul 11 11:26:29 2022
 
<<<<<<<<<<<<<<<<<<<<<<<<<<<<<<<<============================>>>>>>>>>>>>>>>>>>>>>>>>>>>>>>>>
<<<<<<<<<<<<<<<<<<<<<<<<<<<<<<<<  Entering timestep    120  >>>>>>>>>>>>>>>>>>>>>>>>>>>>>>>>
<<<<<<<<<<<<<<<<<<<<<<<<<<<<<<<<============================>>>>>>>>>>>>>>>>>>>>>>>>>>>>>>>>
                                                        Start time: Mon Jul 11 11:27:23 2022
 
<<<<<<<<<<<<<<<<<<<<<<<<<<<<<<<<============================>>>>>>>>>>>>>>>>>>>>>>>>>>>>>>>>
<<<<<<<<<<<<<<<<<<<<<<<<<<<<<<<<  Entering timestep    121  >>>>>>>>>>>>>>>>>>>>>>>>>>>>>>>>
<<<<<<<<<<<<<<<<<<<<<<<<<<<<<<<<============================>>>>>>>>>>>>>>>>>>>>>>>>>>>>>>>>
                                                        Start time: Mon Jul 11 11:28:16 2022
 
<<<<<<<<<<<<<<<<<<<<<<<<<<<<<<<<============================>>>>>>>>>>>>>>>>>>>>>>>>>>>>>>>>
<<<<<<<<<<<<<<<<<<<<<<<<<<<<<<<<  Entering timestep    122  >>>>>>>>>>>>>>>>>>>>>>>>>>>>>>>>
<<<<<<<<<<<<<<<<<<<<<<<<<<<<<<<<============================>>>>>>>>>>>>>>>>>>>>>>>>>>>>>>>>
                                                        Start time: Mon Jul 11 11:29:11 2022
 
<<<<<<<<<<<<<<<<<<<<<<<<<<<<<<<<============================>>>>>>>>>>>>>>>>>>>>>>>>>>>>>>>>
<<<<<<<<<<<<<<<<<<<<<<<<<<<<<<<<  Entering timestep    123  >>>>>>>>>>>>>>>>>>>>>>>>>>>>>>>>
<<<<<<<<<<<<<<<<<<<<<<<<<<<<<<<<============================>>>>>>>>>>>>>>>>>>>>>>>>>>>>>>>>
                                                        Start time: Mon Jul 11 11:30:07 2022
 
<<<<<<<<<<<<<<<<<<<<<<<<<<<<<<<<============================>>>>>>>>>>>>>>>>>>>>>>>>>>>>>>>>
<<<<<<<<<<<<<<<<<<<<<<<<<<<<<<<<  Entering timestep    124  >>>>>>>>>>>>>>>>>>>>>>>>>>>>>>>>
<<<<<<<<<<<<<<<<<<<<<<<<<<<<<<<<============================>>>>>>>>>>>>>>>>>>>>>>>>>>>>>>>>
                                                        Start time: Mon Jul 11 11:31:04 2022
 
<<<<<<<<<<<<<<<<<<<<<<<<<<<<<<<<============================>>>>>>>>>>>>>>>>>>>>>>>>>>>>>>>>
<<<<<<<<<<<<<<<<<<<<<<<<<<<<<<<<  Entering timestep    125  >>>>>>>>>>>>>>>>>>>>>>>>>>>>>>>>
<<<<<<<<<<<<<<<<<<<<<<<<<<<<<<<<============================>>>>>>>>>>>>>>>>>>>>>>>>>>>>>>>>
                                                        Start time: Mon Jul 11 11:31:59 2022
 
<<<<<<<<<<<<<<<<<<<<<<<<<<<<<<<<============================>>>>>>>>>>>>>>>>>>>>>>>>>>>>>>>>
<<<<<<<<<<<<<<<<<<<<<<<<<<<<<<<<  Entering timestep    126  >>>>>>>>>>>>>>>>>>>>>>>>>>>>>>>>
<<<<<<<<<<<<<<<<<<<<<<<<<<<<<<<<============================>>>>>>>>>>>>>>>>>>>>>>>>>>>>>>>>
                                                        Start time: Mon Jul 11 11:32:55 2022
 
<<<<<<<<<<<<<<<<<<<<<<<<<<<<<<<<============================>>>>>>>>>>>>>>>>>>>>>>>>>>>>>>>>
<<<<<<<<<<<<<<<<<<<<<<<<<<<<<<<<  Entering timestep    127  >>>>>>>>>>>>>>>>>>>>>>>>>>>>>>>>
<<<<<<<<<<<<<<<<<<<<<<<<<<<<<<<<============================>>>>>>>>>>>>>>>>>>>>>>>>>>>>>>>>
                                                        Start time: Mon Jul 11 11:33:49 2022
 
<<<<<<<<<<<<<<<<<<<<<<<<<<<<<<<<============================>>>>>>>>>>>>>>>>>>>>>>>>>>>>>>>>
<<<<<<<<<<<<<<<<<<<<<<<<<<<<<<<<  Entering timestep    128  >>>>>>>>>>>>>>>>>>>>>>>>>>>>>>>>
<<<<<<<<<<<<<<<<<<<<<<<<<<<<<<<<============================>>>>>>>>>>>>>>>>>>>>>>>>>>>>>>>>
                                                        Start time: Mon Jul 11 11:34:41 2022
 
<<<<<<<<<<<<<<<<<<<<<<<<<<<<<<<<============================>>>>>>>>>>>>>>>>>>>>>>>>>>>>>>>>
<<<<<<<<<<<<<<<<<<<<<<<<<<<<<<<<  Entering timestep    129  >>>>>>>>>>>>>>>>>>>>>>>>>>>>>>>>
<<<<<<<<<<<<<<<<<<<<<<<<<<<<<<<<============================>>>>>>>>>>>>>>>>>>>>>>>>>>>>>>>>
                                                        Start time: Mon Jul 11 11:35:43 2022
 
<<<<<<<<<<<<<<<<<<<<<<<<<<<<<<<<============================>>>>>>>>>>>>>>>>>>>>>>>>>>>>>>>>
<<<<<<<<<<<<<<<<<<<<<<<<<<<<<<<<  Entering timestep    130  >>>>>>>>>>>>>>>>>>>>>>>>>>>>>>>>
<<<<<<<<<<<<<<<<<<<<<<<<<<<<<<<<============================>>>>>>>>>>>>>>>>>>>>>>>>>>>>>>>>
                                                        Start time: Mon Jul 11 11:36:40 2022
 
<<<<<<<<<<<<<<<<<<<<<<<<<<<<<<<<============================>>>>>>>>>>>>>>>>>>>>>>>>>>>>>>>>
<<<<<<<<<<<<<<<<<<<<<<<<<<<<<<<<  Entering timestep    131  >>>>>>>>>>>>>>>>>>>>>>>>>>>>>>>>
<<<<<<<<<<<<<<<<<<<<<<<<<<<<<<<<============================>>>>>>>>>>>>>>>>>>>>>>>>>>>>>>>>
                                                        Start time: Mon Jul 11 11:37:33 2022
 
<<<<<<<<<<<<<<<<<<<<<<<<<<<<<<<<============================>>>>>>>>>>>>>>>>>>>>>>>>>>>>>>>>
<<<<<<<<<<<<<<<<<<<<<<<<<<<<<<<<  Entering timestep    132  >>>>>>>>>>>>>>>>>>>>>>>>>>>>>>>>
<<<<<<<<<<<<<<<<<<<<<<<<<<<<<<<<============================>>>>>>>>>>>>>>>>>>>>>>>>>>>>>>>>
                                                        Start time: Mon Jul 11 11:38:26 2022
 
<<<<<<<<<<<<<<<<<<<<<<<<<<<<<<<<============================>>>>>>>>>>>>>>>>>>>>>>>>>>>>>>>>
<<<<<<<<<<<<<<<<<<<<<<<<<<<<<<<<  Entering timestep    133  >>>>>>>>>>>>>>>>>>>>>>>>>>>>>>>>
<<<<<<<<<<<<<<<<<<<<<<<<<<<<<<<<============================>>>>>>>>>>>>>>>>>>>>>>>>>>>>>>>>
                                                        Start time: Mon Jul 11 11:39:20 2022
 
<<<<<<<<<<<<<<<<<<<<<<<<<<<<<<<<============================>>>>>>>>>>>>>>>>>>>>>>>>>>>>>>>>
<<<<<<<<<<<<<<<<<<<<<<<<<<<<<<<<  Entering timestep    134  >>>>>>>>>>>>>>>>>>>>>>>>>>>>>>>>
<<<<<<<<<<<<<<<<<<<<<<<<<<<<<<<<============================>>>>>>>>>>>>>>>>>>>>>>>>>>>>>>>>
                                                        Start time: Mon Jul 11 11:40:14 2022
 
<<<<<<<<<<<<<<<<<<<<<<<<<<<<<<<<============================>>>>>>>>>>>>>>>>>>>>>>>>>>>>>>>>
<<<<<<<<<<<<<<<<<<<<<<<<<<<<<<<<  Entering timestep    135  >>>>>>>>>>>>>>>>>>>>>>>>>>>>>>>>
<<<<<<<<<<<<<<<<<<<<<<<<<<<<<<<<============================>>>>>>>>>>>>>>>>>>>>>>>>>>>>>>>>
                                                        Start time: Mon Jul 11 11:41:06 2022
 
<<<<<<<<<<<<<<<<<<<<<<<<<<<<<<<<============================>>>>>>>>>>>>>>>>>>>>>>>>>>>>>>>>
<<<<<<<<<<<<<<<<<<<<<<<<<<<<<<<<  Entering timestep    136  >>>>>>>>>>>>>>>>>>>>>>>>>>>>>>>>
<<<<<<<<<<<<<<<<<<<<<<<<<<<<<<<<============================>>>>>>>>>>>>>>>>>>>>>>>>>>>>>>>>
                                                        Start time: Mon Jul 11 11:41:58 2022
 
<<<<<<<<<<<<<<<<<<<<<<<<<<<<<<<<============================>>>>>>>>>>>>>>>>>>>>>>>>>>>>>>>>
<<<<<<<<<<<<<<<<<<<<<<<<<<<<<<<<  Entering timestep    137  >>>>>>>>>>>>>>>>>>>>>>>>>>>>>>>>
<<<<<<<<<<<<<<<<<<<<<<<<<<<<<<<<============================>>>>>>>>>>>>>>>>>>>>>>>>>>>>>>>>
                                                        Start time: Mon Jul 11 11:42:54 2022
 
<<<<<<<<<<<<<<<<<<<<<<<<<<<<<<<<============================>>>>>>>>>>>>>>>>>>>>>>>>>>>>>>>>
<<<<<<<<<<<<<<<<<<<<<<<<<<<<<<<<  Entering timestep    138  >>>>>>>>>>>>>>>>>>>>>>>>>>>>>>>>
<<<<<<<<<<<<<<<<<<<<<<<<<<<<<<<<============================>>>>>>>>>>>>>>>>>>>>>>>>>>>>>>>>
                                                        Start time: Mon Jul 11 11:43:48 2022
 
<<<<<<<<<<<<<<<<<<<<<<<<<<<<<<<<============================>>>>>>>>>>>>>>>>>>>>>>>>>>>>>>>>
<<<<<<<<<<<<<<<<<<<<<<<<<<<<<<<<  Entering timestep    139  >>>>>>>>>>>>>>>>>>>>>>>>>>>>>>>>
<<<<<<<<<<<<<<<<<<<<<<<<<<<<<<<<============================>>>>>>>>>>>>>>>>>>>>>>>>>>>>>>>>
                                                        Start time: Mon Jul 11 11:44:42 2022
 
<<<<<<<<<<<<<<<<<<<<<<<<<<<<<<<<============================>>>>>>>>>>>>>>>>>>>>>>>>>>>>>>>>
<<<<<<<<<<<<<<<<<<<<<<<<<<<<<<<<  Entering timestep    140  >>>>>>>>>>>>>>>>>>>>>>>>>>>>>>>>
<<<<<<<<<<<<<<<<<<<<<<<<<<<<<<<<============================>>>>>>>>>>>>>>>>>>>>>>>>>>>>>>>>
                                                        Start time: Mon Jul 11 11:45:43 2022
 
<<<<<<<<<<<<<<<<<<<<<<<<<<<<<<<<============================>>>>>>>>>>>>>>>>>>>>>>>>>>>>>>>>
<<<<<<<<<<<<<<<<<<<<<<<<<<<<<<<<  Entering timestep    141  >>>>>>>>>>>>>>>>>>>>>>>>>>>>>>>>
<<<<<<<<<<<<<<<<<<<<<<<<<<<<<<<<============================>>>>>>>>>>>>>>>>>>>>>>>>>>>>>>>>
                                                        Start time: Mon Jul 11 11:46:37 2022
 
<<<<<<<<<<<<<<<<<<<<<<<<<<<<<<<<============================>>>>>>>>>>>>>>>>>>>>>>>>>>>>>>>>
<<<<<<<<<<<<<<<<<<<<<<<<<<<<<<<<  Entering timestep    142  >>>>>>>>>>>>>>>>>>>>>>>>>>>>>>>>
<<<<<<<<<<<<<<<<<<<<<<<<<<<<<<<<============================>>>>>>>>>>>>>>>>>>>>>>>>>>>>>>>>
                                                        Start time: Mon Jul 11 11:47:29 2022
 
<<<<<<<<<<<<<<<<<<<<<<<<<<<<<<<<============================>>>>>>>>>>>>>>>>>>>>>>>>>>>>>>>>
<<<<<<<<<<<<<<<<<<<<<<<<<<<<<<<<  Entering timestep    143  >>>>>>>>>>>>>>>>>>>>>>>>>>>>>>>>
<<<<<<<<<<<<<<<<<<<<<<<<<<<<<<<<============================>>>>>>>>>>>>>>>>>>>>>>>>>>>>>>>>
                                                        Start time: Mon Jul 11 11:48:23 2022
 
<<<<<<<<<<<<<<<<<<<<<<<<<<<<<<<<============================>>>>>>>>>>>>>>>>>>>>>>>>>>>>>>>>
<<<<<<<<<<<<<<<<<<<<<<<<<<<<<<<<  Entering timestep    144  >>>>>>>>>>>>>>>>>>>>>>>>>>>>>>>>
<<<<<<<<<<<<<<<<<<<<<<<<<<<<<<<<============================>>>>>>>>>>>>>>>>>>>>>>>>>>>>>>>>
                                                        Start time: Mon Jul 11 11:49:17 2022
 
<<<<<<<<<<<<<<<<<<<<<<<<<<<<<<<<============================>>>>>>>>>>>>>>>>>>>>>>>>>>>>>>>>
<<<<<<<<<<<<<<<<<<<<<<<<<<<<<<<<  Entering timestep    145  >>>>>>>>>>>>>>>>>>>>>>>>>>>>>>>>
<<<<<<<<<<<<<<<<<<<<<<<<<<<<<<<<============================>>>>>>>>>>>>>>>>>>>>>>>>>>>>>>>>
                                                        Start time: Mon Jul 11 11:50:12 2022
 
<<<<<<<<<<<<<<<<<<<<<<<<<<<<<<<<============================>>>>>>>>>>>>>>>>>>>>>>>>>>>>>>>>
<<<<<<<<<<<<<<<<<<<<<<<<<<<<<<<<  Entering timestep    146  >>>>>>>>>>>>>>>>>>>>>>>>>>>>>>>>
<<<<<<<<<<<<<<<<<<<<<<<<<<<<<<<<============================>>>>>>>>>>>>>>>>>>>>>>>>>>>>>>>>
                                                        Start time: Mon Jul 11 11:51:09 2022
 
<<<<<<<<<<<<<<<<<<<<<<<<<<<<<<<<============================>>>>>>>>>>>>>>>>>>>>>>>>>>>>>>>>
<<<<<<<<<<<<<<<<<<<<<<<<<<<<<<<<  Entering timestep    147  >>>>>>>>>>>>>>>>>>>>>>>>>>>>>>>>
<<<<<<<<<<<<<<<<<<<<<<<<<<<<<<<<============================>>>>>>>>>>>>>>>>>>>>>>>>>>>>>>>>
                                                        Start time: Mon Jul 11 11:52:03 2022
 
<<<<<<<<<<<<<<<<<<<<<<<<<<<<<<<<============================>>>>>>>>>>>>>>>>>>>>>>>>>>>>>>>>
<<<<<<<<<<<<<<<<<<<<<<<<<<<<<<<<  Entering timestep    148  >>>>>>>>>>>>>>>>>>>>>>>>>>>>>>>>
<<<<<<<<<<<<<<<<<<<<<<<<<<<<<<<<============================>>>>>>>>>>>>>>>>>>>>>>>>>>>>>>>>
                                                        Start time: Mon Jul 11 11:52:59 2022
 
<<<<<<<<<<<<<<<<<<<<<<<<<<<<<<<<============================>>>>>>>>>>>>>>>>>>>>>>>>>>>>>>>>
<<<<<<<<<<<<<<<<<<<<<<<<<<<<<<<<  Entering timestep    149  >>>>>>>>>>>>>>>>>>>>>>>>>>>>>>>>
<<<<<<<<<<<<<<<<<<<<<<<<<<<<<<<<============================>>>>>>>>>>>>>>>>>>>>>>>>>>>>>>>>
                                                        Start time: Mon Jul 11 11:53:55 2022
 
<<<<<<<<<<<<<<<<<<<<<<<<<<<<<<<<============================>>>>>>>>>>>>>>>>>>>>>>>>>>>>>>>>
<<<<<<<<<<<<<<<<<<<<<<<<<<<<<<<<  Entering timestep    150  >>>>>>>>>>>>>>>>>>>>>>>>>>>>>>>>
<<<<<<<<<<<<<<<<<<<<<<<<<<<<<<<<============================>>>>>>>>>>>>>>>>>>>>>>>>>>>>>>>>
                                                        Start time: Mon Jul 11 11:54:47 2022
 
<<<<<<<<<<<<<<<<<<<<<<<<<<<<<<<<============================>>>>>>>>>>>>>>>>>>>>>>>>>>>>>>>>
<<<<<<<<<<<<<<<<<<<<<<<<<<<<<<<<  Entering timestep    151  >>>>>>>>>>>>>>>>>>>>>>>>>>>>>>>>
<<<<<<<<<<<<<<<<<<<<<<<<<<<<<<<<============================>>>>>>>>>>>>>>>>>>>>>>>>>>>>>>>>
                                                        Start time: Mon Jul 11 11:55:46 2022
 
<<<<<<<<<<<<<<<<<<<<<<<<<<<<<<<<============================>>>>>>>>>>>>>>>>>>>>>>>>>>>>>>>>
<<<<<<<<<<<<<<<<<<<<<<<<<<<<<<<<  Entering timestep    152  >>>>>>>>>>>>>>>>>>>>>>>>>>>>>>>>
<<<<<<<<<<<<<<<<<<<<<<<<<<<<<<<<============================>>>>>>>>>>>>>>>>>>>>>>>>>>>>>>>>
                                                        Start time: Mon Jul 11 11:56:38 2022
 
<<<<<<<<<<<<<<<<<<<<<<<<<<<<<<<<============================>>>>>>>>>>>>>>>>>>>>>>>>>>>>>>>>
<<<<<<<<<<<<<<<<<<<<<<<<<<<<<<<<  Entering timestep    153  >>>>>>>>>>>>>>>>>>>>>>>>>>>>>>>>
<<<<<<<<<<<<<<<<<<<<<<<<<<<<<<<<============================>>>>>>>>>>>>>>>>>>>>>>>>>>>>>>>>
                                                        Start time: Mon Jul 11 11:57:34 2022
 
<<<<<<<<<<<<<<<<<<<<<<<<<<<<<<<<============================>>>>>>>>>>>>>>>>>>>>>>>>>>>>>>>>
<<<<<<<<<<<<<<<<<<<<<<<<<<<<<<<<  Entering timestep    154  >>>>>>>>>>>>>>>>>>>>>>>>>>>>>>>>
<<<<<<<<<<<<<<<<<<<<<<<<<<<<<<<<============================>>>>>>>>>>>>>>>>>>>>>>>>>>>>>>>>
                                                        Start time: Mon Jul 11 11:58:33 2022
 
<<<<<<<<<<<<<<<<<<<<<<<<<<<<<<<<============================>>>>>>>>>>>>>>>>>>>>>>>>>>>>>>>>
<<<<<<<<<<<<<<<<<<<<<<<<<<<<<<<<  Entering timestep    155  >>>>>>>>>>>>>>>>>>>>>>>>>>>>>>>>
<<<<<<<<<<<<<<<<<<<<<<<<<<<<<<<<============================>>>>>>>>>>>>>>>>>>>>>>>>>>>>>>>>
                                                        Start time: Mon Jul 11 11:59:34 2022
 
<<<<<<<<<<<<<<<<<<<<<<<<<<<<<<<<============================>>>>>>>>>>>>>>>>>>>>>>>>>>>>>>>>
<<<<<<<<<<<<<<<<<<<<<<<<<<<<<<<<  Entering timestep    156  >>>>>>>>>>>>>>>>>>>>>>>>>>>>>>>>
<<<<<<<<<<<<<<<<<<<<<<<<<<<<<<<<============================>>>>>>>>>>>>>>>>>>>>>>>>>>>>>>>>
                                                        Start time: Mon Jul 11 12:00:32 2022
 
<<<<<<<<<<<<<<<<<<<<<<<<<<<<<<<<============================>>>>>>>>>>>>>>>>>>>>>>>>>>>>>>>>
<<<<<<<<<<<<<<<<<<<<<<<<<<<<<<<<  Entering timestep    157  >>>>>>>>>>>>>>>>>>>>>>>>>>>>>>>>
<<<<<<<<<<<<<<<<<<<<<<<<<<<<<<<<============================>>>>>>>>>>>>>>>>>>>>>>>>>>>>>>>>
                                                        Start time: Mon Jul 11 12:01:38 2022
 
<<<<<<<<<<<<<<<<<<<<<<<<<<<<<<<<============================>>>>>>>>>>>>>>>>>>>>>>>>>>>>>>>>
<<<<<<<<<<<<<<<<<<<<<<<<<<<<<<<<  Entering timestep    158  >>>>>>>>>>>>>>>>>>>>>>>>>>>>>>>>
<<<<<<<<<<<<<<<<<<<<<<<<<<<<<<<<============================>>>>>>>>>>>>>>>>>>>>>>>>>>>>>>>>
                                                        Start time: Mon Jul 11 12:02:35 2022
 
<<<<<<<<<<<<<<<<<<<<<<<<<<<<<<<<============================>>>>>>>>>>>>>>>>>>>>>>>>>>>>>>>>
<<<<<<<<<<<<<<<<<<<<<<<<<<<<<<<<  Entering timestep    159  >>>>>>>>>>>>>>>>>>>>>>>>>>>>>>>>
<<<<<<<<<<<<<<<<<<<<<<<<<<<<<<<<============================>>>>>>>>>>>>>>>>>>>>>>>>>>>>>>>>
                                                        Start time: Mon Jul 11 12:03:33 2022
 
<<<<<<<<<<<<<<<<<<<<<<<<<<<<<<<<============================>>>>>>>>>>>>>>>>>>>>>>>>>>>>>>>>
<<<<<<<<<<<<<<<<<<<<<<<<<<<<<<<<  Entering timestep    160  >>>>>>>>>>>>>>>>>>>>>>>>>>>>>>>>
<<<<<<<<<<<<<<<<<<<<<<<<<<<<<<<<============================>>>>>>>>>>>>>>>>>>>>>>>>>>>>>>>>
                                                        Start time: Mon Jul 11 12:04:32 2022
 
<<<<<<<<<<<<<<<<<<<<<<<<<<<<<<<<============================>>>>>>>>>>>>>>>>>>>>>>>>>>>>>>>>
<<<<<<<<<<<<<<<<<<<<<<<<<<<<<<<<  Entering timestep    161  >>>>>>>>>>>>>>>>>>>>>>>>>>>>>>>>
<<<<<<<<<<<<<<<<<<<<<<<<<<<<<<<<============================>>>>>>>>>>>>>>>>>>>>>>>>>>>>>>>>
                                                        Start time: Mon Jul 11 12:05:33 2022
 
<<<<<<<<<<<<<<<<<<<<<<<<<<<<<<<<============================>>>>>>>>>>>>>>>>>>>>>>>>>>>>>>>>
<<<<<<<<<<<<<<<<<<<<<<<<<<<<<<<<  Entering timestep    162  >>>>>>>>>>>>>>>>>>>>>>>>>>>>>>>>
<<<<<<<<<<<<<<<<<<<<<<<<<<<<<<<<============================>>>>>>>>>>>>>>>>>>>>>>>>>>>>>>>>
                                                        Start time: Mon Jul 11 12:06:40 2022
 
<<<<<<<<<<<<<<<<<<<<<<<<<<<<<<<<============================>>>>>>>>>>>>>>>>>>>>>>>>>>>>>>>>
<<<<<<<<<<<<<<<<<<<<<<<<<<<<<<<<  Entering timestep    163  >>>>>>>>>>>>>>>>>>>>>>>>>>>>>>>>
<<<<<<<<<<<<<<<<<<<<<<<<<<<<<<<<============================>>>>>>>>>>>>>>>>>>>>>>>>>>>>>>>>
                                                        Start time: Mon Jul 11 12:07:37 2022
 
<<<<<<<<<<<<<<<<<<<<<<<<<<<<<<<<============================>>>>>>>>>>>>>>>>>>>>>>>>>>>>>>>>
<<<<<<<<<<<<<<<<<<<<<<<<<<<<<<<<  Entering timestep    164  >>>>>>>>>>>>>>>>>>>>>>>>>>>>>>>>
<<<<<<<<<<<<<<<<<<<<<<<<<<<<<<<<============================>>>>>>>>>>>>>>>>>>>>>>>>>>>>>>>>
                                                        Start time: Mon Jul 11 12:08:34 2022
 
<<<<<<<<<<<<<<<<<<<<<<<<<<<<<<<<============================>>>>>>>>>>>>>>>>>>>>>>>>>>>>>>>>
<<<<<<<<<<<<<<<<<<<<<<<<<<<<<<<<  Entering timestep    165  >>>>>>>>>>>>>>>>>>>>>>>>>>>>>>>>
<<<<<<<<<<<<<<<<<<<<<<<<<<<<<<<<============================>>>>>>>>>>>>>>>>>>>>>>>>>>>>>>>>
                                                        Start time: Mon Jul 11 12:09:32 2022
 
<<<<<<<<<<<<<<<<<<<<<<<<<<<<<<<<============================>>>>>>>>>>>>>>>>>>>>>>>>>>>>>>>>
<<<<<<<<<<<<<<<<<<<<<<<<<<<<<<<<  Entering timestep    166  >>>>>>>>>>>>>>>>>>>>>>>>>>>>>>>>
<<<<<<<<<<<<<<<<<<<<<<<<<<<<<<<<============================>>>>>>>>>>>>>>>>>>>>>>>>>>>>>>>>
                                                        Start time: Mon Jul 11 12:10:20 2022
 
<<<<<<<<<<<<<<<<<<<<<<<<<<<<<<<<============================>>>>>>>>>>>>>>>>>>>>>>>>>>>>>>>>
<<<<<<<<<<<<<<<<<<<<<<<<<<<<<<<<  Entering timestep    167  >>>>>>>>>>>>>>>>>>>>>>>>>>>>>>>>
<<<<<<<<<<<<<<<<<<<<<<<<<<<<<<<<============================>>>>>>>>>>>>>>>>>>>>>>>>>>>>>>>>
                                                        Start time: Mon Jul 11 12:11:13 2022
 
<<<<<<<<<<<<<<<<<<<<<<<<<<<<<<<<============================>>>>>>>>>>>>>>>>>>>>>>>>>>>>>>>>
<<<<<<<<<<<<<<<<<<<<<<<<<<<<<<<<  Entering timestep    168  >>>>>>>>>>>>>>>>>>>>>>>>>>>>>>>>
<<<<<<<<<<<<<<<<<<<<<<<<<<<<<<<<============================>>>>>>>>>>>>>>>>>>>>>>>>>>>>>>>>
                                                        Start time: Mon Jul 11 12:12:01 2022
 
<<<<<<<<<<<<<<<<<<<<<<<<<<<<<<<<============================>>>>>>>>>>>>>>>>>>>>>>>>>>>>>>>>
<<<<<<<<<<<<<<<<<<<<<<<<<<<<<<<<  Entering timestep    169  >>>>>>>>>>>>>>>>>>>>>>>>>>>>>>>>
<<<<<<<<<<<<<<<<<<<<<<<<<<<<<<<<============================>>>>>>>>>>>>>>>>>>>>>>>>>>>>>>>>
                                                        Start time: Mon Jul 11 12:12:50 2022
 
<<<<<<<<<<<<<<<<<<<<<<<<<<<<<<<<============================>>>>>>>>>>>>>>>>>>>>>>>>>>>>>>>>
<<<<<<<<<<<<<<<<<<<<<<<<<<<<<<<<  Entering timestep    170  >>>>>>>>>>>>>>>>>>>>>>>>>>>>>>>>
<<<<<<<<<<<<<<<<<<<<<<<<<<<<<<<<============================>>>>>>>>>>>>>>>>>>>>>>>>>>>>>>>>
                                                        Start time: Mon Jul 11 12:13:38 2022
 
<<<<<<<<<<<<<<<<<<<<<<<<<<<<<<<<============================>>>>>>>>>>>>>>>>>>>>>>>>>>>>>>>>
<<<<<<<<<<<<<<<<<<<<<<<<<<<<<<<<  Entering timestep    171  >>>>>>>>>>>>>>>>>>>>>>>>>>>>>>>>
<<<<<<<<<<<<<<<<<<<<<<<<<<<<<<<<============================>>>>>>>>>>>>>>>>>>>>>>>>>>>>>>>>
                                                        Start time: Mon Jul 11 12:14:34 2022
 
<<<<<<<<<<<<<<<<<<<<<<<<<<<<<<<<============================>>>>>>>>>>>>>>>>>>>>>>>>>>>>>>>>
<<<<<<<<<<<<<<<<<<<<<<<<<<<<<<<<  Entering timestep    172  >>>>>>>>>>>>>>>>>>>>>>>>>>>>>>>>
<<<<<<<<<<<<<<<<<<<<<<<<<<<<<<<<============================>>>>>>>>>>>>>>>>>>>>>>>>>>>>>>>>
                                                        Start time: Mon Jul 11 12:15:31 2022
 
<<<<<<<<<<<<<<<<<<<<<<<<<<<<<<<<============================>>>>>>>>>>>>>>>>>>>>>>>>>>>>>>>>
<<<<<<<<<<<<<<<<<<<<<<<<<<<<<<<<  Entering timestep    173  >>>>>>>>>>>>>>>>>>>>>>>>>>>>>>>>
<<<<<<<<<<<<<<<<<<<<<<<<<<<<<<<<============================>>>>>>>>>>>>>>>>>>>>>>>>>>>>>>>>
                                                        Start time: Mon Jul 11 12:16:34 2022
 
<<<<<<<<<<<<<<<<<<<<<<<<<<<<<<<<============================>>>>>>>>>>>>>>>>>>>>>>>>>>>>>>>>
<<<<<<<<<<<<<<<<<<<<<<<<<<<<<<<<  Entering timestep    174  >>>>>>>>>>>>>>>>>>>>>>>>>>>>>>>>
<<<<<<<<<<<<<<<<<<<<<<<<<<<<<<<<============================>>>>>>>>>>>>>>>>>>>>>>>>>>>>>>>>
                                                        Start time: Mon Jul 11 12:17:22 2022
 
<<<<<<<<<<<<<<<<<<<<<<<<<<<<<<<<============================>>>>>>>>>>>>>>>>>>>>>>>>>>>>>>>>
<<<<<<<<<<<<<<<<<<<<<<<<<<<<<<<<  Entering timestep    175  >>>>>>>>>>>>>>>>>>>>>>>>>>>>>>>>
<<<<<<<<<<<<<<<<<<<<<<<<<<<<<<<<============================>>>>>>>>>>>>>>>>>>>>>>>>>>>>>>>>
                                                        Start time: Mon Jul 11 12:18:13 2022
 
<<<<<<<<<<<<<<<<<<<<<<<<<<<<<<<<============================>>>>>>>>>>>>>>>>>>>>>>>>>>>>>>>>
<<<<<<<<<<<<<<<<<<<<<<<<<<<<<<<<  Entering timestep    176  >>>>>>>>>>>>>>>>>>>>>>>>>>>>>>>>
<<<<<<<<<<<<<<<<<<<<<<<<<<<<<<<<============================>>>>>>>>>>>>>>>>>>>>>>>>>>>>>>>>
                                                        Start time: Mon Jul 11 12:19:02 2022
 
<<<<<<<<<<<<<<<<<<<<<<<<<<<<<<<<============================>>>>>>>>>>>>>>>>>>>>>>>>>>>>>>>>
<<<<<<<<<<<<<<<<<<<<<<<<<<<<<<<<  Entering timestep    177  >>>>>>>>>>>>>>>>>>>>>>>>>>>>>>>>
<<<<<<<<<<<<<<<<<<<<<<<<<<<<<<<<============================>>>>>>>>>>>>>>>>>>>>>>>>>>>>>>>>
                                                        Start time: Mon Jul 11 12:19:53 2022
 
<<<<<<<<<<<<<<<<<<<<<<<<<<<<<<<<============================>>>>>>>>>>>>>>>>>>>>>>>>>>>>>>>>
<<<<<<<<<<<<<<<<<<<<<<<<<<<<<<<<  Entering timestep    178  >>>>>>>>>>>>>>>>>>>>>>>>>>>>>>>>
<<<<<<<<<<<<<<<<<<<<<<<<<<<<<<<<============================>>>>>>>>>>>>>>>>>>>>>>>>>>>>>>>>
                                                        Start time: Mon Jul 11 12:20:54 2022
 
<<<<<<<<<<<<<<<<<<<<<<<<<<<<<<<<============================>>>>>>>>>>>>>>>>>>>>>>>>>>>>>>>>
<<<<<<<<<<<<<<<<<<<<<<<<<<<<<<<<  Entering timestep    179  >>>>>>>>>>>>>>>>>>>>>>>>>>>>>>>>
<<<<<<<<<<<<<<<<<<<<<<<<<<<<<<<<============================>>>>>>>>>>>>>>>>>>>>>>>>>>>>>>>>
                                                        Start time: Mon Jul 11 12:21:45 2022
 
<<<<<<<<<<<<<<<<<<<<<<<<<<<<<<<<============================>>>>>>>>>>>>>>>>>>>>>>>>>>>>>>>>
<<<<<<<<<<<<<<<<<<<<<<<<<<<<<<<<  Entering timestep    180  >>>>>>>>>>>>>>>>>>>>>>>>>>>>>>>>
<<<<<<<<<<<<<<<<<<<<<<<<<<<<<<<<============================>>>>>>>>>>>>>>>>>>>>>>>>>>>>>>>>
                                                        Start time: Mon Jul 11 12:22:35 2022
 
<<<<<<<<<<<<<<<<<<<<<<<<<<<<<<<<============================>>>>>>>>>>>>>>>>>>>>>>>>>>>>>>>>
<<<<<<<<<<<<<<<<<<<<<<<<<<<<<<<<  Entering timestep    181  >>>>>>>>>>>>>>>>>>>>>>>>>>>>>>>>
<<<<<<<<<<<<<<<<<<<<<<<<<<<<<<<<============================>>>>>>>>>>>>>>>>>>>>>>>>>>>>>>>>
                                                        Start time: Mon Jul 11 12:23:25 2022
 
<<<<<<<<<<<<<<<<<<<<<<<<<<<<<<<<============================>>>>>>>>>>>>>>>>>>>>>>>>>>>>>>>>
<<<<<<<<<<<<<<<<<<<<<<<<<<<<<<<<  Entering timestep    182  >>>>>>>>>>>>>>>>>>>>>>>>>>>>>>>>
<<<<<<<<<<<<<<<<<<<<<<<<<<<<<<<<============================>>>>>>>>>>>>>>>>>>>>>>>>>>>>>>>>
                                                        Start time: Mon Jul 11 12:24:35 2022
 
<<<<<<<<<<<<<<<<<<<<<<<<<<<<<<<<============================>>>>>>>>>>>>>>>>>>>>>>>>>>>>>>>>
<<<<<<<<<<<<<<<<<<<<<<<<<<<<<<<<  Entering timestep    183  >>>>>>>>>>>>>>>>>>>>>>>>>>>>>>>>
<<<<<<<<<<<<<<<<<<<<<<<<<<<<<<<<============================>>>>>>>>>>>>>>>>>>>>>>>>>>>>>>>>
                                                        Start time: Mon Jul 11 12:25:29 2022
 
<<<<<<<<<<<<<<<<<<<<<<<<<<<<<<<<============================>>>>>>>>>>>>>>>>>>>>>>>>>>>>>>>>
<<<<<<<<<<<<<<<<<<<<<<<<<<<<<<<<  Entering timestep    184  >>>>>>>>>>>>>>>>>>>>>>>>>>>>>>>>
<<<<<<<<<<<<<<<<<<<<<<<<<<<<<<<<============================>>>>>>>>>>>>>>>>>>>>>>>>>>>>>>>>
                                                        Start time: Mon Jul 11 12:26:21 2022
 
<<<<<<<<<<<<<<<<<<<<<<<<<<<<<<<<============================>>>>>>>>>>>>>>>>>>>>>>>>>>>>>>>>
<<<<<<<<<<<<<<<<<<<<<<<<<<<<<<<<  Entering timestep    185  >>>>>>>>>>>>>>>>>>>>>>>>>>>>>>>>
<<<<<<<<<<<<<<<<<<<<<<<<<<<<<<<<============================>>>>>>>>>>>>>>>>>>>>>>>>>>>>>>>>
                                                        Start time: Mon Jul 11 12:27:10 2022
 
<<<<<<<<<<<<<<<<<<<<<<<<<<<<<<<<============================>>>>>>>>>>>>>>>>>>>>>>>>>>>>>>>>
<<<<<<<<<<<<<<<<<<<<<<<<<<<<<<<<  Entering timestep    186  >>>>>>>>>>>>>>>>>>>>>>>>>>>>>>>>
<<<<<<<<<<<<<<<<<<<<<<<<<<<<<<<<============================>>>>>>>>>>>>>>>>>>>>>>>>>>>>>>>>
                                                        Start time: Mon Jul 11 12:27:58 2022
 
<<<<<<<<<<<<<<<<<<<<<<<<<<<<<<<<============================>>>>>>>>>>>>>>>>>>>>>>>>>>>>>>>>
<<<<<<<<<<<<<<<<<<<<<<<<<<<<<<<<  Entering timestep    187  >>>>>>>>>>>>>>>>>>>>>>>>>>>>>>>>
<<<<<<<<<<<<<<<<<<<<<<<<<<<<<<<<============================>>>>>>>>>>>>>>>>>>>>>>>>>>>>>>>>
                                                        Start time: Mon Jul 11 12:28:46 2022
 
<<<<<<<<<<<<<<<<<<<<<<<<<<<<<<<<============================>>>>>>>>>>>>>>>>>>>>>>>>>>>>>>>>
<<<<<<<<<<<<<<<<<<<<<<<<<<<<<<<<  Entering timestep    188  >>>>>>>>>>>>>>>>>>>>>>>>>>>>>>>>
<<<<<<<<<<<<<<<<<<<<<<<<<<<<<<<<============================>>>>>>>>>>>>>>>>>>>>>>>>>>>>>>>>
                                                        Start time: Mon Jul 11 12:29:33 2022
 
<<<<<<<<<<<<<<<<<<<<<<<<<<<<<<<<============================>>>>>>>>>>>>>>>>>>>>>>>>>>>>>>>>
<<<<<<<<<<<<<<<<<<<<<<<<<<<<<<<<  Entering timestep    189  >>>>>>>>>>>>>>>>>>>>>>>>>>>>>>>>
<<<<<<<<<<<<<<<<<<<<<<<<<<<<<<<<============================>>>>>>>>>>>>>>>>>>>>>>>>>>>>>>>>
                                                        Start time: Mon Jul 11 12:30:18 2022
 
<<<<<<<<<<<<<<<<<<<<<<<<<<<<<<<<============================>>>>>>>>>>>>>>>>>>>>>>>>>>>>>>>>
<<<<<<<<<<<<<<<<<<<<<<<<<<<<<<<<  Entering timestep    190  >>>>>>>>>>>>>>>>>>>>>>>>>>>>>>>>
<<<<<<<<<<<<<<<<<<<<<<<<<<<<<<<<============================>>>>>>>>>>>>>>>>>>>>>>>>>>>>>>>>
                                                        Start time: Mon Jul 11 12:31:10 2022
 
<<<<<<<<<<<<<<<<<<<<<<<<<<<<<<<<============================>>>>>>>>>>>>>>>>>>>>>>>>>>>>>>>>
<<<<<<<<<<<<<<<<<<<<<<<<<<<<<<<<  Entering timestep    191  >>>>>>>>>>>>>>>>>>>>>>>>>>>>>>>>
<<<<<<<<<<<<<<<<<<<<<<<<<<<<<<<<============================>>>>>>>>>>>>>>>>>>>>>>>>>>>>>>>>
                                                        Start time: Mon Jul 11 12:31:59 2022
 
<<<<<<<<<<<<<<<<<<<<<<<<<<<<<<<<============================>>>>>>>>>>>>>>>>>>>>>>>>>>>>>>>>
<<<<<<<<<<<<<<<<<<<<<<<<<<<<<<<<  Entering timestep    192  >>>>>>>>>>>>>>>>>>>>>>>>>>>>>>>>
<<<<<<<<<<<<<<<<<<<<<<<<<<<<<<<<============================>>>>>>>>>>>>>>>>>>>>>>>>>>>>>>>>
                                                        Start time: Mon Jul 11 12:33:05 2022
 
<<<<<<<<<<<<<<<<<<<<<<<<<<<<<<<<============================>>>>>>>>>>>>>>>>>>>>>>>>>>>>>>>>
<<<<<<<<<<<<<<<<<<<<<<<<<<<<<<<<  Entering timestep    193  >>>>>>>>>>>>>>>>>>>>>>>>>>>>>>>>
<<<<<<<<<<<<<<<<<<<<<<<<<<<<<<<<============================>>>>>>>>>>>>>>>>>>>>>>>>>>>>>>>>
                                                        Start time: Mon Jul 11 12:33:59 2022
 
<<<<<<<<<<<<<<<<<<<<<<<<<<<<<<<<============================>>>>>>>>>>>>>>>>>>>>>>>>>>>>>>>>
<<<<<<<<<<<<<<<<<<<<<<<<<<<<<<<<  Entering timestep    194  >>>>>>>>>>>>>>>>>>>>>>>>>>>>>>>>
<<<<<<<<<<<<<<<<<<<<<<<<<<<<<<<<============================>>>>>>>>>>>>>>>>>>>>>>>>>>>>>>>>
                                                        Start time: Mon Jul 11 12:34:45 2022
 
<<<<<<<<<<<<<<<<<<<<<<<<<<<<<<<<============================>>>>>>>>>>>>>>>>>>>>>>>>>>>>>>>>
<<<<<<<<<<<<<<<<<<<<<<<<<<<<<<<<  Entering timestep    195  >>>>>>>>>>>>>>>>>>>>>>>>>>>>>>>>
<<<<<<<<<<<<<<<<<<<<<<<<<<<<<<<<============================>>>>>>>>>>>>>>>>>>>>>>>>>>>>>>>>
                                                        Start time: Mon Jul 11 12:35:34 2022
 
<<<<<<<<<<<<<<<<<<<<<<<<<<<<<<<<============================>>>>>>>>>>>>>>>>>>>>>>>>>>>>>>>>
<<<<<<<<<<<<<<<<<<<<<<<<<<<<<<<<  Entering timestep    196  >>>>>>>>>>>>>>>>>>>>>>>>>>>>>>>>
<<<<<<<<<<<<<<<<<<<<<<<<<<<<<<<<============================>>>>>>>>>>>>>>>>>>>>>>>>>>>>>>>>
                                                        Start time: Mon Jul 11 12:36:31 2022
 
<<<<<<<<<<<<<<<<<<<<<<<<<<<<<<<<============================>>>>>>>>>>>>>>>>>>>>>>>>>>>>>>>>
<<<<<<<<<<<<<<<<<<<<<<<<<<<<<<<<  Entering timestep    197  >>>>>>>>>>>>>>>>>>>>>>>>>>>>>>>>
<<<<<<<<<<<<<<<<<<<<<<<<<<<<<<<<============================>>>>>>>>>>>>>>>>>>>>>>>>>>>>>>>>
                                                        Start time: Mon Jul 11 12:37:17 2022
 
<<<<<<<<<<<<<<<<<<<<<<<<<<<<<<<<============================>>>>>>>>>>>>>>>>>>>>>>>>>>>>>>>>
<<<<<<<<<<<<<<<<<<<<<<<<<<<<<<<<  Entering timestep    198  >>>>>>>>>>>>>>>>>>>>>>>>>>>>>>>>
<<<<<<<<<<<<<<<<<<<<<<<<<<<<<<<<============================>>>>>>>>>>>>>>>>>>>>>>>>>>>>>>>>
                                                        Start time: Mon Jul 11 12:38:19 2022
 
<<<<<<<<<<<<<<<<<<<<<<<<<<<<<<<<============================>>>>>>>>>>>>>>>>>>>>>>>>>>>>>>>>
<<<<<<<<<<<<<<<<<<<<<<<<<<<<<<<<  Entering timestep    199  >>>>>>>>>>>>>>>>>>>>>>>>>>>>>>>>
<<<<<<<<<<<<<<<<<<<<<<<<<<<<<<<<============================>>>>>>>>>>>>>>>>>>>>>>>>>>>>>>>>
                                                        Start time: Mon Jul 11 12:39:06 2022
 
<<<<<<<<<<<<<<<<<<<<<<<<<<<<<<<<============================>>>>>>>>>>>>>>>>>>>>>>>>>>>>>>>>
<<<<<<<<<<<<<<<<<<<<<<<<<<<<<<<<  Entering timestep    200  >>>>>>>>>>>>>>>>>>>>>>>>>>>>>>>>
<<<<<<<<<<<<<<<<<<<<<<<<<<<<<<<<============================>>>>>>>>>>>>>>>>>>>>>>>>>>>>>>>>
                                                        Start time: Mon Jul 11 12:39:54 2022
 
Total wallclock time:    0 days    3 h    8 min   33 sec
 -------------------------------------------------------------------------------
 -----------
 SHARC fun fact #1: If you print the source code of SHARC and fold boats out of 
 the paper,
 SHARC will actually swim.
 -------------------------------------------------------------------------------
 -----------
