#=================================================================================================================================================
#     Step |         Time |         State |                                     Energy |     Gradient |           Expectation Value |    Runtime |
#          |              |  diag |   MCH |          kin |          pot |          tot |          RMS |           DM |            S |            |
#          |         [fs] |       |       |         [eV] |         [eV] |         [eV] |     [eV/Ang] |      [Debye] |              |      [sec] |
#=================================================================================================================================================
         0        0.00000      13       4       0.718541      12.013304      12.731844       4.290145       3.220316       0.000002          112
         1        0.50000      13       4       0.872852      11.848160      12.721012       4.065023       3.457920       0.000002           51
         2        1.00000      13       4       1.111797      11.593215      12.705012       3.833725       3.873957       0.000002           53
         3        1.50000      13       4       1.234743      11.470290      12.705032       3.963019       4.196940       0.000002           51
         4        2.00000      13       4       1.215575      11.502192      12.717768       4.395601       4.278707       0.000002           50
         5        2.50000      13       4       1.208179      11.519797      12.727976       4.719232       4.264772       0.000002           49
         6        3.00000      13       4       1.342086      11.383190      12.725277       4.591943       4.212987       0.000002           50
         7        3.50000      13       4       1.583450      11.133064      12.716513       4.129833       4.128015       0.000002           49
         8        4.00000      13       4       1.808829      10.904355      12.713184       3.675820       4.008664       0.000002           49
         9        4.50000      13       4       1.949809      10.765536      12.715345       3.347465       3.832805       0.000002           51
        10        5.00000      13       4       1.965379      10.724014      12.689393       2.268420       2.696318       0.000002           47
# Surface Hop: new state=   12 old state=   13 randnum=  0.236020322
        11        5.50000      12       3       2.044409      10.644984      12.689393       3.013168       3.807054       0.000009           68
        12        6.00000      12       3       2.078934      10.610292      12.689226       2.771683       3.741551       0.000060           49
# Surface Hop: new state=    9 old state=   12 randnum=  0.471376856
        13        6.50000       9       3       2.134331      10.554896      12.689226       2.568743       3.703633       0.000038           48
        14        7.00000       9       3       2.131038      10.557724      12.688761       2.539626       3.606909       0.000004           52
# Surface Hop: new state=    8 old state=    9 randnum=  0.147321122
        15        7.50000       8       2       2.309814      10.378947      12.688761       3.156305       2.289343       0.000003           66
        16        8.00000       8       2       2.398332      10.293670      12.692002       3.556574       2.613679       0.000003           48
        17        8.50000       8       2       2.651106      10.039073      12.690179       3.569584       2.802974       0.000002           50
        18        9.00000       8       2       3.034829       9.645394      12.680224       3.088106       2.851840       0.000002           52
        19        9.50000       8       2       3.408942       9.258643      12.667585       2.282668       2.826601       0.000002           59
        20       10.00000       8       2       3.598003       9.061719      12.659722       1.685319       2.772009       0.000002           50
        21       10.50000       8       2       3.497789       9.162004      12.659793       2.076207       2.720687       0.000002           50
        22       11.00000       8       2       3.133303       9.535410      12.668712       3.231052       2.688772       0.000004           50
        23       11.50000       8       2       2.677944      10.009507      12.687451       4.552960       2.671768       0.000009           50
        24       12.00000       8       2       2.431336      10.273671      12.705007       5.416150       2.651552       0.000029           47
        25       12.50000       8       2       2.619053      10.076308      12.695362       5.135390       2.609613       0.000217           80
# Surface Hop: new state=    5 old state=    8 randnum=  0.039476066
        26       13.00000       5       2       3.132955       9.562407      12.695362       3.805860       2.537341       0.001806           65
        27       13.50000       5       2       3.551434       9.132392      12.683826       2.259648       2.441513       0.000136           63
        28       14.00000       5       2       3.675489       9.013306      12.688795       1.299792       2.334931       0.000058           66
        29       14.50000       5       2       3.519714       9.177982      12.697695       1.316006       2.233514       0.000036           60
        30       15.00000       5       2       3.190717       9.513882      12.704599       1.789782       2.146138       0.000026           56
        31       15.50000       5       2       2.792578       9.918675      12.711254       2.361872       2.065679       0.000019           52
        32       16.00000       5       2       2.404871      10.350148      12.755019       3.143036       1.074682       0.000140           52
        33       16.50000       5       2       2.122246      10.639409      12.761655       3.665593       1.116092       0.000086           51
        34       17.00000       5       2       2.048707      10.716753      12.765460       3.915205       1.164095       0.000052           56
        35       17.50000       5       2       2.234381      10.527688      12.762069       3.745194       1.217273       0.000033           60
        36       18.00000       5       2       2.629983      10.123011      12.752995       3.206310       1.286532       0.000024           55
        37       18.50000       5       2       3.102831       9.639250      12.742081       2.470077       1.384659       0.000018           52
        38       19.00000       5       2       3.488652       9.386292      12.874944       1.814779       1.560032       0.000030           54
        39       19.50000       5       2       3.629788       9.233639      12.863427       1.573365       1.716260       0.000017           52
        40       20.00000       5       2       3.400673       9.459265      12.859938       2.550605       1.868860       0.000014           53
        41       20.50000       5       2       2.826573      10.052544      12.879117       4.236168       1.991934       0.000018           55
        42       21.00000       5       2       2.237007      10.689050      12.926056       5.491445       2.064814       0.000037           58
        43       21.50000       5       2       2.051844      10.871262      12.923106       5.429220       2.068182       0.000073           53
        44       22.00000       5       2       2.295369      10.603857      12.899226       4.260929       2.041635       0.000184           52
        45       22.50000       5       2       2.648584      10.237826      12.886410       3.015243       2.019206       0.001505           74
# Surface Hop: new state=    8 old state=    5 randnum=  0.813627868
        46       23.00000       8       2       2.872951      10.013460      12.886410       2.317243       2.025434       0.001220           66
        47       23.50000       8       2       2.908464       9.981407      12.889871       2.149572       2.071167       0.000126           61
        48       24.00000       8       2       2.777173      10.115831      12.893005       2.243132       2.148962       0.000044           53
        49       24.50000       8       2       2.513262      10.383344      12.896606       2.473504       2.246637       0.000023           54
        50       25.00000       8       2       2.167041      10.735112      12.902153       2.808487       2.352620       0.000015           54
        51       25.50000       8       2       1.819127      11.089969      12.909096       3.155245       2.459452       0.000011           61
        52       26.00000       8       2       1.568328      11.345950      12.914278       3.362967       2.564716       0.000009           54
        53       26.50000       8       2       1.487716      11.427168      12.914884       3.335793       2.669918       0.000008           59
        54       27.00000       8       2       1.587453      11.324222      12.911675       3.108662       2.778320       0.000008           58
        55       27.50000       8       2       1.821600      11.085506      12.907106       2.789853       2.893043       0.000008           55
        56       28.00000       8       2       2.119037      10.782674      12.901711       2.444430       3.015466       0.000009           68
        57       28.50000       8       2       2.395285      10.499007      12.894293       2.102022       3.144429       0.000009           55
        58       29.00000       8       2       2.548093      10.338140      12.886234       2.027668       3.275634       0.000011           54
        59       29.50000       8       2       2.495622      10.391432      12.887054       2.802502       3.399627       0.000013           54
        60       30.00000       8       2       2.306249      10.600724      12.906972       4.142253       3.499072       0.000017           55
        61       30.50000       8       2       2.262707      10.660833      12.923540       4.879365       3.550956       0.000023           56
        62       31.00000       8       2       2.549240      10.354560      12.903800       4.229300       3.539031       0.000032           61
        63       31.50000       8       2       2.928095       9.948913      12.877008       2.713931       3.467214       0.000047           54
        64       32.00000       8       2       3.038944       9.835236      12.874180       1.654300       3.357627       0.000068           56
        65       32.50000       8       2       2.793725      10.093447      12.887172       1.978059       3.239691       0.000097           55
        66       33.00000       8       2       2.344322      10.557208      12.901530       2.751546       3.142475       0.000135           54
        67       33.50000       8       2       1.894250      11.016931      12.911180       3.418278       3.088718       0.000186           57
        68       34.00000       8       2       1.592441      11.322735      12.915176       3.845430       3.086938       0.000251           53
        69       34.50000       8       2       1.500764      11.412198      12.912962       3.896246       3.129840       0.000334           53
        70       35.00000       8       2       1.585916      11.320432      12.906348       3.543841       3.205247       0.000431           54
        71       35.50000       8       2       1.750590      11.150206      12.900796       2.965560       3.308144       0.000529           55
        72       36.00000       8       2       1.905760      10.993686      12.899446       2.411069       3.442348       0.000614           62
        73       36.50000       8       2       2.016678      10.883749      12.900427       2.015910       3.614241       0.000672           57
        74       37.00000       8       2       2.084855      10.815136      12.899991       1.766586       3.826240       0.000696           55
        75       37.50000       8       2       2.099435      10.796222      12.895657       1.676051       4.073528       0.000687           58
        76       38.00000       8       2       2.008234      10.881137      12.889371       2.054434       4.343951       0.000650           61
        77       38.50000       8       2       1.760833      11.131091      12.891924       3.199058       4.619485       0.000597           86
        78       39.00000       8       2       1.456870      11.457865      12.914735       4.662449       4.855441       0.000520           63
        79       39.50000       8       2       1.424102      11.509762      12.933864       5.341482       4.959280       0.000390           63
        80       40.00000       8       2       1.874371      11.036906      12.911277       4.441190       4.996973       0.000279           66
        81       40.50000       8       2       2.527527      10.350294      12.877820       2.470091       5.018539       0.000202           53
        82       41.00000       8       2       2.926731       9.941606      12.868338       0.972410       5.033375       0.000143           58
        83       41.50000       8       2       2.894850       9.984116      12.878966       2.178536       5.048881       0.000099           55
        84       42.00000       8       2       2.562802      10.334572      12.897374       3.504011       5.061045       0.000067           53
        85       42.50000       8       2       2.186135      10.722863      12.908998       4.101979       5.059018       0.000046           55
        86       43.00000       8       2       1.933907      10.973542      12.907449       3.921526       5.035110       0.000032           56
        87       43.50000       8       2       1.805916      11.097379      12.903294       3.391640       4.990775       0.000023           61
        88       44.00000       8       2       1.745961      11.157925      12.903886       2.982267       4.935597       0.000017           56
        89       44.50000       8       2       1.742028      11.163390      12.905418       2.761061       4.882714       0.000013           57
        90       45.00000       8       2       1.799256      11.104968      12.904224       2.582773       4.844445       0.000011           56
        91       45.50000       8       2       1.893896      11.007316      12.901212       2.411950       4.828948       0.000010           56
        92       46.00000       8       2       1.977572      10.920505      12.898077       2.302690       4.838907       0.000010           55
        93       46.50000       8       2       1.998593      10.896258      12.894851       2.294827       4.874861       0.000011           61
        94       47.00000       8       2       1.909620      10.982294      12.891915       2.458800       4.942228       0.000012           68
        95       47.50000       8       2       1.683653      11.209672      12.893325       2.951232       5.046651       0.000011           65
        96       48.00000       8       2       1.373115      11.531664      12.904779       3.743770       5.171652       0.000009           63
        97       48.50000       8       2       1.158745      11.760243      12.918987       4.327941       5.282293       0.000007           67
        98       49.00000       8       2       1.222759      11.691722      12.914481       4.085301       5.357585       0.000006           61
        99       49.50000       8       2       1.504341      11.388941      12.893283       3.048695       5.399393       0.000006           60
       100       50.00000       8       2       1.732781      11.148227      12.881007       2.227567       5.415840       0.000005           58
       101       50.50000       8       2       1.743361      11.146840      12.890201       2.836977       5.409863       0.000005           55
       102       51.00000       8       2       1.656904      11.253220      12.910124       3.858652       5.382095       0.000005           64
       103       51.50000       8       2       1.721533      11.192471      12.914004       4.098172       5.335621       0.000005           56
       104       52.00000       8       2       1.985215      10.912932      12.898147       3.431454       5.277212       0.000006           57
       105       52.50000       8       2       2.248281      10.638024      12.886305       2.528238       5.216655       0.000006           57
       106       53.00000       8       2       2.331331      10.556578      12.887909       2.092805       5.164076       0.000006           60
       107       53.50000       8       2       2.228331      10.668384      12.896714       2.189976       5.127015       0.000007           58
# Surface Hop: new state=    4 old state=    8 randnum=  0.001597908
       108       54.00000       4       1       3.296037       9.600677      12.896714       2.103045       4.719521       0.000034           76
       109       54.50000       4       1       3.017250       9.887375      12.904625       2.339056       4.680990       0.000040           56
       110       55.00000       4       1       2.826419      10.078559      12.904978       2.424299       4.637920       0.000044           55
# Surface Hop: new state=    8 old state=    4 randnum=  0.005802838
       111       55.50000       8       2       1.581366      11.323612      12.904978       2.617353       5.087014       0.000008           75
       112       56.00000       8       2       1.558285      11.342516      12.900801       2.687995       5.069746       0.000008           57
       113       56.50000       8       2       1.567714      11.332565      12.900279       2.940041       5.040080       0.000008           54
       114       57.00000       8       2       1.606668      11.297482      12.904150       3.287638       4.990535       0.000008           56
       115       57.50000       8       2       1.726255      11.181130      12.907385       3.449832       4.920122       0.000008           53
       116       58.00000       8       2       1.964255      10.939725      12.903980       3.196688       4.835967       0.000009           58
       117       58.50000       8       2       2.267217      10.625837      12.893054       2.492273       4.747887       0.000009           55
       118       59.00000       8       2       2.477819      10.399794      12.877613       1.490456       4.663634       0.000009           61
       119       59.50000       8       2       2.391065      10.474027      12.865092       1.467583       4.588144       0.000009           54
       120       60.00000       8       2       1.903947      10.973558      12.877505       3.516334       4.522168       0.000009           53
       121       60.50000       8       2       1.300064      11.625950      12.926014       5.657377       4.461449       0.000009           55
       122       61.00000       8       2       1.205893      11.732961      12.938854       6.086911       4.400899       0.000008           56
       123       61.50000       8       2       1.765717      11.126071      12.891788       4.461485       4.341798       0.000008           57
       124       62.00000       8       2       2.417508      10.449383      12.866891       2.366094       4.293624       0.000007           55
       125       62.50000       8       2       2.727633      10.145536      12.873169       1.270687       4.267867       0.000006           56
       126       63.00000       8       2       2.678979      10.205462      12.884440       1.460031       4.270467       0.000006           54
       127       63.50000       8       2       2.397294      10.494396      12.891689       1.909282       4.299277       0.000006           52
       128       64.00000       8       2       1.989141      10.907718      12.896859       2.360545       4.345555       0.000005           62
       129       64.50000       8       2       1.541839      11.361285      12.903124       2.842015       4.396854       0.000005           57
       130       65.00000       8       2       1.157146      11.753449      12.910595       3.281665       4.440033       0.000005           53
       131       65.50000       8       2       0.946502      11.968883      12.915385       3.519571       4.464059       0.000005           53
       132       66.00000       8       2       0.978141      11.935588      12.913729       3.438930       4.462608       0.000005           54
       133       66.50000       8       2       1.229195      11.677655      12.906849       3.074175       4.436224       0.000005           54
       134       67.00000       8       2       1.601036      11.298272      12.899309       2.588567       4.393604       0.000005           52
       135       67.50000       8       2       1.977615      10.915476      12.893091       2.137605       4.351196       0.000005           52
       136       68.00000       8       2       2.256388      10.629535      12.885923       1.768922       4.329182       0.000005           56
       137       68.50000       8       2       2.328313      10.546901      12.875214       1.631587       4.343136       0.000006           54
       138       69.00000       8       2       2.067727      10.799870      12.867597       2.438839       4.396699       0.000006           54
       139       69.50000       8       2       1.463237      11.424181      12.887418       4.319732       4.481717       0.000006           61
       140       70.00000       8       2       0.890816      12.043786      12.934602       6.022647       4.584923       0.000006           54
       141       70.50000       8       2       0.931838      11.999471      12.931309       5.895031       4.696999       0.000007           52
       142       71.00000       8       2       1.547448      11.335442      12.882890       4.011352       4.819104       0.000007           54
       143       71.50000       8       2       2.129993      10.735429      12.865423       2.121934       4.958894       0.000007           54
       144       72.00000       8       2       2.334266      10.541023      12.875288       1.747900       5.119788       0.000007           55
       145       72.50000       8       2       2.215100      10.674305      12.889404       2.392625       5.295773       0.000007           57
       146       73.00000       8       2       1.953268      10.947045      12.900313       2.997183       5.473721       0.000008           54
       147       73.50000       8       2       1.706054      11.200009      12.906063       3.311399       5.638732       0.000008           56
       148       74.00000       8       2       1.558908      11.347017      12.905926       3.280785       5.779355       0.000008           56
       149       74.50000       8       2       1.515777      11.387119      12.902895       3.008969       5.890840       0.000008           52
       150       75.00000       8       2       1.538342      11.363243      12.901585       2.714611       5.975371       0.000008           59
       151       75.50000       8       2       1.605768      11.297621      12.903390       2.557210       6.039970       0.000008           52
       152       76.00000       8       2       1.735560      11.170147      12.905708       2.505317       6.093954       0.000009           56
       153       76.50000       8       2       1.951852      10.952936      12.904788       2.412193       6.146907       0.000009           59
       154       77.00000       8       2       2.235747      10.662681      12.898428       2.171648       6.207283       0.000010           61
       155       77.50000       8       2       2.494937      10.391566      12.886503       1.813035       6.281262       0.000011           58
       156       78.00000       8       2       2.568273      10.303758      12.872031       1.788620       6.372030       0.000012           66
       157       78.50000       8       2       2.297070      10.571552      12.868622       2.959754       6.479630       0.000013           57
       158       79.00000       8       2       1.738957      11.159419      12.898376       4.875806       6.601794       0.000014           58
       159       79.50000       8       2       1.354801      11.578234      12.933034       5.964781       6.736419       0.000014           59
       160       80.00000       8       2       1.546830      11.359601      12.906431       4.979373       6.884824       0.000014           61
       161       80.50000       8       2       2.006613      10.859610      12.866223       2.697473       7.050290       0.000014           67
       162       81.00000       8       2       2.183031      10.681905      12.864936       1.548041       7.229195       0.000014           57
       163       81.50000       8       2       1.968345      10.918858      12.887202       2.782465       7.408318       0.000013           57
       164       82.00000       8       2       1.622978      11.284761      12.907738       3.780736       7.572381       0.000013           58
       165       82.50000       8       2       1.418143      11.493203      12.911346       3.941319       7.709146       0.000012           48
       166       83.00000       8       2       1.414694      11.488423      12.903116       3.466020       7.811534       0.000011           52
       167       83.50000       8       2       1.508361      11.388623      12.896984       2.856334       7.878047       0.000011           49
       168       84.00000       8       2       1.600248      11.296519      12.896767       2.461096       7.911064       0.000011           49
       169       84.50000       8       2       1.668200      11.230836      12.899036       2.291827       7.915213       0.000011           48
       170       85.00000       8       2       1.733815      11.166904      12.900719       2.212076       7.896520       0.000011           56
       171       85.50000       8       2       1.817884      11.082659      12.900543       2.139747       7.861785       0.000012           57
       172       86.00000       8       2       1.916956      10.980682      12.897638       2.077856       7.817843       0.000013           63
       173       86.50000       8       2       1.989897      10.901150      12.891047       2.133212       7.770834       0.000015           48
       174       87.00000       8       2       1.956191      10.927304      12.883495       2.626636       7.725800       0.000018           51
       175       87.50000       8       2       1.759118      11.128374      12.887491       3.810840       7.686596       0.000021           49
       176       88.00000       8       2       1.525515      11.384624      12.910138       5.116138       7.656207       0.000025           51
       177       88.50000       8       2       1.561894      11.353465      12.915359       5.298219       7.637537       0.000029           61
       178       89.00000       8       2       1.906389      10.974344      12.880732       3.806768       7.634633       0.000033           51
       179       89.50000       8       2       2.127800      10.727077      12.854877       1.901234       7.651399       0.000037           50
       180       90.00000       8       2       1.876604      10.992082      12.868686       2.907289       7.686806       0.000040           50
       181       90.50000       8       2       1.328375      11.577925      12.906300       4.796220       7.731407       0.000044           70
# Surface Hop: new state=   11 old state=    8 randnum=  0.926015340
       182       91.00000      11       2       0.947448      11.958852      12.906300       5.392020       7.769637       0.000044           54
       183       91.50000      11       2       0.958055      11.928581      12.886637       4.560734       7.788318       0.000044           52
       184       92.00000      11       2       1.107397      11.766430      12.873827       3.368162       7.779850       0.000043           49
       185       92.50000      11       2       1.179725      11.697592      12.877317       2.638659       7.747347       0.000043           48
       186       93.00000      11       2       1.168007      11.716957      12.884964       2.401628       7.702875       0.000043           48
       187       93.50000      11       2       1.154431      11.735010      12.889441       2.333752       7.661437       0.000043           47
       188       94.00000      11       2       1.196181      11.693209      12.889390       2.258724       7.626858       0.000044           45
       189       94.50000      11       2       1.292063      11.593476      12.885539       2.183923       7.591580       0.000046           52
       190       95.00000      11       2       1.390748      11.489192      12.879940       2.279116       7.549373       0.000049           49
       191       95.50000      11       2       1.426867      11.450565      12.877433       2.800002       7.498513       0.000056           65
# Surface Hop: new state=    8 old state=   11 randnum=  0.496386811
       192       96.00000       8       2       1.387382      11.490051      12.877433       3.716723       7.439432       0.000059           55
       193       96.50000       8       2       1.395726      11.495444      12.891170       4.532134       7.374873       0.000066           46
       194       97.00000       8       2       1.640582      11.251300      12.891883       4.584927       7.311008       0.000073           49
       195       97.50000       8       2       2.117165      10.752056      12.869221       3.616653       7.259263       0.000081           57
       196       98.00000       8       2       2.520717      10.319297      12.840014       2.158029       7.237474       0.000087           46
# Surface Hop: new state=    7 old state=    8 randnum=  0.237448949
       197       98.50000       7       1       2.544318      10.295696      12.840014       2.758789       7.712216       0.000210           62
       198       99.00000       7       1       2.039562      10.838341      12.877903       5.192158       7.628552       0.000230           47
       199       99.50000       7       1       1.635035      11.285038      12.920073       6.640730       7.587970       0.000303           48
       200      100.00000       7       1       1.828963      11.064450      12.893413       5.804183       7.583694       0.000532           61
